servine_14 1 3
servine_9 2 6
kernel_12 2 5
lovelace_3 2 8
servine_12 6 13
kernel_11 6 9
servine_7 8 22
kernel_10 9 18
lovelace_2 9 50
kernel_4 10 25
kernel_1 10 25
kernel_15 11 31
servine_13 12 51
kernel_3 12 34
kernel_18 13 37
kernel_5 14 41
kernel_17 15 44
kernel_14 15 44
jobs_4 11 100
jobs_3 11 100
kernel_7 17 48
jobs_0 13 102
servine_3 17 63
lovelace_5 17 75
servine_5 18 66
servine_11 20 68
servine_8 20 68
jobs_6 15 103
servine_6 20 68
lovelace_1 20 77
jobs_1 16 103
servine_4 20 68
servine_0 20 69
kernel_0 20 55
kernel_16 22 58
jobs_7 20 104
kernel_6 24 61
servine_2 24 72
kernel_13 24 61
kernel_8 25 62
lovelace_4 25 79
kernel_2 27 64
lovelace_0 25 79
kernel_9 27 64
servine_1 27 74
servine_10 30 76
lovelace_6 30 81
jobs_8 27 105
jobs_2 28 105
jobs_5 31 105
1266