servine_14 1 3
servine_9 2 6
kernel_12 2 5
lovelace_3 2 8
servine_12 6 14
kernel_11 6 10
servine_7 8 25
kernel_10 9 19
lovelace_2 9 51
kernel_4 10 26
kernel_1 10 23
kernel_15 11 31
servine_13 12 51
kernel_3 12 35
kernel_18 13 38
kernel_5 14 41
kernel_17 15 45
kernel_14 15 45
jobs_4 11 100
jobs_3 11 100
kernel_7 17 48
jobs_0 13 102
servine_3 17 64
lovelace_5 17 76
servine_5 18 66
servine_11 20 69
servine_8 20 69
jobs_6 15 103
servine_6 20 69
lovelace_1 20 77
jobs_1 16 103
servine_4 20 69
servine_0 20 69
kernel_0 20 56
kernel_16 22 59
jobs_7 19 104
kernel_6 23 59
servine_2 23 71
kernel_13 25 62
kernel_8 25 62
lovelace_4 25 80
kernel_2 28 65
lovelace_0 25 80
kernel_9 28 65
servine_1 28 75
servine_10 28 75
lovelace_6 28 81
jobs_8 28 105
jobs_2 28 105
jobs_5 31 106
1266