kernel_0 37 33 2
kernel_1 107 103 2
guaxinim_142 136 134 1
guaxinim_143 149 147 1
batata_0 133 129 2
gnu_0 64 62 1
linus_0 11 7 2
gnu_1 42 40 1
gnu_2 64 62 1
guaxinim_144 172 170 1
kernel_2 126 122 2
linus_1 43 39 2
flusp_113 120 118 1
darksouls_0 29 27 1
guaxinim_145 106 104 1
kernel_3 85 81 2
guaxinim_146 53 51 1
linus_2 71 67 2
kernel_4 109 105 2
darksouls_1 118 116 1
linus_3 22 18 2
gnu_3 175 173 1
batata_1 158 154 2
guaxinim_147 125 123 1
linus_4 93 89 2
gnu_4 89 87 1
gnu_5 120 118 1
guaxinim_148 167 165 1
guaxinim_149 68 66 1
batata_2 23 19 2
gnu_6 154 152 1
flusp_114 5 3 1
flusp_115 26 24 1
guaxinim_150 84 82 1
batata_3 106 102 2
batata_4 55 51 2
kernel_5 47 43 2
guaxinim_151 17 15 1
batata_5 143 139 2
guaxinim_152 31 29 1
kernel_6 53 49 2
kernel_7 27 23 2
darksouls_2 41 39 1
linus_5 85 81 2
batata_6 11 7 2
gnu_7 14 12 1
batata_7 148 144 2
flusp_116 63 61 1
flusp_117 43 41 1
linus_6 129 125 2
guaxinim_153 26 24 1
flusp_118 150 148 1
gnu_8 103 101 1
flusp_119 7 5 1
flusp_120 119 117 1
flusp_121 103 101 1
flusp_122 155 153 1
batata_8 144 140 2
linus_7 152 148 2
flusp_123 172 170 1
linus_8 36 32 2
darksouls_3 117 115 1
guaxinim_154 119 117 1
batata_9 145 141 2
batata_10 44 40 2
kernel_8 83 79 2
flusp_124 156 154 1
guaxinim_155 30 28 1
gnu_9 18 16 1
linus_9 75 71 2
linus_10 94 90 2
kernel_9 53 49 2
kernel_10 45 41 2
kernel_11 70 66 2
gnu_10 3 1 1
batata_11 47 43 2
darksouls_4 50 48 1
flusp_125 31 29 1
flusp_126 100 98 1
linus_11 91 87 2
flusp_127 51 49 1
batata_12 155 151 2
flusp_128 33 31 1
darksouls_5 21 19 1
flusp_129 103 101 1
darksouls_6 6 4 1
guaxinim_156 79 77 1
gnu_11 104 102 1
flusp_130 5 3 1
linus_12 160 156 2
batata_13 95 91 2
batata_14 99 95 2
flusp_131 88 86 1
gnu_12 164 162 1
gnu_13 13 11 1
batata_15 20 16 2
linus_13 116 112 2
darksouls_7 146 144 1
flusp_132 118 116 1
flusp_133 110 108 1
gnu_14 127 125 1
guaxinim_157 130 128 1
kernel_12 103 99 2
guaxinim_158 142 140 1
darksouls_8 66 64 1
flusp_134 93 91 1
batata_16 44 40 2
guaxinim_159 138 136 1
flusp_135 21 19 1
darksouls_9 33 31 1
linus_14 141 137 2
kernel_13 59 55 2
darksouls_10 151 149 1
batata_17 19 15 2
kernel_14 43 39 2
kernel_15 121 117 2
batata_18 27 23 2
flusp_136 142 140 1
flusp_137 43 41 1
gnu_15 125 123 1
flusp_138 147 145 1
batata_19 124 120 2
darksouls_11 63 61 1
flusp_139 132 130 1
linus_15 93 89 2
darksouls_12 29 27 1
guaxinim_160 155 153 1
kernel_16 37 33 2
darksouls_13 39 37 1
gnu_16 165 163 1
guaxinim_161 133 131 1
batata_20 175 171 2
darksouls_14 35 33 1
linus_16 151 147 2
linus_17 118 114 2
flusp_140 35 33 1
gnu_17 159 157 1
guaxinim_162 142 140 1
gnu_18 150 148 1
guaxinim_163 43 41 1
gnu_19 16 14 1
gnu_20 73 71 1
flusp_141 163 161 1
gnu_21 130 128 1
linus_18 36 32 2
flusp_142 155 153 1
flusp_143 67 65 1
kernel_17 80 76 2
batata_21 92 88 2
kernel_18 46 42 2
guaxinim_164 98 96 1
linus_19 100 96 2
guaxinim_165 135 133 1
guaxinim_166 136 134 1
guaxinim_167 8 6 1
flusp_144 112 110 1
kernel_19 68 64 2
kernel_20 161 157 2
gnu_22 65 63 1
linus_20 169 165 2
kernel_21 157 153 2
gnu_23 61 59 1
gnu_24 20 18 1
darksouls_15 72 70 1
batata_22 17 13 2
darksouls_16 94 92 1
darksouls_17 50 48 1
flusp_145 122 120 1
guaxinim_168 160 158 1
kernel_22 23 19 2
flusp_146 93 91 1
linus_21 117 113 2
darksouls_18 7 5 1
darksouls_19 73 71 1
flusp_147 69 67 1
guaxinim_169 40 38 1
darksouls_20 175 173 1
batata_23 98 94 2
flusp_148 150 148 1
darksouls_21 65 63 1
batata_24 109 105 2
kernel_23 20 16 2
kernel_24 102 98 2
darksouls_22 169 167 1
gnu_25 82 80 1
batata_25 144 140 2
flusp_149 25 23 1
gnu_26 73 71 1
kernel_25 171 167 2
guaxinim_170 104 102 1
darksouls_23 5 3 1
gnu_27 35 33 1
guaxinim_171 112 110 1
kernel_26 12 8 2
darksouls_24 126 124 1
gnu_28 110 108 1
batata_26 32 28 2
guaxinim_172 156 154 1
linus_22 76 72 2
flusp_150 14 12 1
darksouls_25 171 169 1
gnu_29 70 68 1
kernel_27 161 157 2
batata_27 162 158 2
gnu_30 155 153 1
linus_23 69 65 2
linus_24 151 147 2
kernel_28 171 167 2
kernel_29 127 123 2
flusp_151 109 107 1
batata_28 22 18 2
guaxinim_173 140 138 1
kernel_30 93 89 2
darksouls_26 45 43 1
kernel_31 79 75 2
kernel_32 62 58 2
darksouls_27 101 99 1
darksouls_28 120 118 1
guaxinim_174 121 119 1
gnu_31 156 154 1
kernel_33 49 45 2
flusp_152 152 150 1
batata_29 133 129 2
gnu_32 35 33 1
kernel_34 89 85 2
darksouls_29 158 156 1
batata_30 139 135 2
guaxinim_175 78 76 1
batata_31 139 135 2
flusp_153 77 75 1
gnu_33 170 168 1
gnu_34 52 50 1
kernel_35 133 129 2
kernel_36 116 112 2
guaxinim_176 130 128 1
darksouls_30 170 168 1
flusp_154 56 54 1
gnu_35 106 104 1
darksouls_31 16 14 1
darksouls_32 70 68 1
darksouls_33 128 126 1
kernel_37 158 154 2
batata_32 117 113 2
darksouls_34 41 39 1
guaxinim_177 111 109 1
linus_25 58 54 2
linus_26 136 132 2
flusp_155 61 59 1
darksouls_35 96 94 1
guaxinim_178 35 33 1
