lovelace_0 142 65 6
lovelace_1 194 91 6
servine_0 96 42 6
jobs_0 102 45 6
jobs_1 194 91 6
lovelace_2 144 66 6
servine_1 52 20 6
kernel_0 30 9 6
kernel_1 84 36 6
servine_2 128 58 6
kernel_2 32 10 6
servine_3 132 60 6
kernel_3 160 74 6
jobs_2 96 42 6
jobs_3 102 45 6
servine_4 194 91 6
jobs_4 92 40 6
kernel_4 136 62 6
lovelace_3 150 69 6
jobs_5 194 91 6
kernel_5 44 16 6
jobs_6 98 43 6
servine_5 176 82 6
lovelace_4 34 11 6
servine_6 188 88 6
jobs_7 56 22 6
lovelace_5 170 79 6
servine_7 150 69 6
servine_8 118 53 6
servine_9 142 65 6
jobs_8 122 55 6
lovelace_6 108 48 6
kernel_6 88 38 6
jobs_9 126 57 6
jobs_10 204 96 6
kernel_7 194 91 6
lovelace_7 38 13 6
kernel_8 48 18 6
servine_10 206 97 6
jobs_11 44 16 6
kernel_9 174 81 6
jobs_12 80 34 6
kernel_10 202 95 6
servine_11 54 21 6
lovelace_8 44 16 6
servine_12 126 57 6
lovelace_9 108 48 6
kernel_11 36 12 6
lovelace_10 130 59 6
kernel_12 88 38 6
