guaxinim_0 12 10 1
darksouls_0 25 23 1
gnu_0 11 9 1
darksouls_1 21 19 1
guaxinim_1 18 16 1
darksouls_2 15 13 1
flusp_0 6 4 1
guaxinim_2 15 13 1
darksouls_3 16 14 1
darksouls_4 6 4 1
flusp_1 17 15 1
darksouls_5 26 24 1
darksouls_6 7 5 1
guaxinim_3 3 1 1
gnu_1 18 16 1
guaxinim_4 22 20 1
flusp_2 20 18 1
gnu_2 10 8 1
guaxinim_5 11 9 1
darksouls_7 7 5 1
darksouls_8 16 14 1
darksouls_9 25 23 1
darksouls_10 19 17 1
guaxinim_6 19 17 1
flusp_3 15 13 1
flusp_4 10 8 1
flusp_5 18 16 1
darksouls_11 8 6 1
guaxinim_7 7 5 1
darksouls_12 19 17 1
gnu_3 18 16 1
darksouls_13 15 13 1
darksouls_14 22 20 1
gnu_4 11 9 1
gnu_5 16 14 1
flusp_6 7 5 1
gnu_6 5 3 1
darksouls_15 11 9 1
darksouls_16 22 20 1
guaxinim_8 6 4 1
guaxinim_9 3 1 1
darksouls_17 23 21 1
darksouls_18 14 12 1
guaxinim_10 17 15 1
darksouls_19 2 0 1
flusp_7 6 4 1
flusp_8 7 5 1
guaxinim_11 22 20 1
flusp_9 5 3 1
guaxinim_12 6 4 1
darksouls_20 9 7 1
gnu_7 6 4 1
guaxinim_13 12 10 1
guaxinim_14 15 13 1
guaxinim_15 5 3 1
gnu_8 4 2 1
darksouls_21 5 3 1
darksouls_22 25 23 1
guaxinim_16 24 22 1
darksouls_23 2 0 1
gnu_9 18 16 1
guaxinim_17 3 1 1
gnu_10 18 16 1
gnu_11 11 9 1
flusp_10 16 14 1
guaxinim_18 3 1 1
flusp_11 25 23 1
flusp_12 14 12 1
flusp_13 9 7 1
guaxinim_19 26 24 1
guaxinim_20 22 20 1
flusp_14 3 1 1
flusp_15 15 13 1
darksouls_24 16 14 1
darksouls_25 26 24 1
gnu_12 17 15 1
guaxinim_21 15 13 1
gnu_13 16 14 1
gnu_14 23 21 1
guaxinim_22 26 24 1
flusp_16 9 7 1
darksouls_26 26 24 1
gnu_15 25 23 1
gnu_16 10 8 1
flusp_17 9 7 1
gnu_17 10 8 1
darksouls_27 15 13 1
guaxinim_23 26 24 1
guaxinim_24 4 2 1
guaxinim_25 11 9 1
guaxinim_26 8 6 1
gnu_18 4 2 1
flusp_18 8 6 1
darksouls_28 12 10 1
darksouls_29 23 21 1
gnu_19 14 12 1
darksouls_30 13 11 1
guaxinim_27 8 6 1
darksouls_31 16 14 1
guaxinim_28 2 0 1
darksouls_32 26 24 1
flusp_19 15 13 1
guaxinim_29 23 21 1
gnu_20 21 19 1
gnu_21 5 3 1
darksouls_33 18 16 1
guaxinim_30 19 17 1
gnu_22 21 19 1
darksouls_34 25 23 1
flusp_20 3 1 1
guaxinim_31 5 3 1
darksouls_35 25 23 1
gnu_23 13 11 1
guaxinim_32 9 7 1
guaxinim_33 17 15 1
darksouls_36 7 5 1
guaxinim_34 23 21 1
gnu_24 11 9 1
flusp_21 7 5 1
gnu_25 4 2 1
gnu_26 8 6 1
guaxinim_35 26 24 1
darksouls_37 16 14 1
guaxinim_36 9 7 1
guaxinim_37 24 22 1
gnu_27 7 5 1
flusp_22 16 14 1
guaxinim_38 15 13 1
gnu_28 16 14 1
gnu_29 2 0 1
guaxinim_39 4 2 1
guaxinim_40 9 7 1
guaxinim_41 17 15 1
gnu_30 24 22 1
guaxinim_42 11 9 1
guaxinim_43 15 13 1
guaxinim_44 15 13 1
flusp_23 11 9 1
flusp_24 24 22 1
guaxinim_45 7 5 1
guaxinim_46 18 16 1
darksouls_38 10 8 1
darksouls_39 18 16 1
darksouls_40 8 6 1
darksouls_41 22 20 1
darksouls_42 22 20 1
darksouls_43 5 3 1
darksouls_44 24 22 1
guaxinim_47 12 10 1
darksouls_45 17 15 1
guaxinim_48 15 13 1
flusp_25 17 15 1
flusp_26 17 15 1
flusp_27 16 14 1
darksouls_46 12 10 1
flusp_28 11 9 1
guaxinim_49 10 8 1
gnu_31 14 12 1
guaxinim_50 21 19 1
darksouls_47 2 0 1
darksouls_48 6 4 1
guaxinim_51 23 21 1
guaxinim_52 3 1 1
gnu_32 17 15 1
flusp_29 14 12 1
flusp_30 18 16 1
darksouls_49 9 7 1
guaxinim_53 16 14 1
gnu_33 13 11 1
guaxinim_54 9 7 1
flusp_31 9 7 1
darksouls_50 21 19 1
guaxinim_55 15 13 1
darksouls_51 10 8 1
guaxinim_56 2 0 1
darksouls_52 25 23 1
guaxinim_57 20 18 1
guaxinim_58 18 16 1
guaxinim_59 22 20 1
darksouls_53 16 14 1
darksouls_54 19 17 1
flusp_32 9 7 1
gnu_34 19 17 1
darksouls_55 23 21 1
guaxinim_60 23 21 1
gnu_35 23 21 1
gnu_36 4 2 1
darksouls_56 25 23 1
flusp_33 2 0 1
flusp_34 2 0 1
guaxinim_61 9 7 1
guaxinim_62 25 23 1
darksouls_57 22 20 1
flusp_35 22 20 1
darksouls_58 14 12 1
guaxinim_63 20 18 1
darksouls_59 21 19 1
darksouls_60 4 2 1
gnu_37 11 9 1
guaxinim_64 2 0 1
guaxinim_65 20 18 1
darksouls_61 8 6 1
darksouls_62 3 1 1
darksouls_63 15 13 1
flusp_36 5 3 1
darksouls_64 21 19 1
guaxinim_66 15 13 1
guaxinim_67 23 21 1
flusp_37 24 22 1
guaxinim_68 26 24 1
guaxinim_69 3 1 1
gnu_38 18 16 1
flusp_38 20 18 1
darksouls_65 5 3 1
flusp_39 16 14 1
darksouls_66 7 5 1
gnu_39 14 12 1
gnu_40 5 3 1
darksouls_67 13 11 1
darksouls_68 9 7 1
darksouls_69 12 10 1
guaxinim_70 26 24 1
flusp_40 19 17 1
flusp_41 10 8 1
darksouls_70 10 8 1
gnu_41 15 13 1
gnu_42 13 11 1
darksouls_71 24 22 1
flusp_42 18 16 1
flusp_43 5 3 1
gnu_43 23 21 1
guaxinim_71 22 20 1
guaxinim_72 10 8 1
darksouls_72 2 0 1
flusp_44 3 1 1
guaxinim_73 20 18 1
guaxinim_74 18 16 1
darksouls_73 3 1 1
gnu_44 4 2 1
flusp_45 13 11 1
guaxinim_75 16 14 1
darksouls_74 18 16 1
gnu_45 7 5 1
darksouls_75 2 0 1
gnu_46 26 24 1
flusp_46 21 19 1
flusp_47 24 22 1
darksouls_76 20 18 1
guaxinim_76 8 6 1
darksouls_77 24 22 1
guaxinim_77 9 7 1
guaxinim_78 4 2 1
flusp_48 5 3 1
flusp_49 22 20 1
darksouls_78 16 14 1
flusp_50 26 24 1
darksouls_79 13 11 1
flusp_51 17 15 1
darksouls_80 25 23 1
flusp_52 22 20 1
guaxinim_79 26 24 1
flusp_53 6 4 1
flusp_54 10 8 1
gnu_47 19 17 1
flusp_55 13 11 1
gnu_48 14 12 1
gnu_49 25 23 1
guaxinim_80 12 10 1
guaxinim_81 18 16 1
gnu_50 25 23 1
darksouls_81 16 14 1
guaxinim_82 23 21 1
darksouls_82 18 16 1
darksouls_83 7 5 1
darksouls_84 24 22 1
guaxinim_83 9 7 1
guaxinim_84 7 5 1
flusp_56 15 13 1
flusp_57 19 17 1
guaxinim_85 2 0 1
gnu_51 14 12 1
darksouls_85 25 23 1
flusp_58 11 9 1
flusp_59 19 17 1
flusp_60 24 22 1
guaxinim_86 9 7 1
gnu_52 2 0 1
darksouls_86 2 0 1
guaxinim_87 26 24 1
darksouls_87 10 8 1
darksouls_88 19 17 1
gnu_53 11 9 1
flusp_61 7 5 1
darksouls_89 8 6 1
gnu_54 23 21 1
guaxinim_88 25 23 1
flusp_62 3 1 1
flusp_63 18 16 1
flusp_64 7 5 1
darksouls_90 18 16 1
darksouls_91 26 24 1
darksouls_92 12 10 1
guaxinim_89 13 11 1
gnu_55 20 18 1
gnu_56 19 17 1
darksouls_93 14 12 1
gnu_57 21 19 1
guaxinim_90 24 22 1
darksouls_94 5 3 1
darksouls_95 10 8 1
darksouls_96 18 16 1
guaxinim_91 7 5 1
guaxinim_92 22 20 1
flusp_65 6 4 1
gnu_58 15 13 1
darksouls_97 5 3 1
darksouls_98 19 17 1
guaxinim_93 25 23 1
gnu_59 5 3 1
guaxinim_94 3 1 1
guaxinim_95 11 9 1
gnu_60 4 2 1
flusp_66 17 15 1
darksouls_99 21 19 1
darksouls_100 14 12 1
darksouls_101 4 2 1
guaxinim_96 6 4 1
flusp_67 3 1 1
flusp_68 4 2 1
flusp_69 9 7 1
guaxinim_97 18 16 1
flusp_70 9 7 1
gnu_61 5 3 1
darksouls_102 22 20 1
gnu_62 24 22 1
gnu_63 17 15 1
gnu_64 16 14 1
flusp_71 24 22 1
gnu_65 24 22 1
flusp_72 19 17 1
flusp_73 23 21 1
gnu_66 14 12 1
gnu_67 20 18 1
guaxinim_98 20 18 1
gnu_68 14 12 1
darksouls_103 23 21 1
darksouls_104 26 24 1
guaxinim_99 18 16 1
flusp_74 9 7 1
flusp_75 12 10 1
flusp_76 2 0 1
guaxinim_100 21 19 1
gnu_69 16 14 1
gnu_70 3 1 1
gnu_71 12 10 1
flusp_77 3 1 1
flusp_78 19 17 1
gnu_72 7 5 1
gnu_73 17 15 1
gnu_74 24 22 1
flusp_79 9 7 1
guaxinim_101 15 13 1
darksouls_105 8 6 1
flusp_80 13 11 1
guaxinim_102 2 0 1
flusp_81 25 23 1
darksouls_106 6 4 1
darksouls_107 14 12 1
guaxinim_103 12 10 1
darksouls_108 23 21 1
flusp_82 6 4 1
darksouls_109 14 12 1
flusp_83 17 15 1
darksouls_110 12 10 1
flusp_84 8 6 1
flusp_85 24 22 1
gnu_75 26 24 1
flusp_86 26 24 1
guaxinim_104 5 3 1
guaxinim_105 25 23 1
gnu_76 12 10 1
guaxinim_106 25 23 1
guaxinim_107 8 6 1
guaxinim_108 17 15 1
darksouls_111 6 4 1
flusp_87 9 7 1
gnu_77 9 7 1
darksouls_112 15 13 1
gnu_78 4 2 1
guaxinim_109 9 7 1
guaxinim_110 15 13 1
darksouls_113 3 1 1
gnu_79 3 1 1
guaxinim_111 11 9 1
flusp_88 17 15 1
guaxinim_112 23 21 1
gnu_80 5 3 1
darksouls_114 7 5 1
guaxinim_113 21 19 1
guaxinim_114 11 9 1
guaxinim_115 15 13 1
darksouls_115 21 19 1
gnu_81 2 0 1
darksouls_116 11 9 1
guaxinim_116 4 2 1
flusp_89 21 19 1
darksouls_117 20 18 1
guaxinim_117 23 21 1
guaxinim_118 20 18 1
guaxinim_119 21 19 1
guaxinim_120 25 23 1
gnu_82 10 8 1
flusp_90 2 0 1
guaxinim_121 2 0 1
guaxinim_122 5 3 1
gnu_83 24 22 1
gnu_84 6 4 1
flusp_91 14 12 1
darksouls_118 21 19 1
flusp_92 23 21 1
flusp_93 9 7 1
gnu_85 18 16 1
darksouls_119 11 9 1
gnu_86 11 9 1
flusp_94 14 12 1
darksouls_120 5 3 1
flusp_95 15 13 1
gnu_87 18 16 1
flusp_96 2 0 1
flusp_97 13 11 1
guaxinim_123 13 11 1
flusp_98 10 8 1
darksouls_121 3 1 1
guaxinim_124 20 18 1
darksouls_122 25 23 1
darksouls_123 2 0 1
gnu_88 16 14 1
guaxinim_125 3 1 1
guaxinim_126 2 0 1
darksouls_124 7 5 1
flusp_99 20 18 1
flusp_100 10 8 1
gnu_89 13 11 1
flusp_101 10 8 1
guaxinim_127 8 6 1
guaxinim_128 20 18 1
darksouls_125 9 7 1
darksouls_126 10 8 1
darksouls_127 26 24 1
gnu_90 15 13 1
darksouls_128 23 21 1
gnu_91 26 24 1
flusp_102 8 6 1
darksouls_129 3 1 1
flusp_103 9 7 1
guaxinim_129 20 18 1
darksouls_130 18 16 1
gnu_92 18 16 1
flusp_104 24 22 1
flusp_105 2 0 1
darksouls_131 6 4 1
flusp_106 21 19 1
guaxinim_130 10 8 1
flusp_107 22 20 1
flusp_108 19 17 1
guaxinim_131 20 18 1
guaxinim_132 2 0 1
gnu_93 10 8 1
gnu_94 22 20 1
darksouls_132 14 12 1
flusp_109 8 6 1
flusp_110 24 22 1
darksouls_133 19 17 1
flusp_111 15 13 1
guaxinim_133 23 21 1
gnu_95 24 22 1
guaxinim_134 10 8 1
darksouls_134 5 3 1
darksouls_135 2 0 1
darksouls_136 19 17 1
gnu_96 17 15 1
guaxinim_135 26 24 1
guaxinim_136 4 2 1
gnu_97 19 17 1
darksouls_137 19 17 1
guaxinim_137 5 3 1
gnu_98 3 1 1
gnu_99 9 7 1
gnu_100 6 4 1
darksouls_138 20 18 1
gnu_101 24 22 1
gnu_102 15 13 1
guaxinim_138 11 9 1
guaxinim_139 26 24 1
guaxinim_140 11 9 1
guaxinim_141 5 3 1
flusp_112 19 17 1
darksouls_139 26 24 1
gnu_103 5 3 1
darksouls_140 20 18 1
