lovelace_0 56 25 3
kernel_0 44 20 2
servine_0 44 20 2
servine_1 58 27 2
kernel_1 24 10 2
kernel_2 56 26 2
servine_2 50 23 2
servine_3 38 17 2
servine_4 44 20 2
jobs_0 38 13 6
kernel_3 28 12 2
jobs_1 44 16 6
kernel_4 24 10 2
kernel_5 32 14 2
kernel_6 50 23 2
jobs_2 68 28 6
jobs_3 34 11 6
jobs_4 34 11 6
jobs_5 70 29 6
lovelace_1 44 19 3
servine_5 40 18 2
kernel_7 38 17 2
lovelace_2 24 9 3
lovelace_3 10 2 3
kernel_8 52 24 2
kernel_9 58 27 2
kernel_10 22 9 2
jobs_6 42 15 6
servine_6 44 20 2
lovelace_4 54 24 3
servine_7 20 8 2
kernel_11 16 6 2
kernel_12 8 2 2
jobs_7 50 19 6
servine_8 42 19 2
lovelace_5 40 17 3
kernel_13 52 24 2
lovelace_6 62 28 3
kernel_14 34 15 2
kernel_15 26 11 2
servine_9 8 2 2
servine_10 60 28 2
servine_11 42 19 2
kernel_16 48 22 2
servine_12 16 6 2
kernel_17 34 15 2
kernel_18 30 13 2
jobs_8 66 27 6
servine_13 28 12 2
servine_14 6 1 2
