gnu_0 30 14 1
guaxinim_0 22 10 1
flusp_0 44 21 1
guaxinim_1 36 17 1
guaxinim_2 4 1 1
gnu_1 2 0 1
flusp_1 50 24 1
guaxinim_3 14 6 1
gnu_2 54 26 1
flusp_2 26 12 1
flusp_3 18 8 1
flusp_4 60 29 1
darksouls_0 12 5 1
flusp_5 50 24 1
gnu_3 30 14 1
gnu_4 52 25 1
darksouls_1 12 5 1
guaxinim_4 40 19 1
guaxinim_5 34 16 1
guaxinim_6 12 5 1
darksouls_2 22 10 1
darksouls_3 60 29 1
gnu_5 20 9 1
gnu_6 44 21 1
guaxinim_7 34 16 1
gnu_7 42 20 1
darksouls_4 4 1 1
flusp_6 16 7 1
guaxinim_8 16 7 1
guaxinim_9 2 0 1
flusp_7 56 27 1
guaxinim_10 24 11 1
guaxinim_11 24 11 1
guaxinim_12 8 3 1
gnu_8 20 9 1
gnu_9 56 27 1
flusp_8 22 10 1
guaxinim_13 48 23 1
guaxinim_14 60 29 1
flusp_9 6 2 1
flusp_10 26 12 1
flusp_11 32 15 1
guaxinim_15 38 18 1
guaxinim_16 28 13 1
flusp_12 36 17 1
gnu_10 28 13 1
darksouls_5 46 22 1
gnu_11 46 22 1
guaxinim_17 24 11 1
guaxinim_18 50 24 1
guaxinim_19 14 6 1
guaxinim_20 16 7 1
flusp_13 24 11 1
guaxinim_21 50 24 1
flusp_14 8 3 1
flusp_15 28 13 1
darksouls_6 8 3 1
flusp_16 40 19 1
flusp_17 24 11 1
flusp_18 32 15 1
guaxinim_22 18 8 1
flusp_19 32 15 1
guaxinim_23 8 3 1
flusp_20 20 9 1
guaxinim_24 22 10 1
darksouls_7 18 8 1
darksouls_8 40 19 1
guaxinim_25 54 26 1
guaxinim_26 44 21 1
darksouls_9 36 17 1
darksouls_10 34 16 1
flusp_21 58 28 1
darksouls_11 8 3 1
guaxinim_27 10 4 1
gnu_12 12 5 1
gnu_13 2 0 1
darksouls_12 48 23 1
flusp_22 40 19 1
gnu_14 28 13 1
guaxinim_28 48 23 1
darksouls_13 18 8 1
gnu_15 32 15 1
darksouls_14 56 27 1
gnu_16 34 16 1
gnu_17 56 27 1
flusp_23 42 20 1
guaxinim_29 60 29 1
gnu_18 8 3 1
flusp_24 42 20 1
guaxinim_30 60 29 1
flusp_25 34 16 1
gnu_19 44 21 1
guaxinim_31 4 1 1
gnu_20 12 5 1
flusp_26 54 26 1
gnu_21 12 5 1
darksouls_15 42 20 1
gnu_22 30 14 1
darksouls_16 58 28 1
gnu_23 46 22 1
guaxinim_32 14 6 1
darksouls_17 50 24 1
flusp_27 34 16 1
darksouls_18 58 28 1
guaxinim_33 22 10 1
guaxinim_34 46 22 1
gnu_24 54 26 1
darksouls_19 26 12 1
guaxinim_35 34 16 1
gnu_25 6 2 1
flusp_28 44 21 1
gnu_26 14 6 1
darksouls_20 20 9 1
flusp_29 58 28 1
darksouls_21 8 3 1
gnu_27 50 24 1
guaxinim_36 12 5 1
gnu_28 36 17 1
darksouls_22 60 29 1
guaxinim_37 26 12 1
gnu_29 8 3 1
flusp_30 44 21 1
guaxinim_38 54 26 1
darksouls_23 16 7 1
darksouls_24 42 20 1
darksouls_25 20 9 1
flusp_31 36 17 1
flusp_32 14 6 1
darksouls_26 2 0 1
gnu_30 12 5 1
guaxinim_39 6 2 1
gnu_31 50 24 1
guaxinim_40 42 20 1
darksouls_27 24 11 1
gnu_32 2 0 1
gnu_33 14 6 1
guaxinim_41 16 7 1
darksouls_28 38 18 1
darksouls_29 42 20 1
darksouls_30 54 26 1
guaxinim_42 30 14 1
gnu_34 54 26 1
darksouls_31 16 7 1
guaxinim_43 56 27 1
gnu_35 22 10 1
darksouls_32 40 19 1
darksouls_33 2 0 1
flusp_33 10 4 1
flusp_34 54 26 1
flusp_35 14 6 1
flusp_36 18 8 1
gnu_36 16 7 1
guaxinim_44 60 29 1
flusp_37 26 12 1
gnu_37 44 21 1
flusp_38 16 7 1
darksouls_34 32 15 1
gnu_38 60 29 1
gnu_39 2 0 1
guaxinim_45 14 6 1
gnu_40 2 0 1
gnu_41 6 2 1
guaxinim_46 56 27 1
darksouls_35 22 10 1
guaxinim_47 58 28 1
flusp_39 40 19 1
guaxinim_48 32 15 1
flusp_40 56 27 1
darksouls_36 4 1 1
guaxinim_49 56 27 1
darksouls_37 20 9 1
flusp_41 52 25 1
flusp_42 26 12 1
darksouls_38 52 25 1
flusp_43 48 23 1
darksouls_39 30 14 1
darksouls_40 10 4 1
gnu_42 22 10 1
gnu_43 4 1 1
flusp_44 58 28 1
flusp_45 22 10 1
darksouls_41 22 10 1
flusp_46 50 24 1
gnu_44 8 3 1
gnu_45 58 28 1
flusp_47 16 7 1
guaxinim_50 12 5 1
darksouls_42 34 16 1
flusp_48 58 28 1
darksouls_43 56 27 1
gnu_46 34 16 1
guaxinim_51 16 7 1
gnu_47 6 2 1
darksouls_44 50 24 1
darksouls_45 30 14 1
darksouls_46 60 29 1
guaxinim_52 48 23 1
guaxinim_53 56 27 1
flusp_49 18 8 1
gnu_48 40 19 1
gnu_49 28 13 1
darksouls_47 50 24 1
flusp_50 40 19 1
gnu_50 24 11 1
darksouls_48 18 8 1
flusp_51 38 18 1
guaxinim_54 48 23 1
guaxinim_55 60 29 1
guaxinim_56 60 29 1
darksouls_49 12 5 1
darksouls_50 28 13 1
flusp_52 40 19 1
darksouls_51 26 12 1
darksouls_52 12 5 1
guaxinim_57 54 26 1
darksouls_53 18 8 1
guaxinim_58 48 23 1
darksouls_54 46 22 1
darksouls_55 56 27 1
flusp_53 60 29 1
guaxinim_59 26 12 1
guaxinim_60 28 13 1
guaxinim_61 4 1 1
darksouls_56 38 18 1
darksouls_57 24 11 1
gnu_51 14 6 1
gnu_52 40 19 1
gnu_53 42 20 1
darksouls_58 56 27 1
guaxinim_62 60 29 1
flusp_54 24 11 1
gnu_54 56 27 1
flusp_55 6 2 1
darksouls_59 14 6 1
gnu_55 24 11 1
flusp_56 48 23 1
gnu_56 48 23 1
darksouls_60 2 0 1
gnu_57 4 1 1
flusp_57 50 24 1
gnu_58 34 16 1
guaxinim_63 30 14 1
gnu_59 56 27 1
flusp_58 52 25 1
gnu_60 16 7 1
darksouls_61 14 6 1
guaxinim_64 22 10 1
gnu_61 24 11 1
flusp_59 6 2 1
darksouls_62 12 5 1
flusp_60 24 11 1
gnu_62 58 28 1
darksouls_63 58 28 1
gnu_63 12 5 1
guaxinim_65 36 17 1
darksouls_64 26 12 1
flusp_61 30 14 1
darksouls_65 22 10 1
gnu_64 44 21 1
darksouls_66 26 12 1
gnu_65 22 10 1
flusp_62 4 1 1
darksouls_67 20 9 1
flusp_63 32 15 1
darksouls_68 58 28 1
guaxinim_66 52 25 1
gnu_66 22 10 1
darksouls_69 12 5 1
flusp_64 44 21 1
guaxinim_67 6 2 1
darksouls_70 50 24 1
darksouls_71 40 19 1
flusp_65 4 1 1
darksouls_72 58 28 1
gnu_67 18 8 1
gnu_68 32 15 1
gnu_69 58 28 1
darksouls_73 40 19 1
flusp_66 60 29 1
guaxinim_68 4 1 1
darksouls_74 12 5 1
darksouls_75 52 25 1
flusp_67 58 28 1
gnu_70 22 10 1
darksouls_76 22 10 1
gnu_71 36 17 1
flusp_68 42 20 1
gnu_72 48 23 1
gnu_73 12 5 1
gnu_74 28 13 1
guaxinim_69 24 11 1
gnu_75 26 12 1
gnu_76 46 22 1
flusp_69 42 20 1
gnu_77 14 6 1
guaxinim_70 46 22 1
flusp_70 18 8 1
gnu_78 2 0 1
darksouls_77 32 15 1
gnu_79 44 21 1
flusp_71 18 8 1
darksouls_78 38 18 1
gnu_80 6 2 1
flusp_72 42 20 1
gnu_81 14 6 1
darksouls_79 34 16 1
flusp_73 18 8 1
darksouls_80 2 0 1
gnu_82 4 1 1
flusp_74 28 13 1
guaxinim_71 6 2 1
gnu_83 38 18 1
flusp_75 50 24 1
flusp_76 44 21 1
flusp_77 22 10 1
darksouls_81 4 1 1
flusp_78 40 19 1
gnu_84 20 9 1
flusp_79 12 5 1
guaxinim_72 46 22 1
gnu_85 44 21 1
darksouls_82 22 10 1
darksouls_83 42 20 1
gnu_86 48 23 1
gnu_87 38 18 1
flusp_80 54 26 1
gnu_88 36 17 1
darksouls_84 26 12 1
flusp_81 2 0 1
gnu_89 24 11 1
darksouls_85 18 8 1
darksouls_86 42 20 1
gnu_90 24 11 1
gnu_91 18 8 1
gnu_92 16 7 1
darksouls_87 50 24 1
guaxinim_73 38 18 1
gnu_93 24 11 1
flusp_82 40 19 1
gnu_94 50 24 1
darksouls_88 12 5 1
darksouls_89 34 16 1
gnu_95 36 17 1
guaxinim_74 2 0 1
darksouls_90 44 21 1
guaxinim_75 58 28 1
gnu_96 10 4 1
gnu_97 60 29 1
guaxinim_76 26 12 1
darksouls_91 52 25 1
gnu_98 6 2 1
darksouls_92 30 14 1
darksouls_93 48 23 1
flusp_83 14 6 1
gnu_99 60 29 1
guaxinim_77 58 28 1
darksouls_94 30 14 1
flusp_84 24 11 1
flusp_85 52 25 1
darksouls_95 30 14 1
darksouls_96 26 12 1
flusp_86 34 16 1
guaxinim_78 18 8 1
flusp_87 40 19 1
darksouls_97 14 6 1
flusp_88 42 20 1
flusp_89 42 20 1
gnu_100 26 12 1
darksouls_98 20 9 1
guaxinim_79 58 28 1
gnu_101 60 29 1
guaxinim_80 44 21 1
guaxinim_81 34 16 1
darksouls_99 6 2 1
darksouls_100 8 3 1
darksouls_101 4 1 1
flusp_90 56 27 1
gnu_102 4 1 1
flusp_91 56 27 1
gnu_103 32 15 1
gnu_104 10 4 1
darksouls_102 4 1 1
guaxinim_82 42 20 1
guaxinim_83 20 9 1
gnu_105 32 15 1
guaxinim_84 48 23 1
gnu_106 60 29 1
flusp_92 38 18 1
guaxinim_85 26 12 1
darksouls_103 36 17 1
guaxinim_86 40 19 1
guaxinim_87 22 10 1
gnu_107 26 12 1
guaxinim_88 50 24 1
gnu_108 8 3 1
gnu_109 60 29 1
darksouls_104 16 7 1
guaxinim_89 30 14 1
gnu_110 44 21 1
flusp_93 6 2 1
guaxinim_90 36 17 1
flusp_94 32 15 1
guaxinim_91 36 17 1
darksouls_105 60 29 1
darksouls_106 30 14 1
guaxinim_92 16 7 1
flusp_95 36 17 1
darksouls_107 8 3 1
guaxinim_93 38 18 1
guaxinim_94 32 15 1
darksouls_108 28 13 1
darksouls_109 38 18 1
darksouls_110 52 25 1
gnu_111 8 3 1
flusp_96 10 4 1
flusp_97 4 1 1
gnu_112 18 8 1
gnu_113 6 2 1
guaxinim_95 36 17 1
gnu_114 54 26 1
darksouls_111 4 1 1
gnu_115 36 17 1
guaxinim_96 50 24 1
gnu_116 46 22 1
flusp_98 16 7 1
guaxinim_97 40 19 1
flusp_99 14 6 1
gnu_117 8 3 1
darksouls_112 20 9 1
flusp_100 14 6 1
darksouls_113 18 8 1
flusp_101 36 17 1
darksouls_114 34 16 1
gnu_118 12 5 1
gnu_119 32 15 1
flusp_102 32 15 1
darksouls_115 2 0 1
flusp_103 2 0 1
darksouls_116 2 0 1
gnu_120 20 9 1
gnu_121 22 10 1
guaxinim_98 52 25 1
darksouls_117 14 6 1
gnu_122 52 25 1
darksouls_118 30 14 1
darksouls_119 40 19 1
flusp_104 28 13 1
guaxinim_99 4 1 1
darksouls_120 54 26 1
flusp_105 40 19 1
flusp_106 48 23 1
guaxinim_100 36 17 1
darksouls_121 44 21 1
guaxinim_101 42 20 1
darksouls_122 46 22 1
darksouls_123 24 11 1
guaxinim_102 24 11 1
darksouls_124 36 17 1
guaxinim_103 16 7 1
guaxinim_104 38 18 1
gnu_123 8 3 1
gnu_124 56 27 1
gnu_125 14 6 1
gnu_126 34 16 1
flusp_107 24 11 1
flusp_108 38 18 1
guaxinim_105 30 14 1
guaxinim_106 4 1 1
darksouls_125 50 24 1
guaxinim_107 48 23 1
darksouls_126 54 26 1
darksouls_127 50 24 1
flusp_109 46 22 1
darksouls_128 8 3 1
gnu_127 44 21 1
guaxinim_108 16 7 1
gnu_128 34 16 1
flusp_110 10 4 1
guaxinim_109 48 23 1
gnu_129 14 6 1
guaxinim_110 26 12 1
guaxinim_111 40 19 1
gnu_130 44 21 1
gnu_131 24 11 1
gnu_132 24 11 1
darksouls_129 14 6 1
gnu_133 46 22 1
flusp_111 58 28 1
guaxinim_112 36 17 1
darksouls_130 16 7 1
darksouls_131 26 12 1
guaxinim_113 4 1 1
darksouls_132 22 10 1
darksouls_133 32 15 1
gnu_134 54 26 1
guaxinim_114 58 28 1
gnu_135 8 3 1
guaxinim_115 40 19 1
darksouls_134 26 12 1
flusp_112 58 28 1
