darksouls_140 18 18
gnu_103 3 3
darksouls_139 24 24
flusp_112 17 17
guaxinim_141 3 3
guaxinim_140 9 9
guaxinim_139 24 24
guaxinim_138 9 9
gnu_102 13 13
gnu_101 22 22
darksouls_138 18 18
gnu_100 4 4
gnu_99 7 7
gnu_98 1 1
guaxinim_137 3 3
darksouls_137 17 17
gnu_97 17 17
guaxinim_136 2 2
guaxinim_135 24 24
gnu_96 15 15
darksouls_136 17 17
darksouls_135 0 0
darksouls_134 3 3
guaxinim_134 8 8
gnu_95 22 22
guaxinim_133 21 21
flusp_111 13 13
darksouls_133 17 17
flusp_110 22 22
flusp_109 6 6
darksouls_132 12 12
gnu_94 20 20
gnu_93 8 8
guaxinim_132 0 0
guaxinim_131 18 18
flusp_108 17 17
flusp_107 20 20
guaxinim_130 8 8
flusp_106 19 19
darksouls_131 4 4
flusp_105 0 0
flusp_104 22 22
gnu_92 16 16
darksouls_130 16 16
guaxinim_129 18 18
flusp_103 7 7
darksouls_129 1 1
flusp_102 6 6
gnu_91 24 24
darksouls_128 21 21
gnu_90 13 13
darksouls_127 24 24
darksouls_126 8 8
darksouls_125 7 7
guaxinim_128 18 18
guaxinim_127 6 6
flusp_101 8 8
gnu_89 11 11
flusp_100 8 8
flusp_99 18 18
darksouls_124 5 5
guaxinim_126 0 0
guaxinim_125 1 1
gnu_88 14 14
darksouls_123 0 0
darksouls_122 23 23
guaxinim_124 18 18
darksouls_121 1 1
flusp_98 8 8
guaxinim_123 11 11
flusp_97 11 11
flusp_96 0 0
gnu_87 16 16
flusp_95 13 13
darksouls_120 3 3
flusp_94 12 12
gnu_86 9 9
darksouls_119 9 9
gnu_85 16 16
flusp_93 7 7
flusp_92 21 21
darksouls_118 19 19
flusp_91 12 12
gnu_84 4 4
gnu_83 22 22
guaxinim_122 3 3
guaxinim_121 0 0
flusp_90 0 0
gnu_82 8 8
guaxinim_120 23 23
guaxinim_119 19 19
guaxinim_118 18 18
guaxinim_117 21 21
darksouls_117 18 18
flusp_89 19 19
guaxinim_116 2 2
darksouls_116 9 9
gnu_81 0 0
darksouls_115 19 19
guaxinim_115 13 13
guaxinim_114 9 9
guaxinim_113 19 19
darksouls_114 5 5
gnu_80 3 3
guaxinim_112 21 21
flusp_88 15 15
guaxinim_111 9 9
gnu_79 1 1
darksouls_113 1 1
guaxinim_110 13 13
guaxinim_109 7 7
gnu_78 2 2
darksouls_112 13 13
gnu_77 7 7
flusp_87 7 7
darksouls_111 4 4
guaxinim_108 15 15
guaxinim_107 6 6
guaxinim_106 23 23
gnu_76 10 10
guaxinim_105 23 23
guaxinim_104 3 3
flusp_86 24 24
gnu_75 24 24
flusp_85 22 22
flusp_84 6 6
darksouls_110 10 10
flusp_83 15 15
darksouls_109 12 12
flusp_82 4 4
darksouls_108 21 21
guaxinim_103 10 10
darksouls_107 12 12
darksouls_106 4 4
flusp_81 23 23
guaxinim_102 0 0
flusp_80 11 11
darksouls_105 6 6
guaxinim_101 13 13
flusp_79 7 7
gnu_74 22 22
gnu_73 15 15
gnu_72 5 5
flusp_78 17 17
flusp_77 1 1
gnu_71 10 10
gnu_70 1 1
gnu_69 14 14
guaxinim_100 19 19
flusp_76 0 0
flusp_75 10 10
flusp_74 7 7
guaxinim_99 16 16
darksouls_104 24 24
darksouls_103 21 21
gnu_68 12 12
guaxinim_98 18 18
gnu_67 18 18
gnu_66 12 12
flusp_73 21 21
flusp_72 17 17
gnu_65 22 23
flusp_71 23 23
gnu_64 14 14
gnu_63 15 15
gnu_62 23 23
darksouls_102 20 20
gnu_61 3 3
flusp_70 7 7
guaxinim_97 16 16
flusp_69 7 7
flusp_68 2 2
flusp_67 1 1
guaxinim_96 4 4
darksouls_101 2 2
darksouls_100 12 12
darksouls_99 19 19
flusp_66 15 15
gnu_60 2 2
guaxinim_95 9 9
guaxinim_94 1 1
gnu_59 4 4
guaxinim_93 23 23
darksouls_98 17 17
darksouls_97 4 4
gnu_58 13 14
flusp_65 4 4
guaxinim_92 20 20
guaxinim_91 5 5
darksouls_96 16 16
darksouls_95 8 8
darksouls_94 4 4
guaxinim_90 23 23
gnu_57 19 19
darksouls_93 12 12
gnu_56 17 17
gnu_55 18 19
guaxinim_89 11 11
darksouls_92 10 10
darksouls_91 24 24
darksouls_90 16 16
flusp_64 5 5
flusp_63 16 16
flusp_62 1 1
guaxinim_88 23 23
gnu_54 21 21
darksouls_89 6 6
flusp_61 5 5
gnu_53 9 9
darksouls_88 17 17
darksouls_87 8 8
guaxinim_87 24 24
darksouls_86 0 1
gnu_52 1 2
guaxinim_86 7 7
flusp_60 23 23
flusp_59 17 17
flusp_58 9 9
darksouls_85 23 23
gnu_51 12 12
guaxinim_85 2 2
flusp_57 17 17
flusp_56 14 14
guaxinim_84 5 5
guaxinim_83 7 7
darksouls_84 23 23
darksouls_83 5 5
darksouls_82 16 16
guaxinim_82 21 21
darksouls_81 14 14
gnu_50 23 24
guaxinim_81 16 16
guaxinim_80 10 10
gnu_49 24 24
gnu_48 12 12
flusp_55 11 11
gnu_47 17 17
flusp_54 8 8
flusp_53 4 4
guaxinim_79 24 24
flusp_52 20 20
darksouls_80 24 24
flusp_51 15 15
darksouls_79 11 11
flusp_50 24 25
darksouls_78 14 14
flusp_49 20 20
flusp_48 4 4
guaxinim_78 2 2
guaxinim_77 7 7
darksouls_77 25 25
guaxinim_76 6 6
darksouls_76 19 19
flusp_47 25 25
flusp_46 19 19
gnu_46 25 25
darksouls_75 2 2
gnu_45 5 5
darksouls_74 16 16
guaxinim_75 14 14
flusp_45 11 11
gnu_44 2 2
darksouls_73 2 2
guaxinim_74 16 16
guaxinim_73 19 19
flusp_44 2 2
darksouls_72 2 2
guaxinim_72 8 8
guaxinim_71 20 20
gnu_43 21 21
flusp_43 4 4
flusp_42 16 16
darksouls_71 25 25
gnu_42 11 11
gnu_41 14 14
darksouls_70 8 8
flusp_41 8 8
flusp_40 17 17
guaxinim_70 25 25
darksouls_69 10 10
darksouls_68 7 8
darksouls_67 11 11
gnu_40 4 4
gnu_39 12 13
darksouls_66 5 5
flusp_39 14 14
darksouls_65 4 4
flusp_38 19 19
gnu_38 16 17
guaxinim_69 2 3
guaxinim_68 25 25
flusp_37 25 25
guaxinim_67 21 21
guaxinim_66 14 15
darksouls_64 19 19
flusp_36 4 5
darksouls_63 15 15
darksouls_62 5 5
darksouls_61 6 6
guaxinim_65 19 19
guaxinim_64 5 5
gnu_37 9 10
darksouls_60 5 5
darksouls_59 19 19
guaxinim_63 19 19
darksouls_58 15 15
flusp_35 20 20
darksouls_57 20 20
guaxinim_62 25 25
guaxinim_61 8 8
flusp_34 5 5
flusp_33 5 5
darksouls_56 25 25
gnu_36 5 5
gnu_35 21 22
guaxinim_60 25 25
darksouls_55 25 25
gnu_34 17 18
flusp_32 8 8
darksouls_54 19 19
darksouls_53 15 15
guaxinim_59 20 20
guaxinim_58 19 20
guaxinim_57 20 20
darksouls_52 25 25
guaxinim_56 5 6
darksouls_51 8 8
guaxinim_55 15 15
darksouls_50 20 20
flusp_31 8 8
guaxinim_54 8 9
gnu_33 11 11
guaxinim_53 15 15
darksouls_49 10 10
flusp_30 20 20
flusp_29 15 16
gnu_32 20 20
guaxinim_52 6 6
guaxinim_51 25 25
darksouls_48 6 6
darksouls_47 6 6
guaxinim_50 20 21
gnu_31 25 25
guaxinim_49 10 10
flusp_28 10 10
darksouls_46 10 10
flusp_27 25 25
flusp_26 25 25
flusp_25 25 25
guaxinim_48 25 26
darksouls_45 26 26
guaxinim_47 10 10
darksouls_44 26 26
darksouls_43 6 6
darksouls_42 26 26
darksouls_41 26 26
darksouls_40 6 6
darksouls_39 26 26
darksouls_38 10 10
guaxinim_46 26 26
guaxinim_45 6 6
flusp_24 26 26
flusp_23 10 10
guaxinim_44 26 26
guaxinim_43 26 26
guaxinim_42 10 10
gnu_30 26 26
guaxinim_41 26 26
guaxinim_40 10 11
guaxinim_39 6 6
gnu_29 6 6
gnu_28 26 26
guaxinim_38 26 26
flusp_22 26 26
gnu_27 6 7
guaxinim_37 26 27
guaxinim_36 11 11
darksouls_37 27 27
guaxinim_35 27 27
gnu_26 11 12
gnu_25 27 27
flusp_21 27 27
gnu_24 27 27
guaxinim_34 27 27
darksouls_36 27 27
guaxinim_33 27 27
guaxinim_32 27 27
gnu_23 27 27
darksouls_35 27 27
guaxinim_31 27 28
flusp_20 28 28
darksouls_34 28 28
gnu_22 28 28
guaxinim_30 28 28
darksouls_33 28 28
gnu_21 28 28
gnu_20 28 28
guaxinim_29 28 28
flusp_19 28 28
darksouls_32 28 28
guaxinim_28 28 28
darksouls_31 28 28
guaxinim_27 28 29
darksouls_30 29 29
gnu_19 29 29
darksouls_29 29 29
darksouls_28 29 29
flusp_18 29 29
gnu_18 29 29
guaxinim_26 29 29
guaxinim_25 29 29
guaxinim_24 29 29
guaxinim_23 29 29
darksouls_27 29 29
gnu_17 29 29
flusp_17 29 29
gnu_16 29 30
gnu_15 30 30
darksouls_26 30 30
flusp_16 30 30
guaxinim_22 30 30
gnu_14 30 30
gnu_13 30 30
guaxinim_21 30 30
gnu_12 30 31
darksouls_25 31 31
darksouls_24 31 31
flusp_15 31 31
flusp_14 31 31
guaxinim_20 31 31
guaxinim_19 31 31
flusp_13 31 31
flusp_12 31 31
flusp_11 31 31
guaxinim_18 31 31
flusp_10 31 31
gnu_11 31 31
gnu_10 31 31
guaxinim_17 31 31
gnu_9 31 32
darksouls_23 32 32
guaxinim_16 32 32
darksouls_22 32 32
darksouls_21 32 32
gnu_8 32 32
guaxinim_15 32 32
guaxinim_14 32 32
guaxinim_13 32 32
gnu_7 32 32
darksouls_20 32 32
guaxinim_12 32 32
flusp_9 32 32
guaxinim_11 32 33
flusp_8 33 33
flusp_7 33 33
darksouls_19 33 33
guaxinim_10 33 33
darksouls_18 33 33
darksouls_17 33 33
guaxinim_9 33 33
guaxinim_8 33 33
darksouls_16 33 33
darksouls_15 33 33
gnu_6 33 33
flusp_6 33 33
gnu_5 33 33
gnu_4 33 33
darksouls_14 33 33
darksouls_13 33 33
gnu_3 33 34
darksouls_12 34 34
guaxinim_7 34 34
darksouls_11 34 34
flusp_5 34 34
flusp_4 34 34
flusp_3 34 34
guaxinim_6 34 34
darksouls_10 34 34
darksouls_9 34 34
darksouls_8 34 34
darksouls_7 34 34
guaxinim_5 34 34
gnu_2 34 34
flusp_2 34 34
guaxinim_4 34 34
gnu_1 34 34
guaxinim_3 34 35
darksouls_6 35 35
darksouls_5 35 35
flusp_1 35 35
darksouls_4 35 35
darksouls_3 35 35
guaxinim_2 35 35
flusp_0 35 35
darksouls_2 35 35
guaxinim_1 35 35
darksouls_1 35 35
gnu_0 35 35
darksouls_0 35 35
guaxinim_0 35 35
500