kernel_3 0 2
kernel_7 6 10
lovelace_134 1 6
lovelace_140 5 14
lovelace_138 10 21
servine_172 14 26
servine_168 17 34
kernel_4 21 33
servine_171 19 38
kernel_5 25 39
jobs_8 6 78
lovelace_135 26 68
lovelace_132 31 87
jobs_4 18 183
servine_164 37 84
kernel_12 41 68
jobs_1 24 197
kernel_9 46 81
jobs_12 27 203
lovelace_139 42 134
servine_170 46 114
jobs_6 29 206
servine_173 49 123
lovelace_136 48 146
lovelace_142 50 148
jobs_11 37 216
servine_166 57 137
kernel_6 61 114
servine_167 59 139
lovelace_133 59 157
kernel_11 65 121
servine_169 61 140
kernel_2 65 121
kernel_8 67 121
jobs_9 51 226
kernel_10 77 135
lovelace_137 72 166
kernel_1 77 135
jobs_5 59 231
jobs_3 63 231
jobs_2 63 231
servine_165 84 158
jobs_10 70 233
kernel_0 89 145
lovelace_141 89 176
jobs_7 75 234
jobs_15 78 234
jobs_13 81 235
jobs_0 84 235
jobs_14 87 235
2838