servine_14 1 4
servine_9 2 6
kernel_12 2 5
lovelace_3 2 8
servine_12 6 14
kernel_11 6 10
servine_7 8 26
kernel_10 9 19
lovelace_2 9 52
kernel_4 10 26
kernel_1 10 24
kernel_15 11 29
servine_13 12 49
kernel_3 12 32
kernel_18 13 39
kernel_5 14 42
kernel_17 15 42
kernel_14 15 46
jobs_4 11 100
jobs_3 11 100
kernel_7 17 49
jobs_0 13 102
servine_3 17 64
lovelace_5 17 75
servine_5 19 67
servine_11 19 67
servine_8 19 67
jobs_6 15 103
servine_6 21 69
lovelace_1 19 76
jobs_1 16 103
servine_4 21 70
servine_0 21 70
kernel_0 21 57
kernel_16 23 60
jobs_7 19 104
kernel_6 23 60
servine_2 23 72
kernel_13 26 63
kernel_8 26 63
lovelace_4 26 80
kernel_2 26 63
lovelace_0 26 80
kernel_9 29 66
servine_1 29 75
servine_10 29 75
lovelace_6 29 81
jobs_8 29 106
jobs_2 29 106
jobs_5 29 106
1266