servine_14 1 3
servine_9 2 6
kernel_12 2 5
lovelace_3 2 9
servine_12 6 14
kernel_11 6 10
servine_7 8 24
kernel_10 9 20
lovelace_2 9 52
kernel_4 10 24
kernel_1 10 24
kernel_15 11 30
servine_13 12 49
kernel_3 12 33
kernel_18 13 39
kernel_5 14 43
kernel_17 15 43
kernel_14 15 43
jobs_4 11 100
jobs_3 11 101
kernel_7 17 50
jobs_0 13 101
servine_3 17 65
lovelace_5 18 75
servine_5 18 65
servine_11 19 67
servine_8 19 67
jobs_6 15 103
servine_6 21 69
lovelace_1 19 76
jobs_1 16 103
servine_4 21 70
servine_0 21 70
kernel_0 21 57
kernel_16 23 60
jobs_7 19 104
kernel_6 23 60
servine_2 24 72
kernel_13 24 60
kernel_8 24 61
lovelace_4 24 79
kernel_2 26 63
lovelace_0 26 80
kernel_9 29 66
servine_1 29 75
servine_10 29 75
lovelace_6 29 81
jobs_8 29 105
jobs_2 29 105
jobs_5 29 105
1263