servine_14 1 3
servine_9 2 6
kernel_12 2 5
lovelace_3 2 9
servine_12 6 14
kernel_11 6 10
servine_7 8 27
kernel_10 9 20
lovelace_2 9 53
kernel_4 10 24
kernel_1 10 24
kernel_15 11 30
servine_13 12 50
kernel_3 12 33
kernel_18 13 39
kernel_5 14 43
kernel_17 15 43
kernel_14 15 46
jobs_4 11 100
jobs_3 11 100
kernel_7 17 50
jobs_0 13 102
servine_3 17 65
lovelace_5 18 75
servine_5 18 65
servine_11 19 67
servine_8 19 67
jobs_6 15 103
servine_6 21 70
lovelace_1 19 78
jobs_1 16 104
servine_4 21 70
servine_0 21 70
kernel_0 21 57
kernel_16 23 60
jobs_7 19 104
kernel_6 24 61
servine_2 24 72
kernel_13 24 61
kernel_8 24 61
lovelace_4 24 79
kernel_2 26 64
lovelace_0 26 80
kernel_9 29 66
servine_1 29 75
servine_10 29 76
lovelace_6 29 82
jobs_8 29 105
jobs_2 29 106
jobs_5 29 106
1267