gnu_9 1 2
batata_42 0 4
linus_35 0 3
gnu_14 2 3
batata_12 0 4
darksouls_9 2 2
gnu_21 4 4
flusp_140 4 4
flusp_130 8 8
darksouls_5 8 8
flusp_154 9 9
batata_17 8 11
batata_0 8 11
kernel_20 9 13
gnu_33 12 13
darksouls_29 12 12
guaxinim_109 12 12
linus_29 11 14
kernel_13 12 16
flusp_151 16 16
linus_18 14 16
flusp_131 16 16
gnu_30 19 19
flusp_153 20 20
linus_34 19 20
batata_36 20 21
flusp_143 22 22
kernel_15 22 23
gnu_4 24 24
guaxinim_129 25 25
darksouls_24 26 26
flusp_163 27 27
gnu_15 27 27
kernel_8 26 28
batata_39 27 31
batata_13 27 31
linus_23 29 32
gnu_2 31 32
guaxinim_120 32 32
kernel_9 30 35
gnu_11 32 33
gnu_5 32 33
linus_20 31 34
darksouls_30 34 34
darksouls_15 34 34
linus_36 35 36
linus_15 35 36
flusp_149 38 38
flusp_148 38 38
darksouls_13 38 38
darksouls_11 38 38
kernel_11 37 38
gnu_16 40 41
guaxinim_107 40 41
batata_26 39 49
gnu_19 41 43
kernel_1 39 53
linus_5 39 43
linus_28 40 48
batata_22 40 54
darksouls_8 42 42
linus_4 40 48
linus_3 40 48
gnu_22 43 45
kernel_7 41 61
guaxinim_112 43 45
gnu_27 44 46
guaxinim_124 44 46
flusp_145 44 44
batata_25 44 61
batata_41 45 62
linus_16 45 54
batata_2 45 62
gnu_29 49 51
gnu_28 50 52
kernel_2 49 72
batata_32 50 69
linus_32 51 63
flusp_137 53 53
darksouls_10 53 53
linus_10 51 63
guaxinim_108 53 55
linus_2 52 64
darksouls_22 55 55
kernel_12 53 76
flusp_156 56 56
linus_9 55 68
flusp_159 58 58
batata_23 56 76
batata_11 56 75
linus_13 56 70
kernel_22 57 80
linus_12 57 71
linus_11 59 72
linus_40 59 72
guaxinim_121 61 64
darksouls_18 61 61
guaxinim_116 62 64
flusp_139 64 64
kernel_4 61 83
flusp_132 64 64
darksouls_4 66 66
batata_43 68 85
flusp_150 69 69
batata_8 68 85
guaxinim_110 70 72
darksouls_28 72 72
linus_7 70 81
linus_0 71 83
linus_31 72 84
darksouls_20 74 74
darksouls_6 74 74
guaxinim_128 75 77
linus_33 73 85
kernel_3 73 96
guaxinim_127 77 78
flusp_160 77 77
flusp_142 77 77
linus_6 75 86
gnu_18 80 83
kernel_24 79 100
linus_14 79 91
guaxinim_105 81 83
linus_1 79 90
batata_7 80 98
guaxinim_111 82 84
gnu_0 82 85
flusp_155 84 84
darksouls_25 84 84
batata_16 81 99
kernel_25 83 104
flusp_152 85 85
kernel_5 84 106
batata_4 84 102
guaxinim_131 87 89
gnu_6 87 90
flusp_138 89 89
batata_18 87 105
kernel_14 88 110
guaxinim_130 91 93
batata_27 89 107
gnu_23 91 94
flusp_141 91 91
darksouls_12 91 91
guaxinim_106 91 93
linus_25 90 102
batata_10 90 107
flusp_126 94 94
kernel_18 96 115
kernel_17 96 115
batata_1 98 113
darksouls_16 103 103
gnu_13 103 106
batata_38 102 116
kernel_19 102 118
flusp_127 104 104
flusp_158 105 105
kernel_23 103 119
darksouls_27 105 105
flusp_147 106 106
gnu_7 106 109
flusp_133 107 107
batata_20 107 119
kernel_16 108 121
linus_17 112 119
batata_3 112 121
gnu_31 115 117
darksouls_0 117 117
guaxinim_125 119 120
kernel_21 118 124
flusp_129 120 120
gnu_26 122 123
guaxinim_122 122 122
batata_15 120 125
gnu_8 122 123
guaxinim_123 123 124
guaxinim_117 123 124
darksouls_26 125 125
batata_14 123 126
flusp_146 126 126
gnu_20 128 128
flusp_136 128 128
darksouls_14 128 128
darksouls_17 129 129
guaxinim_115 129 129
flusp_123 129 129
gnu_25 130 130
linus_19 128 129
linus_24 130 131
guaxinim_114 132 132
darksouls_31 133 133
flusp_124 133 133
guaxinim_119 134 134
gnu_10 134 135
guaxinim_113 134 134
batata_34 133 135
linus_42 134 137
linus_27 134 137
gnu_12 136 137
darksouls_3 136 136
kernel_0 134 138
kernel_26 138 141
flusp_125 140 140
batata_19 139 141
flusp_135 142 142
flusp_157 143 143
guaxinim_126 144 144
flusp_144 144 144
darksouls_1 144 144
linus_37 143 143
batata_28 144 145
gnu_3 147 147
batata_35 147 150
batata_30 147 151
flusp_134 149 149
batata_6 148 152
batata_5 149 153
guaxinim_118 152 152
linus_38 152 153
flusp_162 155 155
flusp_161 155 155
batata_40 155 159
gnu_32 157 158
batata_29 155 159
batata_31 156 161
linus_21 156 160
batata_33 158 163
gnu_1 160 161
batata_37 159 163
darksouls_7 161 161
gnu_24 163 164
darksouls_32 164 164
darksouls_23 164 164
flusp_128 164 164
linus_41 163 164
linus_22 165 165
darksouls_2 167 167
batata_21 166 168
linus_30 167 170
kernel_6 167 173
batata_9 167 172
batata_24 169 175
kernel_27 170 178
linus_26 170 175
darksouls_21 174 174
darksouls_19 174 174
gnu_17 174 175
linus_39 173 178
kernel_10 174 179
linus_8 174 178
3306