gnu_27 0 2
gnu_15 0 2
gnu_5 0 2
linus_63 0 85
batata_60 0 140
kernel_48 0 166
batata_31 0 140
batata_28 1 125
batata_24 1 125
linus_24 1 65
batata_2 1 125
linus_4 1 65
batata_70 1 125
kernel_47 1 166
kernel_41 1 154
gnu_23 2 3
gnu_22 2 3
batata_33 1 141
kernel_23 1 154
kernel_15 1 154
gnu_11 2 4
linus_2 1 66
kernel_57 2 167
batata_50 2 141
kernel_51 2 167
linus_27 2 87
batata_4 2 141
kernel_2 2 167
batata_59 4 141
gnu_33 4 9
kernel_40 4 167
linus_45 4 87
gnu_25 4 9
gnu_18 4 9
kernel_29 5 167
kernel_18 5 167
batata_9 5 142
kernel_67 5 167
gnu_29 5 10
gnu_13 5 10
batata_18 5 142
gnu_7 5 10
linus_10 5 88
linus_7 5 88
gnu_1 5 10
linus_1 5 88
kernel_58 5 167
linus_59 5 88
batata_48 5 142
linus_48 5 89
batata_41 5 142
gnu_20 11 24
linus_35 5 89
batata_34 5 142
linus_23 6 89
kernel_5 6 167
gnu_2 6 11
kernel_1 6 167
linus_0 6 89
batata_65 6 143
batata_64 6 143
kernel_46 6 168
linus_41 6 90
kernel_34 6 168
linus_32 6 90
linus_28 6 90
kernel_17 6 168
kernel_16 6 168
kernel_11 6 168
linus_17 6 90
kernel_10 6 168
kernel_69 12 175
kernel_66 12 175
gnu_40 12 26
gnu_39 12 26
gnu_38 12 27
kernel_56 13 175
kernel_54 13 175
linus_21 13 110
batata_5 13 156
batata_1 13 156
linus_38 13 110
batata_36 13 157
linus_29 13 110
kernel_14 13 175
batata_16 13 157
batata_6 13 157
batata_3 13 157
gnu_42 13 28
linus_60 14 111
linus_43 14 111
batata_35 14 157
kernel_35 14 175
kernel_12 14 175
linus_15 14 111
kernel_9 14 175
batata_61 14 157
kernel_49 14 175
gnu_28 14 29
kernel_39 14 175
gnu_21 14 29
kernel_24 14 176
kernel_19 14 176
batata_23 14 158
linus_20 15 112
batata_14 15 158
batata_8 15 158
batata_62 15 158
linus_58 15 112
linus_57 15 113
linus_55 15 113
batata_53 15 158
gnu_31 15 30
linus_47 15 113
batata_40 15 158
batata_39 15 159
batata_38 15 159
linus_31 15 113
kernel_21 15 176
linus_11 16 113
linus_9 16 114
linus_62 16 114
batata_58 16 159
batata_57 16 159
kernel_52 16 176
linus_51 16 114
gnu_32 16 32
kernel_44 16 176
linus_46 16 114
batata_25 16 159
kernel_22 16 176
linus_19 16 115
kernel_0 16 176
linus_54 16 115
gnu_35 17 32
gnu_19 17 33
kernel_33 17 176
kernel_30 17 176
kernel_28 17 176
gnu_10 17 33
batata_17 17 160
linus_16 17 115
batata_0 17 160
batata_55 17 160
batata_47 17 160
linus_40 17 116
kernel_25 17 177
kernel_6 17 177
batata_7 17 160
batata_56 18 161
linus_25 18 116
kernel_20 18 177
gnu_8 18 34
linus_12 18 116
kernel_59 18 177
gnu_36 18 35
linus_39 18 117
kernel_38 18 177
linus_34 18 117
linus_33 18 117
batata_32 18 161
gnu_16 18 35
kernel_7 18 177
kernel_65 18 177
kernel_64 18 177
batata_63 18 161
gnu_41 19 36
kernel_60 19 177
batata_42 19 162
batata_29 19 162
batata_26 19 162
linus_26 19 118
kernel_63 19 177
kernel_55 19 178
kernel_50 19 178
batata_37 19 162
kernel_36 19 178
batata_20 19 162
batata_10 19 162
kernel_68 19 178
batata_68 19 163
batata_66 19 163
linus_56 19 119
batata_44 20 163
kernel_45 20 178
gnu_30 20 37
linus_42 20 119
batata_15 20 163
gnu_6 20 38
kernel_3 20 178
linus_5 20 120
batata_54 20 163
batata_52 20 163
gnu_34 38 59
kernel_37 20 178
kernel_31 20 178
gnu_14 38 59
batata_21 20 164
linus_18 20 120
gnu_9 39 59
kernel_62 39 180
linus_53 39 136
gnu_24 39 60
linus_30 39 136
linus_22 39 136
gnu_4 39 60
gnu_0 39 60
batata_43 39 172
batata_11 39 172
kernel_8 39 180
batata_49 40 172
kernel_27 40 180
batata_12 40 173
batata_71 40 173
gnu_43 40 61
batata_69 40 173
linus_49 40 137
gnu_17 40 61
batata_30 40 173
batata_19 40 173
gnu_3 40 62
kernel_61 40 180
batata_46 40 173
batata_22 41 173
linus_8 41 138
kernel_53 41 180
batata_51 41 173
linus_50 41 138
batata_45 41 174
kernel_42 41 180
gnu_26 41 63
kernel_32 41 180
kernel_13 41 180
batata_13 41 174
linus_61 41 139
gnu_37 42 63
batata_27 42 174
kernel_26 42 180
linus_13 42 139
linus_3 42 139
batata_67 42 174
linus_52 42 139
kernel_43 42 180
linus_44 42 139
linus_36 42 140
gnu_12 42 64
linus_6 42 140
linus_37 42 140
linus_14 43 140
kernel_4 43 181
1921