gnu_27 0 1
gnu_15 0 1
gnu_5 0 1
linus_63 0 55
batata_60 0 116
kernel_48 0 160
batata_31 0 116
batata_28 0 133
batata_24 0 133
linus_24 0 55
batata_2 0 116
linus_4 0 76
batata_70 1 133
kernel_47 1 160
kernel_41 1 160
gnu_23 3 5
gnu_22 3 5
batata_33 1 134
kernel_23 1 160
kernel_15 1 160
gnu_11 2 3
linus_2 1 56
kernel_57 2 161
batata_50 2 134
kernel_51 2 161
linus_27 2 77
batata_4 2 134
kernel_2 2 161
batata_59 3 148
gnu_33 6 14
kernel_40 3 171
linus_45 3 78
gnu_25 6 14
gnu_18 6 14
kernel_29 3 171
kernel_18 3 171
batata_9 3 135
kernel_67 4 171
gnu_29 7 15
gnu_13 7 15
batata_18 4 148
gnu_7 7 15
linus_10 4 78
linus_7 4 78
gnu_1 7 15
linus_1 4 78
kernel_58 7 171
linus_59 7 98
batata_48 7 148
linus_48 7 98
batata_41 7 148
gnu_20 7 16
linus_35 7 99
batata_34 8 149
linus_23 8 99
kernel_5 8 171
gnu_2 8 16
kernel_1 8 172
linus_0 8 99
batata_65 8 149
batata_64 8 149
kernel_46 8 172
linus_41 8 100
kernel_34 8 172
linus_32 8 100
linus_28 8 100
kernel_17 8 172
kernel_16 8 172
kernel_11 8 172
linus_17 9 100
kernel_10 9 172
kernel_69 9 172
kernel_66 9 172
gnu_40 9 18
gnu_39 9 18
gnu_38 9 18
kernel_56 9 172
kernel_54 9 173
linus_21 9 101
batata_5 9 150
batata_1 9 150
linus_38 9 101
batata_36 9 150
linus_29 9 101
kernel_14 9 173
batata_16 9 150
batata_6 10 151
batata_3 10 151
gnu_42 10 20
linus_60 10 102
linus_43 10 102
batata_35 10 151
kernel_35 10 173
kernel_12 10 173
linus_15 10 102
kernel_9 10 173
batata_61 10 151
kernel_49 10 173
gnu_28 20 40
kernel_39 10 173
gnu_21 21 40
kernel_24 10 173
kernel_19 10 173
batata_23 10 152
linus_20 10 103
batata_14 10 152
batata_8 11 152
batata_62 11 152
linus_58 11 104
linus_57 11 104
linus_55 11 104
batata_53 11 152
gnu_31 22 41
linus_47 11 104
batata_40 11 152
batata_39 11 152
batata_38 11 152
linus_31 11 104
kernel_21 11 173
linus_11 11 105
linus_9 11 105
linus_62 22 122
batata_58 23 163
batata_57 23 164
kernel_52 23 177
linus_51 23 123
gnu_32 23 43
kernel_44 23 177
linus_46 23 123
batata_25 23 164
kernel_22 23 177
linus_19 23 123
kernel_0 23 177
linus_54 23 123
gnu_35 24 43
gnu_19 24 44
kernel_33 24 178
kernel_30 24 178
kernel_28 24 178
gnu_10 24 44
batata_17 24 164
linus_16 24 124
batata_0 24 165
batata_55 24 165
batata_47 24 165
linus_40 24 124
kernel_25 25 178
kernel_6 25 178
batata_7 25 165
batata_56 25 165
linus_25 25 125
kernel_20 25 178
gnu_8 25 45
linus_12 25 125
kernel_59 25 178
gnu_36 25 46
linus_39 25 125
kernel_38 25 178
linus_34 25 125
linus_33 26 125
batata_32 26 166
gnu_16 26 46
kernel_7 26 178
kernel_65 26 178
kernel_64 26 179
batata_63 26 166
gnu_41 26 47
kernel_60 26 179
batata_42 26 166
batata_29 26 166
batata_26 26 166
linus_26 26 126
kernel_63 27 179
kernel_55 27 179
kernel_50 27 179
batata_37 27 167
kernel_36 27 179
batata_20 27 167
batata_10 27 167
kernel_68 27 179
batata_68 27 167
batata_66 27 167
linus_56 27 128
batata_44 27 167
kernel_45 27 179
gnu_30 27 49
linus_42 28 128
batata_15 28 168
gnu_6 28 49
kernel_3 28 179
linus_5 28 128
batata_54 28 168
batata_52 28 168
gnu_34 28 49
kernel_37 28 179
kernel_31 28 180
gnu_14 28 50
batata_21 28 168
linus_18 28 129
gnu_9 28 50
kernel_62 29 180
linus_53 29 129
gnu_24 29 50
linus_30 29 129
linus_22 29 129
gnu_4 29 51
gnu_0 29 51
batata_43 29 168
batata_11 29 169
kernel_8 29 180
batata_49 29 169
kernel_27 29 180
batata_12 29 169
batata_71 29 169
gnu_43 30 51
batata_69 30 169
linus_49 30 130
gnu_17 30 52
batata_30 30 169
batata_19 30 169
gnu_3 30 52
kernel_61 30 180
batata_46 30 170
batata_22 30 170
linus_8 30 131
kernel_53 30 180
batata_51 30 170
linus_50 30 131
batata_45 30 170
kernel_42 30 180
gnu_26 31 53
kernel_32 31 180
kernel_13 31 180
batata_13 31 170
linus_61 31 132
gnu_37 31 53
batata_27 31 170
kernel_26 31 180
linus_13 31 132
linus_3 31 132
batata_67 31 171
linus_52 31 132
kernel_43 31 181
linus_44 31 132
linus_36 31 132
gnu_12 32 54
linus_6 32 133
linus_37 32 133
linus_14 32 133
kernel_4 32 181
1964