gnu_27 0 2
gnu_15 0 2
gnu_5 0 2
linus_63 0 61
batata_60 0 137
kernel_48 0 164
batata_31 0 137
batata_28 0 137
batata_24 0 121
linus_24 0 82
batata_2 0 121
linus_4 0 61
batata_70 1 121
kernel_47 1 151
kernel_41 1 164
gnu_23 3 6
gnu_22 3 6
batata_33 1 138
kernel_23 1 151
kernel_15 1 164
gnu_11 2 3
linus_2 1 62
kernel_57 2 164
batata_50 2 138
kernel_51 2 164
linus_27 2 83
batata_4 2 138
kernel_2 2 164
batata_59 4 138
gnu_33 4 8
kernel_40 4 164
linus_45 4 83
gnu_25 4 8
gnu_18 4 8
kernel_29 4 164
kernel_18 4 164
batata_9 4 139
kernel_67 4 164
gnu_29 8 19
gnu_13 8 19
batata_18 4 139
gnu_7 8 19
linus_10 4 84
linus_7 4 84
gnu_1 9 20
linus_1 4 84
kernel_58 5 165
linus_59 5 84
batata_48 5 139
linus_48 5 85
batata_41 5 139
gnu_20 9 20
linus_35 5 85
batata_34 5 139
linus_23 5 85
kernel_5 5 165
gnu_2 10 21
kernel_1 5 165
linus_0 5 85
batata_65 10 152
batata_64 10 152
kernel_46 10 173
linus_41 10 105
kernel_34 10 173
linus_32 10 105
linus_28 10 105
kernel_17 10 173
kernel_16 10 174
kernel_11 10 174
linus_17 10 106
kernel_10 11 174
kernel_69 11 174
kernel_66 11 174
gnu_40 11 23
gnu_39 11 23
gnu_38 11 23
kernel_56 11 174
kernel_54 11 174
linus_21 11 106
batata_5 11 154
batata_1 11 154
linus_38 11 106
batata_36 11 154
linus_29 11 107
kernel_14 11 174
batata_16 12 154
batata_6 12 154
batata_3 12 154
gnu_42 12 24
linus_60 12 107
linus_43 12 107
batata_35 12 154
kernel_35 12 174
kernel_12 12 174
linus_15 12 108
kernel_9 12 175
batata_61 12 155
kernel_49 12 175
gnu_28 12 25
kernel_39 12 175
gnu_21 13 25
kernel_24 13 175
kernel_19 13 175
batata_23 13 155
linus_20 13 108
batata_14 13 155
batata_8 13 155
batata_62 13 155
linus_58 13 109
linus_57 13 109
linus_55 13 109
batata_53 13 156
gnu_31 13 27
linus_47 13 109
batata_40 13 156
batata_39 13 156
batata_38 13 156
linus_31 14 110
kernel_21 14 175
linus_11 14 110
linus_9 14 110
linus_62 14 110
batata_58 14 156
batata_57 14 156
kernel_52 14 175
linus_51 14 110
gnu_32 14 28
kernel_44 14 175
linus_46 14 111
batata_25 14 156
kernel_22 14 175
linus_19 14 111
kernel_0 14 175
linus_54 15 111
gnu_35 15 29
gnu_19 15 29
kernel_33 15 176
kernel_30 15 176
kernel_28 15 176
gnu_10 15 29
batata_17 15 157
linus_16 15 112
batata_0 15 157
batata_55 15 157
batata_47 15 157
linus_40 15 112
kernel_25 15 176
kernel_6 15 176
batata_7 15 158
batata_56 15 158
linus_25 16 113
kernel_20 16 176
gnu_8 16 30
linus_12 16 113
kernel_59 16 176
gnu_36 31 51
linus_39 16 113
kernel_38 16 176
linus_34 16 113
linus_33 16 113
batata_32 16 158
gnu_16 31 52
kernel_7 16 176
kernel_65 31 179
kernel_64 31 179
batata_63 32 168
gnu_41 32 52
kernel_60 32 179
batata_42 32 168
batata_29 32 169
batata_26 32 169
linus_26 32 130
kernel_63 32 179
kernel_55 32 179
kernel_50 32 179
batata_37 32 169
kernel_36 32 179
batata_20 33 169
batata_10 33 169
kernel_68 33 179
batata_68 33 170
batata_66 33 170
linus_56 33 132
batata_44 33 170
kernel_45 33 180
gnu_30 33 54
linus_42 33 132
batata_15 33 170
gnu_6 33 54
kernel_3 34 180
linus_5 34 132
batata_54 34 170
batata_52 34 170
gnu_34 34 55
kernel_37 34 180
kernel_31 34 180
gnu_14 34 55
batata_21 34 171
linus_18 34 133
gnu_9 34 55
kernel_62 34 180
linus_53 35 133
gnu_24 35 56
linus_30 35 133
linus_22 35 133
gnu_4 35 56
gnu_0 35 56
batata_43 35 171
batata_11 35 171
kernel_8 35 180
batata_49 35 171
kernel_27 35 180
batata_12 35 171
batata_71 35 171
gnu_43 36 57
batata_69 36 171
linus_49 36 134
gnu_17 36 57
batata_30 36 172
batata_19 36 172
gnu_3 36 58
kernel_61 36 180
batata_46 36 172
batata_22 36 172
linus_8 36 135
kernel_53 36 180
batata_51 36 172
linus_50 37 135
batata_45 37 172
kernel_42 37 180
gnu_26 37 59
kernel_32 37 181
kernel_13 37 181
batata_13 37 173
linus_61 37 136
gnu_37 37 59
batata_27 37 173
kernel_26 37 181
linus_13 37 136
linus_3 37 136
batata_67 37 173
linus_52 38 136
kernel_43 38 181
linus_44 38 136
linus_36 38 136
gnu_12 38 60
linus_6 38 137
linus_37 38 137
linus_14 38 137
kernel_4 38 181
1947