gnu_27 0 2
gnu_15 0 2
gnu_5 0 3
linus_63 0 86
batata_60 0 125
kernel_48 0 155
batata_31 0 141
batata_28 0 126
batata_24 0 126
linus_24 0 66
batata_2 0 126
linus_4 0 67
batata_70 1 126
kernel_47 1 155
kernel_41 1 155
gnu_23 2 3
gnu_22 2 4
batata_33 1 126
kernel_23 1 155
kernel_15 1 155
gnu_11 2 4
linus_2 1 67
kernel_57 2 167
batata_50 2 142
kernel_51 2 167
linus_27 2 88
batata_4 2 142
kernel_2 2 167
batata_59 4 142
gnu_33 4 9
kernel_40 4 167
linus_45 4 89
gnu_25 4 10
gnu_18 5 10
kernel_29 5 167
kernel_18 5 167
batata_9 5 142
kernel_67 5 167
gnu_29 5 10
gnu_13 5 10
batata_18 5 143
gnu_7 5 10
linus_10 5 89
linus_7 5 89
gnu_1 5 11
linus_1 5 89
kernel_58 5 168
linus_59 5 90
batata_48 5 143
linus_48 5 90
batata_41 5 143
gnu_20 6 11
linus_35 6 90
batata_34 6 143
linus_23 6 90
kernel_5 6 168
gnu_2 6 12
kernel_1 6 168
linus_0 6 90
batata_65 6 143
batata_64 6 143
kernel_46 6 168
linus_41 6 91
kernel_34 6 168
linus_32 6 91
linus_28 6 91
kernel_17 6 168
kernel_16 6 168
kernel_11 6 168
linus_17 6 92
kernel_10 6 168
kernel_69 7 168
kernel_66 7 169
gnu_40 13 28
gnu_39 13 28
gnu_38 13 28
kernel_56 7 169
kernel_54 7 169
linus_21 7 92
batata_5 7 145
batata_1 7 145
linus_38 14 111
batata_36 14 157
linus_29 14 111
kernel_14 14 175
batata_16 14 157
batata_6 14 157
batata_3 14 157
gnu_42 14 29
linus_60 14 112
linus_43 14 112
batata_35 14 158
kernel_35 14 175
kernel_12 15 175
linus_15 15 112
kernel_9 15 175
batata_61 15 158
kernel_49 15 175
gnu_28 15 30
kernel_39 15 175
gnu_21 15 31
kernel_24 15 175
kernel_19 15 175
batata_23 15 158
linus_20 15 113
batata_14 15 159
batata_8 15 159
batata_62 16 159
linus_58 16 114
linus_57 16 114
linus_55 16 114
batata_53 16 159
gnu_31 16 32
linus_47 16 114
batata_40 16 159
batata_39 16 159
batata_38 16 159
linus_31 16 114
kernel_21 16 175
linus_11 16 115
linus_9 16 115
linus_62 16 115
batata_58 17 159
batata_57 17 159
kernel_52 17 176
linus_51 17 115
gnu_32 17 33
kernel_44 17 176
linus_46 17 115
batata_25 17 160
kernel_22 17 176
linus_19 17 116
kernel_0 17 176
linus_54 17 116
gnu_35 17 34
gnu_19 17 34
kernel_33 18 176
kernel_30 18 176
kernel_28 18 176
gnu_10 18 35
batata_17 18 160
linus_16 18 116
batata_0 18 160
batata_55 18 161
batata_47 18 161
linus_40 18 117
kernel_25 18 176
kernel_6 18 176
batata_7 18 161
batata_56 18 161
linus_25 18 117
kernel_20 18 176
gnu_8 19 36
linus_12 19 117
kernel_59 19 177
gnu_36 19 36
linus_39 19 118
kernel_38 19 177
linus_34 19 118
linus_33 19 118
batata_32 19 161
gnu_16 19 37
kernel_7 19 177
kernel_65 19 177
kernel_64 19 177
batata_63 19 162
gnu_41 19 37
kernel_60 19 177
batata_42 20 162
batata_29 20 162
batata_26 20 162
linus_26 20 119
kernel_63 20 177
kernel_55 20 177
kernel_50 20 177
batata_37 20 163
kernel_36 20 177
batata_20 20 163
batata_10 20 163
kernel_68 20 178
batata_68 20 163
batata_66 20 163
linus_56 20 120
batata_44 20 163
kernel_45 21 178
gnu_30 21 39
linus_42 21 120
batata_15 21 164
gnu_6 21 39
kernel_3 21 178
linus_5 21 121
batata_54 21 164
batata_52 21 164
gnu_34 21 40
kernel_37 21 178
kernel_31 21 178
gnu_14 21 40
batata_21 21 164
linus_18 21 121
gnu_9 21 40
kernel_62 21 178
linus_53 22 121
gnu_24 22 41
linus_30 22 122
linus_22 22 122
gnu_4 22 41
gnu_0 22 41
batata_43 22 164
batata_11 22 164
kernel_8 22 178
batata_49 41 172
kernel_27 41 179
batata_12 41 173
batata_71 42 173
gnu_43 42 62
batata_69 42 173
linus_49 42 138
gnu_17 42 63
batata_30 42 173
batata_19 42 173
gnu_3 42 63
kernel_61 42 179
batata_46 42 173
batata_22 42 173
linus_8 42 139
kernel_53 43 179
batata_51 43 174
linus_50 43 139
batata_45 43 174
kernel_42 43 179
gnu_26 43 64
kernel_32 43 180
kernel_13 43 180
batata_13 43 174
linus_61 43 140
gnu_37 43 64
batata_27 43 174
kernel_26 44 180
linus_13 44 140
linus_3 44 140
batata_67 44 174
linus_52 44 140
kernel_43 44 180
linus_44 44 140
linus_36 44 140
gnu_12 44 65
linus_6 44 141
linus_37 44 141
linus_14 44 141
kernel_4 44 180
1929