darksouls_135 0 0
guaxinim_132 0 3
flusp_105 0 1
guaxinim_126 0 3
darksouls_123 0 0
flusp_96 0 1
guaxinim_121 0 3
flusp_90 0 1
gnu_81 0 10
guaxinim_102 0 3
flusp_76 0 1
darksouls_86 0 0
gnu_52 0 10
guaxinim_85 0 3
darksouls_75 0 0
darksouls_72 0 0
guaxinim_64 0 3
flusp_34 0 1
flusp_33 0 1
guaxinim_56 1 3
darksouls_47 1 1
gnu_29 1 10
guaxinim_28 1 3
darksouls_23 1 1
darksouls_19 1 1
gnu_98 1 10
darksouls_129 1 1
guaxinim_125 1 3
darksouls_121 1 1
gnu_79 1 10
darksouls_113 1 1
flusp_77 1 1
gnu_70 1 10
flusp_67 1 1
guaxinim_94 1 4
flusp_62 1 1
darksouls_73 1 1
flusp_44 1 1
guaxinim_69 1 4
darksouls_62 1 1
guaxinim_52 1 4
flusp_20 1 1
flusp_14 1 1
guaxinim_18 1 4
guaxinim_17 1 4
guaxinim_9 1 4
guaxinim_3 1 4
guaxinim_136 2 5
guaxinim_116 2 6
gnu_78 2 14
flusp_68 2 2
darksouls_101 2 2
gnu_60 2 14
guaxinim_78 2 6
gnu_44 2 14
darksouls_60 2 2
gnu_36 2 14
guaxinim_39 2 6
gnu_25 2 12
gnu_18 2 14
guaxinim_24 2 6
gnu_8 2 14
gnu_103 3 17
guaxinim_141 3 7
guaxinim_137 3 7
darksouls_134 3 3
darksouls_120 3 3
guaxinim_122 3 7
gnu_80 3 17
guaxinim_104 3 7
gnu_61 3 17
gnu_59 3 17
darksouls_97 3 3
darksouls_94 3 3
flusp_48 3 3
flusp_43 3 3
gnu_40 3 17
darksouls_65 3 3
flusp_36 3 3
darksouls_43 3 3
guaxinim_31 3 7
gnu_21 3 17
darksouls_21 3 3
guaxinim_15 3 7
flusp_9 3 3
gnu_6 3 17
gnu_100 4 20
darksouls_131 4 4
gnu_84 4 20
darksouls_111 4 4
flusp_82 4 4
darksouls_106 4 4
guaxinim_96 4 9
flusp_65 4 4
flusp_53 4 4
darksouls_48 4 4
gnu_7 4 20
guaxinim_12 4 9
flusp_7 4 4
guaxinim_8 4 9
darksouls_4 4 4
flusp_0 4 4
darksouls_124 5 5
darksouls_114 5 5
gnu_72 5 23
guaxinim_91 5 10
flusp_64 5 5
flusp_61 5 5
guaxinim_84 5 10
darksouls_83 5 5
gnu_45 5 23
darksouls_66 5 5
guaxinim_45 5 10
gnu_27 5 23
flusp_21 5 5
darksouls_36 5 5
flusp_8 5 5
flusp_6 5 5
guaxinim_7 5 10
darksouls_7 5 5
darksouls_6 5 5
flusp_109 6 6
flusp_102 6 6
guaxinim_127 6 12
guaxinim_107 6 12
flusp_84 6 6
darksouls_105 6 6
darksouls_89 6 6
guaxinim_76 6 12
darksouls_61 6 6
darksouls_40 6 6
gnu_26 6 26
guaxinim_27 6 12
flusp_18 6 6
guaxinim_26 6 12
darksouls_11 6 6
gnu_99 7 29
flusp_103 7 7
darksouls_125 7 7
flusp_93 7 7
guaxinim_109 7 15
gnu_77 7 29
flusp_87 7 7
flusp_79 7 7
flusp_74 7 7
flusp_70 7 7
flusp_69 7 7
guaxinim_86 7 15
guaxinim_83 8 15
guaxinim_77 8 15
darksouls_68 8 8
guaxinim_61 8 15
flusp_32 8 8
flusp_31 8 8
guaxinim_54 8 15
darksouls_49 8 8
guaxinim_40 8 15
guaxinim_36 8 15
guaxinim_32 8 15
flusp_17 8 8
flusp_16 8 8
flusp_13 8 8
darksouls_20 8 8
guaxinim_134 8 15
gnu_93 8 29
guaxinim_130 8 15
darksouls_126 8 8
flusp_101 8 8
flusp_100 8 8
flusp_98 8 8
gnu_82 8 29
darksouls_95 8 8
darksouls_87 8 8
flusp_54 8 8
guaxinim_72 8 15
darksouls_70 8 8
flusp_41 8 8
darksouls_51 8 8
guaxinim_49 8 15
darksouls_38 8 8
gnu_17 8 29
gnu_16 8 29
flusp_4 8 8
gnu_2 8 29
guaxinim_140 9 17
guaxinim_138 9 17
gnu_86 9 31
darksouls_119 9 9
darksouls_116 9 9
guaxinim_114 9 17
guaxinim_111 9 17
guaxinim_95 9 17
gnu_53 9 29
flusp_58 9 9
gnu_37 9 31
flusp_28 9 9
flusp_23 9 10
guaxinim_42 10 17
gnu_24 10 31
guaxinim_25 10 18
gnu_11 10 31
darksouls_15 10 10
gnu_4 10 31
guaxinim_5 10 18
gnu_0 10 31
gnu_76 10 31
darksouls_110 10 10
guaxinim_103 10 18
gnu_71 10 31
flusp_75 10 10
darksouls_92 10 10
guaxinim_80 10 18
darksouls_69 10 10
darksouls_46 10 10
guaxinim_47 10 18
darksouls_28 10 10
guaxinim_13 10 18
guaxinim_0 10 18
gnu_89 11 33
guaxinim_123 11 20
flusp_97 11 11
flusp_80 11 11
guaxinim_89 11 20
flusp_55 11 11
darksouls_79 11 11
flusp_45 11 11
gnu_42 11 33
darksouls_67 11 11
gnu_33 11 33
gnu_23 11 33
darksouls_30 12 12
darksouls_132 12 12
flusp_94 12 12
flusp_91 12 12
darksouls_109 12 12
darksouls_107 12 12
gnu_68 12 33
gnu_66 12 33
darksouls_100 12 12
darksouls_93 12 12
gnu_51 12 33
gnu_48 12 33
gnu_39 12 33
darksouls_58 12 12
flusp_29 12 12
gnu_31 12 33
gnu_19 12 33
flusp_12 12 12
darksouls_18 12 12
gnu_102 13 34
flusp_111 13 13
gnu_90 13 34
flusp_95 13 16
guaxinim_115 13 24
guaxinim_110 13 24
darksouls_112 13 14
guaxinim_101 14 24
gnu_58 14 34
flusp_56 14 14
gnu_41 14 34
guaxinim_66 14 24
darksouls_63 14 14
guaxinim_55 14 24
guaxinim_48 14 24
guaxinim_44 14 24
guaxinim_43 14 24
guaxinim_38 14 24
flusp_19 14 14
darksouls_27 14 14
guaxinim_21 14 24
flusp_15 14 14
guaxinim_14 14 24
darksouls_13 14 14
flusp_3 14 14
guaxinim_2 14 24
darksouls_2 14 14
gnu_88 14 33
gnu_69 14 34
gnu_64 14 34
darksouls_81 14 14
darksouls_78 14 14
guaxinim_75 14 24
flusp_39 14 14
darksouls_53 14 14
guaxinim_53 14 24
flusp_27 14 14
gnu_28 14 34
flusp_22 14 14
darksouls_37 14 14
darksouls_31 14 14
gnu_13 14 33
darksouls_24 14 14
flusp_10 14 14
gnu_5 14 34
darksouls_8 14 14
darksouls_3 14 14
gnu_96 16 34
flusp_88 16 16
guaxinim_108 16 27
flusp_83 16 16
gnu_73 16 34
gnu_63 16 35
flusp_66 16 16
flusp_51 16 16
gnu_32 16 35
flusp_26 16 16
flusp_25 16 16
darksouls_45 16 16
guaxinim_41 16 27
guaxinim_33 16 27
gnu_12 16 35
guaxinim_10 16 27
flusp_1 16 16
gnu_92 16 35
darksouls_130 16 16
gnu_87 16 35
gnu_85 16 35
guaxinim_99 16 27
guaxinim_97 16 27
darksouls_96 16 16
darksouls_90 16 16
flusp_63 16 16
darksouls_82 16 16
guaxinim_81 16 27
darksouls_74 16 16
guaxinim_74 16 27
flusp_42 16 17
gnu_38 17 34
guaxinim_58 17 27
flusp_30 17 17
darksouls_39 17 17
guaxinim_46 17 27
darksouls_33 17 17
gnu_10 17 35
gnu_9 17 35
gnu_3 17 35
flusp_5 17 17
gnu_1 17 35
guaxinim_1 17 28
flusp_112 17 17
darksouls_137 17 17
gnu_97 17 35
darksouls_136 17 17
darksouls_133 17 17
flusp_108 17 17
flusp_78 17 17
flusp_72 17 17
darksouls_98 17 17
gnu_56 17 35
darksouls_88 17 17
flusp_59 17 17
flusp_57 17 17
gnu_47 17 35
flusp_40 17 17
gnu_34 17 34
darksouls_54 17 17
guaxinim_30 17 28
darksouls_12 17 17
guaxinim_6 17 28
darksouls_10 17 17
darksouls_140 19 19
darksouls_138 19 19
guaxinim_131 19 30
guaxinim_129 19 30
guaxinim_128 19 30
flusp_99 19 19
guaxinim_124 19 30
guaxinim_118 19 30
darksouls_117 19 19
guaxinim_98 19 30
gnu_67 19 35
gnu_55 19 35
darksouls_76 19 19
guaxinim_73 19 30
flusp_38 19 19
guaxinim_65 19 30
guaxinim_63 19 30
guaxinim_57 19 30
flusp_2 19 19
flusp_106 19 19
darksouls_118 19 19
guaxinim_119 19 30
flusp_89 19 19
darksouls_115 19 19
guaxinim_113 19 30
guaxinim_100 19 30
darksouls_99 20 20
gnu_57 20 35
flusp_46 20 22
darksouls_64 20 20
darksouls_59 20 20
darksouls_50 20 20
guaxinim_50 20 30
gnu_22 20 35
gnu_20 20 35
darksouls_1 20 20
gnu_94 20 35
flusp_107 20 20
darksouls_102 20 20
guaxinim_92 20 30
flusp_52 20 20
flusp_49 20 20
guaxinim_71 20 30
flusp_35 20 20
darksouls_57 20 20
guaxinim_59 20 30
darksouls_42 20 20
darksouls_41 20 20
guaxinim_20 20 30
guaxinim_11 20 30
darksouls_16 20 20
darksouls_14 20 20
guaxinim_4 20 30
guaxinim_133 22 32
darksouls_128 22 22
flusp_92 22 25
guaxinim_117 22 32
guaxinim_112 22 32
darksouls_108 22 22
darksouls_103 22 22
flusp_73 22 22
gnu_54 22 35
guaxinim_82 22 32
gnu_43 22 35
guaxinim_67 22 32
gnu_35 22 35
guaxinim_60 22 32
darksouls_55 22 22
guaxinim_51 22 32
guaxinim_34 22 32
guaxinim_29 22 32
darksouls_29 23 23
gnu_14 23 35
darksouls_17 23 23
gnu_101 23 35
gnu_95 23 35
flusp_110 23 23
flusp_104 23 23
gnu_83 23 35
flusp_85 23 23
gnu_74 23 35
gnu_65 23 35
flusp_71 23 23
gnu_62 23 35
guaxinim_90 23 32
flusp_60 23 23
darksouls_84 23 23
darksouls_77 23 23
flusp_47 23 23
darksouls_71 23 23
flusp_37 23 23
darksouls_44 23 23
flusp_24 23 23
gnu_30 23 36
guaxinim_37 23 32
guaxinim_16 23 33
darksouls_122 23 23
guaxinim_120 23 33
guaxinim_106 23 33
guaxinim_105 23 33
flusp_81 23 23
guaxinim_93 23 33
guaxinim_88 23 33
darksouls_85 23 23
gnu_50 23 36
gnu_49 23 36
darksouls_80 23 23
guaxinim_62 23 33
darksouls_56 23 23
darksouls_52 23 23
darksouls_35 23 23
darksouls_34 23 23
gnu_15 23 36
flusp_11 23 23
darksouls_22 23 23
darksouls_9 23 23
darksouls_0 23 23
darksouls_139 26 26
guaxinim_139 26 34
guaxinim_135 26 34
gnu_91 26 36
darksouls_127 26 26
flusp_86 26 26
gnu_75 26 36
darksouls_104 26 26
darksouls_91 26 26
guaxinim_87 26 34
guaxinim_79 26 34
flusp_50 26 26
gnu_46 26 36
guaxinim_70 26 34
guaxinim_68 26 34
guaxinim_35 26 34
darksouls_32 26 26
guaxinim_23 26 34
darksouls_26 26 26
guaxinim_22 26 34
darksouls_25 26 26
guaxinim_19 26 34
darksouls_5 26 26
1983