darksouls_116 0 0
flusp_103 0 0
darksouls_115 0 0
guaxinim_74 0 0
flusp_81 0 0
darksouls_80 0 0
gnu_78 0 1
darksouls_60 0 0
gnu_40 0 1
gnu_39 0 2
darksouls_33 0 0
gnu_32 0 1
darksouls_26 0 0
gnu_13 0 1
guaxinim_9 0 0
gnu_1 0 2
guaxinim_113 1 1
guaxinim_106 1 2
guaxinim_99 1 2
darksouls_111 1 1
flusp_97 1 1
darksouls_102 1 1
gnu_102 1 3
darksouls_101 1 1
darksouls_81 1 1
gnu_82 1 4
guaxinim_68 1 2
flusp_65 1 1
flusp_62 1 1
gnu_57 1 3
guaxinim_61 1 2
gnu_43 1 4
darksouls_36 1 1
guaxinim_31 1 2
darksouls_4 1 1
guaxinim_2 1 2
gnu_113 2 4
flusp_93 2 2
darksouls_99 2 2
gnu_98 2 4
guaxinim_71 2 3
gnu_80 2 5
guaxinim_67 2 4
flusp_59 2 2
flusp_55 2 2
gnu_47 2 4
gnu_41 2 6
guaxinim_39 2 4
gnu_25 2 7
flusp_9 2 2
gnu_135 3 7
darksouls_128 3 3
gnu_123 3 6
gnu_117 3 8
gnu_111 3 9
darksouls_107 3 3
gnu_108 3 6
darksouls_100 3 3
gnu_44 3 7
gnu_29 3 6
darksouls_21 3 3
gnu_18 3 7
darksouls_11 3 3
guaxinim_23 3 4
darksouls_6 3 3
flusp_14 3 3
guaxinim_12 3 4
flusp_110 4 4
flusp_96 4 4
gnu_104 4 8
gnu_96 4 10
darksouls_40 4 4
flusp_33 4 4
guaxinim_27 4 5
gnu_118 5 10
darksouls_88 5 5
flusp_79 5 5
gnu_73 5 10
darksouls_74 5 5
darksouls_69 5 5
gnu_63 5 10
darksouls_62 5 5
darksouls_52 5 5
darksouls_49 5 5
guaxinim_50 5 6
gnu_30 5 13
guaxinim_36 5 6
gnu_21 5 13
gnu_20 5 13
gnu_12 5 13
guaxinim_6 5 7
darksouls_1 5 5
darksouls_0 5 5
darksouls_129 6 6
gnu_129 6 11
gnu_125 6 13
darksouls_117 6 6
flusp_100 6 6
flusp_99 6 6
darksouls_97 6 6
flusp_83 6 6
gnu_81 6 11
gnu_77 6 13
darksouls_61 6 6
darksouls_59 6 6
gnu_51 6 12
guaxinim_45 6 8
flusp_35 6 6
gnu_33 6 12
flusp_32 6 6
gnu_26 6 14
guaxinim_32 6 8
guaxinim_19 6 9
guaxinim_3 6 8
darksouls_130 7 7
guaxinim_108 7 9
guaxinim_103 7 9
flusp_98 7 7
guaxinim_92 7 9
darksouls_104 7 7
gnu_92 7 14
gnu_60 7 14
guaxinim_51 7 10
flusp_47 7 7
flusp_38 7 7
gnu_36 7 13
darksouls_31 7 7
guaxinim_41 7 9
darksouls_23 7 7
guaxinim_20 7 9
guaxinim_8 7 10
flusp_6 7 7
darksouls_113 8 8
gnu_112 8 14
guaxinim_78 8 11
gnu_91 8 16
darksouls_85 8 8
flusp_73 8 8
flusp_71 8 8
flusp_70 8 8
gnu_67 8 16
darksouls_53 8 8
darksouls_48 8 8
flusp_49 8 8
flusp_36 8 8
darksouls_13 8 8
darksouls_7 8 8
guaxinim_22 8 10
flusp_3 8 8
gnu_120 9 17
darksouls_112 9 9
guaxinim_83 9 11
darksouls_98 9 9
gnu_84 9 16
darksouls_67 9 9
darksouls_37 9 9
darksouls_25 9 9
darksouls_20 9 9
flusp_20 9 9
gnu_8 9 16
gnu_5 9 19
darksouls_132 10 10
gnu_121 10 17
guaxinim_87 10 13
darksouls_82 10 10
flusp_77 10 10
darksouls_76 10 10
gnu_70 10 17
gnu_66 10 21
gnu_65 10 17
darksouls_65 10 10
guaxinim_64 10 12
darksouls_41 10 10
flusp_45 10 10
gnu_42 10 17
darksouls_35 10 10
gnu_35 10 17
guaxinim_33 10 13
guaxinim_24 10 13
flusp_8 10 10
darksouls_2 10 10
guaxinim_0 10 12
gnu_132 11 22
gnu_131 11 24
flusp_107 11 11
guaxinim_102 11 13
darksouls_123 11 11
flusp_84 11 11
gnu_93 11 18
gnu_90 11 23
gnu_89 11 23
guaxinim_69 11 15
flusp_60 11 11
gnu_61 11 23
gnu_55 11 23
flusp_54 11 11
darksouls_57 11 11
gnu_50 11 19
darksouls_27 11 11
flusp_17 11 11
flusp_13 11 11
guaxinim_17 11 14
guaxinim_11 11 15
guaxinim_10 11 14
darksouls_134 12 12
darksouls_131 12 12
guaxinim_110 12 15
gnu_107 12 23
guaxinim_85 12 18
gnu_100 12 21
darksouls_96 12 12
guaxinim_76 12 15
darksouls_84 12 12
gnu_75 12 21
darksouls_66 12 12
darksouls_64 12 13
guaxinim_59 13 15
darksouls_51 13 13
flusp_42 13 13
flusp_37 13 13
guaxinim_37 13 15
darksouls_19 13 13
flusp_10 13 13
flusp_2 13 13
flusp_104 13 13
darksouls_108 13 13
flusp_74 13 13
gnu_74 13 21
guaxinim_60 13 18
darksouls_50 13 13
gnu_49 13 21
gnu_14 13 21
flusp_15 13 13
gnu_10 13 19
guaxinim_16 13 15
guaxinim_105 14 16
darksouls_118 14 14
darksouls_106 14 14
guaxinim_89 14 16
darksouls_95 14 14
darksouls_94 14 14
darksouls_92 14 14
flusp_61 14 14
guaxinim_63 14 16
darksouls_45 14 14
darksouls_39 14 14
guaxinim_42 14 17
gnu_22 14 26
gnu_3 14 26
gnu_0 14 26
darksouls_133 15 15
flusp_102 15 15
gnu_119 15 24
guaxinim_94 15 20
flusp_94 15 15
gnu_105 15 23
gnu_103 15 24
darksouls_77 15 15
gnu_68 15 23
flusp_63 15 15
guaxinim_48 15 18
darksouls_34 15 15
gnu_15 15 23
flusp_19 15 15
flusp_18 15 15
flusp_11 15 16
gnu_128 16 24
gnu_126 16 23
darksouls_114 16 16
guaxinim_81 16 20
flusp_86 16 16
darksouls_89 16 16
darksouls_79 16 16
gnu_58 16 24
gnu_46 16 24
darksouls_42 16 16
guaxinim_35 16 18
flusp_27 16 16
flusp_25 16 16
gnu_16 16 24
darksouls_10 16 16
guaxinim_7 16 18
guaxinim_5 16 20
guaxinim_112 17 20
darksouls_124 17 17
guaxinim_100 17 20
flusp_101 17 17
gnu_115 17 24
guaxinim_95 17 22
flusp_95 17 17
guaxinim_91 17 20
guaxinim_90 17 22
darksouls_103 17 17
gnu_95 17 26
gnu_88 17 29
gnu_71 17 28
guaxinim_65 17 22
flusp_31 17 17
gnu_28 17 29
darksouls_9 17 17
flusp_12 17 17
guaxinim_1 17 20
flusp_108 18 18
guaxinim_104 18 22
darksouls_109 18 18
guaxinim_93 18 23
flusp_92 18 19
guaxinim_73 19 22
gnu_87 19 29
gnu_83 19 29
darksouls_78 19 19
darksouls_56 19 19
flusp_51 19 19
darksouls_28 19 19
guaxinim_15 19 22
guaxinim_115 19 22
guaxinim_111 19 23
flusp_105 19 19
darksouls_119 19 19
guaxinim_97 19 22
guaxinim_86 19 23
flusp_87 19 19
flusp_82 19 19
flusp_78 19 19
darksouls_73 19 19
darksouls_71 19 19
gnu_52 19 26
flusp_52 19 19
flusp_50 19 19
gnu_48 19 26
flusp_39 19 19
darksouls_32 19 19
flusp_22 19 19
darksouls_8 19 19
flusp_16 19 19
guaxinim_4 19 22
guaxinim_101 20 23
guaxinim_82 20 25
flusp_89 20 20
flusp_88 20 20
darksouls_86 20 20
darksouls_83 20 20
flusp_72 20 20
flusp_69 20 20
flusp_68 20 20
gnu_53 20 29
darksouls_29 20 20
guaxinim_40 20 23
darksouls_24 20 20
darksouls_15 20 21
flusp_24 21 21
flusp_23 21 21
gnu_7 21 28
gnu_130 21 31
gnu_127 21 28
darksouls_121 21 21
gnu_110 21 28
guaxinim_80 21 25
darksouls_90 21 21
gnu_85 21 32
flusp_76 21 21
gnu_79 21 32
flusp_64 21 21
gnu_64 21 30
gnu_37 21 31
flusp_30 21 21
flusp_28 21 21
gnu_19 21 28
guaxinim_26 21 23
gnu_6 21 30
flusp_0 21 21
gnu_133 22 31
flusp_109 22 22
darksouls_122 22 22
gnu_116 22 30
guaxinim_72 22 26
guaxinim_70 22 26
gnu_76 22 32
darksouls_54 22 22
guaxinim_34 22 25
gnu_23 22 31
gnu_11 22 31
darksouls_5 22 22
guaxinim_109 24 28
guaxinim_107 24 27
flusp_106 24 24
guaxinim_84 24 27
darksouls_93 24 24
gnu_86 24 32
gnu_72 24 32
gnu_56 24 32
flusp_56 24 24
guaxinim_58 24 28
guaxinim_54 24 28
guaxinim_52 24 28
flusp_43 24 24
guaxinim_28 24 27
darksouls_12 24 24
guaxinim_13 24 27
darksouls_127 24 24
darksouls_125 24 24
guaxinim_96 24 27
guaxinim_88 24 27
gnu_94 24 33
darksouls_87 24 24
flusp_75 24 24
darksouls_70 24 24
flusp_57 24 24
darksouls_47 24 24
darksouls_44 24 24
flusp_46 24 24
gnu_31 24 31
gnu_27 24 33
darksouls_17 24 24
guaxinim_21 24 27
guaxinim_18 24 28
flusp_5 24 24
flusp_1 24 24
gnu_122 25 32
guaxinim_98 25 30
darksouls_110 25 26
flusp_85 26 26
darksouls_91 26 26
darksouls_75 26 26
guaxinim_66 26 28
flusp_58 26 26
darksouls_38 26 26
flusp_41 26 26
gnu_4 26 32
gnu_134 26 32
darksouls_126 26 26
darksouls_120 26 26
gnu_114 26 32
flusp_80 26 26
guaxinim_57 26 28
flusp_34 26 26
gnu_34 26 32
darksouls_30 26 26
guaxinim_38 26 28
gnu_24 26 33
flusp_26 26 26
guaxinim_25 26 30
gnu_2 26 33
gnu_124 27 32
flusp_91 27 27
flusp_90 27 27
gnu_59 27 32
gnu_54 27 32
darksouls_58 27 27
darksouls_55 27 27
guaxinim_53 27 30
darksouls_43 27 27
guaxinim_49 27 30
flusp_40 27 27
guaxinim_46 27 31
guaxinim_43 27 31
gnu_17 27 33
darksouls_14 27 27
gnu_9 27 33
flusp_7 27 27
flusp_112 29 29
guaxinim_114 29 31
flusp_111 29 29
guaxinim_79 29 31
guaxinim_77 29 31
guaxinim_75 29 32
flusp_67 29 29
gnu_69 29 33
darksouls_72 29 29
darksouls_68 29 29
darksouls_63 29 29
gnu_62 29 33
flusp_48 29 29
gnu_45 29 33
flusp_44 29 29
guaxinim_47 29 31
flusp_29 29 29
darksouls_18 29 29
darksouls_16 29 29
flusp_21 29 29
darksouls_105 29 29
gnu_109 29 33
gnu_106 29 33
gnu_101 29 33
gnu_99 29 33
gnu_97 29 33
flusp_66 29 29
guaxinim_62 29 31
flusp_53 29 29
guaxinim_56 29 31
guaxinim_55 29 31
darksouls_46 29 29
gnu_38 29 33
guaxinim_44 29 32
darksouls_22 29 29
guaxinim_30 29 32
guaxinim_29 29 32
guaxinim_14 29 32
darksouls_3 29 29
flusp_4 29 29
1672