darksouls_116 0 0
flusp_103 0 0
darksouls_115 0 0
guaxinim_74 0 0
flusp_81 0 0
darksouls_80 0 0
gnu_78 0 0
darksouls_60 0 0
gnu_40 0 2
gnu_39 0 1
darksouls_33 0 0
gnu_32 0 1
darksouls_26 0 0
gnu_13 0 1
guaxinim_9 0 0
gnu_1 0 1
guaxinim_113 1 1
guaxinim_106 1 2
guaxinim_99 1 2
darksouls_111 1 1
flusp_97 1 1
darksouls_102 1 1
gnu_102 1 3
darksouls_101 1 1
darksouls_81 1 1
gnu_82 1 4
guaxinim_68 1 2
flusp_65 1 1
flusp_62 1 1
gnu_57 1 3
guaxinim_61 1 2
gnu_43 1 4
darksouls_36 1 1
guaxinim_31 1 2
darksouls_4 1 1
guaxinim_2 1 2
gnu_113 2 4
flusp_93 2 2
darksouls_99 2 2
gnu_98 2 4
guaxinim_71 2 3
gnu_80 2 5
guaxinim_67 2 3
flusp_59 2 2
flusp_55 2 2
gnu_47 2 4
gnu_41 2 5
guaxinim_39 2 3
gnu_25 2 4
flusp_9 2 2
gnu_135 3 5
darksouls_128 3 3
gnu_123 3 6
gnu_117 3 6
gnu_111 3 7
darksouls_107 3 3
gnu_108 3 6
darksouls_100 3 3
gnu_44 3 6
gnu_29 3 7
darksouls_21 3 3
gnu_18 3 6
darksouls_11 3 3
guaxinim_23 3 4
darksouls_6 3 3
flusp_14 3 3
guaxinim_12 3 4
flusp_110 4 4
flusp_96 4 4
gnu_104 4 7
gnu_96 4 8
darksouls_40 4 4
flusp_33 4 4
guaxinim_27 4 5
gnu_118 5 9
darksouls_88 5 5
flusp_79 5 5
gnu_73 5 9
darksouls_74 5 5
darksouls_69 5 5
gnu_63 5 9
darksouls_62 5 5
darksouls_52 5 5
darksouls_49 5 5
guaxinim_50 5 6
gnu_30 5 10
guaxinim_36 5 6
gnu_21 5 10
gnu_20 5 11
gnu_12 5 11
guaxinim_6 5 7
darksouls_1 5 5
darksouls_0 5 5
darksouls_129 6 6
gnu_129 6 11
gnu_125 6 14
darksouls_117 6 6
flusp_100 6 6
flusp_99 6 6
darksouls_97 6 6
flusp_83 6 6
gnu_81 6 11
gnu_77 6 12
darksouls_61 6 6
darksouls_59 6 6
gnu_51 6 10
guaxinim_45 6 8
flusp_35 6 6
gnu_33 6 10
flusp_32 6 6
gnu_26 6 11
guaxinim_32 6 8
guaxinim_19 6 8
guaxinim_3 6 9
darksouls_130 7 7
guaxinim_108 7 9
guaxinim_103 7 9
flusp_98 7 7
guaxinim_92 7 9
darksouls_104 7 7
gnu_92 7 13
gnu_60 7 15
guaxinim_51 7 9
flusp_47 7 7
flusp_38 7 7
gnu_36 7 14
darksouls_31 7 7
guaxinim_41 7 9
darksouls_23 7 7
guaxinim_20 7 9
guaxinim_8 7 9
flusp_6 7 7
darksouls_113 8 8
gnu_112 8 15
guaxinim_78 8 10
gnu_91 8 16
darksouls_85 8 8
flusp_73 8 8
flusp_71 8 8
flusp_70 8 8
gnu_67 8 15
darksouls_53 8 8
darksouls_48 8 8
flusp_49 8 8
flusp_36 8 8
darksouls_13 8 8
darksouls_7 8 8
guaxinim_22 8 10
flusp_3 8 8
gnu_120 9 15
darksouls_112 9 9
guaxinim_83 9 12
darksouls_98 9 9
gnu_84 9 15
darksouls_67 9 9
darksouls_37 9 9
darksouls_25 9 9
darksouls_20 9 9
flusp_20 9 9
gnu_8 9 15
gnu_5 9 18
darksouls_132 10 10
gnu_121 10 18
guaxinim_87 10 14
darksouls_82 10 10
flusp_77 10 10
darksouls_76 10 10
gnu_70 10 15
gnu_66 10 16
gnu_65 10 19
darksouls_65 10 10
guaxinim_64 10 12
darksouls_41 10 10
flusp_45 10 10
gnu_42 10 16
darksouls_35 10 10
gnu_35 10 16
guaxinim_33 10 13
guaxinim_24 10 12
flusp_8 10 10
darksouls_2 10 10
guaxinim_0 10 12
gnu_132 11 18
gnu_131 11 21
flusp_107 11 11
guaxinim_102 11 14
darksouls_123 11 11
flusp_84 11 11
gnu_93 11 17
gnu_90 11 20
gnu_89 11 20
guaxinim_69 11 15
flusp_60 11 11
gnu_61 11 21
gnu_55 11 20
flusp_54 11 11
darksouls_57 11 11
gnu_50 11 18
darksouls_27 11 11
flusp_17 11 11
flusp_13 11 11
guaxinim_17 11 13
guaxinim_11 11 14
guaxinim_10 11 15
darksouls_134 12 12
darksouls_131 12 12
guaxinim_110 12 14
gnu_107 12 23
guaxinim_85 12 17
gnu_100 12 21
darksouls_96 12 12
guaxinim_76 12 17
darksouls_84 12 12
gnu_75 12 20
darksouls_66 12 12
darksouls_64 12 12
guaxinim_59 12 14
darksouls_51 12 12
flusp_42 12 12
flusp_37 12 12
guaxinim_37 12 14
darksouls_19 12 12
flusp_10 12 12
flusp_2 12 12
flusp_104 13 13
darksouls_108 13 13
flusp_74 13 13
gnu_74 13 20
guaxinim_60 13 16
darksouls_50 13 13
gnu_49 13 20
gnu_14 13 21
flusp_15 13 13
gnu_10 13 25
guaxinim_16 13 17
guaxinim_105 14 18
darksouls_118 14 14
darksouls_106 14 14
guaxinim_89 14 17
darksouls_95 14 14
darksouls_94 14 14
darksouls_92 14 14
flusp_61 14 15
guaxinim_63 15 17
darksouls_45 15 15
darksouls_39 15 15
guaxinim_42 15 17
gnu_22 15 23
gnu_3 15 28
gnu_0 15 23
darksouls_133 15 15
flusp_102 15 15
gnu_119 15 23
guaxinim_94 15 18
flusp_94 15 15
gnu_105 15 26
gnu_103 15 23
darksouls_77 15 15
gnu_68 15 23
flusp_63 15 15
guaxinim_48 15 18
darksouls_34 15 15
gnu_15 15 26
flusp_19 15 15
flusp_18 15 15
flusp_11 15 15
gnu_128 16 26
gnu_126 16 28
darksouls_114 16 16
guaxinim_81 16 19
flusp_86 16 16
darksouls_89 16 16
darksouls_79 16 16
gnu_58 16 25
gnu_46 16 26
darksouls_42 16 16
guaxinim_35 16 19
flusp_27 16 16
flusp_25 16 16
gnu_16 16 26
darksouls_10 16 16
guaxinim_7 16 19
guaxinim_5 16 20
guaxinim_112 17 20
darksouls_124 17 17
guaxinim_100 17 20
flusp_101 17 17
gnu_115 17 30
guaxinim_95 17 23
flusp_95 17 17
guaxinim_91 17 22
guaxinim_90 17 23
darksouls_103 17 17
gnu_95 17 26
gnu_88 17 28
gnu_71 18 28
guaxinim_65 18 20
flusp_31 18 18
gnu_28 18 28
darksouls_9 18 18
flusp_12 18 18
guaxinim_1 18 20
flusp_108 18 18
guaxinim_104 18 22
darksouls_109 18 18
guaxinim_93 18 20
flusp_92 18 18
guaxinim_73 18 22
gnu_87 18 30
gnu_83 18 28
darksouls_78 18 18
darksouls_56 18 18
flusp_51 18 18
darksouls_28 18 18
guaxinim_15 18 20
guaxinim_115 19 22
guaxinim_111 19 25
flusp_105 19 19
darksouls_119 19 19
guaxinim_97 19 23
guaxinim_86 19 25
flusp_87 19 19
flusp_82 19 19
flusp_78 19 19
darksouls_73 19 19
darksouls_71 19 19
gnu_52 19 28
flusp_52 19 19
flusp_50 19 19
gnu_48 19 28
flusp_39 19 19
darksouls_32 19 19
flusp_22 19 19
darksouls_8 19 19
flusp_16 19 19
guaxinim_4 19 22
guaxinim_101 20 23
guaxinim_82 21 23
flusp_89 21 21
flusp_88 21 21
darksouls_86 21 21
darksouls_83 21 21
flusp_72 21 21
flusp_69 21 21
flusp_68 21 21
gnu_53 21 30
darksouls_29 21 21
guaxinim_40 21 23
darksouls_24 21 21
darksouls_15 21 21
flusp_24 21 21
flusp_23 21 21
gnu_7 21 30
gnu_130 21 31
gnu_127 21 31
darksouls_121 21 21
gnu_110 21 31
guaxinim_80 21 24
darksouls_90 21 21
gnu_85 21 30
flusp_76 21 21
gnu_79 21 31
flusp_64 21 21
gnu_64 21 31
gnu_37 21 32
flusp_30 21 21
flusp_28 21 21
gnu_19 21 31
guaxinim_26 21 27
gnu_6 21 32
flusp_0 21 21
gnu_133 22 32
flusp_109 22 22
darksouls_122 22 22
gnu_116 22 30
guaxinim_72 22 27
guaxinim_70 22 25
gnu_76 22 33
darksouls_54 22 22
guaxinim_34 22 27
gnu_23 22 32
gnu_11 22 33
darksouls_5 22 23
guaxinim_109 23 27
guaxinim_107 23 27
flusp_106 23 23
guaxinim_84 23 27
darksouls_93 23 23
gnu_86 23 32
gnu_72 23 33
gnu_56 23 33
flusp_56 23 23
guaxinim_58 23 27
guaxinim_54 23 27
guaxinim_52 23 27
flusp_43 23 23
guaxinim_28 23 27
darksouls_12 23 23
guaxinim_13 23 27
darksouls_127 24 24
darksouls_125 24 24
guaxinim_96 24 27
guaxinim_88 24 29
gnu_94 24 34
darksouls_87 24 24
flusp_75 24 24
darksouls_70 24 24
flusp_57 24 24
darksouls_47 24 24
darksouls_44 24 24
flusp_46 24 24
gnu_31 24 33
gnu_27 24 34
darksouls_17 24 24
guaxinim_21 24 29
guaxinim_18 24 29
flusp_5 24 24
flusp_1 24 25
gnu_122 25 33
guaxinim_98 25 30
darksouls_110 25 25
flusp_85 25 25
darksouls_91 25 25
darksouls_75 25 25
guaxinim_66 25 27
flusp_58 25 25
darksouls_38 25 25
flusp_41 25 25
gnu_4 25 33
gnu_134 26 34
darksouls_126 26 26
darksouls_120 26 26
gnu_114 26 33
flusp_80 26 26
guaxinim_57 26 29
flusp_34 26 26
gnu_34 26 33
darksouls_30 26 26
guaxinim_38 26 32
gnu_24 26 34
flusp_26 26 26
guaxinim_25 26 31
gnu_2 26 34
gnu_124 28 34
flusp_91 28 28
flusp_90 28 28
gnu_59 28 33
gnu_54 28 34
darksouls_58 28 28
darksouls_55 28 28
guaxinim_53 28 32
darksouls_43 28 28
guaxinim_49 28 32
flusp_40 28 28
guaxinim_46 28 32
guaxinim_43 28 33
gnu_17 28 34
darksouls_14 28 28
gnu_9 28 34
flusp_7 28 28
flusp_112 28 28
guaxinim_114 28 32
flusp_111 28 28
guaxinim_79 28 32
guaxinim_77 28 33
guaxinim_75 28 32
flusp_67 28 28
gnu_69 28 34
darksouls_72 28 28
darksouls_68 28 28
darksouls_63 28 28
gnu_62 28 34
flusp_48 28 28
gnu_45 28 34
flusp_44 28 28
guaxinim_47 28 32
flusp_29 28 28
darksouls_18 28 28
darksouls_16 28 28
flusp_21 28 28
darksouls_105 30 30
gnu_109 30 34
gnu_106 30 34
gnu_101 30 34
gnu_99 30 34
gnu_97 30 34
flusp_66 30 30
guaxinim_62 30 33
flusp_53 30 30
guaxinim_56 30 32
guaxinim_55 30 33
darksouls_46 30 30
gnu_38 30 34
guaxinim_44 30 33
darksouls_22 30 30
guaxinim_30 30 33
guaxinim_29 30 33
guaxinim_14 30 33
darksouls_3 30 30
flusp_4 30 30
1738