guaxinim_91 0 0
guaxinim_89 0 0
flusp_98 0 0
flusp_80 0 0
guaxinim_53 0 0
guaxinim_35 0 0
flusp_55 0 0
darksouls_27 0 0
darksouls_14 0 0
gnu_119 1 1
flusp_86 1 1
darksouls_89 1 1
gnu_89 1 1
guaxinim_55 1 1
guaxinim_48 1 1
gnu_72 1 1
gnu_27 1 1
flusp_16 1 1
flusp_15 1 1
darksouls_7 1 1
guaxinim_87 2 2
darksouls_117 2 2
flusp_95 2 2
guaxinim_70 2 2
gnu_100 2 2
guaxinim_54 2 2
flusp_75 2 2
darksouls_51 2 2
gnu_52 2 2
darksouls_38 2 2
gnu_40 2 2
darksouls_18 2 2
darksouls_17 2 2
flusp_3 2 2
flusp_0 2 2
gnu_132 3 3
flusp_107 3 3
gnu_112 3 3
gnu_110 3 3
flusp_85 3 3
guaxinim_57 3 3
guaxinim_31 3 3
guaxinim_94 4 4
guaxinim_88 4 4
guaxinim_72 4 4
gnu_98 4 4
gnu_92 4 4
darksouls_81 4 4
gnu_54 4 4
guaxinim_7 4 4
darksouls_0 4 4
gnu_134 5 5
darksouls_105 5 5
gnu_84 5 5
flusp_62 5 5
darksouls_62 5 5
darksouls_58 5 5
flusp_38 5 5
flusp_8 5 5
darksouls_12 5 5
guaxinim_95 6 6
darksouls_123 6 6
gnu_87 6 6
flusp_70 6 6
guaxinim_38 6 6
guaxinim_104 7 7
flusp_116 7 7
guaxinim_97 7 7
flusp_102 7 7
darksouls_100 7 7
guaxinim_61 7 7
guaxinim_60 7 7
flusp_72 7 7
flusp_63 7 7
darksouls_60 7 7
flusp_37 7 7
flusp_17 7 7
flusp_9 7 7
darksouls_131 8 8
gnu_115 8 8
gnu_104 8 8
flusp_89 8 8
flusp_84 8 8
guaxinim_56 8 8
gnu_42 8 8
gnu_39 8 8
darksouls_20 8 8
guaxinim_5 8 8
gnu_114 9 10
darksouls_102 9 9
gnu_91 9 10
gnu_74 9 10
gnu_65 9 10
gnu_62 9 10
gnu_59 9 10
gnu_55 9 10
flusp_36 9 9
flusp_27 9 9
flusp_19 9 9
guaxinim_10 9 9
flusp_12 9 9
gnu_120 10 11
darksouls_121 10 10
darksouls_114 10 10
gnu_107 10 11
darksouls_91 10 10
darksouls_76 10 10
guaxinim_45 10 11
flusp_58 10 10
flusp_57 10 10
guaxinim_36 10 11
gnu_53 10 11
flusp_39 10 10
darksouls_31 10 10
flusp_26 10 10
guaxinim_13 10 11
gnu_139 11 12
gnu_131 11 12
gnu_111 11 12
guaxinim_59 11 12
flusp_78 11 11
darksouls_67 11 11
gnu_71 11 12
gnu_43 11 12
guaxinim_14 11 12
gnu_26 11 12
guaxinim_102 12 12
guaxinim_43 12 12
gnu_66 12 13
darksouls_46 12 12
darksouls_37 12 12
guaxinim_20 12 13
flusp_30 12 12
darksouls_10 12 12
darksouls_8 12 12
flusp_117 13 13
gnu_128 13 13
darksouls_110 13 13
darksouls_109 13 13
darksouls_96 13 13
gnu_93 13 13
flusp_52 13 13
flusp_48 13 13
gnu_51 13 13
flusp_23 13 13
gnu_11 13 13
guaxinim_96 14 14
gnu_118 14 15
darksouls_112 14 14
flusp_96 14 14
guaxinim_65 14 14
gnu_61 14 15
flusp_47 14 14
gnu_56 14 15
darksouls_26 14 14
gnu_23 14 15
darksouls_15 14 14
gnu_6 14 15
darksouls_5 14 14
darksouls_3 14 14
guaxinim_0 14 14
guaxinim_92 15 15
gnu_113 15 15
darksouls_108 15 15
darksouls_99 15 15
guaxinim_62 15 15
darksouls_68 15 15
guaxinim_27 15 15
gnu_1 15 15
guaxinim_99 16 16
darksouls_125 16 16
gnu_117 16 16
guaxinim_76 16 16
darksouls_104 16 16
gnu_95 16 16
darksouls_73 16 16
darksouls_61 16 16
darksouls_45 16 16
gnu_28 16 16
flusp_122 17 17
darksouls_71 17 17
guaxinim_47 17 17
flusp_49 17 17
guaxinim_29 17 17
guaxinim_23 17 17
flusp_25 17 17
flusp_104 18 18
guaxinim_77 18 18
darksouls_83 18 18
darksouls_77 18 18
flusp_60 18 18
flusp_59 18 18
gnu_57 18 18
gnu_9 18 18
gnu_7 18 18
gnu_129 19 19
guaxinim_73 19 19
darksouls_87 19 19
flusp_54 19 19
gnu_45 19 19
guaxinim_15 19 19
flusp_18 19 19
flusp_118 20 20
darksouls_126 20 20
flusp_112 20 20
flusp_101 20 20
guaxinim_75 20 20
guaxinim_74 20 20
darksouls_98 20 20
flusp_73 20 20
flusp_56 20 20
flusp_51 20 20
gnu_8 20 20
flusp_110 21 21
gnu_85 21 21
gnu_70 21 21
darksouls_64 21 21
flusp_29 21 21
gnu_2 21 21
guaxinim_1 21 21
flusp_114 22 22
gnu_116 22 22
darksouls_66 22 22
gnu_29 22 22
flusp_10 22 22
darksouls_122 23 23
gnu_103 23 23
gnu_101 23 23
flusp_71 23 23
flusp_64 23 23
flusp_43 23 23
guaxinim_18 23 23
flusp_20 23 23
flusp_121 24 24
gnu_126 24 25
gnu_105 24 25
guaxinim_67 24 24
flusp_83 24 24
flusp_81 24 24
guaxinim_51 24 24
guaxinim_30 24 24
flusp_46 24 24
gnu_44 24 25
gnu_41 24 25
guaxinim_21 24 24
flusp_5 24 24
guaxinim_81 25 25
darksouls_70 25 25
gnu_68 25 26
gnu_67 25 26
flusp_45 25 25
guaxinim_25 25 25
guaxinim_22 25 25
gnu_24 25 26
gnu_19 25 26
guaxinim_6 25 25
guaxinim_93 26 26
gnu_97 26 27
guaxinim_63 26 26
flusp_82 26 26
darksouls_80 26 26
gnu_75 26 27
gnu_64 26 27
flusp_33 26 26
gnu_21 26 27
guaxinim_4 26 26
flusp_120 27 27
darksouls_128 27 27
flusp_93 27 27
gnu_96 27 28
darksouls_75 27 27
gnu_73 27 28
flusp_68 27 27
guaxinim_37 27 27
darksouls_55 27 27
guaxinim_33 27 27
flusp_42 27 27
darksouls_34 27 27
darksouls_29 27 27
flusp_24 27 27
gnu_33 27 28
darksouls_13 27 27
guaxinim_2 27 27
flusp_119 28 28
darksouls_124 28 28
gnu_109 28 28
flusp_87 28 28
flusp_65 28 28
guaxinim_40 28 28
darksouls_59 28 28
darksouls_44 28 28
darksouls_36 28 28
darksouls_19 28 28
gnu_18 28 28
guaxinim_9 28 28
gnu_4 28 29
guaxinim_100 29 29
flusp_111 29 29
flusp_109 29 29
gnu_122 29 29
darksouls_78 29 29
flusp_77 29 29
flusp_69 29 29
guaxinim_42 29 29
darksouls_49 29 29
darksouls_43 29 29
flusp_34 29 29
darksouls_16 29 29
gnu_12 29 29
flusp_7 29 29
darksouls_9 29 29
gnu_0 29 29
gnu_135 30 30
gnu_133 30 30
guaxinim_86 30 30
flusp_108 30 30
guaxinim_68 30 30
darksouls_95 30 30
darksouls_93 30 30
darksouls_88 30 30
gnu_88 30 30
guaxinim_16 30 30
flusp_21 30 30
gnu_124 31 31
guaxinim_85 31 31
guaxinim_82 31 31
darksouls_101 31 31
flusp_79 31 31
flusp_67 31 31
darksouls_52 31 31
flusp_22 31 31
guaxinim_12 31 31
guaxinim_8 31 31
gnu_10 31 31
flusp_97 32 32
guaxinim_71 32 32
gnu_94 32 32
darksouls_24 32 32
guaxinim_11 32 32
gnu_15 32 32
darksouls_11 32 32
gnu_130 33 34
gnu_127 33 34
flusp_100 33 33
guaxinim_69 33 33
darksouls_86 33 33
gnu_83 33 34
darksouls_69 33 33
guaxinim_46 33 33
gnu_63 33 34
darksouls_41 33 33
gnu_38 33 34
gnu_34 33 34
gnu_14 33 34
guaxinim_101 34 34
gnu_125 34 35
flusp_99 34 34
darksouls_74 34 34
guaxinim_41 34 34
guaxinim_17 34 34
gnu_32 34 35
gnu_79 35 36
guaxinim_39 35 35
darksouls_56 35 35
gnu_60 35 36
flusp_44 35 35
flusp_41 35 35
flusp_35 35 35
flusp_28 35 35
gnu_36 35 35
gnu_35 35 36
darksouls_25 35 35
guaxinim_98 36 36
guaxinim_90 36 36
guaxinim_66 36 36
darksouls_94 36 36
darksouls_57 36 36
gnu_50 36 36
darksouls_33 36 36
gnu_22 36 36
flusp_103 37 37
gnu_106 37 37
guaxinim_26 37 37
darksouls_35 37 37
flusp_115 38 38
guaxinim_84 38 38
guaxinim_83 38 38
darksouls_107 38 38
darksouls_97 38 38
darksouls_85 38 38
guaxinim_52 38 38
gnu_78 38 38
darksouls_48 38 38
gnu_31 38 38
gnu_25 38 38
gnu_137 39 39
gnu_136 39 39
flusp_105 39 39
flusp_92 39 39
darksouls_82 39 39
darksouls_79 39 39
flusp_66 39 39
guaxinim_44 39 39
gnu_48 39 39
gnu_46 39 40
guaxinim_19 39 39
darksouls_116 40 40
darksouls_103 40 40
flusp_90 40 40
guaxinim_58 40 40
guaxinim_32 40 40
darksouls_39 40 40
darksouls_32 40 40
gnu_17 40 40
guaxinim_3 40 40
flusp_4 40 40
darksouls_130 41 41
flusp_106 41 41
guaxinim_80 41 41
guaxinim_78 41 41
darksouls_113 41 41
darksouls_111 41 41
flusp_88 41 41
darksouls_92 41 41
darksouls_90 41 41
gnu_86 41 42
gnu_80 41 42
flusp_74 41 41
guaxinim_24 41 41
flusp_32 41 41
flusp_14 41 41
gnu_5 41 42
darksouls_4 41 41
darksouls_2 41 41
darksouls_120 42 42
darksouls_47 42 42
guaxinim_28 42 42
flusp_31 42 42
gnu_30 42 42
gnu_16 42 42
guaxinim_103 43 43
gnu_108 43 43
gnu_99 43 43
darksouls_50 43 43
darksouls_28 43 43
flusp_13 43 43
flusp_2 43 43
darksouls_1 43 43
gnu_138 44 44
darksouls_129 44 44
darksouls_118 44 44
flusp_91 44 44
guaxinim_64 44 44
flusp_76 44 44
darksouls_72 44 44
gnu_69 44 44
darksouls_54 44 44
gnu_49 44 44
darksouls_22 44 44
darksouls_115 45 45
gnu_90 45 45
darksouls_84 45 45
guaxinim_50 45 45
flusp_61 45 45
gnu_37 45 45
gnu_20 45 45
darksouls_6 45 45
flusp_113 46 46
gnu_123 46 46
darksouls_119 46 46
gnu_102 46 46
guaxinim_34 46 46
darksouls_30 46 46
gnu_121 47 48
gnu_82 47 48
gnu_81 47 48
gnu_77 47 48
gnu_76 47 48
gnu_58 47 48
flusp_1 47 47
darksouls_127 48 48
darksouls_65 48 48
darksouls_63 48 48
darksouls_53 48 48
gnu_47 48 49
darksouls_23 48 48
darksouls_21 48 48
flusp_11 48 48
gnu_13 48 49
gnu_3 48 49
guaxinim_79 49 49
flusp_94 49 49
darksouls_106 49 49
guaxinim_49 49 49
flusp_53 49 49
flusp_50 49 49
darksouls_42 49 49
darksouls_40 49 49
flusp_40 49 49
flusp_6 49 49
2001