darksouls_116 0 0
flusp_103 0 0
darksouls_115 0 0
guaxinim_74 0 0
flusp_81 0 0
darksouls_80 0 0
gnu_78 0 2
darksouls_60 0 0
gnu_40 0 2
gnu_39 0 2
darksouls_33 0 0
gnu_32 0 2
darksouls_26 0 0
gnu_13 0 2
guaxinim_9 0 1
gnu_1 0 2
guaxinim_113 1 2
guaxinim_106 1 2
guaxinim_99 1 2
darksouls_111 1 1
flusp_97 1 1
darksouls_102 1 1
gnu_102 1 31
darksouls_101 1 1
darksouls_81 1 1
gnu_82 1 31
guaxinim_68 1 2
flusp_65 1 1
flusp_62 1 1
gnu_57 1 31
guaxinim_61 1 3
gnu_43 1 3
darksouls_36 1 1
guaxinim_31 1 3
darksouls_4 1 1
guaxinim_2 1 3
gnu_113 3 31
flusp_93 3 3
darksouls_99 3 3
gnu_98 3 31
guaxinim_71 3 3
gnu_80 3 31
guaxinim_67 3 3
flusp_59 3 3
flusp_55 3 3
gnu_47 3 31
gnu_41 3 32
guaxinim_39 3 4
gnu_25 4 32
flusp_9 4 4
gnu_135 4 32
darksouls_128 4 4
gnu_123 4 32
gnu_117 4 32
gnu_111 4 32
darksouls_107 4 4
gnu_108 4 32
darksouls_100 4 4
gnu_44 4 32
gnu_29 4 32
darksouls_21 4 4
gnu_18 4 32
darksouls_11 4 4
guaxinim_23 4 4
darksouls_6 4 5
flusp_14 5 5
guaxinim_12 5 5
flusp_110 5 5
flusp_96 5 5
gnu_104 5 33
gnu_96 5 33
darksouls_40 5 5
flusp_33 5 5
guaxinim_27 5 5
gnu_118 5 33
darksouls_88 5 5
flusp_79 5 5
gnu_73 5 33
darksouls_74 5 5
darksouls_69 5 5
gnu_63 5 33
darksouls_62 5 6
darksouls_52 6 6
darksouls_49 6 6
guaxinim_50 6 6
gnu_30 6 33
guaxinim_36 6 6
gnu_21 6 33
gnu_20 6 33
gnu_12 6 33
guaxinim_6 6 6
darksouls_1 6 6
darksouls_0 6 6
darksouls_129 6 6
gnu_129 6 33
gnu_125 6 34
darksouls_117 6 6
flusp_100 6 6
flusp_99 6 7
darksouls_97 7 7
flusp_83 7 7
gnu_81 7 34
gnu_77 7 34
darksouls_61 7 7
darksouls_59 7 7
gnu_51 7 34
guaxinim_45 7 7
flusp_35 7 7
gnu_33 7 34
flusp_32 7 7
gnu_26 7 34
guaxinim_32 7 7
guaxinim_19 7 7
guaxinim_3 7 7
darksouls_130 7 7
guaxinim_108 7 8
guaxinim_103 8 8
flusp_98 8 8
guaxinim_92 8 8
darksouls_104 8 8
gnu_92 8 34
gnu_60 8 34
guaxinim_51 8 8
flusp_47 8 8
flusp_38 8 8
gnu_36 8 34
darksouls_31 8 8
guaxinim_41 8 8
darksouls_23 8 8
guaxinim_20 8 8
guaxinim_8 8 8
flusp_6 8 9
darksouls_113 9 9
gnu_112 9 34
guaxinim_78 9 9
gnu_91 9 35
darksouls_85 9 9
flusp_73 9 9
flusp_71 9 9
flusp_70 9 9
gnu_67 9 35
darksouls_53 9 9
darksouls_48 9 9
flusp_49 9 9
flusp_36 9 9
darksouls_13 9 9
darksouls_7 9 9
guaxinim_22 9 9
flusp_3 9 10
gnu_120 10 35
darksouls_112 10 10
guaxinim_83 10 10
darksouls_98 10 10
gnu_84 10 35
darksouls_67 10 10
darksouls_37 10 10
darksouls_25 10 10
darksouls_20 10 10
flusp_20 10 10
gnu_8 10 35
gnu_5 10 35
darksouls_132 10 10
gnu_121 10 35
guaxinim_87 10 10
darksouls_82 10 10
flusp_77 10 11
darksouls_76 11 11
gnu_70 11 35
gnu_66 11 35
gnu_65 11 35
darksouls_65 11 11
guaxinim_64 11 11
darksouls_41 11 11
flusp_45 11 11
gnu_42 11 36
darksouls_35 11 11
gnu_35 11 36
guaxinim_33 11 11
guaxinim_24 11 11
flusp_8 11 11
darksouls_2 11 11
guaxinim_0 11 11
gnu_132 11 36
gnu_131 12 36
flusp_107 12 12
guaxinim_102 12 12
darksouls_123 12 12
flusp_84 12 12
gnu_93 12 36
gnu_90 12 36
gnu_89 12 36
guaxinim_69 12 12
flusp_60 12 12
gnu_61 12 36
gnu_55 12 36
flusp_54 12 12
darksouls_57 12 12
gnu_50 12 36
darksouls_27 12 13
flusp_17 13 13
flusp_13 13 13
guaxinim_17 13 13
guaxinim_11 13 13
guaxinim_10 13 13
darksouls_134 13 13
darksouls_131 13 13
guaxinim_110 13 13
gnu_107 13 37
guaxinim_85 13 13
gnu_100 13 37
darksouls_96 13 13
guaxinim_76 13 13
darksouls_84 13 13
gnu_75 13 37
darksouls_66 13 13
darksouls_64 13 14
guaxinim_59 14 14
darksouls_51 14 14
flusp_42 14 14
flusp_37 14 14
guaxinim_37 14 14
darksouls_19 14 14
flusp_10 14 14
flusp_2 14 14
flusp_104 14 14
darksouls_108 14 14
flusp_74 14 14
gnu_74 14 37
guaxinim_60 14 14
darksouls_50 14 14
gnu_49 14 37
gnu_14 14 37
flusp_15 15 15
gnu_10 15 37
guaxinim_16 15 15
guaxinim_105 15 15
darksouls_118 15 15
darksouls_106 15 15
guaxinim_89 15 15
darksouls_95 15 15
darksouls_94 15 15
darksouls_92 15 15
flusp_61 15 15
guaxinim_63 15 15
darksouls_45 15 15
darksouls_39 15 15
guaxinim_42 15 15
gnu_22 15 37
gnu_3 16 37
gnu_0 16 37
darksouls_133 16 16
flusp_102 16 16
gnu_119 16 38
guaxinim_94 16 16
flusp_94 16 16
gnu_105 16 38
gnu_103 16 38
darksouls_77 16 16
gnu_68 16 38
flusp_63 16 16
guaxinim_48 16 16
darksouls_34 16 16
gnu_15 16 38
flusp_19 16 16
flusp_18 16 17
flusp_11 17 17
gnu_128 17 38
gnu_126 17 38
darksouls_114 17 17
guaxinim_81 17 17
flusp_86 17 17
darksouls_89 17 17
darksouls_79 17 17
gnu_58 17 38
gnu_46 17 38
darksouls_42 17 17
guaxinim_35 17 17
flusp_27 17 17
flusp_25 17 17
gnu_16 17 38
darksouls_10 17 18
guaxinim_7 18 18
guaxinim_5 18 18
guaxinim_112 18 18
darksouls_124 18 18
guaxinim_100 18 18
flusp_101 18 18
gnu_115 18 39
guaxinim_95 18 18
flusp_95 18 18
guaxinim_91 18 18
guaxinim_90 18 18
darksouls_103 18 18
gnu_95 18 39
gnu_88 18 39
gnu_71 18 39
guaxinim_65 18 18
flusp_31 18 19
gnu_28 19 39
darksouls_9 19 19
flusp_12 19 19
guaxinim_1 19 19
flusp_108 19 19
guaxinim_104 19 19
darksouls_109 19 19
guaxinim_93 19 19
flusp_92 19 19
guaxinim_73 19 19
gnu_87 19 39
gnu_83 19 39
darksouls_78 19 19
darksouls_56 19 19
flusp_51 19 19
darksouls_28 19 19
guaxinim_15 19 20
guaxinim_115 20 20
guaxinim_111 20 20
flusp_105 20 20
darksouls_119 20 20
guaxinim_97 20 20
guaxinim_86 20 20
flusp_87 20 20
flusp_82 20 20
flusp_78 20 20
darksouls_73 20 20
darksouls_71 20 20
gnu_52 20 39
flusp_52 20 20
flusp_50 20 20
gnu_48 20 39
flusp_39 20 21
darksouls_32 21 21
flusp_22 21 21
darksouls_8 21 21
flusp_16 21 21
guaxinim_4 21 21
guaxinim_101 21 21
guaxinim_82 21 21
flusp_89 21 21
flusp_88 21 21
darksouls_86 21 21
darksouls_83 21 21
flusp_72 21 21
flusp_69 21 21
flusp_68 21 21
gnu_53 21 39
darksouls_29 21 21
guaxinim_40 21 22
darksouls_24 22 22
darksouls_15 22 22
flusp_24 22 22
flusp_23 22 22
gnu_7 22 40
gnu_130 22 40
gnu_127 22 40
darksouls_121 22 22
gnu_110 22 40
guaxinim_80 22 22
darksouls_90 22 22
gnu_85 22 40
flusp_76 22 22
gnu_79 22 40
flusp_64 22 22
gnu_64 22 40
gnu_37 23 40
flusp_30 23 23
flusp_28 23 23
gnu_19 23 40
guaxinim_26 23 23
gnu_6 23 40
flusp_0 23 23
gnu_133 23 40
flusp_109 23 23
darksouls_122 23 23
gnu_116 23 41
guaxinim_72 23 23
guaxinim_70 23 23
gnu_76 23 41
darksouls_54 23 23
guaxinim_34 23 23
gnu_23 23 41
gnu_11 24 41
darksouls_5 24 24
guaxinim_109 24 24
guaxinim_107 24 24
flusp_106 24 24
guaxinim_84 24 24
darksouls_93 24 24
gnu_86 24 41
gnu_72 24 41
gnu_56 24 41
flusp_56 24 24
guaxinim_58 24 24
guaxinim_54 24 24
guaxinim_52 24 24
flusp_43 24 24
guaxinim_28 24 25
darksouls_12 25 25
guaxinim_13 25 25
darksouls_127 25 25
darksouls_125 25 25
guaxinim_96 25 25
guaxinim_88 25 25
gnu_94 25 41
darksouls_87 25 25
flusp_75 25 25
darksouls_70 25 25
flusp_57 25 25
darksouls_47 25 25
darksouls_44 25 25
flusp_46 25 25
gnu_31 25 41
gnu_27 25 41
darksouls_17 25 26
guaxinim_21 26 26
guaxinim_18 26 26
flusp_5 26 26
flusp_1 26 26
gnu_122 26 41
guaxinim_98 26 26
darksouls_110 26 26
flusp_85 26 26
darksouls_91 26 26
darksouls_75 26 26
guaxinim_66 26 26
flusp_58 26 26
darksouls_38 26 26
flusp_41 26 26
gnu_4 26 41
gnu_134 26 42
darksouls_126 27 27
darksouls_120 27 27
gnu_114 27 42
flusp_80 27 27
guaxinim_57 27 27
flusp_34 27 27
gnu_34 27 42
darksouls_30 27 27
guaxinim_38 27 27
gnu_24 27 42
flusp_26 27 27
guaxinim_25 27 27
gnu_2 27 42
gnu_124 27 42
flusp_91 27 27
flusp_90 27 27
gnu_59 27 42
gnu_54 28 42
darksouls_58 28 28
darksouls_55 28 28
guaxinim_53 28 28
darksouls_43 28 28
guaxinim_49 28 28
flusp_40 28 28
guaxinim_46 28 28
guaxinim_43 28 28
gnu_17 28 42
darksouls_14 28 28
gnu_9 28 42
flusp_7 28 28
flusp_112 28 28
guaxinim_114 28 28
flusp_111 28 28
guaxinim_79 28 29
guaxinim_77 29 29
guaxinim_75 29 29
flusp_67 29 29
gnu_69 29 42
darksouls_72 29 29
darksouls_68 29 29
darksouls_63 29 29
gnu_62 29 42
flusp_48 29 29
gnu_45 29 43
flusp_44 29 29
guaxinim_47 29 29
flusp_29 29 29
darksouls_18 29 29
darksouls_16 29 29
flusp_21 29 30
darksouls_105 30 30
gnu_109 30 43
gnu_106 30 43
gnu_101 30 43
gnu_99 30 43
gnu_97 30 43
flusp_66 30 30
guaxinim_62 30 30
flusp_53 30 30
guaxinim_56 30 30
guaxinim_55 30 30
darksouls_46 30 30
gnu_38 30 43
guaxinim_44 30 30
darksouls_22 30 30
guaxinim_30 30 30
guaxinim_29 30 31
guaxinim_14 31 31
darksouls_3 31 31
flusp_4 31 31
669