darksouls_116 0 0
flusp_103 0 0
darksouls_115 0 0
guaxinim_74 0 2
flusp_81 0 0
darksouls_80 0 0
gnu_78 0 2
darksouls_60 0 0
gnu_40 0 2
gnu_39 0 2
darksouls_33 0 0
gnu_32 0 2
darksouls_26 0 0
gnu_13 0 2
guaxinim_9 0 1
gnu_1 0 2
guaxinim_113 1 2
guaxinim_106 1 2
guaxinim_99 1 2
darksouls_111 1 1
flusp_97 1 1
darksouls_102 1 1
gnu_102 1 31
darksouls_101 1 1
darksouls_81 1 1
gnu_82 1 32
guaxinim_68 1 3
flusp_65 1 1
flusp_62 1 1
gnu_57 1 3
guaxinim_61 1 3
gnu_43 1 3
darksouls_36 1 1
guaxinim_31 1 3
darksouls_4 1 1
guaxinim_2 1 3
gnu_113 3 32
flusp_93 3 3
darksouls_99 3 3
gnu_98 3 32
guaxinim_71 3 3
gnu_80 3 32
guaxinim_67 3 3
flusp_59 3 3
flusp_55 3 3
gnu_47 3 32
gnu_41 4 32
guaxinim_39 4 4
gnu_25 4 32
flusp_9 4 4
gnu_135 4 32
darksouls_128 4 4
gnu_123 4 32
gnu_117 4 32
gnu_111 4 33
darksouls_107 4 4
gnu_108 4 33
darksouls_100 4 4
gnu_44 4 33
gnu_29 4 33
darksouls_21 4 4
gnu_18 4 33
darksouls_11 5 5
guaxinim_23 5 5
darksouls_6 5 5
flusp_14 5 5
guaxinim_12 5 5
flusp_110 5 5
flusp_96 5 5
gnu_104 5 33
gnu_96 5 33
darksouls_40 5 5
flusp_33 5 5
guaxinim_27 5 5
gnu_118 5 33
darksouls_88 5 5
flusp_79 5 5
gnu_73 5 33
darksouls_74 6 6
darksouls_69 6 6
gnu_63 6 33
darksouls_62 6 6
darksouls_52 6 6
darksouls_49 6 6
guaxinim_50 6 6
gnu_30 6 34
guaxinim_36 6 6
gnu_21 6 34
gnu_20 6 34
gnu_12 6 34
guaxinim_6 6 6
darksouls_1 6 6
darksouls_0 6 6
darksouls_129 6 6
gnu_129 6 34
gnu_125 7 34
darksouls_117 7 7
flusp_100 7 7
flusp_99 7 7
darksouls_97 7 7
flusp_83 7 7
gnu_81 7 34
gnu_77 7 34
darksouls_61 7 7
darksouls_59 7 7
gnu_51 7 34
guaxinim_45 7 7
flusp_35 7 7
gnu_33 7 34
flusp_32 7 7
gnu_26 7 35
guaxinim_32 7 8
guaxinim_19 8 8
guaxinim_3 8 8
darksouls_130 8 8
guaxinim_108 8 8
guaxinim_103 8 8
flusp_98 8 8
guaxinim_92 8 8
darksouls_104 8 8
gnu_92 8 35
gnu_60 8 35
guaxinim_51 8 8
flusp_47 8 8
flusp_38 8 8
gnu_36 8 35
darksouls_31 8 8
guaxinim_41 8 9
darksouls_23 9 9
guaxinim_20 9 9
guaxinim_8 9 9
flusp_6 9 9
darksouls_113 9 9
gnu_112 9 35
guaxinim_78 9 9
gnu_91 9 35
darksouls_85 9 9
flusp_73 9 9
flusp_71 9 9
flusp_70 9 9
gnu_67 9 35
darksouls_53 9 9
darksouls_48 9 9
flusp_49 9 9
flusp_36 9 10
darksouls_13 10 10
darksouls_7 10 10
guaxinim_22 10 10
flusp_3 10 10
gnu_120 10 35
darksouls_112 10 10
guaxinim_83 10 10
darksouls_98 10 10
gnu_84 10 35
darksouls_67 10 10
darksouls_37 10 10
darksouls_25 10 10
darksouls_20 10 10
flusp_20 10 10
gnu_8 10 35
gnu_5 10 36
darksouls_132 11 11
gnu_121 11 36
guaxinim_87 11 11
darksouls_82 11 11
flusp_77 11 11
darksouls_76 11 11
gnu_70 11 36
gnu_66 11 36
gnu_65 11 36
darksouls_65 11 11
guaxinim_64 11 11
darksouls_41 11 11
flusp_45 11 11
gnu_42 11 36
darksouls_35 11 11
gnu_35 11 36
guaxinim_33 12 12
guaxinim_24 12 12
flusp_8 12 12
darksouls_2 12 12
guaxinim_0 12 12
gnu_132 12 36
gnu_131 12 36
flusp_107 12 12
guaxinim_102 12 12
darksouls_123 12 12
flusp_84 12 12
gnu_93 12 36
gnu_90 12 37
gnu_89 12 37
guaxinim_69 12 12
flusp_60 12 12
gnu_61 12 37
gnu_55 13 37
flusp_54 13 13
darksouls_57 13 13
gnu_50 13 37
darksouls_27 13 13
flusp_17 13 13
flusp_13 13 13
guaxinim_17 13 13
guaxinim_11 13 13
guaxinim_10 13 13
darksouls_134 13 13
darksouls_131 13 13
guaxinim_110 13 13
gnu_107 13 37
guaxinim_85 13 13
gnu_100 13 37
darksouls_96 14 14
guaxinim_76 14 14
darksouls_84 14 14
gnu_75 14 37
darksouls_66 14 14
darksouls_64 14 14
guaxinim_59 14 14
darksouls_51 14 14
flusp_42 14 14
flusp_37 14 14
guaxinim_37 14 14
darksouls_19 14 14
flusp_10 14 14
flusp_2 14 14
flusp_104 14 14
darksouls_108 14 15
flusp_74 15 15
gnu_74 15 37
guaxinim_60 15 15
darksouls_50 15 15
gnu_49 15 37
gnu_14 15 38
flusp_15 15 15
gnu_10 15 38
guaxinim_16 15 15
guaxinim_105 15 15
darksouls_118 15 15
darksouls_106 15 15
guaxinim_89 15 15
darksouls_95 15 15
darksouls_94 15 15
darksouls_92 15 16
flusp_61 16 16
guaxinim_63 16 16
darksouls_45 16 16
darksouls_39 16 16
guaxinim_42 16 16
gnu_22 16 38
gnu_3 16 38
gnu_0 16 38
darksouls_133 16 16
flusp_102 16 16
gnu_119 16 38
guaxinim_94 16 16
flusp_94 16 16
gnu_105 16 38
gnu_103 16 38
darksouls_77 16 17
gnu_68 17 38
flusp_63 17 17
guaxinim_48 17 17
darksouls_34 17 17
gnu_15 17 38
flusp_19 17 17
flusp_18 17 17
flusp_11 17 17
gnu_128 17 39
gnu_126 17 39
darksouls_114 17 17
guaxinim_81 17 17
flusp_86 17 17
darksouls_89 17 17
darksouls_79 17 17
gnu_58 17 39
gnu_46 17 39
darksouls_42 18 18
guaxinim_35 18 18
flusp_27 18 18
flusp_25 18 18
gnu_16 18 39
darksouls_10 18 18
guaxinim_7 18 18
guaxinim_5 18 18
guaxinim_112 18 18
darksouls_124 18 18
guaxinim_100 18 18
flusp_101 18 18
gnu_115 18 39
guaxinim_95 18 18
flusp_95 18 18
guaxinim_91 18 19
guaxinim_90 19 19
darksouls_103 19 19
gnu_95 19 39
gnu_88 19 39
gnu_71 19 39
guaxinim_65 19 19
flusp_31 19 19
gnu_28 19 39
darksouls_9 19 19
flusp_12 19 19
guaxinim_1 19 19
flusp_108 19 19
guaxinim_104 19 19
darksouls_109 19 19
guaxinim_93 19 19
flusp_92 19 20
guaxinim_73 20 20
gnu_87 20 40
gnu_83 20 40
darksouls_78 20 20
darksouls_56 20 20
flusp_51 20 20
darksouls_28 20 20
guaxinim_15 20 20
guaxinim_115 20 20
guaxinim_111 20 20
flusp_105 20 20
darksouls_119 20 20
guaxinim_97 20 20
guaxinim_86 20 20
flusp_87 20 20
flusp_82 20 21
flusp_78 21 21
darksouls_73 21 21
darksouls_71 21 21
gnu_52 21 40
flusp_52 21 21
flusp_50 21 21
gnu_48 21 40
flusp_39 21 21
darksouls_32 21 21
flusp_22 21 21
darksouls_8 21 21
flusp_16 21 21
guaxinim_4 21 21
guaxinim_101 21 21
guaxinim_82 21 21
flusp_89 21 21
flusp_88 21 22
darksouls_86 22 22
darksouls_83 22 22
flusp_72 22 22
flusp_69 22 22
flusp_68 22 22
gnu_53 22 40
darksouls_29 22 22
guaxinim_40 22 22
darksouls_24 22 22
darksouls_15 22 22
flusp_24 22 22
flusp_23 22 22
gnu_7 22 40
gnu_130 22 40
gnu_127 22 40
darksouls_121 22 23
gnu_110 23 40
guaxinim_80 23 23
darksouls_90 23 23
gnu_85 23 40
flusp_76 23 23
gnu_79 23 41
flusp_64 23 23
gnu_64 23 41
gnu_37 23 41
flusp_30 23 23
flusp_28 23 23
gnu_19 23 41
guaxinim_26 23 23
gnu_6 23 41
flusp_0 23 23
gnu_133 23 41
flusp_109 24 24
darksouls_122 24 24
gnu_116 24 41
guaxinim_72 24 24
guaxinim_70 24 24
gnu_76 24 41
darksouls_54 24 24
guaxinim_34 24 24
gnu_23 24 41
gnu_11 24 41
darksouls_5 24 24
guaxinim_109 24 24
guaxinim_107 24 24
flusp_106 24 24
guaxinim_84 24 24
darksouls_93 24 25
gnu_86 25 41
gnu_72 25 42
gnu_56 25 42
flusp_56 25 25
guaxinim_58 25 25
guaxinim_54 25 25
guaxinim_52 25 25
flusp_43 25 25
guaxinim_28 25 25
darksouls_12 25 25
guaxinim_13 25 25
darksouls_127 25 25
darksouls_125 25 25
guaxinim_96 25 25
guaxinim_88 25 25
gnu_94 25 42
darksouls_87 25 26
flusp_75 26 26
darksouls_70 26 26
flusp_57 26 26
darksouls_47 26 26
darksouls_44 26 26
flusp_46 26 26
gnu_31 26 42
gnu_27 26 42
darksouls_17 26 26
guaxinim_21 26 26
guaxinim_18 26 26
flusp_5 26 26
flusp_1 26 26
gnu_122 26 42
guaxinim_98 26 26
darksouls_110 26 27
flusp_85 27 27
darksouls_91 27 27
darksouls_75 27 27
guaxinim_66 27 27
flusp_58 27 27
darksouls_38 27 27
flusp_41 27 27
gnu_4 27 42
gnu_134 27 42
darksouls_126 27 27
darksouls_120 27 27
gnu_114 27 42
flusp_80 27 27
guaxinim_57 27 27
flusp_34 27 27
gnu_34 27 42
darksouls_30 28 28
guaxinim_38 28 28
gnu_24 28 42
flusp_26 28 28
guaxinim_25 28 28
gnu_2 28 42
gnu_124 28 43
flusp_91 28 28
flusp_90 28 28
gnu_59 28 43
gnu_54 28 43
darksouls_58 28 28
darksouls_55 28 28
guaxinim_53 28 28
darksouls_43 28 28
guaxinim_49 28 28
flusp_40 28 29
guaxinim_46 29 29
guaxinim_43 29 29
gnu_17 29 43
darksouls_14 29 29
gnu_9 29 43
flusp_7 29 29
flusp_112 29 29
guaxinim_114 29 29
flusp_111 29 29
guaxinim_79 29 29
guaxinim_77 29 29
guaxinim_75 29 29
flusp_67 29 29
gnu_69 29 43
darksouls_72 29 29
darksouls_68 29 30
darksouls_63 30 30
gnu_62 30 43
flusp_48 30 30
gnu_45 30 43
flusp_44 30 30
guaxinim_47 30 30
flusp_29 30 30
darksouls_18 30 30
darksouls_16 30 30
flusp_21 30 30
darksouls_105 30 30
gnu_109 30 43
gnu_106 30 43
gnu_101 30 43
gnu_99 30 43
gnu_97 30 43
flusp_66 30 31
guaxinim_62 31 31
flusp_53 31 31
guaxinim_56 31 31
guaxinim_55 31 31
darksouls_46 31 31
gnu_38 31 44
guaxinim_44 31 31
darksouls_22 31 31
guaxinim_30 31 31
guaxinim_29 31 31
guaxinim_14 31 31
darksouls_3 31 31
flusp_4 31 31
654