darksouls_116 0 0
flusp_103 0 0
darksouls_115 0 0
guaxinim_74 0 1
flusp_81 0 0
darksouls_80 0 0
gnu_78 0 3
darksouls_60 0 0
gnu_40 0 4
gnu_39 0 4
darksouls_33 0 0
gnu_32 0 4
darksouls_26 0 0
gnu_13 0 4
guaxinim_9 0 1
gnu_1 0 4
guaxinim_113 1 4
guaxinim_106 1 4
guaxinim_99 1 4
darksouls_111 1 1
flusp_97 1 1
darksouls_102 1 1
gnu_102 1 4
darksouls_101 1 1
darksouls_81 1 1
gnu_82 1 4
guaxinim_68 1 5
flusp_65 1 1
flusp_62 1 1
gnu_57 1 5
guaxinim_61 2 2
gnu_43 2 5
darksouls_36 2 2
guaxinim_31 2 2
darksouls_4 2 2
guaxinim_2 2 2
gnu_113 2 5
flusp_93 2 2
darksouls_99 2 2
gnu_98 2 5
guaxinim_71 2 5
gnu_80 2 5
guaxinim_67 2 5
flusp_59 2 2
flusp_55 2 2
gnu_47 2 5
gnu_41 2 5
guaxinim_39 2 5
gnu_25 2 6
flusp_9 2 3
gnu_135 3 6
darksouls_128 3 3
gnu_123 3 6
gnu_117 3 6
gnu_111 3 6
darksouls_107 3 3
gnu_108 3 6
darksouls_100 3 3
gnu_44 3 6
gnu_29 3 6
darksouls_21 3 3
gnu_18 3 6
darksouls_11 3 3
guaxinim_23 3 6
darksouls_6 3 3
flusp_14 3 3
guaxinim_12 3 6
flusp_110 6 6
flusp_96 6 6
gnu_104 6 37
gnu_96 7 37
darksouls_40 7 7
flusp_33 7 7
guaxinim_27 7 7
gnu_118 7 37
darksouls_88 7 7
flusp_79 7 7
gnu_73 7 37
darksouls_74 7 7
darksouls_69 7 7
gnu_63 7 37
darksouls_62 7 7
darksouls_52 7 7
darksouls_49 7 8
guaxinim_50 8 8
gnu_30 8 37
guaxinim_36 8 8
gnu_21 8 37
gnu_20 8 37
gnu_12 8 37
guaxinim_6 8 8
darksouls_1 8 8
darksouls_0 8 8
darksouls_129 8 8
gnu_129 8 38
gnu_125 8 38
darksouls_117 8 8
flusp_100 8 9
flusp_99 9 9
darksouls_97 9 9
flusp_83 9 9
gnu_81 9 38
gnu_77 9 38
darksouls_61 9 9
darksouls_59 9 9
gnu_51 9 38
guaxinim_45 9 9
flusp_35 9 9
gnu_33 9 38
flusp_32 9 9
gnu_26 9 38
guaxinim_32 9 10
guaxinim_19 10 10
guaxinim_3 10 10
darksouls_130 10 10
guaxinim_108 10 10
guaxinim_103 10 10
flusp_98 10 10
guaxinim_92 10 10
darksouls_104 10 10
gnu_92 10 38
gnu_60 10 38
guaxinim_51 10 10
flusp_47 10 10
flusp_38 10 10
gnu_36 10 38
darksouls_31 11 11
guaxinim_41 11 11
darksouls_23 11 11
guaxinim_20 11 11
guaxinim_8 11 11
flusp_6 11 11
darksouls_113 11 11
gnu_112 11 39
guaxinim_78 11 11
gnu_91 11 39
darksouls_85 11 11
flusp_73 11 11
flusp_71 11 11
flusp_70 11 12
gnu_67 12 39
darksouls_53 12 12
darksouls_48 12 12
flusp_49 12 12
flusp_36 12 12
darksouls_13 12 12
darksouls_7 12 12
guaxinim_22 12 12
flusp_3 12 12
gnu_120 12 39
darksouls_112 12 12
guaxinim_83 12 12
darksouls_98 12 12
gnu_84 12 39
darksouls_67 13 13
darksouls_37 13 13
darksouls_25 13 13
darksouls_20 13 13
flusp_20 13 13
gnu_8 13 39
gnu_5 13 39
darksouls_132 13 13
gnu_121 13 39
guaxinim_87 13 13
darksouls_82 13 13
flusp_77 13 13
darksouls_76 13 13
gnu_70 13 39
gnu_66 14 39
gnu_65 14 40
darksouls_65 14 14
guaxinim_64 14 14
darksouls_41 14 14
flusp_45 14 14
gnu_42 14 40
darksouls_35 14 14
gnu_35 14 40
guaxinim_33 14 14
guaxinim_24 14 14
flusp_8 14 14
darksouls_2 14 14
guaxinim_0 14 15
gnu_132 15 40
gnu_131 15 40
flusp_107 15 15
guaxinim_102 15 15
darksouls_123 15 15
flusp_84 15 15
gnu_93 15 40
gnu_90 15 40
gnu_89 15 40
guaxinim_69 15 15
flusp_60 15 15
gnu_61 15 40
gnu_55 15 40
flusp_54 15 15
darksouls_57 15 16
gnu_50 16 41
darksouls_27 16 16
flusp_17 16 16
flusp_13 16 16
guaxinim_17 16 16
guaxinim_11 16 16
guaxinim_10 16 16
darksouls_134 16 16
darksouls_131 16 16
guaxinim_110 16 16
gnu_107 16 41
guaxinim_85 16 16
gnu_100 16 41
darksouls_96 16 17
guaxinim_76 17 17
darksouls_84 17 17
gnu_75 17 41
darksouls_66 17 17
darksouls_64 17 17
guaxinim_59 17 17
darksouls_51 17 17
flusp_42 17 17
flusp_37 17 17
guaxinim_37 17 17
darksouls_19 17 17
flusp_10 17 17
flusp_2 17 17
flusp_104 17 18
darksouls_108 18 18
flusp_74 18 18
gnu_74 18 41
guaxinim_60 18 18
darksouls_50 18 18
gnu_49 18 41
gnu_14 18 41
flusp_15 18 18
gnu_10 18 41
guaxinim_16 18 18
guaxinim_105 18 18
darksouls_118 18 18
darksouls_106 18 18
guaxinim_89 18 19
darksouls_95 19 19
darksouls_94 19 19
darksouls_92 19 19
flusp_61 19 19
guaxinim_63 19 19
darksouls_45 19 19
darksouls_39 19 19
guaxinim_42 19 19
gnu_22 19 41
gnu_3 19 41
gnu_0 19 42
darksouls_133 19 19
flusp_102 19 19
gnu_119 19 42
guaxinim_94 20 20
flusp_94 20 20
gnu_105 20 42
gnu_103 20 42
darksouls_77 20 20
gnu_68 20 42
flusp_63 20 20
guaxinim_48 20 20
darksouls_34 20 20
gnu_15 20 42
flusp_19 20 20
flusp_18 20 20
flusp_11 20 20
gnu_128 20 42
gnu_126 21 42
darksouls_114 21 21
guaxinim_81 21 21
flusp_86 21 21
darksouls_89 21 21
darksouls_79 21 21
gnu_58 21 42
gnu_46 21 42
darksouls_42 21 21
guaxinim_35 21 21
flusp_27 21 21
flusp_25 21 21
gnu_16 21 43
darksouls_10 21 21
guaxinim_7 21 22
guaxinim_5 22 22
guaxinim_112 22 22
darksouls_124 22 22
guaxinim_100 22 22
flusp_101 22 22
gnu_115 22 43
guaxinim_95 22 22
flusp_95 22 22
guaxinim_91 22 22
guaxinim_90 22 22
darksouls_103 22 22
gnu_95 22 43
gnu_88 22 43
gnu_71 22 43
guaxinim_65 23 23
flusp_31 23 23
gnu_28 23 43
darksouls_9 23 23
flusp_12 23 23
guaxinim_1 23 23
flusp_108 23 23
guaxinim_104 23 23
darksouls_109 23 23
guaxinim_93 23 23
flusp_92 23 23
guaxinim_73 23 23
gnu_87 23 43
gnu_83 23 43
darksouls_78 24 24
darksouls_56 24 24
flusp_51 24 24
darksouls_28 24 24
guaxinim_15 24 24
guaxinim_115 24 24
guaxinim_111 24 24
flusp_105 24 24
darksouls_119 24 24
guaxinim_97 24 24
guaxinim_86 24 24
flusp_87 24 24
flusp_82 24 24
flusp_78 24 24
darksouls_73 24 25
darksouls_71 25 25
gnu_52 25 43
flusp_52 25 25
flusp_50 25 25
gnu_48 25 43
flusp_39 25 25
darksouls_32 25 25
flusp_22 25 25
darksouls_8 25 25
flusp_16 25 25
guaxinim_4 25 25
guaxinim_101 25 25
guaxinim_82 25 25
flusp_89 25 26
flusp_88 26 26
darksouls_86 26 26
darksouls_83 26 26
flusp_72 26 26
flusp_69 26 26
flusp_68 26 26
gnu_53 26 44
darksouls_29 26 26
guaxinim_40 26 26
darksouls_24 26 26
darksouls_15 26 26
flusp_24 26 26
flusp_23 26 26
gnu_7 26 44
gnu_130 26 44
gnu_127 27 44
darksouls_121 27 27
gnu_110 27 44
guaxinim_80 27 27
darksouls_90 27 27
gnu_85 27 44
flusp_76 27 27
gnu_79 27 44
flusp_64 27 27
gnu_64 27 44
gnu_37 27 44
flusp_30 27 27
flusp_28 27 27
gnu_19 27 44
guaxinim_26 28 28
gnu_6 28 45
flusp_0 28 28
gnu_133 28 45
flusp_109 28 28
darksouls_122 28 28
gnu_116 28 45
guaxinim_72 28 28
guaxinim_70 28 28
gnu_76 28 45
darksouls_54 28 28
guaxinim_34 28 28
gnu_23 28 45
gnu_11 28 45
darksouls_5 28 29
guaxinim_109 29 29
guaxinim_107 29 29
flusp_106 29 29
guaxinim_84 29 29
darksouls_93 29 29
gnu_86 29 45
gnu_72 29 45
gnu_56 29 45
flusp_56 29 29
guaxinim_58 29 29
guaxinim_54 29 29
guaxinim_52 29 29
flusp_43 29 29
guaxinim_28 29 30
darksouls_12 30 30
guaxinim_13 30 30
darksouls_127 30 30
darksouls_125 30 30
guaxinim_96 30 30
guaxinim_88 30 30
gnu_94 30 45
darksouls_87 30 30
flusp_75 30 30
darksouls_70 30 30
flusp_57 30 30
darksouls_47 30 30
darksouls_44 30 30
flusp_46 30 30
gnu_31 30 46
gnu_27 31 46
darksouls_17 31 31
guaxinim_21 31 31
guaxinim_18 31 31
flusp_5 31 31
flusp_1 31 31
gnu_122 31 46
guaxinim_98 31 31
darksouls_110 31 31
flusp_85 31 31
darksouls_91 31 31
darksouls_75 31 31
guaxinim_66 31 31
flusp_58 31 32
darksouls_38 32 32
flusp_41 32 32
gnu_4 32 46
gnu_134 32 46
darksouls_126 32 32
darksouls_120 32 32
gnu_114 32 46
flusp_80 32 32
guaxinim_57 32 32
flusp_34 32 32
gnu_34 32 46
darksouls_30 32 32
guaxinim_38 32 32
gnu_24 32 46
flusp_26 32 33
guaxinim_25 33 33
gnu_2 33 46
gnu_124 33 46
flusp_91 33 33
flusp_90 33 33
gnu_59 33 46
gnu_54 33 46
darksouls_58 33 33
darksouls_55 33 33
guaxinim_53 33 33
darksouls_43 33 33
guaxinim_49 33 33
flusp_40 33 33
guaxinim_46 33 33
guaxinim_43 33 34
gnu_17 34 47
darksouls_14 34 34
gnu_9 34 47
flusp_7 34 34
flusp_112 34 34
guaxinim_114 34 34
flusp_111 34 34
guaxinim_79 34 34
guaxinim_77 34 34
guaxinim_75 34 34
flusp_67 34 34
gnu_69 34 47
darksouls_72 34 34
darksouls_68 34 34
darksouls_63 34 35
gnu_62 35 47
flusp_48 35 35
gnu_45 35 47
flusp_44 35 35
guaxinim_47 35 35
flusp_29 35 35
darksouls_18 35 35
darksouls_16 35 35
flusp_21 35 35
darksouls_105 35 35
gnu_109 35 47
gnu_106 35 47
gnu_101 35 47
gnu_99 35 47
gnu_97 36 47
flusp_66 36 36
guaxinim_62 36 36
flusp_53 36 36
guaxinim_56 36 36
guaxinim_55 36 36
darksouls_46 36 36
gnu_38 36 47
guaxinim_44 36 36
darksouls_22 36 36
guaxinim_30 36 36
guaxinim_29 36 36
guaxinim_14 36 36
darksouls_3 36 36
flusp_4 36 37
661