darksouls_116 0 0
flusp_103 0 0
darksouls_115 0 0
guaxinim_74 0 4
flusp_81 0 0
darksouls_80 0 0
gnu_78 0 4
darksouls_60 0 1
gnu_40 1 4
gnu_39 1 4
darksouls_33 1 1
gnu_32 1 4
darksouls_26 1 1
gnu_13 1 4
guaxinim_9 1 1
gnu_1 1 4
guaxinim_113 1 4
guaxinim_106 1 4
guaxinim_99 1 4
darksouls_111 1 1
flusp_97 1 1
darksouls_102 1 1
gnu_102 1 5
darksouls_101 1 1
darksouls_81 1 1
gnu_82 1 5
guaxinim_68 1 5
flusp_65 1 1
flusp_62 1 2
gnu_57 2 5
guaxinim_61 2 2
gnu_43 2 5
darksouls_36 2 2
guaxinim_31 2 2
darksouls_4 2 2
guaxinim_2 2 2
gnu_113 2 5
flusp_93 2 2
darksouls_99 2 2
gnu_98 2 5
guaxinim_71 2 5
gnu_80 2 5
guaxinim_67 2 5
flusp_59 2 2
flusp_55 2 2
gnu_47 2 5
gnu_41 2 6
guaxinim_39 2 6
gnu_25 2 6
flusp_9 3 3
gnu_135 3 6
darksouls_128 3 3
gnu_123 3 6
gnu_117 3 6
gnu_111 3 6
darksouls_107 3 3
gnu_108 3 6
darksouls_100 3 3
gnu_44 3 6
gnu_29 3 6
darksouls_21 3 3
gnu_18 3 6
darksouls_11 3 3
guaxinim_23 3 6
darksouls_6 3 3
flusp_14 3 3
guaxinim_12 3 7
flusp_110 7 7
flusp_96 7 7
gnu_104 7 37
gnu_96 7 37
darksouls_40 7 7
flusp_33 7 7
guaxinim_27 7 7
gnu_118 7 38
darksouls_88 7 7
flusp_79 7 7
gnu_73 7 38
darksouls_74 7 7
darksouls_69 7 7
gnu_63 7 38
darksouls_62 8 8
darksouls_52 8 8
darksouls_49 8 8
guaxinim_50 8 8
gnu_30 8 38
guaxinim_36 8 8
gnu_21 8 38
gnu_20 8 38
gnu_12 8 38
guaxinim_6 8 8
darksouls_1 8 8
darksouls_0 8 8
darksouls_129 8 9
gnu_129 9 38
gnu_125 9 38
darksouls_117 9 9
flusp_100 9 9
flusp_99 9 9
darksouls_97 9 9
flusp_83 9 9
gnu_81 9 38
gnu_77 9 39
darksouls_61 9 9
darksouls_59 9 9
gnu_51 9 39
guaxinim_45 9 9
flusp_35 9 10
gnu_33 10 39
flusp_32 10 10
gnu_26 10 39
guaxinim_32 10 10
guaxinim_19 10 10
guaxinim_3 10 10
darksouls_130 10 10
guaxinim_108 10 10
guaxinim_103 10 10
flusp_98 10 10
guaxinim_92 10 10
darksouls_104 10 10
gnu_92 10 39
gnu_60 10 39
guaxinim_51 11 11
flusp_47 11 11
flusp_38 11 11
gnu_36 11 39
darksouls_31 11 11
guaxinim_41 11 11
darksouls_23 11 11
guaxinim_20 11 11
guaxinim_8 11 11
flusp_6 11 11
darksouls_113 11 11
gnu_112 11 39
guaxinim_78 11 11
gnu_91 11 39
darksouls_85 12 12
flusp_73 12 12
flusp_71 12 12
flusp_70 12 12
gnu_67 12 39
darksouls_53 12 12
darksouls_48 12 12
flusp_49 12 12
flusp_36 12 12
darksouls_13 12 12
darksouls_7 12 12
guaxinim_22 12 12
flusp_3 12 13
gnu_120 13 40
darksouls_112 13 13
guaxinim_83 13 13
darksouls_98 13 13
gnu_84 13 40
darksouls_67 13 13
darksouls_37 13 13
darksouls_25 13 13
darksouls_20 13 13
flusp_20 13 13
gnu_8 13 40
gnu_5 13 40
darksouls_132 13 13
gnu_121 13 40
guaxinim_87 14 14
darksouls_82 14 14
flusp_77 14 14
darksouls_76 14 14
gnu_70 14 40
gnu_66 14 40
gnu_65 14 40
darksouls_65 14 14
guaxinim_64 14 14
darksouls_41 14 14
flusp_45 14 14
gnu_42 14 40
darksouls_35 14 14
gnu_35 14 40
guaxinim_33 15 15
guaxinim_24 15 15
flusp_8 15 15
darksouls_2 15 15
guaxinim_0 15 15
gnu_132 15 41
gnu_131 15 41
flusp_107 15 15
guaxinim_102 15 15
darksouls_123 15 15
flusp_84 15 15
gnu_93 15 41
gnu_90 15 41
gnu_89 15 41
guaxinim_69 16 16
flusp_60 16 16
gnu_61 16 41
gnu_55 16 41
flusp_54 16 16
darksouls_57 16 16
gnu_50 16 41
darksouls_27 16 16
flusp_17 16 16
flusp_13 16 16
guaxinim_17 16 16
guaxinim_11 16 16
guaxinim_10 16 16
darksouls_134 16 17
darksouls_131 17 17
guaxinim_110 17 17
gnu_107 17 41
guaxinim_85 17 17
gnu_100 17 41
darksouls_96 17 17
guaxinim_76 17 17
darksouls_84 17 17
gnu_75 17 42
darksouls_66 17 17
darksouls_64 17 17
guaxinim_59 17 17
darksouls_51 17 17
flusp_42 17 18
flusp_37 18 18
guaxinim_37 18 18
darksouls_19 18 18
flusp_10 18 18
flusp_2 18 18
flusp_104 18 18
darksouls_108 18 18
flusp_74 18 18
gnu_74 18 42
guaxinim_60 18 18
darksouls_50 18 18
gnu_49 18 42
gnu_14 18 42
flusp_15 19 19
gnu_10 19 42
guaxinim_16 19 19
guaxinim_105 19 19
darksouls_118 19 19
darksouls_106 19 19
guaxinim_89 19 19
darksouls_95 19 19
darksouls_94 19 19
darksouls_92 19 19
flusp_61 19 19
guaxinim_63 19 19
darksouls_45 19 19
darksouls_39 19 20
guaxinim_42 20 20
gnu_22 20 42
gnu_3 20 42
gnu_0 20 42
darksouls_133 20 20
flusp_102 20 20
gnu_119 20 42
guaxinim_94 20 20
flusp_94 20 20
gnu_105 20 42
gnu_103 20 43
darksouls_77 20 20
gnu_68 20 43
flusp_63 20 21
guaxinim_48 21 21
darksouls_34 21 21
gnu_15 21 43
flusp_19 21 21
flusp_18 21 21
flusp_11 21 21
gnu_128 21 43
gnu_126 21 43
darksouls_114 21 21
guaxinim_81 21 21
flusp_86 21 21
darksouls_89 21 21
darksouls_79 21 21
gnu_58 21 43
gnu_46 21 43
darksouls_42 22 22
guaxinim_35 22 22
flusp_27 22 22
flusp_25 22 22
gnu_16 22 43
darksouls_10 22 22
guaxinim_7 22 22
guaxinim_5 22 22
guaxinim_112 22 22
darksouls_124 22 22
guaxinim_100 22 22
flusp_101 22 22
gnu_115 22 43
guaxinim_95 22 23
flusp_95 23 23
guaxinim_91 23 23
guaxinim_90 23 23
darksouls_103 23 23
gnu_95 23 43
gnu_88 23 44
gnu_71 23 44
guaxinim_65 23 23
flusp_31 23 23
gnu_28 23 44
darksouls_9 23 23
flusp_12 23 23
guaxinim_1 23 23
flusp_108 23 24
guaxinim_104 24 24
darksouls_109 24 24
guaxinim_93 24 24
flusp_92 24 24
guaxinim_73 24 24
gnu_87 24 44
gnu_83 24 44
darksouls_78 24 24
darksouls_56 24 24
flusp_51 24 24
darksouls_28 24 24
guaxinim_15 24 24
guaxinim_115 24 24
guaxinim_111 24 25
flusp_105 25 25
darksouls_119 25 25
guaxinim_97 25 25
guaxinim_86 25 25
flusp_87 25 25
flusp_82 25 25
flusp_78 25 25
darksouls_73 25 25
darksouls_71 25 25
gnu_52 25 44
flusp_52 25 25
flusp_50 25 25
gnu_48 25 44
flusp_39 25 26
darksouls_32 26 26
flusp_22 26 26
darksouls_8 26 26
flusp_16 26 26
guaxinim_4 26 26
guaxinim_101 26 26
guaxinim_82 26 26
flusp_89 26 26
flusp_88 26 26
darksouls_86 26 26
darksouls_83 26 26
flusp_72 26 26
flusp_69 26 26
flusp_68 26 27
gnu_53 27 44
darksouls_29 27 27
guaxinim_40 27 27
darksouls_24 27 27
darksouls_15 27 27
flusp_24 27 27
flusp_23 27 27
gnu_7 27 44
gnu_130 27 44
gnu_127 27 45
darksouls_121 27 27
gnu_110 27 45
guaxinim_80 27 27
darksouls_90 27 27
gnu_85 27 45
flusp_76 28 28
gnu_79 28 45
flusp_64 28 28
gnu_64 28 45
gnu_37 28 45
flusp_30 28 28
flusp_28 28 28
gnu_19 28 45
guaxinim_26 28 28
gnu_6 28 45
flusp_0 28 28
gnu_133 28 45
flusp_109 28 28
darksouls_122 28 29
gnu_116 29 45
guaxinim_72 29 29
guaxinim_70 29 29
gnu_76 29 46
darksouls_54 29 29
guaxinim_34 29 29
gnu_23 29 46
gnu_11 29 46
darksouls_5 29 29
guaxinim_109 29 29
guaxinim_107 29 29
flusp_106 29 29
guaxinim_84 29 29
darksouls_93 29 30
gnu_86 30 46
gnu_72 30 46
gnu_56 30 46
flusp_56 30 30
guaxinim_58 30 30
guaxinim_54 30 30
guaxinim_52 30 30
flusp_43 30 30
guaxinim_28 30 30
darksouls_12 30 30
guaxinim_13 30 30
darksouls_127 30 30
darksouls_125 30 30
guaxinim_96 30 31
guaxinim_88 31 31
gnu_94 31 46
darksouls_87 31 31
flusp_75 31 31
darksouls_70 31 31
flusp_57 31 31
darksouls_47 31 31
darksouls_44 31 31
flusp_46 31 31
gnu_31 31 46
gnu_27 31 46
darksouls_17 31 31
guaxinim_21 31 31
guaxinim_18 31 31
flusp_5 31 32
flusp_1 32 32
gnu_122 32 46
guaxinim_98 32 32
darksouls_110 32 32
flusp_85 32 32
darksouls_91 32 32
darksouls_75 32 32
guaxinim_66 32 32
flusp_58 32 32
darksouls_38 32 32
flusp_41 32 32
gnu_4 32 47
gnu_134 32 47
darksouls_126 32 33
darksouls_120 33 33
gnu_114 33 47
flusp_80 33 33
guaxinim_57 33 33
flusp_34 33 33
gnu_34 33 47
darksouls_30 33 33
guaxinim_38 33 33
gnu_24 33 47
flusp_26 33 33
guaxinim_25 33 33
gnu_2 33 47
gnu_124 33 47
flusp_91 33 33
flusp_90 33 34
gnu_59 34 47
gnu_54 34 47
darksouls_58 34 34
darksouls_55 34 34
guaxinim_53 34 34
darksouls_43 34 34
guaxinim_49 34 34
flusp_40 34 34
guaxinim_46 34 34
guaxinim_43 34 34
gnu_17 34 47
darksouls_14 34 34
gnu_9 34 47
flusp_7 34 35
flusp_112 35 35
guaxinim_114 35 35
flusp_111 35 35
guaxinim_79 35 35
guaxinim_77 35 35
guaxinim_75 35 35
flusp_67 35 35
gnu_69 35 47
darksouls_72 35 35
darksouls_68 35 35
darksouls_63 35 35
gnu_62 35 48
flusp_48 35 35
gnu_45 35 48
flusp_44 35 36
guaxinim_47 36 36
flusp_29 36 36
darksouls_18 36 36
darksouls_16 36 36
flusp_21 36 36
darksouls_105 36 36
gnu_109 36 48
gnu_106 36 48
gnu_101 36 48
gnu_99 36 48
gnu_97 36 48
flusp_66 36 36
guaxinim_62 36 36
flusp_53 36 37
guaxinim_56 37 37
guaxinim_55 37 37
darksouls_46 37 37
gnu_38 37 48
guaxinim_44 37 37
darksouls_22 37 37
guaxinim_30 37 37
guaxinim_29 37 37
guaxinim_14 37 37
darksouls_3 37 37
flusp_4 37 37
646