darksouls_116 0 0
flusp_103 0 0
darksouls_115 0 0
guaxinim_74 0 0
flusp_81 0 0
darksouls_80 0 0
gnu_78 0 1
darksouls_60 0 0
gnu_40 0 10
gnu_39 0 10
darksouls_33 0 0
gnu_32 0 2
darksouls_26 0 0
gnu_13 0 2
guaxinim_9 0 0
gnu_1 0 2
guaxinim_113 1 2
guaxinim_106 1 2
guaxinim_99 1 2
darksouls_111 1 1
flusp_97 1 1
darksouls_102 1 1
gnu_102 1 10
darksouls_101 1 1
darksouls_81 1 1
gnu_82 1 10
guaxinim_68 1 2
flusp_65 1 1
flusp_62 1 1
gnu_57 1 10
guaxinim_61 1 2
gnu_43 1 10
darksouls_36 1 1
guaxinim_31 1 2
darksouls_4 1 1
guaxinim_2 1 2
gnu_113 2 10
flusp_93 2 3
darksouls_99 3 3
gnu_98 3 10
guaxinim_71 3 3
gnu_80 3 10
guaxinim_67 3 3
flusp_59 3 3
flusp_55 3 3
gnu_47 3 10
gnu_41 3 11
guaxinim_39 3 3
gnu_25 3 11
flusp_9 3 3
gnu_135 3 11
darksouls_128 3 3
gnu_123 3 11
gnu_117 3 11
gnu_111 3 11
darksouls_107 3 4
gnu_108 4 11
darksouls_100 4 4
gnu_44 4 11
gnu_29 4 11
darksouls_21 4 4
gnu_18 4 11
darksouls_11 4 4
guaxinim_23 4 4
darksouls_6 4 4
flusp_14 4 4
guaxinim_12 4 4
flusp_110 4 4
flusp_96 4 4
gnu_104 4 12
gnu_96 4 12
darksouls_40 4 4
flusp_33 4 5
guaxinim_27 5 5
gnu_118 5 12
darksouls_88 5 5
flusp_79 5 5
gnu_73 5 12
darksouls_74 5 5
darksouls_69 5 5
gnu_63 5 12
darksouls_62 5 5
darksouls_52 5 5
darksouls_49 5 5
guaxinim_50 5 5
gnu_30 5 12
guaxinim_36 5 5
gnu_21 5 12
gnu_20 5 12
gnu_12 5 12
guaxinim_6 5 5
darksouls_1 5 6
darksouls_0 6 6
darksouls_129 6 6
gnu_129 6 12
gnu_125 6 12
darksouls_117 6 6
flusp_100 6 6
flusp_99 6 6
darksouls_97 6 6
flusp_83 6 6
gnu_81 6 13
gnu_77 6 13
darksouls_61 6 6
darksouls_59 6 6
gnu_51 6 13
guaxinim_45 6 6
flusp_35 6 6
gnu_33 6 13
flusp_32 6 7
gnu_26 7 13
guaxinim_32 7 7
guaxinim_19 7 7
guaxinim_3 7 7
darksouls_130 7 7
guaxinim_108 7 7
guaxinim_103 7 7
flusp_98 7 7
guaxinim_92 7 7
darksouls_104 7 7
gnu_92 7 13
gnu_60 7 13
guaxinim_51 7 7
flusp_47 7 7
flusp_38 7 7
gnu_36 7 13
darksouls_31 7 7
guaxinim_41 7 8
darksouls_23 8 8
guaxinim_20 8 8
guaxinim_8 8 8
flusp_6 8 8
darksouls_113 8 8
gnu_112 8 13
guaxinim_78 8 8
gnu_91 8 13
darksouls_85 8 8
flusp_73 8 8
flusp_71 8 8
flusp_70 8 8
gnu_67 8 13
darksouls_53 8 8
darksouls_48 8 8
flusp_49 8 8
flusp_36 8 8
darksouls_13 8 9
darksouls_7 9 9
guaxinim_22 9 9
flusp_3 9 9
gnu_120 9 14
darksouls_112 9 9
guaxinim_83 9 9
darksouls_98 9 9
gnu_84 9 14
darksouls_67 9 9
darksouls_37 9 9
darksouls_25 9 9
darksouls_20 9 9
flusp_20 9 9
gnu_8 9 14
gnu_5 9 14
darksouls_132 14 14
gnu_121 14 38
guaxinim_87 14 14
darksouls_82 14 14
flusp_77 14 14
darksouls_76 14 14
gnu_70 14 38
gnu_66 14 38
gnu_65 14 38
darksouls_65 14 14
guaxinim_64 14 15
darksouls_41 15 15
flusp_45 15 15
gnu_42 15 38
darksouls_35 15 15
gnu_35 15 39
guaxinim_33 15 15
guaxinim_24 15 15
flusp_8 15 15
darksouls_2 15 15
guaxinim_0 15 15
gnu_132 15 39
gnu_131 15 39
flusp_107 15 15
guaxinim_102 15 16
darksouls_123 16 16
flusp_84 16 16
gnu_93 16 39
gnu_90 16 39
gnu_89 16 39
guaxinim_69 16 16
flusp_60 16 16
gnu_61 16 39
gnu_55 16 39
flusp_54 16 16
darksouls_57 16 16
gnu_50 16 39
darksouls_27 16 17
flusp_17 17 17
flusp_13 17 17
guaxinim_17 17 17
guaxinim_11 17 17
guaxinim_10 17 17
darksouls_134 17 17
darksouls_131 17 17
guaxinim_110 17 17
gnu_107 17 40
guaxinim_85 17 17
gnu_100 17 40
darksouls_96 17 17
guaxinim_76 17 17
darksouls_84 17 18
gnu_75 18 40
darksouls_66 18 18
darksouls_64 18 18
guaxinim_59 18 18
darksouls_51 18 18
flusp_42 18 18
flusp_37 18 18
guaxinim_37 18 18
darksouls_19 18 18
flusp_10 18 18
flusp_2 18 18
flusp_104 18 18
darksouls_108 18 19
flusp_74 19 19
gnu_74 19 40
guaxinim_60 19 19
darksouls_50 19 19
gnu_49 19 40
gnu_14 19 40
flusp_15 19 19
gnu_10 19 40
guaxinim_16 19 19
guaxinim_105 19 19
darksouls_118 19 19
darksouls_106 19 19
guaxinim_89 19 19
darksouls_95 19 20
darksouls_94 20 20
darksouls_92 20 20
flusp_61 20 20
guaxinim_63 20 20
darksouls_45 20 20
darksouls_39 20 20
guaxinim_42 20 20
gnu_22 20 40
gnu_3 20 40
gnu_0 20 40
darksouls_133 20 20
flusp_102 20 20
gnu_119 20 41
guaxinim_94 20 21
flusp_94 21 21
gnu_105 21 41
gnu_103 21 41
darksouls_77 21 21
gnu_68 21 41
flusp_63 21 21
guaxinim_48 21 21
darksouls_34 21 21
gnu_15 21 41
flusp_19 21 21
flusp_18 21 21
flusp_11 21 21
gnu_128 21 41
gnu_126 21 41
darksouls_114 22 22
guaxinim_81 22 22
flusp_86 22 22
darksouls_89 22 22
darksouls_79 22 22
gnu_58 22 41
gnu_46 22 41
darksouls_42 22 22
guaxinim_35 22 22
flusp_27 22 22
flusp_25 22 22
gnu_16 22 41
darksouls_10 22 22
guaxinim_7 22 23
guaxinim_5 23 23
guaxinim_112 23 23
darksouls_124 23 23
guaxinim_100 23 23
flusp_101 23 23
gnu_115 23 42
guaxinim_95 23 23
flusp_95 23 23
guaxinim_91 23 23
guaxinim_90 23 23
darksouls_103 23 23
gnu_95 23 42
gnu_88 23 42
gnu_71 23 42
guaxinim_65 24 24
flusp_31 24 24
gnu_28 24 42
darksouls_9 24 24
flusp_12 24 24
guaxinim_1 24 24
flusp_108 24 24
guaxinim_104 24 24
darksouls_109 24 24
guaxinim_93 24 24
flusp_92 24 24
guaxinim_73 24 24
gnu_87 24 42
gnu_83 25 42
darksouls_78 25 25
darksouls_56 25 25
flusp_51 25 25
darksouls_28 25 25
guaxinim_15 25 25
guaxinim_115 25 25
guaxinim_111 25 25
flusp_105 25 25
darksouls_119 25 25
guaxinim_97 25 25
guaxinim_86 25 25
flusp_87 25 25
flusp_82 25 26
flusp_78 26 26
darksouls_73 26 26
darksouls_71 26 26
gnu_52 26 42
flusp_52 26 26
flusp_50 26 26
gnu_48 26 42
flusp_39 26 26
darksouls_32 26 26
flusp_22 26 26
darksouls_8 26 26
flusp_16 26 26
guaxinim_4 26 26
guaxinim_101 26 27
guaxinim_82 27 27
flusp_89 27 27
flusp_88 27 27
darksouls_86 27 27
darksouls_83 27 27
flusp_72 27 27
flusp_69 27 27
flusp_68 27 27
gnu_53 27 42
darksouls_29 27 27
guaxinim_40 27 27
darksouls_24 27 27
darksouls_15 27 27
flusp_24 27 28
flusp_23 28 28
gnu_7 28 43
gnu_130 28 43
gnu_127 28 43
darksouls_121 28 28
gnu_110 28 43
guaxinim_80 28 28
darksouls_90 28 28
gnu_85 28 43
flusp_76 28 28
gnu_79 28 43
flusp_64 28 28
gnu_64 28 43
gnu_37 28 43
flusp_30 29 29
flusp_28 29 29
gnu_19 29 43
guaxinim_26 29 29
gnu_6 29 43
flusp_0 29 29
gnu_133 29 43
flusp_109 29 29
darksouls_122 29 29
gnu_116 29 44
guaxinim_72 29 29
guaxinim_70 29 29
gnu_76 29 44
darksouls_54 29 30
guaxinim_34 30 30
gnu_23 30 44
gnu_11 30 44
darksouls_5 30 30
guaxinim_109 30 30
guaxinim_107 30 30
flusp_106 30 30
guaxinim_84 30 30
darksouls_93 30 30
gnu_86 30 44
gnu_72 30 44
gnu_56 30 44
flusp_56 30 30
guaxinim_58 30 31
guaxinim_54 31 31
guaxinim_52 31 31
flusp_43 31 31
guaxinim_28 31 31
darksouls_12 31 31
guaxinim_13 31 31
darksouls_127 31 31
darksouls_125 31 31
guaxinim_96 31 31
guaxinim_88 31 31
gnu_94 31 44
darksouls_87 31 31
flusp_75 31 31
darksouls_70 31 31
flusp_57 31 32
darksouls_47 32 32
darksouls_44 32 32
flusp_46 32 32
gnu_31 32 44
gnu_27 32 44
darksouls_17 32 32
guaxinim_21 32 32
guaxinim_18 32 32
flusp_5 32 32
flusp_1 32 32
gnu_122 32 45
guaxinim_98 32 32
darksouls_110 32 32
flusp_85 32 33
darksouls_91 33 33
darksouls_75 33 33
guaxinim_66 33 33
flusp_58 33 33
darksouls_38 33 33
flusp_41 33 33
gnu_4 33 45
gnu_134 33 45
darksouls_126 33 33
darksouls_120 33 33
gnu_114 33 45
flusp_80 33 33
guaxinim_57 33 33
flusp_34 33 34
gnu_34 34 45
darksouls_30 34 34
guaxinim_38 34 34
gnu_24 34 45
flusp_26 34 34
guaxinim_25 34 34
gnu_2 34 45
gnu_124 34 45
flusp_91 34 34
flusp_90 34 34
gnu_59 34 45
gnu_54 34 45
darksouls_58 34 34
darksouls_55 34 35
guaxinim_53 35 35
darksouls_43 35 35
guaxinim_49 35 35
flusp_40 35 35
guaxinim_46 35 35
guaxinim_43 35 35
gnu_17 35 45
darksouls_14 35 35
gnu_9 35 45
flusp_7 35 35
flusp_112 35 35
guaxinim_114 35 35
flusp_111 35 35
guaxinim_79 35 35
guaxinim_77 35 36
guaxinim_75 36 36
flusp_67 36 36
gnu_69 36 46
darksouls_72 36 36
darksouls_68 36 36
darksouls_63 36 36
gnu_62 36 46
flusp_48 36 36
gnu_45 36 46
flusp_44 36 36
guaxinim_47 36 36
flusp_29 36 36
darksouls_18 36 36
darksouls_16 36 37
flusp_21 37 37
darksouls_105 37 37
gnu_109 37 46
gnu_106 37 46
gnu_101 37 46
gnu_99 37 46
gnu_97 37 46
flusp_66 37 37
guaxinim_62 37 37
flusp_53 37 37
guaxinim_56 37 37
guaxinim_55 37 37
darksouls_46 37 37
gnu_38 37 46
guaxinim_44 38 38
darksouls_22 38 38
guaxinim_30 38 38
guaxinim_29 38 38
guaxinim_14 38 38
darksouls_3 38 38
flusp_4 38 38
665