darksouls_116 0 0
flusp_103 0 0
darksouls_115 0 0
guaxinim_74 0 0
flusp_81 0 0
darksouls_80 0 0
gnu_78 0 1
darksouls_60 0 0
gnu_40 0 25
gnu_39 0 26
darksouls_33 0 0
gnu_32 0 2
darksouls_26 0 0
gnu_13 0 2
guaxinim_9 0 1
gnu_1 0 2
guaxinim_113 1 2
guaxinim_106 1 2
guaxinim_99 1 2
darksouls_111 1 1
flusp_97 1 1
darksouls_102 1 1
gnu_102 1 26
darksouls_101 1 1
darksouls_81 1 1
gnu_82 1 26
guaxinim_68 1 2
flusp_65 1 1
flusp_62 1 1
gnu_57 1 26
guaxinim_61 1 2
gnu_43 1 26
darksouls_36 1 1
guaxinim_31 1 2
darksouls_4 1 1
guaxinim_2 1 3
gnu_113 3 26
flusp_93 3 3
darksouls_99 3 3
gnu_98 3 26
guaxinim_71 3 3
gnu_80 3 26
guaxinim_67 3 3
flusp_59 3 3
flusp_55 3 3
gnu_47 3 26
gnu_41 3 26
guaxinim_39 3 3
gnu_25 3 27
flusp_9 3 3
gnu_135 3 27
darksouls_128 3 3
gnu_123 3 27
gnu_117 4 27
gnu_111 4 27
darksouls_107 4 4
gnu_108 4 27
darksouls_100 4 4
gnu_44 4 27
gnu_29 4 27
darksouls_21 4 4
gnu_18 4 27
darksouls_11 4 4
guaxinim_23 4 4
darksouls_6 4 4
flusp_14 4 4
guaxinim_12 4 4
flusp_110 4 4
flusp_96 4 4
gnu_104 4 27
gnu_96 5 28
darksouls_40 5 5
flusp_33 5 5
guaxinim_27 5 5
gnu_118 5 28
darksouls_88 5 5
flusp_79 5 5
gnu_73 5 28
darksouls_74 5 5
darksouls_69 5 5
gnu_63 5 28
darksouls_62 5 5
darksouls_52 5 5
darksouls_49 5 5
guaxinim_50 5 5
gnu_30 5 28
guaxinim_36 5 5
gnu_21 5 28
gnu_20 5 28
gnu_12 6 28
guaxinim_6 6 6
darksouls_1 6 6
darksouls_0 6 6
darksouls_129 6 6
gnu_129 6 28
gnu_125 6 29
darksouls_117 6 6
flusp_100 6 6
flusp_99 6 6
darksouls_97 6 6
flusp_83 6 6
gnu_81 6 29
gnu_77 6 29
darksouls_61 6 6
darksouls_59 6 6
gnu_51 6 29
guaxinim_45 6 7
flusp_35 7 7
gnu_33 7 29
flusp_32 7 7
gnu_26 7 29
guaxinim_32 7 7
guaxinim_19 7 7
guaxinim_3 7 7
darksouls_130 7 7
guaxinim_108 7 7
guaxinim_103 7 7
flusp_98 7 7
guaxinim_92 7 7
darksouls_104 7 7
gnu_92 7 29
gnu_60 7 29
guaxinim_51 7 7
flusp_47 7 8
flusp_38 8 8
gnu_36 8 29
darksouls_31 8 8
guaxinim_41 8 8
darksouls_23 8 8
guaxinim_20 8 8
guaxinim_8 8 8
flusp_6 8 8
darksouls_113 8 8
gnu_112 8 29
guaxinim_78 8 8
gnu_91 8 30
darksouls_85 8 8
flusp_73 8 8
flusp_71 8 8
flusp_70 8 8
gnu_67 8 30
darksouls_53 9 9
darksouls_48 9 9
flusp_49 9 9
flusp_36 9 9
darksouls_13 9 9
darksouls_7 9 9
guaxinim_22 9 9
flusp_3 9 9
gnu_120 9 30
darksouls_112 9 9
guaxinim_83 9 9
darksouls_98 9 9
gnu_84 9 30
darksouls_67 9 9
darksouls_37 9 9
darksouls_25 9 9
darksouls_20 9 9
flusp_20 9 10
gnu_8 10 30
gnu_5 10 30
darksouls_132 10 10
gnu_121 10 30
guaxinim_87 10 10
darksouls_82 10 10
flusp_77 10 10
darksouls_76 10 10
gnu_70 10 30
gnu_66 10 30
gnu_65 10 30
darksouls_65 10 10
guaxinim_64 10 10
darksouls_41 10 10
flusp_45 10 10
gnu_42 10 31
darksouls_35 10 11
gnu_35 11 31
guaxinim_33 11 11
guaxinim_24 11 11
flusp_8 11 11
darksouls_2 11 11
guaxinim_0 11 11
gnu_132 11 31
gnu_131 11 31
flusp_107 11 11
guaxinim_102 11 11
darksouls_123 11 11
flusp_84 11 11
gnu_93 11 31
gnu_90 11 31
gnu_89 11 31
guaxinim_69 11 11
flusp_60 11 12
gnu_61 12 31
gnu_55 12 31
flusp_54 12 12
darksouls_57 12 12
gnu_50 12 31
darksouls_27 12 12
flusp_17 12 12
flusp_13 12 12
guaxinim_17 12 12
guaxinim_11 12 12
guaxinim_10 12 12
darksouls_134 12 12
darksouls_131 12 12
guaxinim_110 12 12
gnu_107 12 32
guaxinim_85 12 12
gnu_100 12 32
darksouls_96 13 13
guaxinim_76 13 13
darksouls_84 13 13
gnu_75 13 32
darksouls_66 13 13
darksouls_64 13 13
guaxinim_59 13 13
darksouls_51 13 13
flusp_42 13 13
flusp_37 13 13
guaxinim_37 13 13
darksouls_19 13 13
flusp_10 13 13
flusp_2 13 13
flusp_104 13 13
darksouls_108 13 13
flusp_74 13 14
gnu_74 14 32
guaxinim_60 14 14
darksouls_50 14 14
gnu_49 14 32
gnu_14 14 32
flusp_15 14 14
gnu_10 14 32
guaxinim_16 14 14
guaxinim_105 14 14
darksouls_118 14 14
darksouls_106 14 14
guaxinim_89 14 14
darksouls_95 14 14
darksouls_94 14 14
darksouls_92 14 14
flusp_61 14 14
guaxinim_63 14 15
darksouls_45 15 15
darksouls_39 15 15
guaxinim_42 15 15
gnu_22 15 32
gnu_3 15 32
gnu_0 15 32
darksouls_133 15 15
flusp_102 15 15
gnu_119 15 33
guaxinim_94 15 15
flusp_94 15 15
gnu_105 15 33
gnu_103 15 33
darksouls_77 15 15
gnu_68 15 33
flusp_63 15 15
guaxinim_48 15 16
darksouls_34 16 16
gnu_15 16 33
flusp_19 16 16
flusp_18 16 16
flusp_11 16 16
gnu_128 16 33
gnu_126 16 33
darksouls_114 16 16
guaxinim_81 16 16
flusp_86 16 16
darksouls_89 16 16
darksouls_79 16 16
gnu_58 16 33
gnu_46 16 33
darksouls_42 16 16
guaxinim_35 16 16
flusp_27 16 17
flusp_25 17 17
gnu_16 17 33
darksouls_10 17 17
guaxinim_7 17 17
guaxinim_5 17 17
guaxinim_112 17 17
darksouls_124 17 17
guaxinim_100 17 17
flusp_101 17 17
gnu_115 17 33
guaxinim_95 17 17
flusp_95 17 17
guaxinim_91 17 17
guaxinim_90 17 17
darksouls_103 17 17
gnu_95 17 34
gnu_88 17 34
gnu_71 18 34
guaxinim_65 18 18
flusp_31 18 18
gnu_28 18 34
darksouls_9 18 18
flusp_12 18 18
guaxinim_1 18 18
flusp_108 18 18
guaxinim_104 18 18
darksouls_109 18 18
guaxinim_93 18 18
flusp_92 18 18
guaxinim_73 18 18
gnu_87 18 34
gnu_83 18 34
darksouls_78 18 18
darksouls_56 18 19
flusp_51 19 19
darksouls_28 19 19
guaxinim_15 19 19
guaxinim_115 19 19
guaxinim_111 19 19
flusp_105 19 19
darksouls_119 19 19
guaxinim_97 19 19
guaxinim_86 19 19
flusp_87 19 19
flusp_82 19 19
flusp_78 19 19
darksouls_73 19 19
darksouls_71 19 19
gnu_52 19 34
flusp_52 19 19
flusp_50 19 20
gnu_48 20 34
flusp_39 20 20
darksouls_32 20 20
flusp_22 20 20
darksouls_8 20 20
flusp_16 20 20
guaxinim_4 20 20
guaxinim_101 20 20
guaxinim_82 20 20
flusp_89 20 20
flusp_88 20 20
darksouls_86 20 20
darksouls_83 20 20
flusp_72 20 20
flusp_69 20 20
flusp_68 20 20
gnu_53 20 34
darksouls_29 21 21
guaxinim_40 21 21
darksouls_24 21 21
darksouls_15 21 21
flusp_24 21 21
flusp_23 21 21
gnu_7 21 34
gnu_130 21 34
gnu_127 21 35
darksouls_121 21 21
gnu_110 21 35
guaxinim_80 21 21
darksouls_90 21 21
gnu_85 21 35
flusp_76 21 21
gnu_79 21 35
flusp_64 21 22
gnu_64 22 35
gnu_37 22 35
flusp_30 22 22
flusp_28 22 22
gnu_19 22 35
guaxinim_26 22 22
gnu_6 22 35
flusp_0 22 22
gnu_133 22 35
flusp_109 22 22
darksouls_122 22 22
gnu_116 22 35
guaxinim_72 22 22
guaxinim_70 22 22
gnu_76 22 35
darksouls_54 22 22
guaxinim_34 22 23
gnu_23 23 35
gnu_11 23 36
darksouls_5 23 23
guaxinim_109 23 23
guaxinim_107 23 23
flusp_106 23 23
guaxinim_84 23 23
darksouls_93 23 23
gnu_86 23 36
gnu_72 23 36
gnu_56 23 36
flusp_56 23 23
guaxinim_58 23 23
guaxinim_54 23 23
guaxinim_52 23 23
flusp_43 23 23
guaxinim_28 23 24
darksouls_12 24 24
guaxinim_13 24 24
darksouls_127 24 24
darksouls_125 24 24
guaxinim_96 24 24
guaxinim_88 24 24
gnu_94 24 36
darksouls_87 24 24
flusp_75 24 24
darksouls_70 24 24
flusp_57 24 24
darksouls_47 24 24
darksouls_44 24 24
flusp_46 24 24
gnu_31 24 36
gnu_27 24 36
darksouls_17 24 25
guaxinim_21 25 25
guaxinim_18 25 25
flusp_5 25 25
flusp_1 25 25
gnu_122 25 36
guaxinim_98 25 25
darksouls_110 25 25
flusp_85 25 25
darksouls_91 25 25
darksouls_75 25 25
guaxinim_66 25 25
flusp_58 25 25
darksouls_38 25 25
flusp_41 25 25
gnu_4 25 36
gnu_134 36 42
darksouls_126 36 36
darksouls_120 36 36
gnu_114 36 42
flusp_80 36 37
guaxinim_57 37 37
flusp_34 37 37
gnu_34 37 42
darksouls_30 37 37
guaxinim_38 37 37
gnu_24 37 42
flusp_26 37 37
guaxinim_25 37 37
gnu_2 37 42
gnu_124 37 42
flusp_91 37 37
flusp_90 37 37
gnu_59 37 42
gnu_54 38 42
darksouls_58 38 38
darksouls_55 38 38
guaxinim_53 38 38
darksouls_43 38 38
guaxinim_49 38 38
flusp_40 38 38
guaxinim_46 38 38
guaxinim_43 38 38
gnu_17 38 42
darksouls_14 38 38
gnu_9 38 42
flusp_7 38 38
flusp_112 38 39
guaxinim_114 39 39
flusp_111 39 39
guaxinim_79 39 39
guaxinim_77 39 39
guaxinim_75 39 39
flusp_67 39 39
gnu_69 39 42
darksouls_72 39 39
darksouls_68 39 39
darksouls_63 39 39
gnu_62 39 42
flusp_48 39 39
gnu_45 39 42
flusp_44 40 40
guaxinim_47 40 40
flusp_29 40 40
darksouls_18 40 40
darksouls_16 40 40
flusp_21 40 40
darksouls_105 40 40
gnu_109 40 43
gnu_106 40 43
gnu_101 40 43
gnu_99 40 43
gnu_97 40 43
flusp_66 40 40
guaxinim_62 40 41
flusp_53 41 41
guaxinim_56 41 41
guaxinim_55 41 41
darksouls_46 41 41
gnu_38 41 43
guaxinim_44 41 41
darksouls_22 41 41
guaxinim_30 41 41
guaxinim_29 41 41
guaxinim_14 41 41
darksouls_3 41 41
flusp_4 41 41
665