batata_42 0 4
linus_35 0 3
batata_12 0 4
gnu_9 1 1
gnu_14 2 2
darksouls_9 2 2
gnu_21 4 4
flusp_140 4 4
batata_17 8 12
flusp_130 8 8
darksouls_5 8 8
batata_0 8 12
flusp_154 9 9
kernel_20 9 15
linus_29 11 14
gnu_33 12 12
darksouls_29 12 12
kernel_13 12 16
guaxinim_109 12 12
linus_18 14 16
flusp_151 16 16
flusp_131 16 16
linus_34 19 20
gnu_30 19 19
batata_36 20 21
flusp_153 20 20
kernel_15 22 23
flusp_143 22 22
gnu_4 24 24
guaxinim_129 25 25
darksouls_24 26 26
kernel_8 26 30
flusp_163 27 27
batata_39 27 33
gnu_15 27 27
batata_13 27 33
linus_23 29 33
kernel_9 30 35
linus_20 31 34
gnu_2 31 32
guaxinim_120 32 32
gnu_11 32 33
gnu_5 32 33
darksouls_30 34 34
darksouls_15 34 34
linus_36 35 37
linus_15 35 37
kernel_11 37 38
flusp_149 38 38
flusp_148 38 38
darksouls_13 38 38
darksouls_11 38 38
batata_26 39 51
kernel_1 39 57
linus_5 39 45
linus_28 40 49
batata_22 40 56
gnu_16 40 41
linus_4 40 49
linus_3 40 49
guaxinim_107 40 40
gnu_19 41 42
kernel_7 41 64
darksouls_8 42 42
gnu_22 43 44
guaxinim_112 43 43
gnu_27 44 46
guaxinim_124 44 45
batata_25 44 63
flusp_145 44 44
batata_41 45 65
linus_16 45 55
batata_2 45 65
gnu_29 49 50
kernel_2 49 74
batata_32 50 71
gnu_28 50 52
linus_32 51 64
linus_10 51 65
linus_2 52 66
flusp_137 53 53
kernel_12 53 79
darksouls_10 53 53
guaxinim_108 53 54
darksouls_22 55 55
linus_9 55 69
flusp_156 56 56
batata_23 56 77
batata_11 56 77
linus_13 56 70
kernel_22 57 83
linus_12 57 71
flusp_159 58 58
linus_11 58 71
linus_40 59 72
guaxinim_121 61 62
darksouls_18 61 61
kernel_4 61 86
guaxinim_116 62 63
flusp_139 63 63
flusp_132 64 64
darksouls_4 66 66
batata_43 67 86
batata_8 67 86
flusp_150 69 69
linus_7 70 81
guaxinim_110 70 71
linus_0 71 82
darksouls_28 72 72
linus_31 72 84
linus_33 73 85
kernel_3 73 97
darksouls_20 74 74
darksouls_6 74 74
guaxinim_128 75 76
linus_6 75 87
guaxinim_127 76 77
flusp_160 77 77
flusp_142 77 77
kernel_24 79 103
linus_14 79 91
linus_1 79 91
gnu_18 80 82
batata_7 80 99
batata_16 81 100
guaxinim_105 81 82
kernel_25 82 105
guaxinim_111 82 83
gnu_0 82 84
flusp_155 83 83
darksouls_25 83 83
kernel_5 84 107
batata_4 84 102
flusp_152 85 85
guaxinim_131 87 88
batata_18 87 105
gnu_6 87 89
kernel_14 88 110
batata_27 89 107
flusp_138 89 89
linus_25 90 101
batata_10 90 108
guaxinim_130 91 92
gnu_23 91 93
flusp_141 91 91
darksouls_12 91 91
guaxinim_106 91 92
flusp_126 94 94
kernel_18 96 115
kernel_17 96 115
batata_1 98 113
batata_38 102 116
kernel_19 102 118
kernel_23 103 119
darksouls_16 103 103
gnu_13 103 105
flusp_127 104 104
flusp_158 105 105
darksouls_27 105 105
flusp_147 106 106
gnu_7 106 108
batata_20 107 118
flusp_133 107 107
kernel_16 108 120
linus_17 112 119
batata_3 112 120
gnu_31 115 116
darksouls_0 117 117
kernel_21 118 124
guaxinim_125 119 119
batata_15 120 124
flusp_129 120 120
gnu_26 122 122
guaxinim_122 122 122
gnu_8 122 122
guaxinim_123 123 123
guaxinim_117 123 123
batata_14 123 125
darksouls_26 125 125
flusp_146 126 126
gnu_20 128 128
linus_19 128 129
flusp_136 128 128
darksouls_14 128 128
darksouls_17 129 129
guaxinim_115 129 129
flusp_123 129 129
gnu_25 130 130
linus_24 130 131
guaxinim_114 132 132
darksouls_31 133 133
batata_34 133 136
flusp_124 133 133
linus_42 134 137
linus_27 134 137
guaxinim_119 134 134
gnu_10 134 135
guaxinim_113 134 134
kernel_0 134 139
gnu_12 136 136
darksouls_3 136 136
kernel_26 138 141
batata_19 139 141
flusp_125 140 140
flusp_135 142 142
linus_37 143 143
flusp_157 143 143
guaxinim_126 144 144
batata_28 144 145
flusp_144 144 144
darksouls_1 144 144
batata_35 147 151
batata_30 147 151
gnu_3 147 147
batata_6 148 152
flusp_134 149 149
batata_5 149 153
linus_38 152 153
guaxinim_118 152 152
flusp_162 155 155
flusp_161 155 155
batata_40 155 160
batata_29 155 160
batata_31 156 162
linus_21 156 160
gnu_32 157 157
batata_33 158 163
batata_37 159 163
gnu_1 160 161
darksouls_7 161 161
linus_41 163 164
gnu_24 163 163
darksouls_32 164 164
darksouls_23 164 164
flusp_128 164 164
linus_22 165 165
batata_21 166 168
linus_30 167 170
kernel_6 167 175
batata_9 167 173
darksouls_2 167 167
batata_24 169 176
kernel_27 170 178
linus_26 170 175
linus_39 173 177
darksouls_21 174 174
darksouls_19 174 174
gnu_17 174 175
kernel_10 174 179
linus_8 174 178
8097