linus_63 0 128
batata_60 0 221
kernel_48 0 275
gnu_27 0 4
batata_31 0 249
batata_28 0 241
gnu_15 0 4
batata_24 0 252
linus_24 0 129
gnu_5 1 6
batata_2 1 249
linus_4 1 124
batata_70 1 246
kernel_47 1 269
kernel_41 1 280
batata_33 1 224
kernel_23 1 291
kernel_15 1 269
linus_2 1 157
kernel_57 2 265
batata_50 2 260
kernel_51 2 283
gnu_23 2 11
gnu_22 2 7
linus_27 2 174
gnu_11 2 7
batata_4 2 255
kernel_2 2 285
batata_59 3 260
kernel_40 3 285
linus_45 3 182
kernel_29 3 291
kernel_18 3 290
batata_9 3 249
kernel_67 4 291
gnu_33 4 22
gnu_25 4 22
gnu_18 4 22
batata_18 4 260
linus_10 4 186
linus_7 4 186
linus_1 4 189
kernel_58 5 293
linus_59 5 182
batata_48 5 267
linus_48 5 182
gnu_29 5 18
batata_41 5 257
linus_35 5 190
batata_34 5 269
gnu_13 5 27
linus_23 5 190
gnu_7 5 27
kernel_5 5 296
gnu_1 5 27
kernel_1 5 285
linus_0 5 182
batata_65 6 257
batata_64 7 271
kernel_46 7 293
linus_41 7 186
gnu_20 7 27
kernel_34 7 284
linus_32 7 178
linus_28 7 190
kernel_17 7 294
kernel_16 7 294
kernel_11 7 296
linus_17 7 174
kernel_10 7 296
gnu_2 7 27
kernel_69 7 293
kernel_66 7 294
kernel_56 7 295
kernel_54 7 291
linus_21 7 186
batata_5 7 263
batata_1 7 263
gnu_40 8 23
gnu_39 8 41
gnu_38 8 32
linus_38 8 190
batata_36 9 265
linus_29 9 186
kernel_14 9 294
batata_16 9 272
batata_6 9 265
batata_3 9 253
linus_60 9 179
linus_43 9 179
batata_35 9 270
kernel_35 9 279
kernel_12 9 294
linus_15 9 186
kernel_9 9 293
gnu_42 11 42
batata_61 11 270
kernel_49 11 296
kernel_39 11 288
kernel_24 11 293
kernel_19 11 289
batata_23 11 278
linus_20 11 183
batata_14 11 278
batata_8 11 255
batata_62 11 276
linus_58 11 175
linus_57 11 197
linus_55 11 197
batata_53 11 270
linus_47 11 194
gnu_28 11 33
batata_40 11 256
batata_39 11 256
batata_38 11 274
gnu_21 11 33
linus_31 11 190
kernel_21 11 293
linus_11 11 201
linus_9 11 187
linus_62 13 201
batata_58 13 247
batata_57 13 265
kernel_52 13 293
linus_51 13 187
gnu_31 13 42
kernel_44 14 283
linus_46 14 194
batata_25 14 274
kernel_22 14 284
linus_19 14 208
kernel_0 14 290
linus_54 14 211
gnu_32 14 42
kernel_33 14 293
kernel_30 14 296
kernel_28 14 296
batata_17 14 268
linus_16 14 201
batata_0 14 266
batata_55 14 276
gnu_35 14 38
batata_47 14 270
linus_40 14 187
gnu_19 14 51
kernel_25 14 293
gnu_10 14 52
kernel_6 14 294
batata_7 14 274
batata_56 17 253
linus_25 17 205
kernel_20 17 296
linus_12 17 201
kernel_59 17 296
linus_39 17 208
kernel_38 17 294
linus_34 17 205
linus_33 17 198
batata_32 17 281
gnu_8 17 43
kernel_7 17 296
kernel_65 17 297
kernel_64 17 297
batata_63 17 268
kernel_60 17 297
gnu_36 17 47
batata_42 17 272
batata_29 17 276
gnu_16 17 47
batata_26 17 280
linus_26 17 198
kernel_63 21 291
gnu_41 21 56
kernel_55 21 290
kernel_50 21 297
batata_37 21 266
kernel_36 21 296
batata_20 21 275
batata_10 21 278
kernel_68 21 293
batata_68 21 280
batata_66 21 259
linus_56 21 211
batata_44 21 256
kernel_45 21 297
linus_42 21 195
batata_15 21 273
kernel_3 21 297
linus_5 21 208
batata_54 21 283
batata_52 21 271
gnu_30 21 52
kernel_37 21 297
kernel_31 21 295
batata_21 21 280
linus_18 21 208
gnu_6 21 57
kernel_62 21 296
linus_53 21 202
gnu_34 21 57
linus_30 21 212
gnu_14 21 57
linus_22 21 199
gnu_9 21 57
batata_43 25 282
gnu_24 25 66
batata_11 25 282
gnu_4 25 66
kernel_8 25 297
gnu_0 25 61
batata_49 25 283
kernel_27 25 297
batata_12 25 275
batata_71 25 283
batata_69 25 285
linus_49 25 215
batata_30 25 286
batata_19 25 283
gnu_43 25 62
kernel_61 26 297
batata_46 26 283
gnu_17 26 57
batata_22 26 285
gnu_3 26 57
linus_8 26 202
kernel_53 26 297
batata_51 26 280
linus_50 26 218
batata_45 26 273
kernel_42 26 297
kernel_32 26 295
kernel_13 26 297
batata_13 26 286
linus_61 30 185
gnu_26 30 66
batata_27 30 286
kernel_26 30 298
linus_13 30 206
linus_3 30 209
batata_67 30 275
gnu_37 30 62
linus_52 30 203
kernel_43 30 297
linus_44 30 196
linus_36 30 212
linus_6 30 199
linus_37 31 218
gnu_12 31 58
linus_14 31 218
kernel_4 31 292
14809