linus_63 0 127
batata_60 0 234
kernel_48 0 282
gnu_27 0 4
batata_31 0 245
batata_28 0 248
gnu_15 0 4
batata_24 0 228
linus_24 0 152
gnu_5 0 4
batata_2 0 240
linus_4 0 152
batata_70 1 245
kernel_47 1 290
kernel_41 1 275
batata_33 1 231
kernel_23 1 288
kernel_15 1 282
linus_2 1 144
kernel_57 2 292
batata_50 2 251
kernel_51 2 292
gnu_23 2 10
gnu_22 2 7
linus_27 2 152
gnu_11 2 11
batata_4 2 256
kernel_2 2 294
batata_59 3 248
kernel_40 3 293
linus_45 3 168
kernel_29 3 287
kernel_18 3 294
batata_9 3 254
kernel_67 4 294
gnu_33 4 20
gnu_25 4 20
gnu_18 4 20
batata_18 4 266
linus_10 4 176
linus_7 4 184
linus_1 4 180
kernel_58 5 292
linus_59 5 156
batata_48 5 261
linus_48 5 177
gnu_29 5 14
batata_41 5 256
linus_35 5 165
batata_34 5 266
gnu_13 5 21
linus_23 5 180
gnu_7 5 25
kernel_5 5 287
gnu_1 5 25
kernel_1 5 297
linus_0 5 184
batata_65 6 264
batata_64 6 259
kernel_46 6 295
linus_41 6 173
gnu_20 6 30
kernel_34 6 296
linus_32 6 184
linus_28 6 185
kernel_17 6 297
kernel_16 6 295
kernel_11 6 298
linus_17 6 185
kernel_10 6 284
gnu_2 6 25
kernel_69 8 297
kernel_66 8 294
kernel_56 8 298
kernel_54 8 298
linus_21 8 192
batata_5 8 274
batata_1 8 264
gnu_40 8 35
gnu_39 8 35
gnu_38 8 35
linus_38 8 196
batata_36 8 271
linus_29 8 192
kernel_14 8 298
batata_16 8 272
batata_6 8 254
batata_3 8 269
linus_60 10 192
linus_43 10 196
batata_35 10 259
kernel_35 10 297
kernel_12 10 298
linus_15 10 189
kernel_9 10 295
gnu_42 10 40
batata_61 10 272
kernel_49 10 297
kernel_39 10 298
kernel_24 10 296
kernel_19 10 298
batata_23 10 272
linus_20 10 200
batata_14 10 278
batata_8 10 276
batata_62 12 272
linus_58 12 196
linus_57 12 196
linus_55 12 178
batata_53 12 278
linus_47 12 193
gnu_28 12 45
batata_40 12 265
batata_39 12 272
batata_38 12 278
gnu_21 12 45
linus_31 12 189
kernel_21 12 299
linus_11 12 193
linus_9 12 189
linus_62 12 196
batata_58 12 274
batata_57 12 272
kernel_52 12 299
linus_51 12 200
gnu_31 13 45
kernel_44 13 297
linus_46 13 193
batata_25 13 267
kernel_22 13 299
linus_19 13 193
kernel_0 13 299
linus_54 13 200
gnu_32 13 45
kernel_33 13 299
kernel_30 13 299
kernel_28 13 293
batata_17 13 270
linus_16 13 190
batata_0 13 274
batata_55 15 274
gnu_35 16 50
batata_47 16 270
linus_40 16 197
gnu_19 16 50
kernel_25 16 292
gnu_10 16 50
kernel_6 16 299
batata_7 16 276
batata_56 16 278
linus_25 16 203
kernel_20 16 297
linus_12 16 197
kernel_59 16 299
linus_39 16 190
kernel_38 16 297
linus_34 16 194
linus_33 16 204
batata_32 16 272
gnu_8 16 50
kernel_7 16 299
kernel_65 19 300
kernel_64 19 300
batata_63 19 276
kernel_60 19 300
gnu_36 19 55
batata_42 19 263
batata_29 19 278
gnu_16 19 55
batata_26 19 282
linus_26 19 201
kernel_63 19 298
gnu_41 19 55
kernel_55 19 297
kernel_50 19 299
batata_37 19 283
kernel_36 19 299
batata_20 19 278
batata_10 19 283
kernel_68 19 291
batata_68 19 283
batata_66 19 273
linus_56 19 207
batata_44 19 275
kernel_45 19 295
linus_42 19 201
batata_15 20 277
kernel_3 20 300
linus_5 20 201
batata_54 20 273
batata_52 20 277
gnu_30 20 55
kernel_37 20 298
kernel_31 20 296
batata_21 20 273
linus_18 20 198
gnu_6 20 55
kernel_62 24 298
linus_53 24 207
gnu_34 24 60
linus_30 24 191
gnu_14 24 60
linus_22 24 210
gnu_9 24 60
batata_43 24 266
gnu_24 24 60
batata_11 24 285
gnu_4 24 60
kernel_8 24 298
gnu_0 24 60
batata_49 24 283
kernel_27 24 299
batata_12 24 271
batata_71 24 273
batata_69 24 268
linus_49 24 201
batata_30 24 282
batata_19 24 280
gnu_43 28 60
kernel_61 28 300
batata_46 28 282
gnu_17 28 65
batata_22 28 263
gnu_3 28 65
linus_8 28 214
kernel_53 28 300
batata_51 28 284
linus_50 28 211
batata_45 28 279
kernel_42 28 299
kernel_32 28 295
kernel_13 28 300
batata_13 28 282
linus_61 28 211
gnu_26 28 56
batata_27 28 286
kernel_26 28 300
linus_13 29 214
linus_3 29 211
batata_67 29 286
gnu_37 29 56
linus_52 29 217
kernel_43 29 300
linus_44 29 211
linus_36 29 205
linus_6 29 217
linus_37 29 211
gnu_12 29 65
linus_14 29 195
kernel_4 29 299
14943