linus_63 0 156
batata_60 0 236
kernel_48 0 283
gnu_27 0 6
batata_31 0 236
batata_28 0 213
gnu_15 1 7
batata_24 1 249
linus_24 1 152
gnu_5 1 5
batata_2 1 249
linus_4 1 160
batata_70 1 236
kernel_47 1 286
kernel_41 1 275
batata_33 1 239
kernel_23 1 282
kernel_15 1 278
linus_2 1 156
kernel_57 2 273
batata_50 2 252
kernel_51 2 284
gnu_23 2 11
gnu_22 2 7
linus_27 2 132
gnu_11 2 11
batata_4 2 250
kernel_2 2 289
batata_59 3 252
kernel_40 3 286
linus_45 3 168
kernel_29 3 279
kernel_18 3 290
batata_9 3 260
kernel_67 4 291
gnu_33 4 20
gnu_25 4 20
gnu_18 4 20
batata_18 4 250
linus_10 4 184
linus_7 4 188
linus_1 4 164
kernel_58 5 292
linus_59 5 176
batata_48 5 239
linus_48 5 188
gnu_29 5 25
batata_41 5 267
linus_35 5 169
batata_34 5 264
gnu_13 5 25
linus_23 5 148
gnu_7 5 17
kernel_5 5 292
gnu_1 5 21
kernel_1 5 292
linus_0 5 176
batata_65 6 231
batata_64 6 237
kernel_46 6 292
linus_41 6 161
gnu_20 6 25
kernel_34 6 292
linus_32 6 188
linus_28 6 191
kernel_17 6 279
kernel_16 6 290
kernel_11 6 290
linus_17 6 184
kernel_10 6 286
gnu_2 6 17
kernel_69 8 294
kernel_66 8 287
kernel_56 8 289
kernel_54 8 285
linus_21 8 188
batata_5 8 262
batata_1 8 242
gnu_40 8 35
gnu_39 8 35
gnu_38 8 25
linus_38 8 195
batata_36 8 267
linus_29 8 184
kernel_14 8 292
batata_16 8 271
batata_6 8 273
batata_3 8 248
linus_60 10 185
linus_43 10 173
batata_35 10 269
kernel_35 10 293
kernel_12 10 285
linus_15 10 199
kernel_9 10 293
gnu_42 10 35
batata_61 10 250
kernel_49 10 294
kernel_39 10 290
kernel_24 10 293
kernel_19 10 294
batata_23 10 274
linus_20 10 192
batata_14 10 245
batata_8 10 269
batata_62 12 253
linus_58 12 173
linus_57 12 199
linus_55 12 188
batata_53 12 258
linus_47 12 199
gnu_28 12 49
batata_40 12 240
batata_39 12 272
batata_38 12 263
gnu_21 12 36
linus_31 12 195
kernel_21 12 294
linus_11 12 199
linus_9 12 199
linus_62 12 205
batata_58 13 265
batata_57 13 277
kernel_52 13 295
linus_51 13 196
gnu_31 13 40
kernel_44 13 288
linus_46 13 202
batata_25 13 276
kernel_22 13 295
linus_19 13 178
kernel_0 13 295
linus_54 13 192
gnu_32 13 31
kernel_33 13 295
kernel_30 13 292
kernel_28 13 276
batata_17 13 268
linus_16 13 166
batata_0 13 276
batata_55 16 276
gnu_35 16 45
batata_47 16 270
linus_40 16 199
gnu_19 16 54
kernel_25 16 292
gnu_10 16 50
kernel_6 16 290
batata_7 16 278
batata_56 16 270
linus_25 16 186
kernel_20 16 287
linus_12 16 203
kernel_59 16 286
linus_39 16 178
kernel_38 16 293
linus_34 16 199
linus_33 16 196
batata_32 16 265
gnu_8 16 41
kernel_7 16 291
kernel_65 19 294
kernel_64 19 293
batata_63 19 274
kernel_60 19 289
gnu_36 19 55
batata_42 19 278
batata_29 19 270
gnu_16 19 55
batata_26 19 279
linus_26 19 175
kernel_63 19 295
gnu_41 19 50
kernel_55 19 291
kernel_50 19 295
batata_37 19 274
kernel_36 19 294
batata_20 19 281
batata_10 19 254
kernel_68 19 295
batata_68 19 268
batata_66 20 282
linus_56 20 175
batata_44 20 272
kernel_45 20 285
linus_42 20 209
batata_15 20 256
kernel_3 20 294
linus_5 20 206
batata_54 20 284
batata_52 20 276
gnu_30 20 60
kernel_37 20 291
kernel_31 20 295
batata_21 20 268
linus_18 20 175
gnu_6 20 60
kernel_62 24 295
linus_53 24 206
gnu_34 24 55
linus_30 24 213
gnu_14 24 64
linus_22 24 213
gnu_9 24 64
batata_43 24 284
gnu_24 24 60
batata_11 24 283
gnu_4 24 60
kernel_8 24 294
gnu_0 24 60
batata_49 24 268
kernel_27 24 295
batata_12 24 276
batata_71 24 281
batata_69 24 283
linus_49 24 213
batata_30 24 280
batata_19 24 278
gnu_43 28 60
kernel_61 28 295
batata_46 28 284
gnu_17 28 64
batata_22 28 281
gnu_3 28 64
linus_8 28 216
kernel_53 28 295
batata_51 28 275
linus_50 28 207
batata_45 28 277
kernel_42 28 295
kernel_32 28 294
kernel_13 28 294
batata_13 28 281
linus_61 28 210
gnu_26 29 65
batata_27 29 284
kernel_26 29 296
linus_13 29 179
linus_3 29 216
batata_67 29 269
gnu_37 29 65
linus_52 29 207
kernel_43 29 292
linus_44 29 183
linus_36 29 213
linus_6 29 191
linus_37 29 219
gnu_12 29 56
linus_14 29 213
kernel_4 29 291
14705