linus_63 0 143
batata_60 0 242
kernel_48 0 282
gnu_27 0 5
batata_31 0 252
batata_28 0 239
gnu_15 0 3
batata_24 0 233
linus_24 0 156
gnu_5 0 4
batata_2 0 252
linus_4 0 139
batata_70 1 252
kernel_47 1 273
kernel_41 1 279
batata_33 1 242
kernel_23 1 285
kernel_15 1 275
linus_2 1 164
kernel_57 2 280
batata_50 2 225
kernel_51 2 283
gnu_23 2 10
gnu_22 2 10
linus_27 2 152
gnu_11 2 7
batata_4 2 258
kernel_2 2 269
batata_59 3 258
kernel_40 3 278
linus_45 3 168
kernel_29 3 287
kernel_18 3 277
batata_9 3 253
kernel_67 4 290
gnu_33 4 20
gnu_25 4 13
gnu_18 4 20
batata_18 4 258
linus_10 4 172
linus_7 4 148
linus_1 4 180
kernel_58 5 273
linus_59 5 184
batata_48 5 253
linus_48 5 172
gnu_29 5 25
batata_41 5 267
linus_35 5 156
batata_34 5 267
gnu_13 5 21
linus_23 5 187
gnu_7 5 25
kernel_5 5 292
gnu_1 5 21
kernel_1 5 280
linus_0 5 156
batata_65 6 245
batata_64 6 260
kernel_46 6 294
linus_41 6 180
gnu_20 6 21
kernel_34 6 285
linus_32 6 184
linus_28 6 191
kernel_17 6 269
kernel_16 6 292
kernel_11 6 293
linus_17 6 188
kernel_10 6 293
gnu_2 6 25
kernel_69 8 293
kernel_66 8 281
kernel_56 8 292
kernel_54 8 292
linus_21 8 191
batata_5 8 256
batata_1 8 273
gnu_40 8 35
gnu_39 8 35
gnu_38 8 25
linus_38 8 188
batata_36 8 272
linus_29 8 198
kernel_14 8 292
batata_16 8 267
batata_6 8 272
batata_3 8 272
linus_60 10 180
linus_43 10 188
batata_35 10 242
kernel_35 10 292
kernel_12 10 294
linus_15 10 195
kernel_9 10 291
gnu_42 10 40
batata_61 10 253
kernel_49 10 295
kernel_39 10 283
kernel_24 10 295
kernel_19 10 290
batata_23 10 275
linus_20 10 173
batata_14 10 277
batata_8 10 263
batata_62 12 261
linus_58 12 199
linus_57 12 188
linus_55 12 185
batata_53 12 274
linus_47 12 199
gnu_28 12 45
batata_40 12 277
batata_39 12 274
batata_38 12 256
gnu_21 12 35
linus_31 12 196
kernel_21 12 287
linus_11 12 202
linus_9 12 199
linus_62 12 189
batata_58 12 276
batata_57 12 263
kernel_52 12 292
linus_51 12 196
gnu_31 13 45
kernel_44 13 294
linus_46 13 199
batata_25 13 270
kernel_22 13 294
linus_19 13 181
kernel_0 13 294
linus_54 13 192
gnu_32 13 45
kernel_33 13 294
kernel_30 13 295
kernel_28 13 293
batata_17 13 261
linus_16 13 206
batata_0 13 270
batata_55 15 274
gnu_35 16 45
batata_47 16 268
linus_40 16 192
gnu_19 16 41
kernel_25 16 294
gnu_10 16 41
kernel_6 16 280
batata_7 16 272
batata_56 16 277
linus_25 16 203
kernel_20 16 295
linus_12 16 203
kernel_59 16 295
linus_39 16 203
kernel_38 16 294
linus_34 16 203
linus_33 16 203
batata_32 16 274
gnu_8 16 50
kernel_7 16 294
kernel_65 19 284
kernel_64 19 296
batata_63 19 254
kernel_60 19 296
gnu_36 19 50
batata_42 19 262
batata_29 19 279
gnu_16 19 55
batata_26 19 249
linus_26 19 206
kernel_63 19 286
gnu_41 19 50
kernel_55 19 295
kernel_50 19 294
batata_37 19 274
kernel_36 19 289
batata_20 19 282
batata_10 19 276
kernel_68 19 290
batata_68 19 280
batata_66 19 257
linus_56 19 206
batata_44 19 264
kernel_45 19 292
linus_42 19 197
batata_15 20 278
kernel_3 20 292
linus_5 20 206
batata_54 20 249
batata_52 20 282
gnu_30 20 46
kernel_37 20 284
kernel_31 20 295
batata_21 20 262
linus_18 20 210
gnu_6 20 46
kernel_62 24 292
linus_53 24 210
gnu_34 24 60
linus_30 24 175
gnu_14 24 51
linus_22 24 213
gnu_9 24 46
batata_43 24 282
gnu_24 24 51
batata_11 24 260
gnu_4 24 55
kernel_8 24 296
gnu_0 24 55
batata_49 24 275
kernel_27 24 295
batata_12 24 278
batata_71 24 278
batata_69 24 252
linus_49 24 204
batata_30 24 267
batata_19 24 273
gnu_43 28 64
kernel_61 28 296
batata_46 28 269
gnu_17 28 56
batata_22 28 282
gnu_3 28 56
linus_8 28 179
kernel_53 28 295
batata_51 28 267
linus_50 28 207
batata_45 28 262
kernel_42 28 295
kernel_32 28 292
kernel_13 28 295
batata_13 28 275
linus_61 28 201
gnu_26 28 64
batata_27 28 282
kernel_26 28 296
linus_13 28 190
linus_3 29 204
batata_67 29 273
gnu_37 29 64
linus_52 29 207
kernel_43 29 295
linus_44 29 213
linus_36 29 190
linus_6 29 213
linus_37 29 213
gnu_12 29 65
linus_14 29 183
kernel_4 29 296
14720