linus_63 0 111
batata_60 0 229
kernel_48 0 280
gnu_27 0 2
batata_31 0 240
batata_28 0 238
gnu_15 0 3
batata_24 0 229
linus_24 0 148
gnu_5 0 3
batata_2 0 243
linus_4 0 135
batata_70 1 243
kernel_47 1 291
kernel_41 1 287
batata_33 1 232
kernel_23 1 290
kernel_15 1 290
linus_2 1 160
kernel_57 2 292
batata_50 2 259
kernel_51 2 296
gnu_23 2 11
gnu_22 2 11
linus_27 2 176
gnu_11 2 11
batata_4 2 257
kernel_2 2 291
batata_59 3 257
kernel_40 3 293
linus_45 3 176
kernel_29 3 291
kernel_18 3 292
batata_9 3 251
kernel_67 4 293
gnu_33 4 14
gnu_25 4 14
gnu_18 4 21
batata_18 4 262
linus_10 4 156
linus_7 4 177
linus_1 4 177
kernel_58 5 298
linus_59 5 188
batata_48 5 267
linus_48 5 185
gnu_29 5 21
batata_41 5 267
linus_35 5 173
batata_34 5 254
gnu_13 5 25
linus_23 5 185
gnu_7 5 25
kernel_5 5 284
gnu_1 5 25
kernel_1 5 298
linus_0 5 185
batata_65 6 267
batata_64 6 267
kernel_46 6 300
linus_41 6 189
gnu_20 6 21
kernel_34 6 298
linus_32 6 189
linus_28 6 192
kernel_17 6 300
kernel_16 6 298
kernel_11 6 298
linus_17 7 189
kernel_10 7 296
gnu_2 7 30
kernel_69 7 298
kernel_66 7 297
kernel_56 7 297
kernel_54 7 300
linus_21 7 189
batata_5 7 270
batata_1 7 270
gnu_40 8 30
gnu_39 8 35
gnu_38 8 35
linus_38 8 189
batata_36 8 265
linus_29 8 196
kernel_14 8 301
batata_16 8 272
batata_6 8 275
batata_3 8 263
linus_60 10 193
linus_43 10 189
batata_35 10 275
kernel_35 10 300
kernel_12 10 302
linus_15 10 200
kernel_9 10 298
gnu_42 10 35
batata_61 10 279
kernel_49 10 302
kernel_39 10 302
kernel_24 10 302
kernel_19 10 299
batata_23 10 270
linus_20 10 185
batata_14 10 275
batata_8 10 275
batata_62 13 275
linus_58 13 197
linus_57 13 204
linus_55 13 193
batata_53 13 277
linus_47 13 197
gnu_28 13 45
batata_40 13 279
batata_39 13 279
batata_38 13 268
gnu_21 13 45
linus_31 13 204
kernel_21 13 302
linus_11 13 204
linus_9 13 200
linus_62 13 204
batata_58 13 275
batata_57 13 273
kernel_52 13 301
linus_51 13 197
gnu_31 13 36
kernel_44 13 300
linus_46 13 197
batata_25 13 281
kernel_22 13 300
linus_19 13 194
kernel_0 13 302
linus_54 13 201
gnu_32 13 45
kernel_33 13 295
kernel_30 13 302
kernel_28 13 301
batata_17 13 263
linus_16 13 197
batata_0 13 279
batata_55 16 279
gnu_35 16 50
batata_47 16 277
linus_40 16 190
gnu_19 16 46
kernel_25 16 303
gnu_10 16 46
kernel_6 16 297
batata_7 16 281
batata_56 16 277
linus_25 16 204
kernel_20 16 302
linus_12 16 204
kernel_59 16 303
linus_39 16 194
kernel_38 16 302
linus_34 16 208
linus_33 16 201
batata_32 16 273
gnu_8 16 37
kernel_7 16 301
kernel_65 19 300
kernel_64 19 300
batata_63 19 280
kernel_60 19 303
gnu_36 19 55
batata_42 20 280
batata_29 20 282
gnu_16 20 59
batata_26 20 282
linus_26 20 205
kernel_63 20 303
gnu_41 20 55
kernel_55 20 303
kernel_50 20 302
batata_37 20 283
kernel_36 20 303
batata_20 20 282
batata_10 20 282
kernel_68 20 302
batata_68 20 271
batata_66 20 283
linus_56 20 211
batata_44 20 283
kernel_45 20 303
linus_42 20 191
batata_15 20 282
kernel_3 20 302
linus_5 20 198
batata_54 20 278
batata_52 20 284
gnu_30 20 56
kernel_37 20 303
kernel_31 20 303
batata_21 20 269
linus_18 20 205
gnu_6 20 56
kernel_62 24 303
linus_53 24 214
gnu_34 24 47
linus_30 24 205
gnu_14 24 47
linus_22 24 208
gnu_9 24 60
batata_43 24 284
gnu_24 24 56
batata_11 24 284
gnu_4 24 56
kernel_8 24 302
gnu_0 24 60
batata_49 24 285
kernel_27 24 303
batata_12 24 282
batata_71 24 284
batata_69 24 282
linus_49 24 208
batata_30 24 269
batata_19 24 282
gnu_43 29 56
kernel_61 29 303
batata_46 29 285
gnu_17 29 56
batata_22 29 287
gnu_3 29 65
linus_8 29 208
kernel_53 29 303
batata_51 29 285
linus_50 29 215
batata_45 29 282
kernel_42 29 303
kernel_32 29 303
kernel_13 29 303
batata_13 29 259
linus_61 29 209
gnu_26 29 61
batata_27 29 276
kernel_26 29 303
linus_13 29 209
linus_3 29 202
batata_67 29 280
gnu_37 29 65
linus_52 29 215
kernel_43 29 303
linus_44 29 202
linus_36 29 212
linus_6 29 209
linus_37 29 212
gnu_12 29 65
linus_14 29 215
kernel_4 29 303
15138