linus_63 0 132
batata_60 0 237
kernel_48 0 255
gnu_27 0 3
batata_31 0 237
batata_28 0 234
gnu_15 0 2
batata_24 0 242
linus_24 0 149
gnu_5 0 3
batata_2 0 242
linus_4 0 145
batata_70 1 248
kernel_47 1 282
kernel_41 1 273
batata_33 1 245
kernel_23 1 269
kernel_15 1 280
linus_2 1 145
kernel_57 2 284
batata_50 2 240
kernel_51 2 283
gnu_23 2 7
gnu_22 2 11
linus_27 2 145
gnu_11 2 11
batata_4 2 253
kernel_2 2 287
batata_59 3 229
kernel_40 3 276
linus_45 3 161
kernel_29 3 264
kernel_18 3 289
batata_9 3 253
kernel_67 4 284
gnu_33 4 14
gnu_25 4 22
gnu_18 4 15
batata_18 4 232
linus_10 4 177
linus_7 4 173
linus_1 4 177
kernel_58 5 290
linus_59 5 185
batata_48 5 229
linus_48 5 185
gnu_29 5 22
batata_41 5 255
linus_35 5 177
batata_34 5 253
gnu_13 5 22
linus_23 5 177
gnu_7 5 18
kernel_5 5 286
gnu_1 5 26
kernel_1 5 273
linus_0 5 181
batata_65 6 265
batata_64 6 248
kernel_46 6 288
linus_41 6 162
gnu_20 6 31
kernel_34 6 289
linus_32 6 189
linus_28 7 189
kernel_17 7 283
kernel_16 7 288
kernel_11 7 284
linus_17 7 181
kernel_10 7 284
gnu_2 7 22
kernel_69 7 289
kernel_66 7 281
kernel_56 7 288
kernel_54 7 278
linus_21 7 189
batata_5 7 258
batata_1 7 265
gnu_40 8 27
gnu_39 8 27
gnu_38 8 27
linus_38 8 193
batata_36 8 256
linus_29 8 185
kernel_14 8 289
batata_16 8 265
batata_6 8 256
batata_3 8 258
linus_60 9 193
linus_43 9 189
batata_35 9 265
kernel_35 9 288
kernel_12 9 281
linus_15 9 186
kernel_9 9 286
gnu_42 10 36
batata_61 10 269
kernel_49 11 287
kernel_39 11 291
kernel_24 11 288
kernel_19 11 291
batata_23 11 271
linus_20 11 193
batata_14 11 251
batata_8 11 263
batata_62 11 267
linus_58 11 178
linus_57 11 193
linus_55 11 189
batata_53 11 238
linus_47 11 200
gnu_28 11 37
batata_40 11 273
batata_39 11 271
batata_38 11 271
gnu_21 11 42
linus_31 11 178
kernel_21 11 291
linus_11 11 193
linus_9 11 175
linus_62 13 163
batata_58 13 273
batata_57 13 249
kernel_52 13 290
linus_51 13 197
gnu_31 13 46
kernel_44 13 288
linus_46 13 175
batata_25 13 271
kernel_22 13 277
linus_19 14 200
kernel_0 14 284
linus_54 14 197
gnu_32 14 46
kernel_33 14 290
kernel_30 14 281
kernel_28 14 290
batata_17 14 233
linus_16 14 203
batata_0 14 254
batata_55 14 271
gnu_35 14 47
batata_47 14 273
linus_40 14 194
gnu_19 14 47
kernel_25 14 291
gnu_10 14 47
kernel_6 14 280
batata_7 14 265
batata_56 17 241
linus_25 17 204
kernel_20 17 289
linus_12 17 207
kernel_59 17 290
linus_39 17 194
kernel_38 17 291
linus_34 17 200
linus_33 17 175
batata_32 17 277
gnu_8 17 42
kernel_7 17 291
kernel_65 17 291
kernel_64 17 287
batata_63 17 263
kernel_60 17 292
gnu_36 17 52
batata_42 17 277
batata_29 17 277
gnu_16 17 52
batata_26 17 277
linus_26 17 207
kernel_63 20 290
gnu_41 20 56
kernel_55 21 292
kernel_50 21 288
batata_37 21 272
kernel_36 21 292
batata_20 21 257
batata_10 21 275
kernel_68 21 288
batata_68 21 272
batata_66 21 277
linus_56 21 207
batata_44 21 277
kernel_45 21 286
linus_42 21 207
batata_15 21 277
kernel_3 21 289
linus_5 21 204
batata_54 21 276
batata_52 21 277
gnu_30 21 48
kernel_37 21 286
kernel_31 21 292
batata_21 21 276
linus_18 21 198
gnu_6 21 48
kernel_62 21 291
linus_53 21 207
gnu_34 21 57
linus_30 21 184
gnu_14 21 57
linus_22 21 201
gnu_9 21 57
batata_43 25 255
gnu_24 25 57
batata_11 25 281
gnu_4 25 61
kernel_8 25 291
gnu_0 25 57
batata_49 25 280
kernel_27 25 292
batata_12 25 277
batata_71 25 252
batata_69 25 272
linus_49 25 214
batata_30 25 279
batata_19 25 272
gnu_43 25 61
kernel_61 25 286
batata_46 25 268
gnu_17 25 57
batata_22 25 264
gnu_3 25 57
linus_8 25 205
kernel_53 30 292
batata_51 30 283
linus_50 30 191
batata_45 30 272
kernel_42 30 292
kernel_32 30 292
kernel_13 30 292
batata_13 30 283
linus_61 30 214
gnu_26 30 66
batata_27 30 280
kernel_26 30 291
linus_13 30 214
linus_3 30 205
batata_67 30 278
gnu_37 30 57
linus_52 30 214
kernel_43 30 285
linus_44 30 217
linus_36 30 199
linus_6 30 211
linus_37 30 199
gnu_12 30 66
linus_14 30 211
kernel_4 30 292
14573