linus_63 0 141
batata_60 0 242
kernel_48 0 282
gnu_27 0 4
batata_31 0 245
batata_28 0 234
gnu_15 0 4
batata_24 0 242
linus_24 0 129
gnu_5 0 4
batata_2 0 208
linus_4 0 157
batata_70 1 245
kernel_47 1 278
kernel_41 1 285
batata_33 1 231
kernel_23 1 280
kernel_15 1 269
linus_2 1 133
kernel_57 2 276
batata_50 2 248
kernel_51 2 282
gnu_23 2 9
gnu_22 2 9
linus_27 2 173
gnu_11 2 9
batata_4 2 234
kernel_2 2 286
batata_59 3 248
kernel_40 3 281
linus_45 3 170
kernel_29 3 280
kernel_18 3 285
batata_9 3 260
kernel_67 4 293
gnu_33 4 15
gnu_25 4 22
gnu_18 4 18
batata_18 4 250
linus_10 4 174
linus_7 4 178
linus_1 4 185
kernel_58 5 283
linus_59 5 185
batata_48 5 232
linus_48 5 178
gnu_29 5 27
batata_41 5 245
linus_35 5 181
batata_34 5 240
gnu_13 5 22
linus_23 5 185
gnu_7 5 27
kernel_5 5 271
gnu_1 5 27
kernel_1 5 288
linus_0 5 170
batata_65 6 243
batata_64 6 260
kernel_46 7 285
linus_41 7 192
gnu_20 7 32
kernel_34 7 291
linus_32 7 158
linus_28 7 189
kernel_17 7 288
kernel_16 7 290
kernel_11 7 289
linus_17 7 162
kernel_10 7 291
gnu_2 7 32
kernel_69 7 288
kernel_66 7 281
kernel_56 7 293
kernel_54 7 292
linus_21 7 186
batata_5 7 258
batata_1 7 246
gnu_40 8 27
gnu_39 8 23
gnu_38 8 37
linus_38 8 158
batata_36 8 267
linus_29 8 186
kernel_14 9 286
batata_16 9 273
batata_6 9 248
batata_3 9 273
linus_60 9 163
linus_43 9 200
batata_35 9 251
kernel_35 9 291
kernel_12 9 281
linus_15 9 189
kernel_9 9 289
gnu_42 11 32
batata_61 11 271
kernel_49 11 294
kernel_39 11 286
kernel_24 11 291
kernel_19 11 293
batata_23 11 272
linus_20 11 196
batata_14 11 265
batata_8 11 270
batata_62 11 275
linus_58 11 182
linus_57 11 171
linus_55 11 182
batata_53 11 272
linus_47 11 175
gnu_28 11 37
batata_40 11 265
batata_39 11 270
batata_38 11 274
gnu_21 11 42
linus_31 11 203
kernel_21 11 294
linus_11 11 200
linus_9 11 193
linus_62 13 193
batata_58 13 274
batata_57 13 270
kernel_52 13 294
linus_51 13 197
gnu_31 13 47
kernel_44 13 290
linus_46 14 175
batata_25 14 272
kernel_22 14 290
linus_19 14 203
kernel_0 14 292
linus_54 14 186
gnu_32 14 38
kernel_33 14 292
kernel_30 14 288
kernel_28 14 291
batata_17 14 261
linus_16 14 194
batata_0 14 254
batata_55 14 241
gnu_35 14 38
batata_47 14 272
linus_40 14 164
gnu_19 14 47
kernel_25 14 293
gnu_10 14 47
kernel_6 14 294
batata_7 14 244
batata_56 17 268
linus_25 17 183
kernel_20 17 294
linus_12 17 175
kernel_59 17 286
linus_39 17 183
kernel_38 17 289
linus_34 17 194
linus_33 17 197
batata_32 17 266
gnu_8 17 56
kernel_7 17 292
kernel_65 17 288
kernel_64 17 293
batata_63 17 274
kernel_60 17 292
gnu_36 17 52
batata_42 17 277
batata_29 17 282
gnu_16 17 52
batata_26 17 276
linus_26 17 207
kernel_63 21 294
gnu_41 21 56
kernel_55 21 290
kernel_50 21 294
batata_37 21 276
kernel_36 21 291
batata_20 21 279
batata_10 21 277
kernel_68 21 295
batata_68 21 279
batata_66 21 279
linus_56 21 204
batata_44 21 274
kernel_45 21 294
linus_42 21 210
batata_15 21 279
kernel_3 21 294
linus_5 21 198
batata_54 21 272
batata_52 21 270
gnu_30 21 57
kernel_37 21 294
kernel_31 21 294
batata_21 21 262
linus_18 21 201
gnu_6 21 61
kernel_62 21 293
linus_53 21 194
gnu_34 21 61
linus_30 21 187
gnu_14 21 57
linus_22 21 204
gnu_9 21 53
batata_43 25 270
gnu_24 25 61
batata_11 25 264
gnu_4 25 66
kernel_8 25 294
gnu_0 25 62
batata_49 25 278
kernel_27 25 294
batata_12 25 247
batata_71 25 279
batata_69 25 255
linus_49 25 201
batata_30 25 268
batata_19 25 279
gnu_43 25 57
kernel_61 25 289
batata_46 25 278
gnu_17 26 62
batata_22 26 245
gnu_3 26 62
linus_8 26 208
kernel_53 26 292
batata_51 26 276
linus_50 26 214
batata_45 26 260
kernel_42 26 295
kernel_32 26 290
kernel_13 26 294
batata_13 26 271
linus_61 30 214
gnu_26 30 58
batata_27 30 276
kernel_26 30 295
linus_13 30 220
linus_3 30 220
batata_67 30 282
gnu_37 30 66
linus_52 30 211
kernel_43 30 294
linus_44 30 208
linus_36 30 220
linus_6 30 214
linus_37 30 217
gnu_12 30 66
linus_14 31 205
kernel_4 31 295
14678