linus_63 0 128
batata_60 0 235
kernel_48 0 281
gnu_27 0 3
batata_31 0 233
batata_28 0 246
gnu_15 0 3
batata_24 0 230
linus_24 0 119
gnu_5 0 2
batata_2 0 236
linus_4 0 115
batata_70 1 244
kernel_47 1 293
kernel_41 1 294
batata_33 1 219
kernel_23 1 291
kernel_15 1 291
linus_2 1 156
kernel_57 2 294
batata_50 2 260
kernel_51 2 279
gnu_23 2 11
gnu_22 2 11
linus_27 2 169
gnu_11 2 11
batata_4 2 249
kernel_2 2 295
batata_59 3 257
kernel_40 3 295
linus_45 3 173
kernel_29 3 296
kernel_18 3 298
batata_9 3 252
kernel_67 4 299
gnu_33 4 21
gnu_25 4 21
gnu_18 4 21
batata_18 4 260
linus_10 4 185
linus_7 4 185
linus_1 4 177
kernel_58 5 294
linus_59 5 185
batata_48 5 263
linus_48 5 181
gnu_29 5 30
batata_41 5 270
linus_35 5 185
batata_34 5 268
gnu_13 5 25
linus_23 5 189
gnu_7 5 25
kernel_5 5 297
gnu_1 5 17
kernel_1 5 297
linus_0 5 181
batata_65 6 270
batata_64 6 239
kernel_46 6 299
linus_41 6 193
gnu_20 6 30
kernel_34 6 301
linus_32 6 193
linus_28 6 193
kernel_17 6 301
kernel_16 6 299
kernel_11 6 300
linus_17 7 189
kernel_10 7 301
gnu_2 7 30
kernel_69 7 301
kernel_66 7 285
kernel_56 7 301
kernel_54 7 293
linus_21 7 185
batata_5 7 263
batata_1 7 270
gnu_40 8 31
gnu_39 8 35
gnu_38 8 35
linus_38 8 181
batata_36 8 275
linus_29 8 193
kernel_14 8 302
batata_16 8 261
batata_6 8 273
batata_3 8 278
linus_60 10 170
linus_43 10 197
batata_35 10 278
kernel_35 10 304
kernel_12 10 302
linus_15 10 193
kernel_9 10 303
gnu_42 10 40
batata_61 10 275
kernel_49 10 303
kernel_39 10 296
kernel_24 10 303
kernel_19 10 302
batata_23 10 263
linus_20 10 197
batata_14 10 280
batata_8 10 280
batata_62 13 278
linus_58 13 193
linus_57 13 190
linus_55 13 200
batata_53 13 256
linus_47 13 200
gnu_28 13 45
batata_40 13 280
batata_39 13 273
batata_38 13 278
gnu_21 13 45
linus_31 13 204
kernel_21 13 305
linus_11 13 197
linus_9 13 182
linus_62 13 204
batata_58 13 282
batata_57 13 280
kernel_52 13 305
linus_51 13 190
gnu_31 13 46
kernel_44 13 304
linus_46 13 201
batata_25 13 278
kernel_22 13 303
linus_19 13 178
kernel_0 13 305
linus_54 13 197
gnu_32 13 50
kernel_33 13 304
kernel_30 13 305
kernel_28 13 305
batata_17 13 276
linus_16 13 190
batata_0 13 276
batata_55 16 280
gnu_35 16 50
batata_47 16 269
linus_40 16 201
gnu_19 16 46
kernel_25 16 305
gnu_10 16 50
kernel_6 16 305
batata_7 16 284
batata_56 16 284
linus_25 16 208
kernel_20 16 305
linus_12 16 204
kernel_59 16 304
linus_39 16 201
kernel_38 16 305
linus_34 16 208
linus_33 16 201
batata_32 16 278
gnu_8 16 46
kernel_7 16 305
kernel_65 19 305
kernel_64 19 304
batata_63 19 278
kernel_60 20 305
gnu_36 20 51
batata_42 20 278
batata_29 20 282
gnu_16 20 55
batata_26 20 281
linus_26 20 201
kernel_63 20 302
gnu_41 20 60
kernel_55 20 300
kernel_50 20 304
batata_37 20 276
kernel_36 20 304
batata_20 20 284
batata_10 20 286
kernel_68 20 304
batata_68 20 284
batata_66 20 281
linus_56 20 211
batata_44 20 283
kernel_45 20 305
linus_42 20 211
batata_15 20 286
kernel_3 20 305
linus_5 20 208
batata_54 20 285
batata_52 20 285
gnu_30 20 51
kernel_37 20 306
kernel_31 20 306
batata_21 20 283
linus_18 20 202
gnu_6 20 56
kernel_62 24 306
linus_53 24 215
gnu_34 24 56
linus_30 24 215
gnu_14 24 60
linus_22 24 215
gnu_9 24 60
batata_43 24 279
gnu_24 24 60
batata_11 24 285
gnu_4 24 61
kernel_8 24 305
gnu_0 24 61
batata_49 24 277
kernel_27 24 304
batata_12 24 285
batata_71 24 285
batata_69 24 285
linus_49 24 215
batata_30 24 288
batata_19 24 286
gnu_43 29 61
kernel_61 29 306
batata_46 29 288
gnu_17 29 69
batata_22 29 289
gnu_3 29 65
linus_8 29 218
kernel_53 29 305
batata_51 29 286
linus_50 29 218
batata_45 29 288
kernel_42 29 306
kernel_32 29 306
kernel_13 29 306
batata_13 29 288
linus_61 29 218
gnu_26 29 65
batata_27 29 287
kernel_26 29 306
linus_13 29 218
linus_3 29 218
batata_67 29 288
gnu_37 29 65
linus_52 29 212
kernel_43 29 305
linus_44 29 215
linus_36 29 215
linus_6 29 212
linus_37 29 221
gnu_12 29 66
linus_14 29 215
kernel_4 29 306
15247