linus_63 0 145
batata_60 0 239
kernel_48 0 285
gnu_27 0 5
batata_31 0 252
batata_28 0 247
gnu_15 0 6
batata_24 0 244
linus_24 0 153
gnu_5 0 6
batata_2 1 244
linus_4 1 161
batata_70 1 247
kernel_47 1 287
kernel_41 1 287
batata_33 1 255
kernel_23 1 286
kernel_15 1 287
linus_2 1 162
kernel_57 2 283
batata_50 2 257
kernel_51 2 284
gnu_23 2 12
gnu_22 2 9
linus_27 2 169
gnu_11 2 7
batata_4 2 228
kernel_2 2 285
batata_59 3 262
kernel_40 3 284
linus_45 3 181
kernel_29 3 264
kernel_18 3 290
batata_9 3 228
kernel_67 4 292
gnu_33 4 15
gnu_25 4 22
gnu_18 4 22
batata_18 4 245
linus_10 4 166
linus_7 4 141
linus_1 4 177
kernel_58 5 267
linus_59 5 188
batata_48 5 231
linus_48 5 188
gnu_29 5 22
batata_41 5 271
linus_35 5 154
batata_34 5 264
gnu_13 5 22
linus_23 5 162
gnu_7 5 27
kernel_5 5 288
gnu_1 5 15
kernel_1 5 271
linus_0 5 174
batata_65 7 267
batata_64 7 237
kernel_46 7 291
linus_41 7 154
gnu_20 7 32
kernel_34 7 285
linus_32 7 185
linus_28 7 150
kernel_17 7 291
kernel_16 7 265
kernel_11 7 292
linus_17 7 154
kernel_10 7 292
gnu_2 7 27
kernel_69 7 292
kernel_66 7 269
kernel_56 7 292
kernel_54 7 287
linus_21 7 181
batata_5 7 231
batata_1 7 267
gnu_40 8 32
gnu_39 8 37
gnu_38 8 37
linus_38 8 196
batata_36 9 269
linus_29 9 196
kernel_14 9 291
batata_16 9 273
batata_6 9 273
batata_3 9 273
linus_60 9 189
linus_43 9 192
batata_35 9 260
kernel_35 9 291
kernel_12 9 290
linus_15 9 185
kernel_9 9 282
gnu_42 11 37
batata_61 11 273
kernel_49 11 288
kernel_39 11 293
kernel_24 11 294
kernel_19 11 275
batata_23 11 275
linus_20 11 159
batata_14 11 277
batata_8 11 260
batata_62 11 273
linus_58 11 171
linus_57 11 189
linus_55 11 171
batata_53 11 263
linus_47 11 196
gnu_28 11 33
batata_40 11 275
batata_39 11 240
batata_38 11 271
gnu_21 11 28
linus_31 11 175
kernel_21 11 285
linus_11 11 171
linus_9 11 193
linus_62 13 193
batata_58 13 258
batata_57 13 277
kernel_52 13 279
linus_51 14 206
gnu_31 14 37
kernel_44 14 292
linus_46 14 199
batata_25 14 261
kernel_22 14 288
linus_19 14 200
kernel_0 14 284
linus_54 14 193
gnu_32 14 47
kernel_33 14 265
kernel_30 14 294
kernel_28 14 290
batata_17 14 258
linus_16 14 167
batata_0 14 272
batata_55 14 235
gnu_35 14 47
batata_47 14 272
linus_40 14 193
gnu_19 14 38
kernel_25 14 275
gnu_10 14 42
kernel_6 14 287
batata_7 14 243
batata_56 17 279
linus_25 17 179
kernel_20 17 295
linus_12 17 209
kernel_59 17 293
linus_39 17 206
kernel_38 17 285
linus_34 17 206
linus_33 17 203
batata_32 17 272
gnu_8 17 52
kernel_7 17 295
kernel_65 17 294
kernel_64 17 295
batata_63 17 280
kernel_60 17 295
gnu_36 17 52
batata_42 17 279
batata_29 17 280
gnu_16 17 52
batata_26 17 279
linus_26 17 206
kernel_63 21 287
gnu_41 21 56
kernel_55 21 294
kernel_50 21 295
batata_37 21 279
kernel_36 21 295
batata_20 21 281
batata_10 21 279
kernel_68 21 289
batata_68 21 276
batata_66 21 278
linus_56 21 200
batata_44 21 264
kernel_45 21 294
linus_42 21 190
batata_15 21 282
kernel_3 21 293
linus_5 21 207
batata_54 21 270
batata_52 21 244
gnu_30 21 57
kernel_37 21 294
kernel_31 21 295
batata_21 21 254
linus_18 21 213
gnu_6 21 52
kernel_62 21 292
linus_53 21 183
gnu_34 21 57
linus_30 21 172
gnu_14 21 57
linus_22 21 197
gnu_9 21 57
batata_43 25 278
gnu_24 25 66
batata_11 25 282
gnu_4 25 61
kernel_8 25 279
gnu_0 25 61
batata_49 25 283
kernel_27 25 295
batata_12 25 264
batata_71 25 283
batata_69 25 266
linus_49 25 213
batata_30 25 281
batata_19 25 254
gnu_43 25 62
kernel_61 25 295
batata_46 26 282
gnu_17 26 62
batata_22 26 282
gnu_3 26 62
linus_8 26 204
kernel_53 26 295
batata_51 26 279
linus_50 26 210
batata_45 26 281
kernel_42 26 295
kernel_32 26 295
kernel_13 26 295
batata_13 26 257
linus_61 30 184
gnu_26 30 66
batata_27 30 274
kernel_26 30 294
linus_13 30 204
linus_3 30 201
batata_67 30 284
gnu_37 30 66
linus_52 30 188
kernel_43 30 290
linus_44 30 188
linus_36 30 213
linus_6 30 184
linus_37 30 213
gnu_12 30 58
linus_14 31 191
kernel_4 31 295
14688