linus_63 0 118
batata_60 0 214
kernel_48 0 282
gnu_27 0 2
batata_31 0 234
batata_28 0 239
gnu_15 0 2
batata_24 0 245
linus_24 0 147
gnu_5 0 3
batata_2 0 239
linus_4 0 147
batata_70 1 245
kernel_47 1 292
kernel_41 1 289
batata_33 1 250
kernel_23 1 293
kernel_15 1 286
linus_2 1 143
kernel_57 2 288
batata_50 2 259
kernel_51 2 294
gnu_23 2 10
gnu_22 2 8
linus_27 2 172
gnu_11 2 7
batata_4 2 259
kernel_2 2 293
batata_59 3 259
kernel_40 3 286
linus_45 3 164
kernel_29 3 295
kernel_18 3 294
batata_9 3 251
kernel_67 4 295
gnu_33 4 13
gnu_25 4 13
gnu_18 4 20
batata_18 4 259
linus_10 4 180
linus_7 4 180
linus_1 4 176
kernel_58 5 297
linus_59 5 184
batata_48 5 269
linus_48 5 180
gnu_29 5 24
batata_41 5 271
linus_35 5 180
batata_34 5 272
gnu_13 5 25
linus_23 5 184
gnu_7 5 25
kernel_5 5 299
gnu_1 5 25
kernel_1 5 298
linus_0 5 184
batata_65 6 264
batata_64 6 267
kernel_46 6 298
linus_41 6 188
gnu_20 6 29
kernel_34 6 299
linus_32 6 180
linus_28 6 173
kernel_17 6 299
kernel_16 6 296
kernel_11 6 300
linus_17 6 173
kernel_10 6 298
gnu_2 6 30
kernel_69 8 289
kernel_66 8 292
kernel_56 8 301
kernel_54 8 295
linus_21 8 177
batata_5 8 269
batata_1 8 269
gnu_40 8 30
gnu_39 8 34
gnu_38 8 25
linus_38 8 181
batata_36 8 267
linus_29 8 195
kernel_14 8 300
batata_16 8 259
batata_6 8 269
batata_3 8 269
linus_60 10 192
linus_43 10 181
batata_35 10 272
kernel_35 10 290
kernel_12 10 300
linus_15 10 192
kernel_9 10 300
gnu_42 10 35
batata_61 10 272
kernel_49 10 299
kernel_39 10 300
kernel_24 10 298
kernel_19 10 301
batata_23 10 272
linus_20 10 177
batata_14 10 270
batata_8 10 276
batata_62 12 276
linus_58 12 169
linus_57 12 185
linus_55 12 192
batata_53 12 274
linus_47 12 196
gnu_28 12 40
batata_40 12 262
batata_39 12 276
batata_38 12 262
gnu_21 12 49
linus_31 12 199
kernel_21 12 299
linus_11 12 199
linus_9 12 173
linus_62 12 189
batata_58 12 265
batata_57 12 276
kernel_52 12 302
linus_51 12 199
gnu_31 12 45
kernel_44 12 301
linus_46 12 196
batata_25 12 277
kernel_22 13 301
linus_19 13 203
kernel_0 13 302
linus_54 13 200
gnu_32 13 45
kernel_33 13 300
kernel_30 13 301
kernel_28 13 302
batata_17 13 281
linus_16 13 200
batata_0 13 281
batata_55 15 270
gnu_35 15 50
batata_47 15 281
linus_40 15 203
gnu_19 15 45
kernel_25 16 297
gnu_10 16 50
kernel_6 16 301
batata_7 16 281
batata_56 16 275
linus_25 16 203
kernel_20 16 301
linus_12 16 200
kernel_59 16 301
linus_39 16 193
kernel_38 16 302
linus_34 16 193
linus_33 16 203
batata_32 16 275
gnu_8 16 50
kernel_7 16 301
kernel_65 19 302
kernel_64 19 302
batata_63 19 281
kernel_60 19 302
gnu_36 19 54
batata_42 19 277
batata_29 19 283
gnu_16 19 55
batata_26 19 281
linus_26 19 190
kernel_63 19 301
gnu_41 19 50
kernel_55 19 296
kernel_50 19 302
batata_37 19 277
kernel_36 19 298
batata_20 19 284
batata_10 19 279
kernel_68 19 301
batata_68 19 279
batata_66 19 281
linus_56 19 210
batata_44 19 277
kernel_45 19 302
linus_42 19 204
batata_15 19 283
kernel_3 19 302
linus_5 19 204
batata_54 23 275
batata_52 23 286
gnu_30 23 55
kernel_37 23 301
kernel_31 23 302
batata_21 23 266
linus_18 23 204
gnu_6 23 59
kernel_62 23 301
linus_53 23 210
gnu_34 23 60
linus_30 23 201
gnu_14 23 60
linus_22 23 204
gnu_9 23 60
batata_43 23 284
gnu_24 23 60
batata_11 23 277
gnu_4 23 60
kernel_8 23 302
gnu_0 24 60
batata_49 24 283
kernel_27 24 298
batata_12 24 261
batata_71 24 279
batata_69 24 285
linus_49 24 210
batata_30 24 281
batata_19 24 285
gnu_43 28 60
kernel_61 28 302
batata_46 28 288
gnu_17 28 64
batata_22 28 285
gnu_3 28 60
linus_8 28 213
kernel_53 28 302
batata_51 28 280
linus_50 28 207
batata_45 28 286
kernel_42 28 303
kernel_32 28 302
kernel_13 28 303
batata_13 28 288
linus_61 28 211
gnu_26 28 64
batata_27 28 288
kernel_26 28 302
linus_13 28 211
linus_3 28 211
batata_67 28 285
gnu_37 28 56
linus_52 28 214
kernel_43 28 302
linus_44 28 208
linus_36 28 214
linus_6 28 217
linus_37 33 214
gnu_12 33 69
linus_14 33 217
kernel_4 33 303
15089