linus_63 0 127
batata_60 0 235
kernel_48 0 285
gnu_27 0 3
batata_31 0 238
batata_28 0 238
gnu_15 0 3
batata_24 0 232
linus_24 0 144
gnu_5 0 3
batata_2 0 246
linus_4 0 144
batata_70 1 244
kernel_47 1 294
kernel_41 1 293
batata_33 1 255
kernel_23 1 291
kernel_15 1 294
linus_2 1 160
kernel_57 2 294
batata_50 2 257
kernel_51 2 296
gnu_23 2 10
gnu_22 2 10
linus_27 2 148
gnu_11 2 7
batata_4 2 257
kernel_2 2 296
batata_59 3 260
kernel_40 3 298
linus_45 3 160
kernel_29 3 296
kernel_18 3 298
batata_9 3 263
kernel_67 4 299
gnu_33 4 20
gnu_25 4 20
gnu_18 4 17
batata_18 4 249
linus_10 4 184
linus_7 4 184
linus_1 4 180
kernel_58 5 299
linus_59 5 164
batata_48 5 265
linus_48 5 184
gnu_29 5 25
batata_41 5 270
linus_35 5 188
batata_34 5 273
gnu_13 5 25
linus_23 5 188
gnu_7 5 25
kernel_5 5 302
gnu_1 5 21
kernel_1 5 302
linus_0 5 188
batata_65 6 268
batata_64 6 273
kernel_46 6 302
linus_41 6 192
gnu_20 6 30
kernel_34 6 301
linus_32 6 192
linus_28 6 188
kernel_17 6 299
kernel_16 6 301
kernel_11 6 303
linus_17 6 192
kernel_10 6 297
gnu_2 6 30
kernel_69 8 303
kernel_66 8 303
kernel_56 8 304
kernel_54 8 280
linus_21 8 193
batata_5 8 273
batata_1 8 276
gnu_40 8 35
gnu_39 8 35
gnu_38 8 35
linus_38 8 196
batata_36 8 278
linus_29 8 193
kernel_14 8 303
batata_16 8 276
batata_6 8 268
batata_3 8 276
linus_60 10 193
linus_43 10 200
batata_35 10 263
kernel_35 10 304
kernel_12 10 304
linus_15 10 200
kernel_9 10 303
gnu_42 10 40
batata_61 10 278
kernel_49 10 305
kernel_39 10 303
kernel_24 10 304
kernel_19 10 304
batata_23 10 266
linus_20 10 200
batata_14 10 280
batata_8 10 280
batata_62 12 271
linus_58 12 197
linus_57 12 200
linus_55 12 200
batata_53 12 280
linus_47 12 200
gnu_28 12 35
batata_40 12 274
batata_39 12 276
batata_38 12 264
gnu_21 12 40
linus_31 12 193
kernel_21 12 302
linus_11 12 197
linus_9 12 197
linus_62 12 189
batata_58 12 274
batata_57 12 264
kernel_52 12 305
linus_51 12 197
gnu_31 12 36
kernel_44 12 303
linus_46 12 197
batata_25 13 278
kernel_22 13 303
linus_19 13 193
kernel_0 13 305
linus_54 13 204
gnu_32 13 45
kernel_33 13 296
kernel_30 13 302
kernel_28 13 305
batata_17 13 266
linus_16 13 194
batata_0 13 278
batata_55 15 276
gnu_35 15 50
batata_47 15 282
linus_40 16 182
gnu_19 16 50
kernel_25 16 304
gnu_10 16 50
kernel_6 16 305
batata_7 16 284
batata_56 16 284
linus_25 16 207
kernel_20 16 302
linus_12 16 197
kernel_59 16 303
linus_39 16 197
kernel_38 16 305
linus_34 16 208
linus_33 16 208
batata_32 16 283
gnu_8 16 50
kernel_7 16 305
kernel_65 19 305
kernel_64 19 304
batata_63 19 285
kernel_60 19 305
gnu_36 19 46
batata_42 19 283
batata_29 19 285
gnu_16 19 50
batata_26 19 285
linus_26 19 208
kernel_63 19 305
gnu_41 19 55
kernel_55 19 306
kernel_50 19 306
batata_37 19 285
kernel_36 19 305
batata_20 19 283
batata_10 19 286
kernel_68 19 306
batata_68 19 274
batata_66 19 283
linus_56 19 205
batata_44 19 285
kernel_45 19 306
linus_42 19 211
batata_15 19 285
kernel_3 20 306
linus_5 20 205
batata_54 20 281
batata_52 20 285
gnu_30 20 55
kernel_37 20 305
kernel_31 20 306
batata_21 20 281
linus_18 20 202
gnu_6 20 46
kernel_62 24 305
linus_53 24 211
gnu_34 24 60
linus_30 24 208
gnu_14 24 60
linus_22 24 205
gnu_9 24 60
batata_43 24 283
gnu_24 24 60
batata_11 24 287
gnu_4 24 60
kernel_8 24 306
gnu_0 24 56
batata_49 24 285
kernel_27 24 306
batata_12 24 288
batata_71 24 288
batata_69 24 288
linus_49 24 212
batata_30 24 287
batata_19 24 287
gnu_43 28 60
kernel_61 28 305
batata_46 28 287
gnu_17 28 60
batata_22 28 285
gnu_3 28 64
linus_8 28 218
kernel_53 28 306
batata_51 28 288
linus_50 28 215
batata_45 28 277
kernel_42 28 306
kernel_32 28 306
kernel_13 28 306
batata_13 28 285
linus_61 28 212
gnu_26 28 65
batata_27 28 288
kernel_26 28 306
linus_13 29 215
linus_3 29 218
batata_67 29 277
gnu_37 29 65
linus_52 29 218
kernel_43 29 306
linus_44 29 215
linus_36 29 215
linus_6 29 212
linus_37 29 215
gnu_12 29 61
linus_14 29 212
kernel_4 29 306
15270