linus_63 0 131
batata_60 0 216
kernel_48 0 263
gnu_27 0 3
batata_31 0 241
batata_28 0 244
gnu_15 0 5
batata_24 0 244
linus_24 0 127
gnu_5 0 4
batata_2 0 244
linus_4 0 123
batata_70 1 213
kernel_47 1 278
kernel_41 1 282
batata_33 1 249
kernel_23 1 282
kernel_15 1 273
linus_2 1 115
kernel_57 2 284
batata_50 2 244
kernel_51 2 283
gnu_23 2 8
gnu_22 2 10
linus_27 2 172
gnu_11 2 8
batata_4 2 246
kernel_2 2 262
batata_59 3 251
kernel_40 3 282
linus_45 3 175
kernel_29 3 284
kernel_18 3 273
batata_9 3 256
kernel_67 4 285
gnu_33 4 13
gnu_25 4 20
gnu_18 4 16
batata_18 4 231
linus_10 4 160
linus_7 4 152
linus_1 4 160
kernel_58 5 285
linus_59 5 187
batata_48 5 236
linus_48 5 179
gnu_29 5 25
batata_41 5 231
linus_35 5 187
batata_34 5 234
gnu_13 5 25
linus_23 5 180
gnu_7 5 25
kernel_5 5 277
gnu_1 5 25
kernel_1 5 287
linus_0 5 183
batata_65 6 231
batata_64 6 258
kernel_46 6 273
linus_41 6 187
gnu_20 6 25
kernel_34 6 289
linus_32 6 187
linus_28 6 191
kernel_17 6 285
kernel_16 6 289
kernel_11 6 273
linus_17 6 191
kernel_10 6 268
gnu_2 6 30
kernel_69 8 287
kernel_66 8 284
kernel_56 8 262
kernel_54 8 284
linus_21 8 156
batata_5 8 260
batata_1 8 239
gnu_40 8 39
gnu_39 8 30
gnu_38 8 35
linus_38 8 191
batata_36 8 269
linus_29 8 184
kernel_14 8 285
batata_16 8 231
batata_6 8 266
batata_3 8 239
linus_60 10 195
linus_43 10 161
batata_35 10 270
kernel_35 10 283
kernel_12 10 288
linus_15 10 165
kernel_9 10 287
gnu_42 10 40
batata_61 10 249
kernel_49 10 287
kernel_39 10 273
kernel_24 10 289
kernel_19 10 289
batata_23 10 264
linus_20 10 191
batata_14 10 231
batata_8 10 268
batata_62 12 247
linus_58 12 202
linus_57 12 161
linus_55 12 191
batata_53 12 247
linus_47 12 202
gnu_28 12 40
batata_40 12 232
batata_39 12 268
batata_38 12 242
gnu_21 12 35
linus_31 12 195
kernel_21 12 288
linus_11 12 173
linus_9 12 157
linus_62 12 202
batata_58 12 240
batata_57 12 264
kernel_52 12 289
linus_51 12 184
gnu_31 12 36
kernel_44 12 291
linus_46 12 199
batata_25 13 275
kernel_22 13 290
linus_19 13 195
kernel_0 13 289
linus_54 13 202
gnu_32 13 45
kernel_33 13 289
kernel_30 13 282
kernel_28 13 288
batata_17 13 270
linus_16 13 199
batata_0 13 270
batata_55 15 270
gnu_35 15 54
batata_47 15 250
linus_40 15 202
gnu_19 16 50
kernel_25 16 284
gnu_10 16 50
kernel_6 16 290
batata_7 16 273
batata_56 16 275
linus_25 16 202
kernel_20 16 290
linus_12 16 199
kernel_59 16 290
linus_39 16 177
kernel_38 16 291
linus_34 16 206
linus_33 16 209
batata_32 16 276
gnu_8 16 50
kernel_7 16 290
kernel_65 19 281
kernel_64 19 290
batata_63 19 250
kernel_60 19 290
gnu_36 19 50
batata_42 19 248
batata_29 19 272
gnu_16 19 55
batata_26 19 243
linus_26 19 215
kernel_63 19 276
gnu_41 19 55
kernel_55 19 267
kernel_50 19 291
batata_37 19 255
kernel_36 19 289
batata_20 19 245
batata_10 19 275
kernel_68 19 291
batata_68 19 278
batata_66 19 253
linus_56 19 185
batata_44 19 276
kernel_45 19 290
linus_42 19 174
batata_15 19 261
kernel_3 19 279
linus_5 19 206
batata_54 20 253
batata_52 20 275
gnu_30 20 55
kernel_37 20 280
kernel_31 20 290
batata_21 20 253
linus_18 20 203
gnu_6 20 60
kernel_62 23 290
linus_53 23 203
gnu_34 24 60
linus_30 24 206
gnu_14 24 60
linus_22 24 209
gnu_9 24 60
batata_43 24 269
gnu_24 24 46
batata_11 24 275
gnu_4 24 56
kernel_8 24 284
gnu_0 24 64
batata_49 24 277
kernel_27 24 291
batata_12 24 277
batata_71 24 274
batata_69 24 253
linus_49 24 213
batata_30 24 277
batata_19 24 253
gnu_43 28 56
kernel_61 28 290
batata_46 28 251
gnu_17 28 64
batata_22 28 277
gnu_3 28 64
linus_8 28 178
kernel_53 28 287
batata_51 28 257
linus_50 28 219
batata_45 28 251
kernel_42 28 291
kernel_32 28 280
kernel_13 28 291
batata_13 28 255
linus_61 28 200
gnu_26 28 56
batata_27 28 279
kernel_26 28 280
linus_13 28 204
linus_3 28 219
batata_67 29 279
gnu_37 29 69
linus_52 29 216
kernel_43 29 291
linus_44 29 213
linus_36 29 216
linus_6 29 219
linus_37 29 219
gnu_12 29 65
linus_14 29 216
kernel_4 29 291
14490