linus_63 0 123
batata_60 0 234
kernel_48 0 279
gnu_27 0 3
batata_31 0 240
batata_28 0 240
gnu_15 0 2
batata_24 0 202
linus_24 0 152
gnu_5 0 2
batata_2 0 240
linus_4 0 144
batata_70 1 220
kernel_47 1 279
kernel_41 1 260
batata_33 1 253
kernel_23 1 283
kernel_15 1 284
linus_2 1 128
kernel_57 2 284
batata_50 2 226
kernel_51 2 288
gnu_23 2 9
gnu_22 2 11
linus_27 2 140
gnu_11 2 14
batata_4 2 253
kernel_2 2 283
batata_59 3 265
kernel_40 3 291
linus_45 3 177
kernel_29 3 286
kernel_18 3 290
batata_9 3 262
kernel_67 4 291
gnu_33 4 21
gnu_25 4 21
gnu_18 4 17
batata_18 4 256
linus_10 4 184
linus_7 4 173
linus_1 4 165
kernel_58 5 287
linus_59 5 177
batata_48 5 267
linus_48 5 165
gnu_29 5 25
batata_41 5 265
linus_35 5 185
batata_34 5 267
gnu_13 5 25
linus_23 5 185
gnu_7 5 25
kernel_5 5 292
gnu_1 5 25
kernel_1 5 290
linus_0 5 185
batata_65 6 269
batata_64 6 271
kernel_46 6 294
linus_41 6 188
gnu_20 6 30
kernel_34 6 292
linus_32 6 188
linus_28 6 189
kernel_17 6 293
kernel_16 6 293
kernel_11 7 287
linus_17 7 189
kernel_10 7 292
gnu_2 7 35
kernel_69 7 292
kernel_66 7 294
kernel_56 7 279
kernel_54 7 294
linus_21 7 196
batata_5 7 263
batata_1 7 269
gnu_40 8 26
gnu_39 8 35
gnu_38 8 31
linus_38 8 173
batata_36 8 232
linus_29 8 192
kernel_14 8 286
batata_16 8 271
batata_6 8 258
batata_3 8 246
linus_60 10 192
linus_43 10 189
batata_35 10 269
kernel_35 10 275
kernel_12 10 294
linus_15 10 170
kernel_9 10 293
gnu_42 10 36
batata_61 10 265
kernel_49 10 281
kernel_39 10 294
kernel_24 10 291
kernel_19 10 293
batata_23 10 246
linus_20 10 200
batata_14 10 267
batata_8 10 265
batata_62 13 269
linus_58 13 182
linus_57 13 203
linus_55 13 206
batata_53 13 243
linus_47 13 206
gnu_28 13 41
batata_40 13 254
batata_39 13 261
batata_38 13 256
gnu_21 13 45
linus_31 13 203
kernel_21 13 287
linus_11 13 182
linus_9 13 203
linus_62 13 186
batata_58 13 271
batata_57 13 256
kernel_52 13 281
linus_51 13 196
gnu_31 13 36
kernel_44 13 292
linus_46 13 190
batata_25 13 251
kernel_22 13 290
linus_19 13 200
kernel_0 13 290
linus_54 13 186
gnu_32 13 50
kernel_33 13 275
kernel_30 13 294
kernel_28 13 294
batata_17 13 277
linus_16 13 178
batata_0 13 269
batata_55 16 259
gnu_35 16 50
batata_47 16 263
linus_40 16 204
gnu_19 16 41
kernel_25 16 278
gnu_10 16 46
kernel_6 16 291
batata_7 16 247
batata_56 16 277
linus_25 16 210
kernel_20 16 285
linus_12 16 207
kernel_59 16 285
linus_39 16 210
kernel_38 16 290
linus_34 16 193
linus_33 16 200
batata_32 16 257
gnu_8 16 51
kernel_7 16 295
kernel_65 19 292
kernel_64 19 295
batata_63 20 257
kernel_60 20 295
gnu_36 20 51
batata_42 20 278
batata_29 20 264
gnu_16 20 55
batata_26 20 275
linus_26 20 190
kernel_63 20 294
gnu_41 20 60
kernel_55 20 295
kernel_50 20 294
batata_37 20 277
kernel_36 20 281
batata_20 20 279
batata_10 20 252
kernel_68 20 295
batata_68 20 255
batata_66 20 277
linus_56 20 175
batata_44 20 275
kernel_45 20 281
linus_42 20 204
batata_15 20 250
kernel_3 20 295
linus_5 20 187
batata_54 20 274
batata_52 20 247
gnu_30 20 60
kernel_37 20 286
kernel_31 20 289
batata_21 20 274
linus_18 20 208
gnu_6 20 56
kernel_62 24 294
linus_53 24 179
gnu_34 24 60
linus_30 24 208
gnu_14 24 65
linus_22 24 201
gnu_9 24 65
batata_43 24 275
gnu_24 24 65
batata_11 24 242
gnu_4 24 65
kernel_8 24 294
gnu_0 24 47
batata_49 24 264
kernel_27 24 290
batata_12 24 276
batata_71 24 279
batata_69 24 250
linus_49 24 214
batata_30 24 247
batata_19 24 274
gnu_43 29 61
kernel_61 29 295
batata_46 29 280
gnu_17 29 65
batata_22 29 277
gnu_3 29 65
linus_8 29 214
kernel_53 29 291
batata_51 29 277
linus_50 29 198
batata_45 29 277
kernel_42 29 295
kernel_32 29 294
kernel_13 29 295
batata_13 29 282
linus_61 29 217
gnu_26 29 65
batata_27 29 284
kernel_26 29 295
linus_13 29 205
linus_3 29 217
batata_67 29 280
gnu_37 29 65
linus_52 29 214
kernel_43 29 295
linus_44 29 214
linus_36 29 214
linus_6 29 217
linus_37 29 214
gnu_12 29 66
linus_14 29 214
kernel_4 29 290
14715