linus_63 0 129
batata_60 0 250
kernel_48 0 280
gnu_27 0 4
batata_31 0 236
batata_28 0 244
gnu_15 0 4
batata_24 0 247
linus_24 0 153
gnu_5 0 3
batata_2 0 245
linus_4 0 149
batata_70 1 233
kernel_47 1 290
kernel_41 1 279
batata_33 1 253
kernel_23 1 289
kernel_15 1 288
linus_2 1 162
kernel_57 2 285
batata_50 2 239
kernel_51 2 288
gnu_23 2 11
gnu_22 2 11
linus_27 2 170
gnu_11 2 11
batata_4 2 247
kernel_2 2 284
batata_59 3 258
kernel_40 3 293
linus_45 3 174
kernel_29 3 295
kernel_18 3 284
batata_9 3 261
kernel_67 4 296
gnu_33 4 26
gnu_25 4 22
gnu_18 4 22
batata_18 4 271
linus_10 4 186
linus_7 4 182
linus_1 4 182
kernel_58 5 290
linus_59 5 190
batata_48 5 266
linus_48 5 190
gnu_29 5 27
batata_41 5 256
linus_35 5 186
batata_34 5 271
gnu_13 5 27
linus_23 5 182
gnu_7 5 27
kernel_5 5 284
gnu_1 5 27
kernel_1 5 298
linus_0 5 162
batata_65 6 263
batata_64 6 258
kernel_46 6 293
linus_41 6 182
gnu_20 6 32
kernel_34 7 295
linus_32 7 182
linus_28 7 186
kernel_17 7 294
kernel_16 7 299
kernel_11 7 298
linus_17 7 190
kernel_10 7 294
gnu_2 7 32
kernel_69 7 294
kernel_66 7 298
kernel_56 7 295
kernel_54 7 294
linus_21 7 190
batata_5 7 256
batata_1 7 273
gnu_40 8 32
gnu_39 8 37
gnu_38 8 37
linus_38 8 190
batata_36 8 253
linus_29 8 187
kernel_14 8 296
batata_16 8 269
batata_6 8 273
batata_3 9 271
linus_60 9 198
linus_43 9 191
batata_35 9 269
kernel_35 9 297
kernel_12 9 298
linus_15 9 187
kernel_9 9 286
gnu_42 11 32
batata_61 11 266
kernel_49 11 297
kernel_39 11 295
kernel_24 11 298
kernel_19 11 298
batata_23 11 277
linus_20 11 202
batata_14 11 277
batata_8 11 271
batata_62 11 264
linus_58 11 198
linus_57 11 195
linus_55 11 198
batata_53 11 273
linus_47 11 202
gnu_28 11 42
batata_40 11 277
batata_39 11 264
batata_38 11 269
gnu_21 11 42
linus_31 11 202
kernel_21 11 298
linus_11 11 195
linus_9 11 198
linus_62 13 202
batata_58 13 273
batata_57 13 281
kernel_52 13 299
linus_51 13 205
gnu_31 13 47
kernel_44 13 300
linus_46 14 205
batata_25 14 267
kernel_22 14 297
linus_19 14 195
kernel_0 14 294
linus_54 14 199
gnu_32 14 47
kernel_33 14 299
kernel_30 14 299
kernel_28 14 299
batata_17 14 276
linus_16 14 205
batata_0 14 276
batata_55 14 249
gnu_35 14 38
batata_47 14 254
linus_40 14 195
gnu_19 14 47
kernel_25 14 297
gnu_10 14 47
kernel_6 14 298
batata_7 14 271
batata_56 17 276
linus_25 17 206
kernel_20 17 293
linus_12 17 206
kernel_59 17 298
linus_39 17 202
kernel_38 17 299
linus_34 17 209
linus_33 17 209
batata_32 17 274
gnu_8 17 52
kernel_7 17 299
kernel_65 17 299
kernel_64 17 300
batata_63 17 262
kernel_60 17 299
gnu_36 17 52
batata_42 17 278
batata_29 17 272
gnu_16 17 52
batata_26 17 278
linus_26 17 203
kernel_63 21 298
gnu_41 21 57
kernel_55 21 298
kernel_50 21 300
batata_37 21 285
kernel_36 21 299
batata_20 21 276
batata_10 21 280
kernel_68 21 296
batata_68 21 280
batata_66 21 270
linus_56 21 181
batata_44 21 285
kernel_45 21 299
linus_42 21 209
batata_15 21 283
kernel_3 21 294
linus_5 21 209
batata_54 21 276
batata_52 21 282
gnu_30 21 57
kernel_37 21 299
kernel_31 21 300
batata_21 21 274
linus_18 21 210
gnu_6 21 57
kernel_62 21 298
linus_53 21 200
gnu_34 21 48
linus_30 21 206
gnu_14 21 48
linus_22 21 200
gnu_9 21 57
batata_43 25 278
gnu_24 25 62
batata_11 25 280
gnu_4 25 62
kernel_8 25 300
gnu_0 25 62
batata_49 25 270
kernel_27 25 300
batata_12 25 285
batata_71 25 283
batata_69 25 283
linus_49 25 196
batata_30 25 283
batata_19 25 285
gnu_43 26 53
kernel_61 26 299
batata_46 26 284
gnu_17 26 53
batata_22 26 285
gnu_3 26 62
linus_8 26 213
kernel_53 26 297
batata_51 26 284
linus_50 26 213
batata_45 26 279
kernel_42 26 299
kernel_32 26 299
kernel_13 26 300
batata_13 26 284
linus_61 30 213
gnu_26 30 66
batata_27 30 284
kernel_26 30 298
linus_13 30 213
linus_3 30 204
batata_67 30 277
gnu_37 30 66
linus_52 30 207
kernel_43 31 300
linus_44 31 213
linus_36 31 207
linus_6 31 210
linus_37 31 204
gnu_12 31 67
linus_14 31 219
kernel_4 31 297
14939