darksouls_116 0 0
flusp_103 0 0
darksouls_115 0 0
guaxinim_74 0 0
flusp_81 0 0
darksouls_80 0 0
gnu_78 0 2
darksouls_60 0 0
gnu_40 0 2
gnu_39 0 2
darksouls_33 0 0
gnu_32 0 2
darksouls_26 0 0
gnu_13 0 1
guaxinim_9 0 0
gnu_1 0 1
guaxinim_113 1 2
guaxinim_106 1 2
guaxinim_99 1 2
darksouls_111 1 1
flusp_97 1 1
darksouls_102 1 1
gnu_102 1 19
darksouls_101 1 1
darksouls_81 1 1
gnu_82 1 19
guaxinim_68 1 2
flusp_65 1 1
flusp_62 1 1
gnu_57 1 19
guaxinim_61 1 2
gnu_43 1 19
darksouls_36 1 1
guaxinim_31 1 2
darksouls_4 1 1
guaxinim_2 1 2
gnu_113 2 19
flusp_93 3 3
darksouls_99 3 3
gnu_98 3 19
guaxinim_71 3 3
gnu_80 3 19
guaxinim_67 3 3
flusp_59 3 3
flusp_55 3 3
gnu_47 3 19
gnu_41 3 19
guaxinim_39 3 3
gnu_25 3 19
flusp_9 3 3
gnu_135 3 20
darksouls_128 3 3
gnu_123 3 20
gnu_117 3 20
gnu_111 3 20
darksouls_107 4 4
gnu_108 4 20
darksouls_100 4 4
gnu_44 4 20
gnu_29 4 20
darksouls_21 4 4
gnu_18 4 20
darksouls_11 4 4
guaxinim_23 4 4
darksouls_6 4 4
flusp_14 4 4
guaxinim_12 4 4
flusp_110 4 4
flusp_96 4 4
gnu_104 4 20
gnu_96 4 20
darksouls_40 4 5
flusp_33 5 5
guaxinim_27 5 5
gnu_118 5 21
darksouls_88 5 5
flusp_79 5 5
gnu_73 5 21
darksouls_74 5 5
darksouls_69 5 5
gnu_63 5 21
darksouls_62 5 5
darksouls_52 5 5
darksouls_49 5 5
guaxinim_50 5 5
gnu_30 5 21
guaxinim_36 5 5
gnu_21 5 21
gnu_20 5 21
gnu_12 5 21
guaxinim_6 5 6
darksouls_1 6 6
darksouls_0 6 6
darksouls_129 6 6
gnu_129 6 21
gnu_125 6 21
darksouls_117 6 6
flusp_100 6 6
flusp_99 6 6
darksouls_97 6 6
flusp_83 6 6
gnu_81 6 21
gnu_77 6 22
darksouls_61 6 6
darksouls_59 6 6
gnu_51 6 22
guaxinim_45 6 6
flusp_35 6 6
gnu_33 6 22
flusp_32 7 7
gnu_26 7 22
guaxinim_32 7 7
guaxinim_19 7 7
guaxinim_3 7 7
darksouls_130 7 7
guaxinim_108 7 7
guaxinim_103 7 7
flusp_98 7 7
guaxinim_92 7 7
darksouls_104 7 7
gnu_92 7 22
gnu_60 7 22
guaxinim_51 7 7
flusp_47 7 7
flusp_38 7 7
gnu_36 7 22
darksouls_31 8 8
guaxinim_41 8 8
darksouls_23 8 8
guaxinim_20 8 8
guaxinim_8 8 8
flusp_6 8 8
darksouls_113 8 8
gnu_112 8 22
guaxinim_78 8 8
gnu_91 8 22
darksouls_85 8 8
flusp_73 8 8
flusp_71 8 8
flusp_70 8 8
gnu_67 8 22
darksouls_53 8 8
darksouls_48 8 8
flusp_49 8 9
flusp_36 9 9
darksouls_13 9 9
darksouls_7 9 9
guaxinim_22 9 9
flusp_3 9 9
gnu_120 9 23
darksouls_112 9 9
guaxinim_83 9 9
darksouls_98 9 9
gnu_84 9 23
darksouls_67 9 9
darksouls_37 9 9
darksouls_25 9 9
darksouls_20 9 9
flusp_20 9 9
gnu_8 9 23
gnu_5 9 23
darksouls_132 10 10
gnu_121 10 23
guaxinim_87 10 10
darksouls_82 10 10
flusp_77 10 10
darksouls_76 10 10
gnu_70 10 23
gnu_66 10 23
gnu_65 10 23
darksouls_65 10 10
guaxinim_64 10 10
darksouls_41 10 10
flusp_45 10 10
gnu_42 10 23
darksouls_35 10 10
gnu_35 10 23
guaxinim_33 10 10
guaxinim_24 10 11
flusp_8 11 11
darksouls_2 11 11
guaxinim_0 11 11
gnu_132 11 24
gnu_131 11 24
flusp_107 11 11
guaxinim_102 11 11
darksouls_123 11 11
flusp_84 11 11
gnu_93 11 24
gnu_90 11 24
gnu_89 11 24
guaxinim_69 11 11
flusp_60 11 11
gnu_61 11 24
gnu_55 11 24
flusp_54 11 12
darksouls_57 12 12
gnu_50 12 24
darksouls_27 12 12
flusp_17 12 12
flusp_13 12 12
guaxinim_17 12 12
guaxinim_11 12 12
guaxinim_10 12 12
darksouls_134 12 12
darksouls_131 12 12
guaxinim_110 12 12
gnu_107 12 24
guaxinim_85 12 12
gnu_100 12 24
darksouls_96 12 12
guaxinim_76 12 12
darksouls_84 12 12
gnu_75 12 25
darksouls_66 13 13
darksouls_64 13 13
guaxinim_59 13 13
darksouls_51 13 13
flusp_42 13 13
flusp_37 13 13
guaxinim_37 13 13
darksouls_19 13 13
flusp_10 13 13
flusp_2 13 13
flusp_104 13 13
darksouls_108 13 13
flusp_74 13 13
gnu_74 13 25
guaxinim_60 13 13
darksouls_50 13 13
gnu_49 13 25
gnu_14 14 25
flusp_15 14 14
gnu_10 14 25
guaxinim_16 14 14
guaxinim_105 14 14
darksouls_118 14 14
darksouls_106 14 14
guaxinim_89 14 14
darksouls_95 14 14
darksouls_94 14 14
darksouls_92 14 14
flusp_61 14 14
guaxinim_63 14 14
darksouls_45 14 14
darksouls_39 14 14
guaxinim_42 14 14
gnu_22 14 25
gnu_3 15 25
gnu_0 15 25
darksouls_133 15 15
flusp_102 15 15
gnu_119 15 25
guaxinim_94 15 15
flusp_94 15 15
gnu_105 15 25
gnu_103 15 25
darksouls_77 15 15
gnu_68 15 25
flusp_63 15 15
guaxinim_48 15 15
darksouls_34 15 15
gnu_15 15 26
flusp_19 15 15
flusp_18 15 16
flusp_11 16 16
gnu_128 16 26
gnu_126 16 26
darksouls_114 16 16
guaxinim_81 16 16
flusp_86 16 16
darksouls_89 16 16
darksouls_79 16 16
gnu_58 16 26
gnu_46 16 26
darksouls_42 16 16
guaxinim_35 16 16
flusp_27 16 16
flusp_25 16 16
gnu_16 16 26
darksouls_10 16 16
guaxinim_7 16 17
guaxinim_5 17 17
guaxinim_112 17 17
darksouls_124 17 17
guaxinim_100 17 17
flusp_101 17 17
gnu_115 17 26
guaxinim_95 17 17
flusp_95 17 17
guaxinim_91 17 17
guaxinim_90 17 17
darksouls_103 17 17
gnu_95 17 26
gnu_88 17 26
gnu_71 17 26
guaxinim_65 17 17
flusp_31 17 17
gnu_28 17 26
darksouls_9 18 18
flusp_12 18 18
guaxinim_1 18 18
flusp_108 18 18
guaxinim_104 18 18
darksouls_109 18 18
guaxinim_93 18 18
flusp_92 18 18
guaxinim_73 18 18
gnu_87 18 26
gnu_83 18 27
darksouls_78 18 18
darksouls_56 18 18
flusp_51 18 18
darksouls_28 18 18
guaxinim_15 18 18
guaxinim_115 27 27
guaxinim_111 27 27
flusp_105 27 27
darksouls_119 27 27
guaxinim_97 27 27
guaxinim_86 27 27
flusp_87 27 27
flusp_82 27 27
flusp_78 27 27
darksouls_73 27 27
darksouls_71 27 27
gnu_52 27 40
flusp_52 27 27
flusp_50 27 28
gnu_48 28 40
flusp_39 28 28
darksouls_32 28 28
flusp_22 28 28
darksouls_8 28 28
flusp_16 28 28
guaxinim_4 28 28
guaxinim_101 28 28
guaxinim_82 28 28
flusp_89 28 28
flusp_88 28 28
darksouls_86 28 28
darksouls_83 28 29
flusp_72 29 29
flusp_69 29 29
flusp_68 29 29
gnu_53 29 40
darksouls_29 29 29
guaxinim_40 29 29
darksouls_24 29 29
darksouls_15 29 29
flusp_24 29 29
flusp_23 29 29
gnu_7 29 41
gnu_130 29 41
gnu_127 29 41
darksouls_121 29 30
gnu_110 30 41
guaxinim_80 30 30
darksouls_90 30 30
gnu_85 30 41
flusp_76 30 30
gnu_79 30 41
flusp_64 30 30
gnu_64 30 41
gnu_37 30 41
flusp_30 30 30
flusp_28 30 30
gnu_19 30 41
guaxinim_26 30 31
gnu_6 31 41
flusp_0 31 31
gnu_133 31 41
flusp_109 31 31
darksouls_122 31 31
gnu_116 31 42
guaxinim_72 31 31
guaxinim_70 31 31
gnu_76 31 42
darksouls_54 31 31
guaxinim_34 31 31
gnu_23 31 42
gnu_11 31 42
darksouls_5 32 32
guaxinim_109 32 32
guaxinim_107 32 32
flusp_106 32 32
guaxinim_84 32 32
darksouls_93 32 32
gnu_86 32 42
gnu_72 32 42
gnu_56 32 42
flusp_56 32 32
guaxinim_58 32 32
guaxinim_54 32 32
guaxinim_52 32 32
flusp_43 32 33
guaxinim_28 33 33
darksouls_12 33 33
guaxinim_13 33 33
darksouls_127 33 33
darksouls_125 33 33
guaxinim_96 33 33
guaxinim_88 33 33
gnu_94 33 42
darksouls_87 33 33
flusp_75 33 33
darksouls_70 33 33
flusp_57 33 33
darksouls_47 33 33
darksouls_44 33 34
flusp_46 34 34
gnu_31 34 42
gnu_27 34 42
darksouls_17 34 34
guaxinim_21 34 34
guaxinim_18 34 34
flusp_5 34 34
flusp_1 34 34
gnu_122 34 42
guaxinim_98 34 34
darksouls_110 34 34
flusp_85 34 34
darksouls_91 34 35
darksouls_75 35 35
guaxinim_66 35 35
flusp_58 35 35
darksouls_38 35 35
flusp_41 35 35
gnu_4 35 43
gnu_134 35 43
darksouls_126 35 35
darksouls_120 35 35
gnu_114 35 43
flusp_80 35 35
guaxinim_57 35 35
flusp_34 35 35
gnu_34 35 43
darksouls_30 36 36
guaxinim_38 36 36
gnu_24 36 43
flusp_26 36 36
guaxinim_25 36 36
gnu_2 36 43
gnu_124 36 43
flusp_91 36 36
flusp_90 36 36
gnu_59 36 43
gnu_54 36 43
darksouls_58 36 36
darksouls_55 36 36
guaxinim_53 36 37
darksouls_43 37 37
guaxinim_49 37 37
flusp_40 37 37
guaxinim_46 37 37
guaxinim_43 37 37
gnu_17 37 43
darksouls_14 37 37
gnu_9 37 43
flusp_7 37 37
flusp_112 37 37
guaxinim_114 37 37
flusp_111 37 37
guaxinim_79 37 37
guaxinim_77 37 38
guaxinim_75 38 38
flusp_67 38 38
gnu_69 38 43
darksouls_72 38 38
darksouls_68 38 38
darksouls_63 38 38
gnu_62 38 44
flusp_48 38 38
gnu_45 38 44
flusp_44 38 38
guaxinim_47 38 38
flusp_29 38 38
darksouls_18 38 39
darksouls_16 39 39
flusp_21 39 39
darksouls_105 39 39
gnu_109 39 44
gnu_106 39 44
gnu_101 39 44
gnu_99 39 44
gnu_97 39 44
flusp_66 39 39
guaxinim_62 39 39
flusp_53 39 39
guaxinim_56 39 39
guaxinim_55 39 39
darksouls_46 39 40
gnu_38 40 44
guaxinim_44 40 40
darksouls_22 40 40
guaxinim_30 40 40
guaxinim_29 40 40
guaxinim_14 40 40
darksouls_3 40 40
flusp_4 40 40
680