darksouls_116 0 0
flusp_103 0 0
darksouls_115 0 0
guaxinim_74 0 0
flusp_81 0 0
darksouls_80 0 0
gnu_78 0 2
darksouls_60 0 0
gnu_40 0 1
gnu_39 0 3
darksouls_33 0 0
gnu_32 0 1
darksouls_26 0 0
gnu_13 0 1
guaxinim_9 0 0
gnu_1 0 1
guaxinim_113 1 3
guaxinim_106 1 3
guaxinim_99 1 3
darksouls_111 1 1
flusp_97 1 1
darksouls_102 1 1
gnu_102 1 3
darksouls_101 1 1
darksouls_81 1 1
gnu_82 1 3
guaxinim_68 1 3
flusp_65 1 1
flusp_62 1 1
gnu_57 1 3
guaxinim_61 1 3
gnu_43 1 3
darksouls_36 1 1
guaxinim_31 1 3
darksouls_4 2 2
guaxinim_2 2 2
gnu_113 2 3
flusp_93 2 2
darksouls_99 2 2
gnu_98 2 3
guaxinim_71 2 3
gnu_80 2 4
guaxinim_67 2 4
flusp_59 2 2
flusp_55 2 2
gnu_47 2 4
gnu_41 2 4
guaxinim_39 2 4
gnu_25 2 4
flusp_9 2 2
gnu_135 4 32
darksouls_128 4 4
gnu_123 4 32
gnu_117 4 32
gnu_111 4 32
darksouls_107 4 4
gnu_108 4 32
darksouls_100 4 4
gnu_44 4 32
gnu_29 4 33
darksouls_21 5 5
gnu_18 5 33
darksouls_11 5 5
guaxinim_23 5 5
darksouls_6 5 5
flusp_14 5 5
guaxinim_12 5 5
flusp_110 5 5
flusp_96 5 5
gnu_104 5 33
gnu_96 5 33
darksouls_40 5 5
flusp_33 5 5
guaxinim_27 5 5
gnu_118 5 33
darksouls_88 5 6
flusp_79 6 6
gnu_73 6 33
darksouls_74 6 6
darksouls_69 6 6
gnu_63 6 33
darksouls_62 6 6
darksouls_52 6 6
darksouls_49 6 6
guaxinim_50 6 6
gnu_30 6 33
guaxinim_36 6 6
gnu_21 6 33
gnu_20 6 33
gnu_12 6 34
guaxinim_6 6 6
darksouls_1 6 7
darksouls_0 7 7
darksouls_129 7 7
gnu_129 7 34
gnu_125 7 34
darksouls_117 7 7
flusp_100 7 7
flusp_99 7 7
darksouls_97 7 7
flusp_83 7 7
gnu_81 7 34
gnu_77 7 34
darksouls_61 7 7
darksouls_59 7 7
gnu_51 7 34
guaxinim_45 7 7
flusp_35 7 7
gnu_33 7 34
flusp_32 8 8
gnu_26 8 34
guaxinim_32 8 8
guaxinim_19 8 8
guaxinim_3 8 8
darksouls_130 8 8
guaxinim_108 8 8
guaxinim_103 8 8
flusp_98 8 8
guaxinim_92 8 8
darksouls_104 8 8
gnu_92 8 34
gnu_60 8 34
guaxinim_51 8 8
flusp_47 8 8
flusp_38 8 9
gnu_36 9 35
darksouls_31 9 9
guaxinim_41 9 9
darksouls_23 9 9
guaxinim_20 9 9
guaxinim_8 9 9
flusp_6 9 9
darksouls_113 9 9
gnu_112 9 35
guaxinim_78 9 9
gnu_91 9 35
darksouls_85 9 9
flusp_73 9 9
flusp_71 9 9
flusp_70 9 9
gnu_67 9 35
darksouls_53 10 10
darksouls_48 10 10
flusp_49 10 10
flusp_36 10 10
darksouls_13 10 10
darksouls_7 10 10
guaxinim_22 10 10
flusp_3 10 10
gnu_120 10 35
darksouls_112 10 10
guaxinim_83 10 10
darksouls_98 10 10
gnu_84 10 35
darksouls_67 10 10
darksouls_37 10 10
darksouls_25 10 11
darksouls_20 11 11
flusp_20 11 11
gnu_8 11 35
gnu_5 11 35
darksouls_132 11 11
gnu_121 11 35
guaxinim_87 11 11
darksouls_82 11 11
flusp_77 11 11
darksouls_76 11 11
gnu_70 11 35
gnu_66 11 36
gnu_65 11 36
darksouls_65 11 11
guaxinim_64 11 11
darksouls_41 11 12
flusp_45 12 12
gnu_42 12 36
darksouls_35 12 12
gnu_35 12 36
guaxinim_33 12 12
guaxinim_24 12 12
flusp_8 12 12
darksouls_2 12 12
guaxinim_0 12 12
gnu_132 12 36
gnu_131 12 36
flusp_107 12 12
guaxinim_102 12 12
darksouls_123 12 12
flusp_84 12 12
gnu_93 12 36
gnu_90 13 36
gnu_89 13 36
guaxinim_69 13 13
flusp_60 13 13
gnu_61 13 36
gnu_55 13 37
flusp_54 13 13
darksouls_57 13 13
gnu_50 13 37
darksouls_27 13 13
flusp_17 13 13
flusp_13 13 13
guaxinim_17 13 13
guaxinim_11 13 13
guaxinim_10 13 13
darksouls_134 13 14
darksouls_131 14 14
guaxinim_110 14 14
gnu_107 14 37
guaxinim_85 14 14
gnu_100 14 37
darksouls_96 14 14
guaxinim_76 14 14
darksouls_84 14 14
gnu_75 14 37
darksouls_66 14 14
darksouls_64 14 14
guaxinim_59 14 14
darksouls_51 14 14
flusp_42 14 14
flusp_37 14 14
guaxinim_37 14 15
darksouls_19 15 15
flusp_10 15 15
flusp_2 15 15
flusp_104 15 15
darksouls_108 15 15
flusp_74 15 15
gnu_74 15 37
guaxinim_60 15 15
darksouls_50 15 15
gnu_49 15 37
gnu_14 15 37
flusp_15 15 15
gnu_10 15 37
guaxinim_16 15 15
guaxinim_105 15 15
darksouls_118 15 16
darksouls_106 16 16
guaxinim_89 16 16
darksouls_95 16 16
darksouls_94 16 16
darksouls_92 16 16
flusp_61 16 16
guaxinim_63 16 16
darksouls_45 16 16
darksouls_39 16 16
guaxinim_42 16 16
gnu_22 16 37
gnu_3 16 38
gnu_0 16 38
darksouls_133 16 16
flusp_102 16 16
gnu_119 16 38
guaxinim_94 17 17
flusp_94 17 17
gnu_105 17 38
gnu_103 17 38
darksouls_77 17 17
gnu_68 17 38
flusp_63 17 17
guaxinim_48 17 17
darksouls_34 17 17
gnu_15 17 38
flusp_19 17 17
flusp_18 17 17
flusp_11 17 17
gnu_128 17 38
gnu_126 17 38
darksouls_114 17 18
guaxinim_81 18 18
flusp_86 18 18
darksouls_89 18 18
darksouls_79 18 18
gnu_58 18 38
gnu_46 18 39
darksouls_42 18 18
guaxinim_35 18 18
flusp_27 18 18
flusp_25 18 18
gnu_16 18 39
darksouls_10 18 18
guaxinim_7 18 18
guaxinim_5 18 18
guaxinim_112 18 18
darksouls_124 18 19
guaxinim_100 19 19
flusp_101 19 19
gnu_115 19 39
guaxinim_95 19 19
flusp_95 19 19
guaxinim_91 19 19
guaxinim_90 19 19
darksouls_103 19 19
gnu_95 19 39
gnu_88 19 39
gnu_71 19 39
guaxinim_65 19 19
flusp_31 19 19
gnu_28 19 39
darksouls_9 19 19
flusp_12 19 20
guaxinim_1 20 20
flusp_108 20 20
guaxinim_104 20 20
darksouls_109 20 20
guaxinim_93 20 20
flusp_92 20 20
guaxinim_73 20 20
gnu_87 20 39
gnu_83 20 39
darksouls_78 20 20
darksouls_56 20 20
flusp_51 20 20
darksouls_28 20 20
guaxinim_15 20 20
guaxinim_115 20 20
guaxinim_111 20 21
flusp_105 21 21
darksouls_119 21 21
guaxinim_97 21 21
guaxinim_86 21 21
flusp_87 21 21
flusp_82 21 21
flusp_78 21 21
darksouls_73 21 21
darksouls_71 21 21
gnu_52 21 39
flusp_52 21 21
flusp_50 21 21
gnu_48 21 40
flusp_39 21 21
darksouls_32 21 21
flusp_22 21 22
darksouls_8 22 22
flusp_16 22 22
guaxinim_4 22 22
guaxinim_101 22 22
guaxinim_82 22 22
flusp_89 22 22
flusp_88 22 22
darksouls_86 22 22
darksouls_83 22 22
flusp_72 22 22
flusp_69 22 22
flusp_68 22 22
gnu_53 22 40
darksouls_29 22 22
guaxinim_40 22 22
darksouls_24 22 23
darksouls_15 23 23
flusp_24 23 23
flusp_23 23 23
gnu_7 23 40
gnu_130 23 40
gnu_127 23 40
darksouls_121 23 23
gnu_110 23 40
guaxinim_80 23 23
darksouls_90 23 23
gnu_85 23 40
flusp_76 23 23
gnu_79 23 40
flusp_64 23 23
gnu_64 23 40
gnu_37 23 40
flusp_30 24 24
flusp_28 24 24
gnu_19 24 41
guaxinim_26 24 24
gnu_6 24 41
flusp_0 24 24
gnu_133 24 41
flusp_109 24 24
darksouls_122 24 24
gnu_116 24 41
guaxinim_72 24 24
guaxinim_70 24 24
gnu_76 24 41
darksouls_54 24 24
guaxinim_34 24 24
gnu_23 24 41
gnu_11 25 41
darksouls_5 25 25
guaxinim_109 25 25
guaxinim_107 25 25
flusp_106 25 25
guaxinim_84 25 25
darksouls_93 25 25
gnu_86 25 41
gnu_72 25 41
gnu_56 25 41
flusp_56 25 25
guaxinim_58 25 25
guaxinim_54 25 25
guaxinim_52 25 25
flusp_43 25 25
guaxinim_28 25 26
darksouls_12 26 26
guaxinim_13 26 26
darksouls_127 26 26
darksouls_125 26 26
guaxinim_96 26 26
guaxinim_88 26 26
gnu_94 26 41
darksouls_87 26 26
flusp_75 26 26
darksouls_70 26 26
flusp_57 26 26
darksouls_47 26 26
darksouls_44 26 26
flusp_46 26 26
gnu_31 26 41
gnu_27 26 42
darksouls_17 27 27
guaxinim_21 27 27
guaxinim_18 27 27
flusp_5 27 27
flusp_1 27 27
gnu_122 27 42
guaxinim_98 27 27
darksouls_110 27 27
flusp_85 27 27
darksouls_91 27 27
darksouls_75 27 27
guaxinim_66 27 27
flusp_58 27 27
darksouls_38 27 27
flusp_41 27 27
gnu_4 27 42
gnu_134 27 42
darksouls_126 28 28
darksouls_120 28 28
gnu_114 28 42
flusp_80 28 28
guaxinim_57 28 28
flusp_34 28 28
gnu_34 28 42
darksouls_30 28 28
guaxinim_38 28 28
gnu_24 28 42
flusp_26 28 28
guaxinim_25 28 28
gnu_2 28 42
gnu_124 28 42
flusp_91 28 28
flusp_90 28 29
gnu_59 29 42
gnu_54 29 42
darksouls_58 29 29
darksouls_55 29 29
guaxinim_53 29 29
darksouls_43 29 29
guaxinim_49 29 29
flusp_40 29 29
guaxinim_46 29 29
guaxinim_43 29 29
gnu_17 29 42
darksouls_14 29 29
gnu_9 29 43
flusp_7 29 29
flusp_112 29 29
guaxinim_114 29 30
flusp_111 30 30
guaxinim_79 30 30
guaxinim_77 30 30
guaxinim_75 30 30
flusp_67 30 30
gnu_69 30 43
darksouls_72 30 30
darksouls_68 30 30
darksouls_63 30 30
gnu_62 30 43
flusp_48 30 30
gnu_45 30 43
flusp_44 30 30
guaxinim_47 30 30
flusp_29 30 30
darksouls_18 30 31
darksouls_16 31 31
flusp_21 31 31
darksouls_105 31 31
gnu_109 31 43
gnu_106 31 43
gnu_101 31 43
gnu_99 31 43
gnu_97 31 43
flusp_66 31 31
guaxinim_62 31 31
flusp_53 31 31
guaxinim_56 31 31
guaxinim_55 31 31
darksouls_46 31 31
gnu_38 31 43
guaxinim_44 31 31
darksouls_22 31 32
guaxinim_30 32 32
guaxinim_29 32 32
guaxinim_14 32 32
darksouls_3 32 32
flusp_4 32 32
676