darksouls_116 0 0
flusp_103 0 0
darksouls_115 0 0
guaxinim_74 0 4
flusp_81 0 1
darksouls_80 1 1
gnu_78 1 4
darksouls_60 1 1
gnu_40 1 5
gnu_39 1 5
darksouls_33 1 1
gnu_32 1 5
darksouls_26 1 1
gnu_13 1 5
guaxinim_9 1 1
gnu_1 1 5
guaxinim_113 1 5
guaxinim_106 1 5
guaxinim_99 1 5
darksouls_111 1 1
flusp_97 1 1
darksouls_102 1 1
gnu_102 1 5
darksouls_101 1 1
darksouls_81 1 2
gnu_82 2 5
guaxinim_68 2 2
flusp_65 2 2
flusp_62 2 2
gnu_57 2 6
guaxinim_61 2 2
gnu_43 2 6
darksouls_36 2 2
guaxinim_31 2 2
darksouls_4 2 2
guaxinim_2 2 2
gnu_113 2 6
flusp_93 2 2
darksouls_99 2 2
gnu_98 2 6
guaxinim_71 2 6
gnu_80 2 6
guaxinim_67 2 6
flusp_59 3 3
flusp_55 3 3
gnu_47 3 6
gnu_41 3 6
guaxinim_39 3 3
gnu_25 3 6
flusp_9 3 3
gnu_135 3 6
darksouls_128 3 3
gnu_123 3 7
gnu_117 3 7
gnu_111 3 7
darksouls_107 3 3
gnu_108 3 7
darksouls_100 3 3
gnu_44 3 7
gnu_29 3 7
darksouls_21 3 3
gnu_18 3 7
darksouls_11 4 4
guaxinim_23 4 4
darksouls_6 4 4
flusp_14 4 4
guaxinim_12 4 4
flusp_110 4 4
flusp_96 4 4
gnu_104 4 7
gnu_96 4 7
darksouls_40 4 4
flusp_33 4 4
guaxinim_27 4 7
gnu_118 7 38
darksouls_88 7 7
flusp_79 7 8
gnu_73 8 38
darksouls_74 8 8
darksouls_69 8 8
gnu_63 8 38
darksouls_62 8 8
darksouls_52 8 8
darksouls_49 8 8
guaxinim_50 8 8
gnu_30 8 39
guaxinim_36 8 8
gnu_21 8 39
gnu_20 8 39
gnu_12 8 39
guaxinim_6 9 9
darksouls_1 9 9
darksouls_0 9 9
darksouls_129 9 9
gnu_129 9 39
gnu_125 9 39
darksouls_117 9 9
flusp_100 9 9
flusp_99 9 9
darksouls_97 9 9
flusp_83 9 9
gnu_81 9 39
gnu_77 9 39
darksouls_61 9 10
darksouls_59 10 10
gnu_51 10 39
guaxinim_45 10 10
flusp_35 10 10
gnu_33 10 39
flusp_32 10 10
gnu_26 10 40
guaxinim_32 10 10
guaxinim_19 10 10
guaxinim_3 10 10
darksouls_130 10 10
guaxinim_108 10 10
guaxinim_103 10 11
flusp_98 11 11
guaxinim_92 11 11
darksouls_104 11 11
gnu_92 11 40
gnu_60 11 40
guaxinim_51 11 11
flusp_47 11 11
flusp_38 11 11
gnu_36 11 40
darksouls_31 11 11
guaxinim_41 11 11
darksouls_23 11 11
guaxinim_20 11 11
guaxinim_8 11 12
flusp_6 12 12
darksouls_113 12 12
gnu_112 12 40
guaxinim_78 12 12
gnu_91 12 40
darksouls_85 12 12
flusp_73 12 12
flusp_71 12 12
flusp_70 12 12
gnu_67 12 40
darksouls_53 12 12
darksouls_48 12 12
flusp_49 12 13
flusp_36 13 13
darksouls_13 13 13
darksouls_7 13 13
guaxinim_22 13 13
flusp_3 13 13
gnu_120 13 40
darksouls_112 13 13
guaxinim_83 13 13
darksouls_98 13 13
gnu_84 13 40
darksouls_67 13 13
darksouls_37 13 13
darksouls_25 13 13
darksouls_20 13 14
flusp_20 14 14
gnu_8 14 40
gnu_5 14 41
darksouls_132 14 14
gnu_121 14 41
guaxinim_87 14 14
darksouls_82 14 14
flusp_77 14 14
darksouls_76 14 14
gnu_70 14 41
gnu_66 14 41
gnu_65 14 41
darksouls_65 14 15
guaxinim_64 15 15
darksouls_41 15 15
flusp_45 15 15
gnu_42 15 41
darksouls_35 15 15
gnu_35 15 41
guaxinim_33 15 15
guaxinim_24 15 15
flusp_8 15 15
darksouls_2 15 15
guaxinim_0 15 15
gnu_132 15 41
gnu_131 15 41
flusp_107 15 16
guaxinim_102 16 16
darksouls_123 16 16
flusp_84 16 16
gnu_93 16 41
gnu_90 16 42
gnu_89 16 42
guaxinim_69 16 16
flusp_60 16 16
gnu_61 16 42
gnu_55 16 42
flusp_54 16 16
darksouls_57 16 16
gnu_50 16 42
darksouls_27 16 17
flusp_17 17 17
flusp_13 17 17
guaxinim_17 17 17
guaxinim_11 17 17
guaxinim_10 17 17
darksouls_134 17 17
darksouls_131 17 17
guaxinim_110 17 17
gnu_107 17 42
guaxinim_85 17 17
gnu_100 17 42
darksouls_96 17 17
guaxinim_76 17 18
darksouls_84 18 18
gnu_75 18 42
darksouls_66 18 18
darksouls_64 18 18
guaxinim_59 18 18
darksouls_51 18 18
flusp_42 18 18
flusp_37 18 18
guaxinim_37 18 18
darksouls_19 18 18
flusp_10 18 18
flusp_2 18 18
flusp_104 18 19
darksouls_108 19 19
flusp_74 19 19
gnu_74 19 42
guaxinim_60 19 19
darksouls_50 19 19
gnu_49 19 42
gnu_14 19 43
flusp_15 19 19
gnu_10 19 43
guaxinim_16 19 19
guaxinim_105 19 19
darksouls_118 19 19
darksouls_106 19 19
guaxinim_89 19 20
darksouls_95 20 20
darksouls_94 20 20
darksouls_92 20 20
flusp_61 20 20
guaxinim_63 20 20
darksouls_45 20 20
darksouls_39 20 20
guaxinim_42 20 20
gnu_22 20 43
gnu_3 20 43
gnu_0 20 43
darksouls_133 20 20
flusp_102 20 20
gnu_119 20 43
guaxinim_94 21 21
flusp_94 21 21
gnu_105 21 43
gnu_103 21 43
darksouls_77 21 21
gnu_68 21 43
flusp_63 21 21
guaxinim_48 21 21
darksouls_34 21 21
gnu_15 21 43
flusp_19 21 21
flusp_18 21 21
flusp_11 21 22
gnu_128 22 44
gnu_126 22 44
darksouls_114 22 22
guaxinim_81 22 22
flusp_86 22 22
darksouls_89 22 22
darksouls_79 22 22
gnu_58 22 44
gnu_46 22 44
darksouls_42 22 22
guaxinim_35 22 22
flusp_27 22 22
flusp_25 22 22
gnu_16 22 44
darksouls_10 23 23
guaxinim_7 23 23
guaxinim_5 23 23
guaxinim_112 23 23
darksouls_124 23 23
guaxinim_100 23 23
flusp_101 23 23
gnu_115 23 44
guaxinim_95 23 23
flusp_95 23 23
guaxinim_91 23 23
guaxinim_90 23 23
darksouls_103 23 23
gnu_95 23 44
gnu_88 24 44
gnu_71 24 44
guaxinim_65 24 24
flusp_31 24 24
gnu_28 24 44
darksouls_9 24 24
flusp_12 24 24
guaxinim_1 24 24
flusp_108 24 24
guaxinim_104 24 24
darksouls_109 24 24
guaxinim_93 24 24
flusp_92 24 24
guaxinim_73 24 25
gnu_87 25 45
gnu_83 25 45
darksouls_78 25 25
darksouls_56 25 25
flusp_51 25 25
darksouls_28 25 25
guaxinim_15 25 25
guaxinim_115 25 25
guaxinim_111 25 25
flusp_105 25 25
darksouls_119 25 25
guaxinim_97 25 25
guaxinim_86 25 25
flusp_87 25 26
flusp_82 26 26
flusp_78 26 26
darksouls_73 26 26
darksouls_71 26 26
gnu_52 26 45
flusp_52 26 26
flusp_50 26 26
gnu_48 26 45
flusp_39 26 26
darksouls_32 26 26
flusp_22 26 26
darksouls_8 26 26
flusp_16 26 26
guaxinim_4 26 27
guaxinim_101 27 27
guaxinim_82 27 27
flusp_89 27 27
flusp_88 27 27
darksouls_86 27 27
darksouls_83 27 27
flusp_72 27 27
flusp_69 27 27
flusp_68 27 27
gnu_53 27 45
darksouls_29 27 27
guaxinim_40 27 27
darksouls_24 27 27
darksouls_15 27 28
flusp_24 28 28
flusp_23 28 28
gnu_7 28 45
gnu_130 28 45
gnu_127 28 45
darksouls_121 28 28
gnu_110 28 45
guaxinim_80 28 28
darksouls_90 28 28
gnu_85 28 45
flusp_76 28 28
gnu_79 28 46
flusp_64 28 28
gnu_64 28 46
gnu_37 29 46
flusp_30 29 29
flusp_28 29 29
gnu_19 29 46
guaxinim_26 29 29
gnu_6 29 46
flusp_0 29 29
gnu_133 29 46
flusp_109 29 29
darksouls_122 29 29
gnu_116 29 46
guaxinim_72 29 29
guaxinim_70 29 29
gnu_76 29 46
darksouls_54 30 30
guaxinim_34 30 30
gnu_23 30 46
gnu_11 30 46
darksouls_5 30 30
guaxinim_109 30 30
guaxinim_107 30 30
flusp_106 30 30
guaxinim_84 30 30
darksouls_93 30 30
gnu_86 30 47
gnu_72 30 47
gnu_56 30 47
flusp_56 30 31
guaxinim_58 31 31
guaxinim_54 31 31
guaxinim_52 31 31
flusp_43 31 31
guaxinim_28 31 31
darksouls_12 31 31
guaxinim_13 31 31
darksouls_127 31 31
darksouls_125 31 31
guaxinim_96 31 31
guaxinim_88 31 31
gnu_94 31 47
darksouls_87 31 31
flusp_75 31 32
darksouls_70 32 32
flusp_57 32 32
darksouls_47 32 32
darksouls_44 32 32
flusp_46 32 32
gnu_31 32 47
gnu_27 32 47
darksouls_17 32 32
guaxinim_21 32 32
guaxinim_18 32 32
flusp_5 32 32
flusp_1 32 32
gnu_122 32 47
guaxinim_98 32 33
darksouls_110 33 33
flusp_85 33 33
darksouls_91 33 33
darksouls_75 33 33
guaxinim_66 33 33
flusp_58 33 33
darksouls_38 33 33
flusp_41 33 33
gnu_4 33 47
gnu_134 33 47
darksouls_126 33 33
darksouls_120 33 33
gnu_114 33 47
flusp_80 33 34
guaxinim_57 34 34
flusp_34 34 34
gnu_34 34 47
darksouls_30 34 34
guaxinim_38 34 34
gnu_24 34 48
flusp_26 34 34
guaxinim_25 34 34
gnu_2 34 48
gnu_124 34 48
flusp_91 34 34
flusp_90 34 34
gnu_59 34 48
gnu_54 34 48
darksouls_58 34 35
darksouls_55 35 35
guaxinim_53 35 35
darksouls_43 35 35
guaxinim_49 35 35
flusp_40 35 35
guaxinim_46 35 35
guaxinim_43 35 35
gnu_17 35 48
darksouls_14 35 35
gnu_9 35 48
flusp_7 35 35
flusp_112 35 35
guaxinim_114 35 35
flusp_111 35 36
guaxinim_79 36 36
guaxinim_77 36 36
guaxinim_75 36 36
flusp_67 36 36
gnu_69 36 48
darksouls_72 36 36
darksouls_68 36 36
darksouls_63 36 36
gnu_62 36 48
flusp_48 36 36
gnu_45 36 48
flusp_44 36 36
guaxinim_47 36 36
flusp_29 36 37
darksouls_18 37 37
darksouls_16 37 37
flusp_21 37 37
darksouls_105 37 37
gnu_109 37 48
gnu_106 37 49
gnu_101 37 49
gnu_99 37 49
gnu_97 37 49
flusp_66 37 37
guaxinim_62 37 37
flusp_53 37 37
guaxinim_56 37 37
guaxinim_55 37 37
darksouls_46 37 38
gnu_38 38 49
guaxinim_44 38 38
darksouls_22 38 38
guaxinim_30 38 38
guaxinim_29 38 38
guaxinim_14 38 38
darksouls_3 38 38
flusp_4 38 38
643