darksouls_116 0 0
flusp_103 0 0
darksouls_115 0 0
guaxinim_74 0 2
flusp_81 0 0
darksouls_80 0 0
gnu_78 0 3
darksouls_60 0 0
gnu_40 0 3
gnu_39 0 3
darksouls_33 0 0
gnu_32 0 3
darksouls_26 0 0
gnu_13 0 3
guaxinim_9 0 1
gnu_1 0 3
guaxinim_113 1 3
guaxinim_106 1 3
guaxinim_99 1 3
darksouls_111 1 1
flusp_97 1 1
darksouls_102 1 1
gnu_102 1 3
darksouls_101 1 1
darksouls_81 1 1
gnu_82 1 3
guaxinim_68 1 3
flusp_65 1 1
flusp_62 1 1
gnu_57 1 4
guaxinim_61 1 4
gnu_43 1 4
darksouls_36 1 1
guaxinim_31 1 4
darksouls_4 2 2
guaxinim_2 2 2
gnu_113 2 4
flusp_93 2 2
darksouls_99 2 2
gnu_98 2 4
guaxinim_71 2 4
gnu_80 2 4
guaxinim_67 2 4
flusp_59 2 2
flusp_55 2 2
gnu_47 2 4
gnu_41 2 4
guaxinim_39 2 4
gnu_25 2 5
flusp_9 2 2
gnu_135 5 35
darksouls_128 5 5
gnu_123 5 35
gnu_117 5 35
gnu_111 5 35
darksouls_107 5 5
gnu_108 5 35
darksouls_100 5 5
gnu_44 5 35
gnu_29 5 35
darksouls_21 5 5
gnu_18 5 35
darksouls_11 5 5
guaxinim_23 5 6
darksouls_6 6 6
flusp_14 6 6
guaxinim_12 6 6
flusp_110 6 6
flusp_96 6 6
gnu_104 6 35
gnu_96 6 35
darksouls_40 6 6
flusp_33 6 6
guaxinim_27 6 6
gnu_118 6 36
darksouls_88 6 6
flusp_79 6 6
gnu_73 6 36
darksouls_74 6 7
darksouls_69 7 7
gnu_63 7 36
darksouls_62 7 7
darksouls_52 7 7
darksouls_49 7 7
guaxinim_50 7 7
gnu_30 7 36
guaxinim_36 7 7
gnu_21 7 36
gnu_20 7 36
gnu_12 7 36
guaxinim_6 7 7
darksouls_1 7 7
darksouls_0 7 7
darksouls_129 7 8
gnu_129 8 36
gnu_125 8 36
darksouls_117 8 8
flusp_100 8 8
flusp_99 8 8
darksouls_97 8 8
flusp_83 8 8
gnu_81 8 36
gnu_77 8 37
darksouls_61 8 8
darksouls_59 8 8
gnu_51 8 37
guaxinim_45 8 8
flusp_35 8 8
gnu_33 8 37
flusp_32 9 9
gnu_26 9 37
guaxinim_32 9 9
guaxinim_19 9 9
guaxinim_3 9 9
darksouls_130 9 9
guaxinim_108 9 9
guaxinim_103 9 9
flusp_98 9 9
guaxinim_92 9 9
darksouls_104 9 9
gnu_92 9 37
gnu_60 9 37
guaxinim_51 9 9
flusp_47 9 10
flusp_38 10 10
gnu_36 10 37
darksouls_31 10 10
guaxinim_41 10 10
darksouls_23 10 10
guaxinim_20 10 10
guaxinim_8 10 10
flusp_6 10 10
darksouls_113 10 10
gnu_112 10 37
guaxinim_78 10 10
gnu_91 10 37
darksouls_85 10 10
flusp_73 10 10
flusp_71 10 11
flusp_70 11 11
gnu_67 11 37
darksouls_53 11 11
darksouls_48 11 11
flusp_49 11 11
flusp_36 11 11
darksouls_13 11 11
darksouls_7 11 11
guaxinim_22 11 11
flusp_3 11 11
gnu_120 11 38
darksouls_112 11 11
guaxinim_83 11 11
darksouls_98 11 11
gnu_84 11 38
darksouls_67 12 12
darksouls_37 12 12
darksouls_25 12 12
darksouls_20 12 12
flusp_20 12 12
gnu_8 12 38
gnu_5 12 38
darksouls_132 12 12
gnu_121 12 38
guaxinim_87 12 12
darksouls_82 12 12
flusp_77 12 12
darksouls_76 12 12
gnu_70 12 38
gnu_66 12 38
gnu_65 13 38
darksouls_65 13 13
guaxinim_64 13 13
darksouls_41 13 13
flusp_45 13 13
gnu_42 13 38
darksouls_35 13 13
gnu_35 13 38
guaxinim_33 13 13
guaxinim_24 13 13
flusp_8 13 13
darksouls_2 13 13
guaxinim_0 13 13
gnu_132 13 39
gnu_131 13 39
flusp_107 14 14
guaxinim_102 14 14
darksouls_123 14 14
flusp_84 14 14
gnu_93 14 39
gnu_90 14 39
gnu_89 14 39
guaxinim_69 14 14
flusp_60 14 14
gnu_61 14 39
gnu_55 14 39
flusp_54 14 14
darksouls_57 14 14
gnu_50 14 39
darksouls_27 14 15
flusp_17 15 15
flusp_13 15 15
guaxinim_17 15 15
guaxinim_11 15 15
guaxinim_10 15 15
darksouls_134 15 15
darksouls_131 15 15
guaxinim_110 15 15
gnu_107 15 39
guaxinim_85 15 15
gnu_100 15 39
darksouls_96 15 15
guaxinim_76 15 15
darksouls_84 15 15
gnu_75 15 40
darksouls_66 16 16
darksouls_64 16 16
guaxinim_59 16 16
darksouls_51 16 16
flusp_42 16 16
flusp_37 16 16
guaxinim_37 16 16
darksouls_19 16 16
flusp_10 16 16
flusp_2 16 16
flusp_104 16 16
darksouls_108 16 16
flusp_74 16 16
gnu_74 16 40
guaxinim_60 17 17
darksouls_50 17 17
gnu_49 17 40
gnu_14 17 40
flusp_15 17 17
gnu_10 17 40
guaxinim_16 17 17
guaxinim_105 17 17
darksouls_118 17 17
darksouls_106 17 17
guaxinim_89 17 17
darksouls_95 17 17
darksouls_94 17 17
darksouls_92 17 17
flusp_61 17 18
guaxinim_63 18 18
darksouls_45 18 18
darksouls_39 18 18
guaxinim_42 18 18
gnu_22 18 40
gnu_3 18 40
gnu_0 18 40
darksouls_133 18 18
flusp_102 18 18
gnu_119 18 40
guaxinim_94 18 18
flusp_94 18 18
gnu_105 18 40
gnu_103 18 41
darksouls_77 18 19
gnu_68 19 41
flusp_63 19 19
guaxinim_48 19 19
darksouls_34 19 19
gnu_15 19 41
flusp_19 19 19
flusp_18 19 19
flusp_11 19 19
gnu_128 19 41
gnu_126 19 41
darksouls_114 19 19
guaxinim_81 19 19
flusp_86 19 19
darksouls_89 19 19
darksouls_79 19 20
gnu_58 20 41
gnu_46 20 41
darksouls_42 20 20
guaxinim_35 20 20
flusp_27 20 20
flusp_25 20 20
gnu_16 20 41
darksouls_10 20 20
guaxinim_7 20 20
guaxinim_5 20 20
guaxinim_112 20 20
darksouls_124 20 20
guaxinim_100 20 20
flusp_101 20 20
gnu_115 20 41
guaxinim_95 21 21
flusp_95 21 21
guaxinim_91 21 21
guaxinim_90 21 21
darksouls_103 21 21
gnu_95 21 41
gnu_88 21 42
gnu_71 21 42
guaxinim_65 21 21
flusp_31 21 21
gnu_28 21 42
darksouls_9 21 21
flusp_12 21 21
guaxinim_1 21 21
flusp_108 21 21
guaxinim_104 21 22
darksouls_109 22 22
guaxinim_93 22 22
flusp_92 22 22
guaxinim_73 22 22
gnu_87 22 42
gnu_83 22 42
darksouls_78 22 22
darksouls_56 22 22
flusp_51 22 22
darksouls_28 22 22
guaxinim_15 22 22
guaxinim_115 22 22
guaxinim_111 22 22
flusp_105 22 22
darksouls_119 22 23
guaxinim_97 23 23
guaxinim_86 23 23
flusp_87 23 23
flusp_82 23 23
flusp_78 23 23
darksouls_73 23 23
darksouls_71 23 23
gnu_52 23 42
flusp_52 23 23
flusp_50 23 23
gnu_48 23 42
flusp_39 23 23
darksouls_32 23 23
flusp_22 23 23
darksouls_8 23 24
flusp_16 24 24
guaxinim_4 24 24
guaxinim_101 24 24
guaxinim_82 24 24
flusp_89 24 24
flusp_88 24 24
darksouls_86 24 24
darksouls_83 24 24
flusp_72 24 24
flusp_69 24 24
flusp_68 24 24
gnu_53 24 42
darksouls_29 24 24
guaxinim_40 24 24
darksouls_24 24 25
darksouls_15 25 25
flusp_24 25 25
flusp_23 25 25
gnu_7 25 42
gnu_130 25 42
gnu_127 25 43
darksouls_121 25 25
gnu_110 25 43
guaxinim_80 25 25
darksouls_90 25 25
gnu_85 25 43
flusp_76 25 25
gnu_79 25 43
flusp_64 25 25
gnu_64 25 43
gnu_37 26 43
flusp_30 26 26
flusp_28 26 26
gnu_19 26 43
guaxinim_26 26 26
gnu_6 26 43
flusp_0 26 26
gnu_133 26 43
flusp_109 26 26
darksouls_122 26 26
gnu_116 26 43
guaxinim_72 26 26
guaxinim_70 26 26
gnu_76 26 43
darksouls_54 26 27
guaxinim_34 27 27
gnu_23 27 44
gnu_11 27 44
darksouls_5 27 27
guaxinim_109 27 27
guaxinim_107 27 27
flusp_106 27 27
guaxinim_84 27 27
darksouls_93 27 27
gnu_86 27 44
gnu_72 27 44
gnu_56 27 44
flusp_56 27 27
guaxinim_58 27 27
guaxinim_54 27 28
guaxinim_52 28 28
flusp_43 28 28
guaxinim_28 28 28
darksouls_12 28 28
guaxinim_13 28 28
darksouls_127 28 28
darksouls_125 28 28
guaxinim_96 28 28
guaxinim_88 28 28
gnu_94 28 44
darksouls_87 28 28
flusp_75 28 28
darksouls_70 28 28
flusp_57 28 28
darksouls_47 28 28
darksouls_44 28 29
flusp_46 29 29
gnu_31 29 44
gnu_27 29 44
darksouls_17 29 29
guaxinim_21 29 29
guaxinim_18 29 29
flusp_5 29 29
flusp_1 29 29
gnu_122 29 44
guaxinim_98 29 29
darksouls_110 29 29
flusp_85 29 29
darksouls_91 29 29
darksouls_75 29 29
guaxinim_66 29 30
flusp_58 30 30
darksouls_38 30 30
flusp_41 30 30
gnu_4 30 44
gnu_134 30 44
darksouls_126 30 30
darksouls_120 30 30
gnu_114 30 45
flusp_80 30 30
guaxinim_57 30 30
flusp_34 30 30
gnu_34 30 45
darksouls_30 30 30
guaxinim_38 30 30
gnu_24 30 45
flusp_26 31 31
guaxinim_25 31 31
gnu_2 31 45
gnu_124 31 45
flusp_91 31 31
flusp_90 31 31
gnu_59 31 45
gnu_54 31 45
darksouls_58 31 31
darksouls_55 31 31
guaxinim_53 31 31
darksouls_43 31 31
guaxinim_49 31 31
flusp_40 31 31
guaxinim_46 31 31
guaxinim_43 31 32
gnu_17 32 45
darksouls_14 32 32
gnu_9 32 45
flusp_7 32 32
flusp_112 32 32
guaxinim_114 32 32
flusp_111 32 32
guaxinim_79 32 32
guaxinim_77 32 32
guaxinim_75 32 32
flusp_67 32 32
gnu_69 32 45
darksouls_72 32 32
darksouls_68 32 32
darksouls_63 32 33
gnu_62 33 45
flusp_48 33 33
gnu_45 33 46
flusp_44 33 33
guaxinim_47 33 33
flusp_29 33 33
darksouls_18 33 33
darksouls_16 33 33
flusp_21 33 33
darksouls_105 33 33
gnu_109 33 46
gnu_106 33 46
gnu_101 33 46
gnu_99 33 46
gnu_97 33 46
flusp_66 34 34
guaxinim_62 34 34
flusp_53 34 34
guaxinim_56 34 34
guaxinim_55 34 34
darksouls_46 34 34
gnu_38 34 46
guaxinim_44 34 34
darksouls_22 34 34
guaxinim_30 34 34
guaxinim_29 34 34
guaxinim_14 34 34
darksouls_3 34 34
flusp_4 34 34
654