darksouls_116 0 1
flusp_103 1 1
darksouls_115 1 1
guaxinim_74 1 1
flusp_81 1 1
darksouls_80 1 1
gnu_78 1 30
darksouls_60 1 1
gnu_40 1 30
gnu_39 1 30
darksouls_33 1 1
gnu_32 1 30
darksouls_26 1 1
gnu_13 1 30
guaxinim_9 1 1
gnu_1 1 31
guaxinim_113 1 31
guaxinim_106 1 31
guaxinim_99 2 2
darksouls_111 2 2
flusp_97 2 2
darksouls_102 2 2
gnu_102 2 31
darksouls_101 2 2
darksouls_81 2 2
gnu_82 2 31
guaxinim_68 2 2
flusp_65 2 2
flusp_62 2 2
gnu_57 2 31
guaxinim_61 2 2
gnu_43 2 31
darksouls_36 2 2
guaxinim_31 2 2
darksouls_4 2 3
guaxinim_2 3 3
gnu_113 3 31
flusp_93 3 3
darksouls_99 3 3
gnu_98 3 31
guaxinim_71 3 3
gnu_80 3 31
guaxinim_67 3 3
flusp_59 3 3
flusp_55 3 3
gnu_47 3 32
gnu_41 3 32
guaxinim_39 3 3
gnu_25 3 32
flusp_9 3 3
gnu_135 3 32
darksouls_128 3 4
gnu_123 4 32
gnu_117 4 32
gnu_111 4 32
darksouls_107 4 4
gnu_108 4 32
darksouls_100 4 4
gnu_44 4 32
gnu_29 4 32
darksouls_21 4 4
gnu_18 4 33
darksouls_11 4 4
guaxinim_23 4 4
darksouls_6 4 4
flusp_14 4 4
guaxinim_12 4 4
flusp_110 4 5
flusp_96 5 5
gnu_104 5 33
gnu_96 5 33
darksouls_40 5 5
flusp_33 5 5
guaxinim_27 5 5
gnu_118 5 33
darksouls_88 5 5
flusp_79 5 5
gnu_73 5 33
darksouls_74 5 5
darksouls_69 5 5
gnu_63 5 33
darksouls_62 5 5
darksouls_52 5 5
darksouls_49 5 5
guaxinim_50 5 5
gnu_30 5 33
guaxinim_36 6 6
gnu_21 6 33
gnu_20 6 33
gnu_12 6 33
guaxinim_6 6 6
darksouls_1 6 6
darksouls_0 6 6
darksouls_129 6 6
gnu_129 6 34
gnu_125 6 34
darksouls_117 6 6
flusp_100 6 6
flusp_99 6 6
darksouls_97 6 6
flusp_83 6 6
gnu_81 6 34
gnu_77 6 34
darksouls_61 6 7
darksouls_59 7 7
gnu_51 7 34
guaxinim_45 7 7
flusp_35 7 7
gnu_33 7 34
flusp_32 7 7
gnu_26 7 34
guaxinim_32 7 7
guaxinim_19 7 7
guaxinim_3 7 7
darksouls_130 7 7
guaxinim_108 7 7
guaxinim_103 7 7
flusp_98 7 7
guaxinim_92 7 7
darksouls_104 7 7
gnu_92 7 34
gnu_60 8 34
guaxinim_51 8 8
flusp_47 8 8
flusp_38 8 8
gnu_36 8 34
darksouls_31 8 8
guaxinim_41 8 8
darksouls_23 8 8
guaxinim_20 8 8
guaxinim_8 8 8
flusp_6 8 8
darksouls_113 8 8
gnu_112 8 35
guaxinim_78 8 8
gnu_91 8 35
darksouls_85 8 8
flusp_73 8 9
flusp_71 9 9
flusp_70 9 9
gnu_67 9 35
darksouls_53 9 9
darksouls_48 9 9
flusp_49 9 9
flusp_36 9 9
darksouls_13 9 9
darksouls_7 9 9
guaxinim_22 9 9
flusp_3 9 9
gnu_120 9 35
darksouls_112 9 9
guaxinim_83 9 9
darksouls_98 9 9
gnu_84 9 35
darksouls_67 9 10
darksouls_37 10 10
darksouls_25 10 10
darksouls_20 10 10
flusp_20 10 10
gnu_8 10 35
gnu_5 10 35
darksouls_132 10 10
gnu_121 10 35
guaxinim_87 10 10
darksouls_82 10 10
flusp_77 10 10
darksouls_76 10 10
gnu_70 10 35
gnu_66 10 35
gnu_65 10 36
darksouls_65 10 10
guaxinim_64 10 10
darksouls_41 10 11
flusp_45 11 11
gnu_42 11 36
darksouls_35 11 11
gnu_35 11 36
guaxinim_33 11 11
guaxinim_24 11 11
flusp_8 11 11
darksouls_2 11 11
guaxinim_0 11 11
gnu_132 11 36
gnu_131 11 36
flusp_107 11 11
guaxinim_102 11 11
darksouls_123 11 11
flusp_84 11 11
gnu_93 11 36
gnu_90 11 36
gnu_89 12 36
guaxinim_69 12 12
flusp_60 12 12
gnu_61 12 36
gnu_55 12 36
flusp_54 12 12
darksouls_57 12 12
gnu_50 12 37
darksouls_27 12 12
flusp_17 12 12
flusp_13 12 12
guaxinim_17 12 12
guaxinim_11 12 12
guaxinim_10 12 12
darksouls_134 12 12
darksouls_131 12 13
guaxinim_110 13 13
gnu_107 13 37
guaxinim_85 13 13
gnu_100 13 37
darksouls_96 13 13
guaxinim_76 13 13
darksouls_84 13 13
gnu_75 13 37
darksouls_66 13 13
darksouls_64 13 13
guaxinim_59 13 13
darksouls_51 13 13
flusp_42 13 13
flusp_37 13 13
guaxinim_37 13 13
darksouls_19 13 13
flusp_10 13 14
flusp_2 14 14
flusp_104 14 14
darksouls_108 14 14
flusp_74 14 14
gnu_74 14 37
guaxinim_60 14 14
darksouls_50 14 14
gnu_49 14 37
gnu_14 14 37
flusp_15 14 14
gnu_10 14 37
guaxinim_16 14 14
guaxinim_105 14 14
darksouls_118 14 14
darksouls_106 14 14
guaxinim_89 14 14
darksouls_95 14 15
darksouls_94 15 15
darksouls_92 15 15
flusp_61 15 15
guaxinim_63 15 15
darksouls_45 15 15
darksouls_39 15 15
guaxinim_42 15 15
gnu_22 15 37
gnu_3 15 37
gnu_0 15 38
darksouls_133 15 15
flusp_102 15 15
gnu_119 15 38
guaxinim_94 15 15
flusp_94 15 15
gnu_105 15 38
gnu_103 15 38
darksouls_77 16 16
gnu_68 16 38
flusp_63 16 16
guaxinim_48 16 16
darksouls_34 16 16
gnu_15 16 38
flusp_19 16 16
flusp_18 16 16
flusp_11 16 16
gnu_128 16 38
gnu_126 16 38
darksouls_114 16 16
guaxinim_81 16 16
flusp_86 16 16
darksouls_89 16 16
darksouls_79 16 16
gnu_58 16 38
gnu_46 17 38
darksouls_42 17 17
guaxinim_35 17 17
flusp_27 17 17
flusp_25 17 17
gnu_16 17 39
darksouls_10 17 17
guaxinim_7 17 17
guaxinim_5 17 17
guaxinim_112 17 17
darksouls_124 17 17
guaxinim_100 17 17
flusp_101 17 17
gnu_115 17 39
guaxinim_95 17 17
flusp_95 17 17
guaxinim_91 17 18
guaxinim_90 18 18
darksouls_103 18 18
gnu_95 18 39
gnu_88 18 39
gnu_71 18 39
guaxinim_65 18 18
flusp_31 18 18
gnu_28 18 39
darksouls_9 18 18
flusp_12 18 18
guaxinim_1 18 18
flusp_108 18 18
guaxinim_104 18 18
darksouls_109 18 18
guaxinim_93 18 18
flusp_92 18 19
guaxinim_73 19 19
gnu_87 19 39
gnu_83 19 39
darksouls_78 19 19
darksouls_56 19 19
flusp_51 19 19
darksouls_28 19 19
guaxinim_15 19 19
guaxinim_115 19 19
guaxinim_111 19 19
flusp_105 19 19
darksouls_119 19 19
guaxinim_97 19 19
guaxinim_86 19 19
flusp_87 19 19
flusp_82 19 19
flusp_78 19 20
darksouls_73 20 20
darksouls_71 20 20
gnu_52 20 39
flusp_52 20 20
flusp_50 20 20
gnu_48 20 39
flusp_39 20 20
darksouls_32 20 20
flusp_22 20 20
darksouls_8 20 20
flusp_16 20 20
guaxinim_4 20 20
guaxinim_101 20 20
guaxinim_82 20 20
flusp_89 20 20
flusp_88 20 20
darksouls_86 20 21
darksouls_83 21 21
flusp_72 21 21
flusp_69 21 21
flusp_68 21 21
gnu_53 21 40
darksouls_29 21 21
guaxinim_40 21 21
darksouls_24 21 21
darksouls_15 21 21
flusp_24 21 21
flusp_23 21 21
gnu_7 21 40
gnu_130 21 40
gnu_127 21 40
darksouls_121 21 21
gnu_110 21 40
guaxinim_80 21 22
darksouls_90 22 22
gnu_85 22 40
flusp_76 22 22
gnu_79 22 40
flusp_64 22 22
gnu_64 22 40
gnu_37 22 40
flusp_30 22 22
flusp_28 22 22
gnu_19 22 40
guaxinim_26 22 22
gnu_6 22 40
flusp_0 22 22
gnu_133 22 41
flusp_109 22 22
darksouls_122 22 22
gnu_116 22 41
guaxinim_72 23 23
guaxinim_70 23 23
gnu_76 23 41
darksouls_54 23 23
guaxinim_34 23 23
gnu_23 23 41
gnu_11 23 41
darksouls_5 23 23
guaxinim_109 23 23
guaxinim_107 23 23
flusp_106 23 23
guaxinim_84 23 23
darksouls_93 23 23
gnu_86 23 41
gnu_72 23 41
gnu_56 23 41
flusp_56 24 24
guaxinim_58 24 24
guaxinim_54 24 24
guaxinim_52 24 24
flusp_43 24 24
guaxinim_28 24 24
darksouls_12 24 24
guaxinim_13 24 24
darksouls_127 24 24
darksouls_125 24 24
guaxinim_96 24 24
guaxinim_88 24 24
gnu_94 24 41
darksouls_87 24 24
flusp_75 24 24
darksouls_70 24 24
flusp_57 24 25
darksouls_47 25 25
darksouls_44 25 25
flusp_46 25 25
gnu_31 25 41
gnu_27 25 41
darksouls_17 25 25
guaxinim_21 25 25
guaxinim_18 25 25
flusp_5 25 25
flusp_1 25 25
gnu_122 25 42
guaxinim_98 25 25
darksouls_110 25 25
flusp_85 25 25
darksouls_91 25 25
darksouls_75 25 25
guaxinim_66 25 26
flusp_58 26 26
darksouls_38 26 26
flusp_41 26 26
gnu_4 26 42
gnu_134 26 42
darksouls_126 26 26
darksouls_120 26 26
gnu_114 26 42
flusp_80 26 26
guaxinim_57 26 26
flusp_34 26 26
gnu_34 26 42
darksouls_30 26 26
guaxinim_38 26 26
gnu_24 26 42
flusp_26 26 26
guaxinim_25 26 27
gnu_2 27 42
gnu_124 27 42
flusp_91 27 27
flusp_90 27 27
gnu_59 27 42
gnu_54 27 42
darksouls_58 27 27
darksouls_55 27 27
guaxinim_53 27 27
darksouls_43 27 27
guaxinim_49 27 27
flusp_40 27 27
guaxinim_46 27 27
guaxinim_43 27 27
gnu_17 27 42
darksouls_14 27 27
gnu_9 27 42
flusp_7 28 28
flusp_112 28 28
guaxinim_114 28 28
flusp_111 28 28
guaxinim_79 28 28
guaxinim_77 28 28
guaxinim_75 28 28
flusp_67 28 28
gnu_69 28 43
darksouls_72 28 28
darksouls_68 28 28
darksouls_63 28 28
gnu_62 28 43
flusp_48 28 28
gnu_45 28 43
flusp_44 28 28
guaxinim_47 28 29
flusp_29 29 29
darksouls_18 29 29
darksouls_16 29 29
flusp_21 29 29
darksouls_105 29 29
gnu_109 29 43
gnu_106 29 43
gnu_101 29 43
gnu_99 29 43
gnu_97 29 43
flusp_66 29 29
guaxinim_62 29 29
flusp_53 29 29
guaxinim_56 29 29
guaxinim_55 29 29
darksouls_46 29 29
gnu_38 29 43
guaxinim_44 30 30
darksouls_22 30 30
guaxinim_30 30 30
guaxinim_29 30 30
guaxinim_14 30 30
darksouls_3 30 30
flusp_4 30 30
638