darksouls_116 0 0
flusp_103 0 0
darksouls_115 0 0
guaxinim_74 0 2
flusp_81 0 0
darksouls_80 0 0
gnu_78 0 2
darksouls_60 0 0
gnu_40 0 3
gnu_39 0 3
darksouls_33 0 0
gnu_32 0 3
darksouls_26 1 1
gnu_13 1 3
guaxinim_9 1 1
gnu_1 1 3
guaxinim_113 1 3
guaxinim_106 1 3
guaxinim_99 1 3
darksouls_111 1 1
flusp_97 1 1
darksouls_102 1 1
gnu_102 1 3
darksouls_101 1 1
darksouls_81 1 1
gnu_82 1 3
guaxinim_68 1 3
flusp_65 1 1
flusp_62 1 1
gnu_57 1 3
guaxinim_61 1 4
gnu_43 1 4
darksouls_36 1 1
guaxinim_31 1 4
darksouls_4 1 2
guaxinim_2 2 2
gnu_113 2 4
flusp_93 2 2
darksouls_99 2 2
gnu_98 2 4
guaxinim_71 2 4
gnu_80 2 4
guaxinim_67 2 4
flusp_59 2 2
flusp_55 2 2
gnu_47 2 4
gnu_41 2 4
guaxinim_39 2 4
gnu_25 2 4
flusp_9 2 2
gnu_135 4 34
darksouls_128 4 5
gnu_123 5 34
gnu_117 5 34
gnu_111 5 34
darksouls_107 5 5
gnu_108 5 34
darksouls_100 5 5
gnu_44 5 35
gnu_29 5 35
darksouls_21 5 5
gnu_18 5 35
darksouls_11 5 5
guaxinim_23 5 5
darksouls_6 5 5
flusp_14 5 6
guaxinim_12 6 6
flusp_110 6 6
flusp_96 6 6
gnu_104 6 35
gnu_96 6 35
darksouls_40 6 6
flusp_33 6 6
guaxinim_27 6 6
gnu_118 6 35
darksouls_88 6 6
flusp_79 6 6
gnu_73 6 35
darksouls_74 6 6
darksouls_69 6 6
gnu_63 6 35
darksouls_62 7 7
darksouls_52 7 7
darksouls_49 7 7
guaxinim_50 7 7
gnu_30 7 35
guaxinim_36 7 7
gnu_21 7 35
gnu_20 7 36
gnu_12 7 36
guaxinim_6 7 7
darksouls_1 7 7
darksouls_0 7 7
darksouls_129 7 7
gnu_129 7 36
gnu_125 7 36
darksouls_117 7 8
flusp_100 8 8
flusp_99 8 8
darksouls_97 8 8
flusp_83 8 8
gnu_81 8 36
gnu_77 8 36
darksouls_61 8 8
darksouls_59 8 8
gnu_51 8 36
guaxinim_45 8 8
flusp_35 8 8
gnu_33 8 36
flusp_32 8 8
gnu_26 8 36
guaxinim_32 8 9
guaxinim_19 9 9
guaxinim_3 9 9
darksouls_130 9 9
guaxinim_108 9 9
guaxinim_103 9 9
flusp_98 9 9
guaxinim_92 9 9
darksouls_104 9 9
gnu_92 9 36
gnu_60 9 37
guaxinim_51 9 9
flusp_47 9 9
flusp_38 9 9
gnu_36 9 37
darksouls_31 9 10
guaxinim_41 10 10
darksouls_23 10 10
guaxinim_20 10 10
guaxinim_8 10 10
flusp_6 10 10
darksouls_113 10 10
gnu_112 10 37
guaxinim_78 10 10
gnu_91 10 37
darksouls_85 10 10
flusp_73 10 10
flusp_71 10 10
flusp_70 10 10
gnu_67 10 37
darksouls_53 10 11
darksouls_48 11 11
flusp_49 11 11
flusp_36 11 11
darksouls_13 11 11
darksouls_7 11 11
guaxinim_22 11 11
flusp_3 11 11
gnu_120 11 37
darksouls_112 11 11
guaxinim_83 11 11
darksouls_98 11 11
gnu_84 11 37
darksouls_67 11 11
darksouls_37 11 11
darksouls_25 11 12
darksouls_20 12 12
flusp_20 12 12
gnu_8 12 37
gnu_5 12 37
darksouls_132 12 12
gnu_121 12 37
guaxinim_87 12 12
darksouls_82 12 12
flusp_77 12 12
darksouls_76 12 12
gnu_70 12 38
gnu_66 12 38
gnu_65 12 38
darksouls_65 12 12
guaxinim_64 12 12
darksouls_41 12 13
flusp_45 13 13
gnu_42 13 38
darksouls_35 13 13
gnu_35 13 38
guaxinim_33 13 13
guaxinim_24 13 13
flusp_8 13 13
darksouls_2 13 13
guaxinim_0 13 13
gnu_132 13 38
gnu_131 13 38
flusp_107 13 13
guaxinim_102 13 13
darksouls_123 13 13
flusp_84 13 14
gnu_93 14 38
gnu_90 14 38
gnu_89 14 38
guaxinim_69 14 14
flusp_60 14 14
gnu_61 14 39
gnu_55 14 39
flusp_54 14 14
darksouls_57 14 14
gnu_50 14 39
darksouls_27 14 14
flusp_17 14 14
flusp_13 14 14
guaxinim_17 14 14
guaxinim_11 14 15
guaxinim_10 15 15
darksouls_134 15 15
darksouls_131 15 15
guaxinim_110 15 15
gnu_107 15 39
guaxinim_85 15 15
gnu_100 15 39
darksouls_96 15 15
guaxinim_76 15 15
darksouls_84 15 15
gnu_75 15 39
darksouls_66 15 15
darksouls_64 15 15
guaxinim_59 15 15
darksouls_51 15 16
flusp_42 16 16
flusp_37 16 16
guaxinim_37 16 16
darksouls_19 16 16
flusp_10 16 16
flusp_2 16 16
flusp_104 16 16
darksouls_108 16 16
flusp_74 16 16
gnu_74 16 39
guaxinim_60 16 16
darksouls_50 16 16
gnu_49 16 39
gnu_14 16 39
flusp_15 16 17
gnu_10 17 39
guaxinim_16 17 17
guaxinim_105 17 17
darksouls_118 17 17
darksouls_106 17 17
guaxinim_89 17 17
darksouls_95 17 17
darksouls_94 17 17
darksouls_92 17 17
flusp_61 17 17
guaxinim_63 17 17
darksouls_45 17 17
darksouls_39 17 17
guaxinim_42 17 17
gnu_22 17 40
gnu_3 18 40
gnu_0 18 40
darksouls_133 18 18
flusp_102 18 18
gnu_119 18 40
guaxinim_94 18 18
flusp_94 18 18
gnu_105 18 40
gnu_103 18 40
darksouls_77 18 18
gnu_68 18 40
flusp_63 18 18
guaxinim_48 18 18
darksouls_34 18 18
gnu_15 18 40
flusp_19 19 19
flusp_18 19 19
flusp_11 19 19
gnu_128 19 40
gnu_126 19 40
darksouls_114 19 19
guaxinim_81 19 19
flusp_86 19 19
darksouls_89 19 19
darksouls_79 19 19
gnu_58 19 41
gnu_46 19 41
darksouls_42 19 19
guaxinim_35 19 19
flusp_27 19 20
flusp_25 20 20
gnu_16 20 41
darksouls_10 20 20
guaxinim_7 20 20
guaxinim_5 20 20
guaxinim_112 20 20
darksouls_124 20 20
guaxinim_100 20 20
flusp_101 20 20
gnu_115 20 41
guaxinim_95 20 20
flusp_95 20 20
guaxinim_91 20 20
guaxinim_90 20 20
darksouls_103 20 20
gnu_95 20 41
gnu_88 21 41
gnu_71 21 41
guaxinim_65 21 21
flusp_31 21 21
gnu_28 21 41
darksouls_9 21 21
flusp_12 21 21
guaxinim_1 21 21
flusp_108 21 21
guaxinim_104 21 21
darksouls_109 21 21
guaxinim_93 21 21
flusp_92 21 21
guaxinim_73 21 21
gnu_87 21 41
gnu_83 22 41
darksouls_78 22 22
darksouls_56 22 22
flusp_51 22 22
darksouls_28 22 22
guaxinim_15 22 22
guaxinim_115 22 22
guaxinim_111 22 22
flusp_105 22 22
darksouls_119 22 22
guaxinim_97 22 22
guaxinim_86 22 22
flusp_87 22 22
flusp_82 22 22
flusp_78 22 23
darksouls_73 23 23
darksouls_71 23 23
gnu_52 23 42
flusp_52 23 23
flusp_50 23 23
gnu_48 23 42
flusp_39 23 23
darksouls_32 23 23
flusp_22 23 23
darksouls_8 23 23
flusp_16 23 23
guaxinim_4 23 23
guaxinim_101 23 23
guaxinim_82 23 23
flusp_89 23 24
flusp_88 24 24
darksouls_86 24 24
darksouls_83 24 24
flusp_72 24 24
flusp_69 24 24
flusp_68 24 24
gnu_53 24 42
darksouls_29 24 24
guaxinim_40 24 24
darksouls_24 24 24
darksouls_15 24 24
flusp_24 24 24
flusp_23 24 24
gnu_7 24 42
gnu_130 24 42
gnu_127 24 42
darksouls_121 25 25
gnu_110 25 42
guaxinim_80 25 25
darksouls_90 25 25
gnu_85 25 42
flusp_76 25 25
gnu_79 25 42
flusp_64 25 25
gnu_64 25 42
gnu_37 25 43
flusp_30 25 25
flusp_28 25 25
gnu_19 25 43
guaxinim_26 25 25
gnu_6 25 43
flusp_0 26 26
gnu_133 26 43
flusp_109 26 26
darksouls_122 26 26
gnu_116 26 43
guaxinim_72 26 26
guaxinim_70 26 26
gnu_76 26 43
darksouls_54 26 26
guaxinim_34 26 26
gnu_23 26 43
gnu_11 26 43
darksouls_5 26 26
guaxinim_109 26 26
guaxinim_107 26 27
flusp_106 27 27
guaxinim_84 27 27
darksouls_93 27 27
gnu_86 27 43
gnu_72 27 43
gnu_56 27 43
flusp_56 27 27
guaxinim_58 27 27
guaxinim_54 27 27
guaxinim_52 27 27
flusp_43 27 27
guaxinim_28 27 27
darksouls_12 27 27
guaxinim_13 27 27
darksouls_127 27 27
darksouls_125 27 28
guaxinim_96 28 28
guaxinim_88 28 28
gnu_94 28 44
darksouls_87 28 28
flusp_75 28 28
darksouls_70 28 28
flusp_57 28 28
darksouls_47 28 28
darksouls_44 28 28
flusp_46 28 28
gnu_31 28 44
gnu_27 28 44
darksouls_17 28 28
guaxinim_21 28 28
guaxinim_18 28 29
flusp_5 29 29
flusp_1 29 29
gnu_122 29 44
guaxinim_98 29 29
darksouls_110 29 29
flusp_85 29 29
darksouls_91 29 29
darksouls_75 29 29
guaxinim_66 29 29
flusp_58 29 29
darksouls_38 29 29
flusp_41 29 29
gnu_4 29 44
gnu_134 29 44
darksouls_126 29 29
darksouls_120 29 30
gnu_114 30 44
flusp_80 30 30
guaxinim_57 30 30
flusp_34 30 30
gnu_34 30 44
darksouls_30 30 30
guaxinim_38 30 30
gnu_24 30 44
flusp_26 30 30
guaxinim_25 30 30
gnu_2 30 44
gnu_124 30 44
flusp_91 30 30
flusp_90 30 30
gnu_59 30 45
gnu_54 31 45
darksouls_58 31 31
darksouls_55 31 31
guaxinim_53 31 31
darksouls_43 31 31
guaxinim_49 31 31
flusp_40 31 31
guaxinim_46 31 31
guaxinim_43 31 31
gnu_17 31 45
darksouls_14 31 31
gnu_9 31 45
flusp_7 31 31
flusp_112 31 31
guaxinim_114 31 31
flusp_111 31 32
guaxinim_79 32 32
guaxinim_77 32 32
guaxinim_75 32 32
flusp_67 32 32
gnu_69 32 45
darksouls_72 32 32
darksouls_68 32 32
darksouls_63 32 32
gnu_62 32 45
flusp_48 32 32
gnu_45 32 45
flusp_44 32 32
guaxinim_47 32 32
flusp_29 32 32
darksouls_18 32 33
darksouls_16 33 33
flusp_21 33 33
darksouls_105 33 33
gnu_109 33 45
gnu_106 33 45
gnu_101 33 45
gnu_99 33 45
gnu_97 33 45
flusp_66 33 33
guaxinim_62 33 33
flusp_53 33 33
guaxinim_56 33 33
guaxinim_55 33 33
darksouls_46 33 33
gnu_38 33 45
guaxinim_44 33 34
darksouls_22 34 34
guaxinim_30 34 34
guaxinim_29 34 34
guaxinim_14 34 34
darksouls_3 34 34
flusp_4 34 34
646