kernel_12 42 43
kernel_11 65 67
kernel_10 77 79
kernel_9 47 49
kernel_8 67 69
kernel_7 6 7
kernel_6 61 62
kernel_5 33 35
kernel_4 23 24
kernel_3 0 2
kernel_2 69 71
kernel_1 79 81
kernel_0 91 93
servine_173 49 51
servine_172 15 17
servine_171 20 23
servine_170 51 54
servine_169 62 65
servine_168 17 20
servine_167 71 73
servine_166 58 61
servine_165 84 87
servine_164 39 42
lovelace_142 54 58
lovelace_141 93 97
lovelace_140 7 11
lovelace_139 43 47
lovelace_138 11 15
lovelace_137 73 77
lovelace_136 81 84
lovelace_135 35 39
lovelace_134 2 6
lovelace_133 87 91
lovelace_132 97 100
jobs_15 100 109
jobs_14 109 119
jobs_13 119 128
jobs_12 128 137
jobs_11 137 146
jobs_10 146 154
jobs_9 154 163
jobs_8 24 33
jobs_7 163 172
jobs_6 172 181
jobs_5 181 190
jobs_4 190 199
jobs_3 199 208
jobs_2 208 217
jobs_1 217 226
jobs_0 226 235
50