servine_14 1 2
servine_13 12 13
kernel_18 13 14
kernel_17 15 16
servine_12 7 8
kernel_16 23 24
servine_11 20 21
servine_10 28 29
servine_9 2 4
kernel_15 11 12
kernel_14 16 17
kernel_13 24 25
servine_8 21 23
kernel_12 4 5
kernel_11 8 9
servine_7 9 11
servine_6 25 27
kernel_10 14 15
kernel_9 27 28
kernel_8 29 30
kernel_7 17 18
servine_5 18 20
kernel_6 30 31
kernel_5 31 32
kernel_4 32 33
kernel_3 33 34
servine_4 34 36
servine_3 36 37
servine_2 37 39
kernel_2 39 40
kernel_1 40 41
servine_1 41 42
servine_0 42 44
kernel_0 44 45
lovelace_6 45 47
lovelace_5 47 49
lovelace_4 49 51
lovelace_3 5 7
lovelace_2 51 53
lovelace_1 53 55
lovelace_0 55 57
jobs_8 57 62
jobs_7 62 67
jobs_6 67 72
jobs_5 72 77
jobs_4 77 82
jobs_3 82 87
jobs_2 87 92
jobs_1 92 97
jobs_0 97 103
50