flusp_112 28 28
darksouls_134 12 12
guaxinim_115 19 19
gnu_135 3 3
guaxinim_114 28 28
gnu_134 26 26
darksouls_133 15 15
darksouls_132 10 10
guaxinim_113 1 1
darksouls_131 12 12
darksouls_130 7 7
guaxinim_112 17 17
flusp_111 28 28
gnu_133 22 22
darksouls_129 6 6
gnu_132 11 11
gnu_131 11 11
gnu_130 21 21
guaxinim_111 19 19
guaxinim_110 12 12
gnu_129 6 6
guaxinim_109 23 23
flusp_110 4 4
gnu_128 16 16
guaxinim_108 7 7
gnu_127 21 21
darksouls_128 3 3
flusp_109 22 22
darksouls_127 24 24
darksouls_126 26 26
guaxinim_107 23 23
darksouls_125 24 24
guaxinim_106 1 1
guaxinim_105 14 14
flusp_108 18 18
flusp_107 11 11
gnu_126 16 16
gnu_125 6 6
gnu_124 27 27
gnu_123 3 3
guaxinim_104 18 18
guaxinim_103 7 7
darksouls_124 17 17
guaxinim_102 11 11
darksouls_123 11 11
darksouls_122 22 22
guaxinim_101 20 20
darksouls_121 21 21
guaxinim_100 17 17
flusp_106 23 23
flusp_105 19 19
darksouls_120 26 26
guaxinim_99 1 1
flusp_104 13 13
darksouls_119 19 19
darksouls_118 14 14
gnu_122 25 25
darksouls_117 6 6
guaxinim_98 25 25
gnu_121 10 10
gnu_120 9 9
darksouls_116 0 0
flusp_103 0 0
darksouls_115 0 0
flusp_102 15 15
gnu_119 15 15
gnu_118 5 5
darksouls_114 16 16
flusp_101 17 17
darksouls_113 8 8
flusp_100 6 6
darksouls_112 9 9
gnu_117 3 3
flusp_99 6 6
guaxinim_97 19 19
flusp_98 7 7
gnu_116 22 22
guaxinim_96 24 24
gnu_115 17 17
darksouls_111 1 1
gnu_114 26 26
guaxinim_95 17 17
gnu_113 2 2
gnu_112 8 8
flusp_97 1 1
flusp_96 4 4
gnu_111 3 3
darksouls_110 25 25
darksouls_109 18 18
darksouls_108 13 13
guaxinim_94 15 15
guaxinim_93 18 18
darksouls_107 3 3
flusp_95 17 17
guaxinim_92 7 7
darksouls_106 14 14
darksouls_105 29 29
guaxinim_91 17 17
flusp_94 15 15
guaxinim_90 17 17
flusp_93 2 2
gnu_110 21 21
guaxinim_89 14 14
darksouls_104 7 7
gnu_109 29 29
gnu_108 3 3
guaxinim_88 24 24
gnu_107 12 12
guaxinim_87 10 10
guaxinim_86 19 19
darksouls_103 17 17
guaxinim_85 12 12
flusp_92 18 18
gnu_106 29 29
guaxinim_84 23 23
gnu_105 15 15
guaxinim_83 9 9
guaxinim_82 20 20
darksouls_102 1 1
gnu_104 4 4
gnu_103 15 15
flusp_91 27 27
gnu_102 1 1
flusp_90 27 27
darksouls_101 1 1
darksouls_100 3 3
darksouls_99 2 2
guaxinim_81 16 16
guaxinim_80 21 21
gnu_101 29 29
guaxinim_79 28 28
darksouls_98 9 9
gnu_100 12 12
flusp_89 20 20
flusp_88 20 20
darksouls_97 6 6
flusp_87 19 19
guaxinim_78 8 8
flusp_86 16 16
darksouls_96 12 12
darksouls_95 14 14
flusp_85 25 25
flusp_84 11 11
darksouls_94 14 14
guaxinim_77 28 28
gnu_99 29 29
flusp_83 6 6
darksouls_93 23 23
darksouls_92 14 14
gnu_98 2 2
darksouls_91 25 25
guaxinim_76 12 12
gnu_97 29 29
gnu_96 4 4
guaxinim_75 28 28
darksouls_90 21 21
guaxinim_74 0 0
gnu_95 17 17
darksouls_89 16 16
darksouls_88 5 5
gnu_94 24 24
flusp_82 19 19
gnu_93 11 11
guaxinim_73 18 18
darksouls_87 24 24
gnu_92 7 7
gnu_91 8 8
gnu_90 11 11
darksouls_86 20 20
darksouls_85 8 8
gnu_89 11 11
flusp_81 0 0
darksouls_84 12 12
gnu_88 17 17
flusp_80 26 26
gnu_87 18 18
gnu_86 23 23
darksouls_83 20 20
darksouls_82 10 10
gnu_85 21 21
guaxinim_72 22 22
flusp_79 5 5
gnu_84 9 9
flusp_78 19 19
darksouls_81 1 1
flusp_77 10 10
flusp_76 21 21
flusp_75 24 24
gnu_83 18 18
guaxinim_71 2 2
flusp_74 13 13
gnu_82 1 1
darksouls_80 0 0
flusp_73 8 8
darksouls_79 16 16
gnu_81 6 6
flusp_72 20 20
gnu_80 2 2
darksouls_78 18 18
flusp_71 8 8
gnu_79 21 21
darksouls_77 15 15
gnu_78 0 0
flusp_70 8 8
guaxinim_70 22 22
gnu_77 6 6
flusp_69 20 20
gnu_76 22 22
gnu_75 12 12
guaxinim_69 11 11
gnu_74 13 13
gnu_73 5 5
gnu_72 23 23
flusp_68 20 20
gnu_71 17 17
darksouls_76 10 10
gnu_70 10 10
flusp_67 28 28
darksouls_75 25 25
darksouls_74 5 5
guaxinim_68 1 1
flusp_66 29 29
darksouls_73 19 19
gnu_69 28 28
gnu_68 15 15
gnu_67 8 8
darksouls_72 28 28
flusp_65 1 1
darksouls_71 19 19
darksouls_70 24 24
guaxinim_67 2 2
flusp_64 21 21
darksouls_69 5 5
gnu_66 10 10
guaxinim_66 25 25
darksouls_68 28 28
flusp_63 15 15
darksouls_67 9 9
flusp_62 1 1
gnu_65 10 10
darksouls_66 12 12
gnu_64 21 21
darksouls_65 10 10
flusp_61 14 14
darksouls_64 12 12
guaxinim_65 17 17
gnu_63 5 5
darksouls_63 28 28
gnu_62 28 28
flusp_60 11 11
darksouls_62 5 5
flusp_59 2 2
gnu_61 11 11
guaxinim_64 10 10
darksouls_61 6 6
gnu_60 7 7
flusp_58 25 25
gnu_59 27 27
guaxinim_63 14 14
gnu_58 16 16
flusp_57 24 24
gnu_57 1 1
darksouls_60 0 0
gnu_56 23 23
flusp_56 23 23
gnu_55 11 11
darksouls_59 6 6
flusp_55 2 2
gnu_54 27 27
flusp_54 11 11
guaxinim_62 29 29
darksouls_58 27 27
gnu_53 20 20
gnu_52 19 19
gnu_51 6 6
darksouls_57 11 11
darksouls_56 18 18
guaxinim_61 1 1
guaxinim_60 13 13
guaxinim_59 12 12
flusp_53 29 29
darksouls_55 27 27
darksouls_54 22 22
guaxinim_58 23 23
darksouls_53 8 8
guaxinim_57 26 26
darksouls_52 5 5
darksouls_51 12 12
flusp_52 19 19
darksouls_50 13 13
darksouls_49 5 5
guaxinim_56 29 29
guaxinim_55 29 29
guaxinim_54 23 23
flusp_51 18 18
darksouls_48 8 8
gnu_50 11 11
flusp_50 19 19
darksouls_47 24 24
gnu_49 13 13
gnu_48 19 19
flusp_49 8 8
guaxinim_53 27 27
guaxinim_52 23 23
darksouls_46 29 29
darksouls_45 14 14
darksouls_44 24 24
gnu_47 2 2
guaxinim_51 7 7
gnu_46 16 16
darksouls_43 27 27
flusp_48 28 28
darksouls_42 16 16
guaxinim_50 5 5
flusp_47 7 7
gnu_45 28 28
gnu_44 3 3
flusp_46 24 24
darksouls_41 10 10
flusp_45 10 10
flusp_44 28 28
gnu_43 1 1
gnu_42 10 10
darksouls_40 4 4
darksouls_39 14 14
flusp_43 23 23
darksouls_38 25 25
flusp_42 12 12
flusp_41 25 25
darksouls_37 9 9
guaxinim_49 27 27
darksouls_36 1 1
flusp_40 27 27
guaxinim_48 15 15
flusp_39 19 19
guaxinim_47 28 28
darksouls_35 10 10
guaxinim_46 27 27
gnu_41 2 2
gnu_40 0 0
guaxinim_45 6 6
gnu_39 0 0
gnu_38 29 29
darksouls_34 15 15
flusp_38 7 7
gnu_37 21 21
flusp_37 12 12
guaxinim_44 29 29
gnu_36 7 7
flusp_36 8 8
flusp_35 6 6
flusp_34 26 26
flusp_33 4 4
darksouls_33 0 0
darksouls_32 19 19
gnu_35 10 10
guaxinim_43 27 27
darksouls_31 7 7
gnu_34 26 26
guaxinim_42 14 14
darksouls_30 26 26
darksouls_29 20 20
darksouls_28 18 18
guaxinim_41 7 7
gnu_33 6 6
gnu_32 0 0
darksouls_27 11 11
guaxinim_40 20 20
gnu_31 24 24
guaxinim_39 2 2
gnu_30 5 5
darksouls_26 0 0
flusp_32 6 6
flusp_31 17 17
darksouls_25 9 9
darksouls_24 20 20
darksouls_23 7 7
guaxinim_38 26 26
flusp_30 21 21
gnu_29 3 3
guaxinim_37 12 12
darksouls_22 29 29
gnu_28 17 17
guaxinim_36 5 5
gnu_27 24 24
darksouls_21 3 3
flusp_29 28 28
darksouls_20 9 9
gnu_26 6 6
flusp_28 21 21
gnu_25 2 2
guaxinim_35 16 16
darksouls_19 12 12
gnu_24 26 26
guaxinim_34 22 22
guaxinim_33 10 10
darksouls_18 28 28
flusp_27 16 16
darksouls_17 24 24
guaxinim_32 6 6
gnu_23 22 22
darksouls_16 28 28
gnu_22 14 14
darksouls_15 20 20
gnu_21 5 5
flusp_26 26 26
gnu_20 5 5
guaxinim_31 1 1
gnu_19 21 21
flusp_25 16 16
guaxinim_30 29 29
flusp_24 20 20
gnu_18 3 3
guaxinim_29 29 29
flusp_23 20 20
gnu_17 27 27
gnu_16 16 16
darksouls_14 27 27
gnu_15 15 15
darksouls_13 8 8
guaxinim_28 23 23
gnu_14 13 13
flusp_22 19 19
darksouls_12 23 23
gnu_13 0 0
gnu_12 5 5
guaxinim_27 4 4
darksouls_11 3 3
flusp_21 28 28
darksouls_10 16 16
darksouls_9 17 17
guaxinim_26 21 21
guaxinim_25 26 26
darksouls_8 19 19
darksouls_7 8 8
guaxinim_24 10 10
flusp_20 9 9
guaxinim_23 3 3
flusp_19 15 15
guaxinim_22 8 8
flusp_18 15 15
flusp_17 11 12
flusp_16 19 19
darksouls_6 3 3
flusp_15 13 13
flusp_14 3 3
guaxinim_21 24 24
flusp_13 12 12
guaxinim_20 7 7
guaxinim_19 6 6
guaxinim_18 24 24
guaxinim_17 12 12
gnu_11 22 22
darksouls_5 22 22
gnu_10 13 13
flusp_12 17 17
guaxinim_16 13 13
guaxinim_15 18 18
flusp_11 15 15
flusp_10 12 12
flusp_9 2 2
guaxinim_14 29 30
guaxinim_13 23 23
flusp_8 10 10
gnu_9 27 27
gnu_8 9 9
guaxinim_12 3 3
guaxinim_11 12 12
guaxinim_10 12 12
flusp_7 27 27
guaxinim_9 0 0
guaxinim_8 7 7
flusp_6 7 7
darksouls_4 1 1
gnu_7 20 20
guaxinim_7 16 16
gnu_6 21 22
gnu_5 9 9
darksouls_3 30 30
darksouls_2 10 10
guaxinim_6 5 5
guaxinim_5 16 16
guaxinim_4 19 19
darksouls_1 5 5
gnu_4 25 25
gnu_3 14 14
flusp_5 24 24
darksouls_0 5 5
flusp_4 30 30
flusp_3 8 8
flusp_2 12 12
gnu_2 26 26
guaxinim_3 6 7
flusp_1 24 24
gnu_1 0 0
guaxinim_2 1 1
guaxinim_1 17 17
flusp_0 22 22
guaxinim_0 10 10
gnu_0 14 14
500