gnu_43 25 25
gnu_42 10 10
gnu_41 18 18
gnu_40 8 8
gnu_39 8 9
gnu_38 9 9
gnu_37 28 28
gnu_36 17 17
gnu_35 14 14
gnu_34 21 21
gnu_33 4 4
gnu_32 13 13
gnu_31 12 12
gnu_30 20 20
gnu_29 5 5
gnu_28 11 11
gnu_27 0 0
gnu_26 27 27
gnu_25 4 4
gnu_24 22 22
gnu_23 2 2
gnu_22 2 2
gnu_21 11 11
gnu_20 6 6
gnu_19 14 14
gnu_18 4 4
gnu_17 25 25
gnu_16 17 17
gnu_15 0 0
gnu_14 21 21
gnu_13 5 5
gnu_12 29 29
gnu_11 2 2
gnu_10 14 14
gnu_9 21 21
gnu_8 16 17
gnu_7 5 5
gnu_6 20 20
gnu_5 0 0
gnu_4 22 22
gnu_3 25 25
gnu_2 6 6
gnu_1 5 5
gnu_0 22 23
kernel_69 7 8
batata_71 24 25
batata_70 1 2
linus_63 0 1
linus_62 12 12
kernel_68 19 20
batata_69 25 26
kernel_67 4 5
batata_68 20 21
kernel_66 9 10
kernel_65 17 18
kernel_64 18 19
batata_67 28 29
kernel_63 21 22
batata_66 23 23
batata_65 6 7
batata_64 10 11
batata_63 23 24
linus_61 27 28
batata_62 11 12
kernel_62 26 27
kernel_61 29 30
kernel_60 30 31
batata_61 12 13
kernel_59 31 32
linus_60 13 14
kernel_58 5 6
linus_59 14 14
batata_60 2 3
batata_59 3 4
linus_58 14 15
linus_57 15 15
linus_56 32 32
kernel_57 15 16
batata_58 32 33
linus_55 33 34
linus_54 34 34
kernel_56 34 35
batata_57 35 36
batata_56 36 37
batata_55 37 38
kernel_55 38 39
kernel_54 39 40
batata_54 40 40
kernel_53 40 41
kernel_52 41 42
linus_53 42 43
linus_52 43 43
batata_53 43 44
batata_52 44 45
batata_51 45 46
batata_50 46 47
batata_49 47 48
kernel_51 48 49
linus_51 49 49
kernel_50 49 50
batata_48 50 51
kernel_49 51 52
linus_50 52 52
batata_47 52 53
batata_46 53 54
kernel_48 54 55
linus_49 55 56
kernel_47 56 57
batata_45 57 57
batata_44 57 58
batata_43 58 59
kernel_46 59 60
kernel_45 60 61
linus_48 61 62
kernel_44 62 63
batata_42 63 63
kernel_43 63 64
linus_47 64 65
kernel_42 65 66
kernel_41 66 67
batata_41 67 68
linus_46 68 68
kernel_40 68 69
linus_45 69 70
batata_40 70 71
linus_44 71 71
linus_43 71 72
linus_42 72 72
linus_41 72 73
batata_39 73 73
linus_40 73 74
batata_38 74 75
linus_39 75 75
linus_38 75 76
linus_37 76 76
kernel_39 76 77
batata_37 77 78
kernel_38 78 79
batata_36 79 80
kernel_37 80 81
linus_36 81 82
batata_35 82 82
kernel_36 82 83
linus_35 83 84
linus_34 84 84
kernel_35 84 85
linus_33 85 86
batata_34 86 87
kernel_34 87 88
batata_33 88 89
linus_32 89 89
linus_31 89 90
batata_32 90 90
linus_30 90 91
linus_29 91 91
kernel_33 91 92
batata_31 92 93
kernel_32 93 94
batata_30 94 95
batata_29 95 96
batata_28 96 97
kernel_31 97 98
kernel_30 98 99
linus_28 99 99
kernel_29 99 100
batata_27 100 101
batata_26 101 102
kernel_28 102 103
kernel_27 103 104
batata_25 104 105
kernel_26 105 106
linus_27 106 106
kernel_25 106 107
kernel_24 107 108
linus_26 108 109
batata_24 109 110
kernel_23 110 111
kernel_22 111 112
linus_25 112 112
kernel_21 112 113
kernel_20 113 114
kernel_19 114 115
batata_23 115 116
batata_22 116 117
kernel_18 117 118
batata_21 118 119
kernel_17 119 120
linus_24 120 120
kernel_16 120 121
batata_20 121 122
kernel_15 122 123
linus_23 123 123
batata_19 123 124
linus_22 124 125
batata_18 125 126
linus_21 126 126
batata_17 126 127
linus_20 127 127
kernel_14 127 128
linus_19 128 129
linus_18 129 129
kernel_13 129 130
batata_16 130 131
batata_15 131 132
batata_14 132 133
kernel_12 133 134
kernel_11 134 135
batata_13 135 136
batata_12 136 137
batata_11 137 137
linus_17 137 138
batata_10 138 139
linus_16 139 139
linus_15 139 140
linus_14 140 140
linus_13 140 141
linus_12 141 141
kernel_10 141 142
kernel_9 142 143
kernel_8 143 144
kernel_7 144 145
batata_9 145 146
linus_11 146 147
linus_10 147 147
linus_9 147 148
kernel_6 148 149
kernel_5 149 150
batata_8 150 150
linus_8 150 151
batata_7 151 152
batata_6 152 153
linus_7 153 153
linus_6 153 154
batata_5 154 154
batata_4 154 155
kernel_4 155 156
batata_3 156 157
kernel_3 157 158
linus_5 158 159
batata_2 159 159
linus_4 159 160
batata_1 160 161
kernel_2 161 162
kernel_1 162 163
batata_0 163 164
linus_3 164 164
linus_2 164 165
kernel_0 165 166
linus_1 166 166
linus_0 166 167
250