kernel_3 0 3
lovelace_134 1 7
lovelace_140 5 17
kernel_7 6 12
jobs_8 6 122
lovelace_138 10 28
servine_172 14 31
servine_168 17 40
jobs_4 18 186
servine_171 19 45
kernel_4 21 38
jobs_1 24 200
kernel_5 25 45
lovelace_135 26 91
jobs_12 27 204
jobs_6 29 206
lovelace_132 31 109
jobs_11 37 214
servine_164 37 95
kernel_12 41 74
lovelace_139 42 137
kernel_9 46 87
servine_170 46 120
lovelace_136 48 148
servine_173 49 126
lovelace_142 49 149
jobs_9 51 224
servine_166 57 139
jobs_5 58 228
lovelace_133 58 159
servine_167 59 142
servine_169 61 144
kernel_6 61 120
jobs_3 63 230
jobs_2 63 230
kernel_11 64 124
kernel_2 64 124
kernel_8 66 126
jobs_10 68 231
lovelace_137 71 168
jobs_7 74 232
jobs_15 76 232
kernel_10 76 136
kernel_1 77 137
jobs_13 79 233
servine_165 83 159
jobs_0 83 233
jobs_14 85 233
lovelace_141 88 176
kernel_0 89 145
11612