servine_14 1 5
servine_9 2 12
kernel_12 2 9
lovelace_3 2 48
servine_12 6 49
kernel_11 6 49
servine_7 8 67
kernel_10 9 63
lovelace_2 9 105
kernel_4 10 74
kernel_1 10 79
kernel_15 11 80
jobs_4 11 139
jobs_3 11 139
servine_13 12 86
kernel_3 12 79
kernel_18 13 89
jobs_0 13 140
kernel_5 14 91
kernel_17 15 94
kernel_14 15 93
jobs_6 15 141
jobs_1 16 141
lovelace_5 17 114
kernel_7 17 96
servine_3 17 97
servine_5 18 98
servine_11 19 99
servine_8 19 99
jobs_7 19 142
lovelace_1 19 116
servine_6 20 100
servine_4 20 100
servine_0 20 100
kernel_0 20 93
kernel_16 22 102
kernel_6 23 102
servine_2 23 102
kernel_13 24 103
lovelace_4 24 117
kernel_8 24 103
lovelace_0 25 118
kernel_2 26 104
jobs_8 27 142
kernel_9 27 105
servine_1 27 105
servine_10 28 105
lovelace_6 28 119
jobs_2 28 142
jobs_5 29 142
7069