servine_14 1 5
servine_9 2 13
kernel_12 2 10
lovelace_3 2 49
servine_12 6 50
kernel_11 6 40
servine_7 8 67
kernel_10 9 74
lovelace_2 9 106
kernel_4 10 79
kernel_1 10 77
kernel_15 11 83
jobs_4 11 139
jobs_3 11 139
servine_13 12 87
kernel_3 12 87
kernel_18 13 90
jobs_0 13 140
kernel_5 14 92
kernel_17 15 94
kernel_14 15 93
jobs_6 15 141
jobs_1 16 141
lovelace_5 17 115
kernel_7 17 95
servine_3 17 97
servine_5 18 98
servine_11 19 100
servine_8 19 100
jobs_7 19 142
lovelace_1 19 116
servine_6 20 101
servine_4 20 101
servine_0 20 101
kernel_0 20 92
kernel_16 22 102
kernel_6 23 102
servine_2 23 103
kernel_13 24 104
lovelace_4 24 118
kernel_8 24 104
lovelace_0 25 118
kernel_2 26 104
jobs_8 27 143
kernel_9 27 105
servine_1 27 105
servine_10 28 106
lovelace_6 28 119
jobs_2 28 143
jobs_5 29 143
7088