flusp_163 28 28
darksouls_32 164 164
guaxinim_131 88 88
darksouls_31 134 134
flusp_162 156 156
flusp_161 156 156
flusp_160 77 77
guaxinim_130 91 91
darksouls_30 34 34
gnu_33 12 13
flusp_159 58 58
guaxinim_129 25 25
guaxinim_128 75 76
flusp_158 105 105
darksouls_29 13 13
gnu_32 158 158
guaxinim_127 76 76
gnu_31 115 115
gnu_30 20 20
gnu_29 50 50
darksouls_28 72 72
flusp_157 143 143
flusp_156 56 56
flusp_155 83 83
flusp_154 9 9
gnu_28 50 50
flusp_153 20 20
flusp_152 85 85
darksouls_27 105 105
flusp_151 16 16
guaxinim_126 144 144
gnu_27 44 44
gnu_26 123 123
darksouls_26 125 125
flusp_150 70 70
darksouls_25 83 83
darksouls_24 26 26
flusp_149 39 39
guaxinim_125 120 120
gnu_25 130 130
flusp_148 39 39
darksouls_23 164 164
gnu_24 163 163
guaxinim_124 44 44
guaxinim_123 123 123
darksouls_22 55 55
gnu_23 91 92
guaxinim_122 123 123
gnu_22 44 44
gnu_21 4 4
flusp_147 107 107
flusp_146 126 126
darksouls_21 174 174
flusp_145 44 44
darksouls_20 74 74
flusp_144 144 144
gnu_20 128 129
guaxinim_121 61 61
flusp_143 22 22
flusp_142 77 77
flusp_141 92 92
guaxinim_120 32 32
darksouls_19 174 174
gnu_19 41 41
flusp_140 4 4
gnu_18 81 81
guaxinim_119 134 134
flusp_139 63 63
gnu_17 174 174
flusp_138 90 90
darksouls_18 61 61
darksouls_17 129 129
guaxinim_118 152 153
darksouls_16 103 103
guaxinim_117 123 123
flusp_137 54 54
gnu_16 41 41
gnu_15 28 28
flusp_136 129 129
gnu_14 2 2
darksouls_15 34 34
flusp_135 142 142
guaxinim_116 62 62
darksouls_14 129 129
darksouls_13 39 39
gnu_13 103 104
guaxinim_115 129 129
flusp_134 150 150
gnu_12 136 136
flusp_133 107 107
darksouls_12 92 92
flusp_132 64 64
gnu_11 32 33
gnu_10 134 134
guaxinim_114 132 132
gnu_9 2 2
flusp_131 16 16
flusp_130 8 8
darksouls_11 39 39
gnu_8 123 123
guaxinim_113 134 134
guaxinim_112 44 44
gnu_7 107 107
darksouls_10 54 54
flusp_129 120 120
darksouls_9 2 2
darksouls_8 42 42
darksouls_7 161 161
gnu_6 88 88
flusp_128 164 164
gnu_5 33 33
flusp_127 104 104
flusp_126 94 94
darksouls_6 74 74
flusp_125 140 140
gnu_4 24 24
darksouls_5 8 8
flusp_124 134 134
gnu_3 147 147
darksouls_4 66 66
gnu_2 33 33
darksouls_3 136 136
flusp_123 129 129
guaxinim_111 83 83
darksouls_2 167 167
darksouls_1 144 144
guaxinim_110 70 70
guaxinim_109 13 13
guaxinim_108 54 55
gnu_1 161 161
guaxinim_107 41 41
guaxinim_106 92 92
guaxinim_105 81 81
darksouls_0 117 117
gnu_0 83 83
batata_43 67 68
batata_42 0 2
linus_42 134 135
linus_41 163 164
kernel_27 170 172
linus_40 60 61
linus_39 173 174
linus_38 153 154
linus_37 143 143
kernel_26 138 140
linus_36 35 36
linus_35 2 4
linus_34 19 20
kernel_25 83 85
batata_41 46 47
batata_40 155 156
kernel_24 79 81
batata_39 28 29
batata_38 102 103
batata_37 159 161
batata_36 20 21
batata_35 147 148
batata_34 133 134
batata_33 158 159
batata_32 50 52
kernel_23 104 105
linus_33 73 74
kernel_22 58 60
linus_32 52 52
batata_31 156 158
kernel_21 118 120
linus_31 72 73
batata_30 148 150
kernel_20 9 11
batata_29 161 162
kernel_19 105 107
kernel_18 96 97
batata_28 144 145
linus_30 167 168
kernel_17 97 99
linus_29 11 12
batata_27 90 91
batata_26 39 41
kernel_16 109 111
linus_28 41 42
batata_25 44 46
linus_27 135 136
kernel_15 22 23
linus_26 172 173
batata_24 174 176
batata_23 56 58
linus_25 92 93
batata_22 42 44
kernel_14 88 90
linus_24 130 131
batata_21 166 167
batata_20 107 109
batata_19 140 141
kernel_13 13 15
linus_23 29 30
batata_18 93 94
linus_22 165 165
linus_21 162 163
batata_17 8 9
linus_20 33 34
linus_19 128 128
linus_18 15 16
batata_16 81 83
kernel_12 55 56
batata_15 120 121
linus_17 112 113
kernel_11 37 39
kernel_10 176 177
kernel_9 30 32
batata_14 123 125
kernel_8 26 28
linus_16 47 48
kernel_7 48 50
kernel_6 168 170
batata_13 34 35
batata_12 4 5
batata_11 61 62
linus_15 36 37
linus_14 85 86
kernel_5 86 88
linus_13 62 63
batata_10 94 96
linus_12 63 64
batata_9 177 179
batata_8 68 70
batata_7 99 101
kernel_4 64 66
batata_6 150 151
batata_5 151 152
kernel_3 74 75
batata_4 101 102
kernel_2 52 54
linus_11 66 67
linus_10 70 71
linus_9 71 72
kernel_1 76 77
linus_8 179 180
linus_7 77 78
batata_3 113 114
linus_6 78 79
linus_5 111 112
linus_4 114 115
batata_2 115 117
linus_3 117 118
batata_1 121 123
linus_2 125 126
batata_0 16 17
linus_1 126 127
linus_0 127 127
kernel_0 136 138
250