gnu_43 25 25
gnu_42 10 10
gnu_41 18 18
gnu_40 8 8
gnu_39 8 8
gnu_38 8 8
gnu_37 28 28
gnu_36 17 17
gnu_35 14 14
gnu_34 21 21
gnu_33 4 4
gnu_32 13 13
gnu_31 12 12
gnu_30 20 21
gnu_29 5 6
gnu_28 11 11
gnu_27 0 0
gnu_26 27 27
gnu_25 4 4
gnu_24 22 22
gnu_23 2 2
gnu_22 2 2
gnu_21 11 11
gnu_20 6 6
gnu_19 14 14
gnu_18 4 4
gnu_17 25 25
gnu_16 17 17
gnu_15 0 0
gnu_14 21 21
gnu_13 6 6
gnu_12 29 29
gnu_11 2 2
gnu_10 14 14
gnu_9 21 21
gnu_8 16 16
gnu_7 6 6
gnu_6 21 21
gnu_5 0 0
gnu_4 22 22
gnu_3 25 25
gnu_2 6 6
gnu_1 6 6
gnu_0 22 22
kernel_69 7 8
batata_71 24 25
batata_70 1 2
linus_63 0 0
linus_62 12 13
kernel_68 19 20
batata_69 25 26
kernel_67 4 5
batata_68 21 22
kernel_66 8 9
kernel_65 17 18
kernel_64 18 19
batata_67 28 29
kernel_63 22 23
batata_66 23 24
batata_65 6 7
batata_64 9 10
batata_63 26 27
linus_61 27 27
batata_62 11 12
kernel_62 27 28
kernel_61 29 30
kernel_60 30 31
batata_61 10 11
kernel_59 16 17
linus_60 13 13
kernel_58 13 14
linus_59 14 15
batata_60 0 1
batata_59 3 4
linus_58 15 15
linus_57 15 16
linus_56 31 32
kernel_57 2 3
batata_58 32 33
linus_55 33 33
linus_54 33 34
kernel_56 34 35
batata_57 35 36
batata_56 36 36
batata_55 36 37
kernel_55 37 38
kernel_54 38 39
batata_54 39 40
kernel_53 40 41
kernel_52 41 42
linus_53 42 42
linus_52 42 43
batata_53 43 44
batata_52 44 45
batata_51 45 45
batata_50 45 46
batata_49 46 47
kernel_51 47 48
linus_51 48 49
kernel_50 49 50
batata_48 50 50
kernel_49 50 51
linus_50 51 52
batata_47 52 53
batata_46 53 54
kernel_48 54 55
linus_49 55 55
kernel_47 55 56
batata_45 56 57
batata_44 57 58
batata_43 58 59
kernel_46 59 60
kernel_45 60 61
linus_48 61 61
kernel_44 61 62
batata_42 62 63
kernel_43 63 64
linus_47 64 64
kernel_42 64 65
kernel_41 65 66
batata_41 66 67
linus_46 67 68
kernel_40 68 69
linus_45 69 69
batata_40 69 70
linus_44 70 71
linus_43 71 71
linus_42 71 72
linus_41 72 72
batata_39 72 73
linus_40 73 73
batata_38 73 74
linus_39 74 75
linus_38 75 75
linus_37 75 76
kernel_39 76 77
batata_37 77 77
kernel_38 77 78
batata_36 78 79
kernel_37 79 80
linus_36 80 81
batata_35 81 82
kernel_36 82 83
linus_35 83 83
linus_34 83 84
kernel_35 84 85
linus_33 85 85
batata_34 85 86
kernel_34 86 87
batata_33 87 88
linus_32 88 88
linus_31 88 89
batata_32 89 90
linus_30 90 90
linus_29 90 91
kernel_33 91 92
batata_31 92 93
kernel_32 93 94
batata_30 94 94
batata_29 94 95
batata_28 95 96
kernel_31 96 97
kernel_30 97 98
linus_28 98 99
kernel_29 99 100
batata_27 100 100
batata_26 100 101
kernel_28 101 102
kernel_27 102 103
batata_25 103 104
kernel_26 104 105
linus_27 105 106
kernel_25 106 107
kernel_24 107 108
linus_26 108 108
batata_24 108 109
kernel_23 109 110
kernel_22 110 111
linus_25 111 111
kernel_21 111 112
kernel_20 112 113
kernel_19 113 114
batata_23 114 115
batata_22 115 116
kernel_18 116 117
batata_21 117 118
kernel_17 118 119
linus_24 119 119
kernel_16 119 120
batata_20 120 121
kernel_15 121 122
linus_23 122 123
batata_19 123 124
linus_22 124 124
batata_18 124 125
linus_21 125 125
batata_17 125 126
linus_20 126 127
kernel_14 127 128
linus_19 128 128
linus_18 128 129
kernel_13 129 130
batata_16 130 131
batata_15 131 131
batata_14 131 132
kernel_12 132 133
kernel_11 133 134
batata_13 134 135
batata_12 135 136
batata_11 136 137
linus_17 137 137
batata_10 137 138
linus_16 138 139
linus_15 139 139
linus_14 139 140
linus_13 140 140
linus_12 140 141
kernel_10 141 142
kernel_9 142 143
kernel_8 143 144
kernel_7 144 145
batata_9 145 145
linus_11 145 146
linus_10 146 146
linus_9 146 147
kernel_6 147 148
kernel_5 148 149
batata_8 149 150
linus_8 150 150
batata_7 150 151
batata_6 151 152
linus_7 152 152
linus_6 152 153
batata_5 153 154
batata_4 154 155
kernel_4 155 156
batata_3 156 156
kernel_3 156 157
linus_5 157 158
batata_2 158 159
linus_4 159 159
batata_1 159 160
kernel_2 160 161
kernel_1 161 162
batata_0 162 163
linus_3 163 163
linus_2 163 164
kernel_0 164 165
linus_1 165 165
linus_0 165 166
250