gnu_43 25 25
gnu_42 10 10
gnu_41 18 18
gnu_40 8 8
gnu_39 8 8
gnu_38 8 8
gnu_37 28 28
gnu_36 17 17
gnu_35 14 14
gnu_34 21 21
gnu_33 4 4
gnu_32 13 13
gnu_31 12 12
gnu_30 20 20
gnu_29 5 5
gnu_28 11 11
gnu_27 0 1
gnu_26 28 28
gnu_25 4 4
gnu_24 22 22
gnu_23 2 2
gnu_22 2 2
gnu_21 11 11
gnu_20 6 6
gnu_19 14 14
gnu_18 4 4
gnu_17 25 25
gnu_16 17 17
gnu_15 1 1
gnu_14 21 22
gnu_13 5 5
gnu_12 29 29
gnu_11 2 2
gnu_10 14 14
gnu_9 22 22
gnu_8 16 16
gnu_7 5 6
gnu_6 20 20
gnu_5 1 1
gnu_4 22 22
gnu_3 25 25
gnu_2 6 6
gnu_1 6 6
gnu_0 22 22
kernel_69 7 8
batata_71 24 25
batata_70 1 2
linus_63 2 2
linus_62 12 12
kernel_68 19 20
batata_69 25 26
kernel_67 4 5
batata_68 20 21
kernel_66 8 9
kernel_65 17 18
kernel_64 18 19
batata_67 28 29
kernel_63 22 23
batata_66 23 24
batata_65 6 7
batata_64 9 10
batata_63 26 26
linus_61 29 29
batata_62 11 12
kernel_62 26 28
kernel_61 29 30
kernel_60 30 31
batata_61 10 11
kernel_59 16 17
linus_60 12 13
kernel_58 13 14
linus_59 14 15
batata_60 2 3
batata_59 3 4
linus_58 15 15
linus_57 15 16
linus_56 31 32
kernel_57 32 33
batata_58 33 34
linus_55 34 34
linus_54 34 35
kernel_56 35 36
batata_57 36 36
batata_56 36 37
batata_55 37 38
kernel_55 38 39
kernel_54 39 40
batata_54 40 41
kernel_53 41 42
kernel_52 42 43
linus_53 43 44
linus_52 44 44
batata_53 44 45
batata_52 45 46
batata_51 46 46
batata_50 46 47
batata_49 47 48
kernel_51 48 49
linus_51 49 50
kernel_50 50 51
batata_48 51 51
kernel_49 51 52
linus_50 52 53
batata_47 53 54
batata_46 54 55
kernel_48 55 56
linus_49 56 56
kernel_47 56 57
batata_45 57 58
batata_44 58 59
batata_43 59 60
kernel_46 60 61
kernel_45 61 62
linus_48 62 62
kernel_44 62 63
batata_42 63 64
kernel_43 64 65
linus_47 65 66
kernel_42 66 67
kernel_41 67 68
batata_41 68 68
linus_46 68 69
kernel_40 69 70
linus_45 70 70
batata_40 70 71
linus_44 71 72
linus_43 72 72
linus_42 72 73
linus_41 73 73
batata_39 73 74
linus_40 74 75
batata_38 75 75
linus_39 75 76
linus_38 76 77
linus_37 77 77
kernel_39 77 78
batata_37 78 79
kernel_38 79 80
batata_36 80 81
kernel_37 81 82
linus_36 82 82
batata_35 82 83
kernel_36 83 84
linus_35 84 85
linus_34 85 85
kernel_35 85 86
linus_33 86 87
batata_34 87 87
kernel_34 87 88
batata_33 88 89
linus_32 89 90
linus_31 90 90
batata_32 90 91
linus_30 91 92
linus_29 92 92
kernel_33 92 93
batata_31 93 94
kernel_32 94 95
batata_30 95 96
batata_29 96 97
batata_28 97 97
kernel_31 97 98
kernel_30 98 99
linus_28 99 100
kernel_29 100 101
batata_27 101 102
batata_26 102 103
kernel_28 103 104
kernel_27 104 105
batata_25 105 105
kernel_26 105 107
linus_27 107 107
kernel_25 107 108
kernel_24 108 109
linus_26 109 110
batata_24 110 110
kernel_23 110 111
kernel_22 111 112
linus_25 112 113
kernel_21 113 114
kernel_20 114 115
kernel_19 115 116
batata_23 116 117
batata_22 117 118
kernel_18 118 119
batata_21 119 119
kernel_17 119 121
linus_24 121 121
kernel_16 121 122
batata_20 122 123
kernel_15 123 124
linus_23 124 124
batata_19 124 125
linus_22 125 126
batata_18 126 127
linus_21 127 127
batata_17 127 128
linus_20 128 128
kernel_14 128 129
linus_19 129 130
linus_18 130 130
kernel_13 130 131
batata_16 131 132
batata_15 132 133
batata_14 133 134
kernel_12 134 135
kernel_11 135 136
batata_13 136 137
batata_12 137 138
batata_11 138 138
linus_17 138 139
batata_10 139 140
linus_16 140 140
linus_15 140 141
linus_14 141 141
linus_13 141 142
linus_12 142 142
kernel_10 142 143
kernel_9 143 144
kernel_8 144 145
kernel_7 145 146
batata_9 146 147
linus_11 147 148
linus_10 148 148
linus_9 148 149
kernel_6 149 150
kernel_5 150 151
batata_8 151 151
linus_8 151 152
batata_7 152 153
batata_6 153 154
linus_7 154 154
linus_6 154 155
batata_5 155 155
batata_4 155 156
kernel_4 156 157
batata_3 157 158
kernel_3 158 159
linus_5 159 160
batata_2 160 160
linus_4 160 161
batata_1 161 162
kernel_2 162 163
kernel_1 163 164
batata_0 164 165
linus_3 165 165
linus_2 165 166
kernel_0 166 167
linus_1 167 167
linus_0 167 168
250