linus_63 0 115
batata_60 0 234
kernel_48 0 267
gnu_27 0 2
batata_31 0 226
batata_28 0 240
gnu_15 0 2
batata_24 0 232
linus_24 0 135
gnu_5 0 3
batata_2 0 232
linus_4 0 131
batata_70 1 248
kernel_47 1 289
kernel_41 1 289
batata_33 1 251
kernel_23 1 293
kernel_15 1 289
linus_2 1 156
kernel_57 2 289
batata_50 2 235
kernel_51 2 286
gnu_23 2 7
gnu_22 2 10
linus_27 2 156
gnu_11 2 10
batata_4 2 254
kernel_2 2 297
batata_59 3 259
kernel_40 3 288
linus_45 3 180
kernel_29 3 297
kernel_18 3 297
batata_9 3 256
kernel_67 4 295
gnu_33 4 25
gnu_25 4 20
gnu_18 4 20
batata_18 4 264
linus_10 4 176
linus_7 4 184
linus_1 4 180
kernel_58 5 298
linus_59 5 184
batata_48 5 264
linus_48 5 168
gnu_29 5 25
batata_41 5 267
linus_35 5 188
batata_34 5 267
gnu_13 5 25
linus_23 5 188
gnu_7 5 25
kernel_5 5 298
gnu_1 5 25
kernel_1 5 291
linus_0 5 184
batata_65 6 269
batata_64 6 269
kernel_46 6 300
linus_41 6 185
gnu_20 6 30
kernel_34 6 300
linus_32 6 188
linus_28 6 188
kernel_17 6 300
kernel_16 6 294
kernel_11 6 299
linus_17 6 192
kernel_10 6 292
gnu_2 6 21
kernel_69 8 300
kernel_66 8 300
kernel_56 8 300
kernel_54 8 300
linus_21 8 173
batata_5 8 267
batata_1 8 272
gnu_40 8 35
gnu_39 8 35
gnu_38 8 35
linus_38 8 196
batata_36 8 262
linus_29 8 189
kernel_14 8 298
batata_16 8 276
batata_6 8 267
batata_3 8 274
linus_60 10 192
linus_43 10 192
batata_35 10 267
kernel_35 10 302
kernel_12 10 299
linus_15 10 196
kernel_9 10 301
gnu_42 10 40
batata_61 10 265
kernel_49 10 300
kernel_39 10 301
kernel_24 10 300
kernel_19 10 299
batata_23 10 265
linus_20 10 181
batata_14 10 257
batata_8 10 270
batata_62 12 276
linus_58 12 185
linus_57 12 203
linus_55 12 203
batata_53 12 270
linus_47 12 196
gnu_28 12 45
batata_40 12 274
batata_39 12 276
batata_38 12 274
gnu_21 12 40
linus_31 12 196
kernel_21 12 301
linus_11 12 193
linus_9 12 203
linus_62 12 203
batata_58 12 280
batata_57 12 255
kernel_52 12 301
linus_51 12 197
gnu_31 12 45
kernel_44 12 298
linus_46 12 182
batata_25 12 272
kernel_22 13 295
linus_19 13 186
kernel_0 13 301
linus_54 13 200
gnu_32 13 45
kernel_33 13 295
kernel_30 13 302
kernel_28 13 301
batata_17 13 279
linus_16 13 200
batata_0 13 263
batata_55 15 277
gnu_35 15 50
batata_47 15 281
linus_40 15 204
gnu_19 15 50
kernel_25 16 302
gnu_10 16 45
kernel_6 16 302
batata_7 16 281
batata_56 16 268
linus_25 16 207
kernel_20 16 301
linus_12 16 207
kernel_59 16 299
linus_39 16 200
kernel_38 16 302
linus_34 16 182
linus_33 16 204
batata_32 16 283
gnu_8 16 50
kernel_7 16 300
kernel_65 19 302
kernel_64 19 302
batata_63 19 283
kernel_60 19 295
gnu_36 19 50
batata_42 19 279
batata_29 19 273
gnu_16 19 50
batata_26 19 283
linus_26 19 204
kernel_63 19 302
gnu_41 19 55
kernel_55 19 301
kernel_50 19 301
batata_37 19 281
kernel_36 19 301
batata_20 19 277
batata_10 19 283
kernel_68 19 302
batata_68 19 275
batata_66 19 281
linus_56 19 207
batata_44 19 281
kernel_45 19 302
linus_42 19 194
batata_15 19 283
kernel_3 19 298
linus_5 19 201
batata_54 20 283
batata_52 20 271
gnu_30 20 51
kernel_37 20 303
kernel_31 20 299
batata_21 20 271
linus_18 20 211
gnu_6 20 55
kernel_62 24 300
linus_53 24 201
gnu_34 24 60
linus_30 24 214
gnu_14 24 60
linus_22 24 205
gnu_9 24 60
batata_43 24 275
gnu_24 24 60
batata_11 24 283
gnu_4 24 60
kernel_8 24 301
gnu_0 24 60
batata_49 24 285
kernel_27 24 302
batata_12 24 285
batata_71 24 286
batata_69 24 283
linus_49 24 194
batata_30 24 281
batata_19 24 283
gnu_43 28 56
kernel_61 28 303
batata_46 28 276
gnu_17 28 64
batata_22 28 285
gnu_3 28 60
linus_8 28 202
kernel_53 28 301
batata_51 28 286
linus_50 28 214
batata_45 28 281
kernel_42 28 302
kernel_32 28 302
kernel_13 28 303
batata_13 28 286
linus_61 28 217
gnu_26 28 65
batata_27 28 285
kernel_26 28 303
linus_13 29 214
linus_3 29 198
batata_67 29 286
gnu_37 29 61
linus_52 29 198
kernel_43 29 303
linus_44 29 211
linus_36 29 217
linus_6 29 217
linus_37 29 217
gnu_12 29 65
linus_14 29 211
kernel_4 29 303
15106