linus_63 0 144
batata_60 0 233
kernel_48 0 262
gnu_27 0 2
batata_31 0 227
batata_28 0 222
gnu_15 0 3
batata_24 0 230
linus_24 0 148
gnu_5 0 3
batata_2 0 210
linus_4 0 144
batata_70 1 187
kernel_47 1 283
kernel_41 1 266
batata_33 1 249
kernel_23 1 246
kernel_15 1 283
linus_2 1 152
kernel_57 2 256
batata_50 2 253
kernel_51 2 272
gnu_23 2 11
gnu_22 2 9
linus_27 2 136
gnu_11 2 7
batata_4 2 228
kernel_2 2 287
batata_59 3 233
kernel_40 3 289
linus_45 3 168
kernel_29 3 288
kernel_18 3 256
batata_9 3 260
kernel_67 4 288
gnu_33 4 14
gnu_25 4 17
gnu_18 4 25
batata_18 4 222
linus_10 4 176
linus_7 4 144
linus_1 4 183
kernel_58 5 280
linus_59 5 187
batata_48 5 231
linus_48 5 194
gnu_29 5 14
batata_41 5 270
linus_35 5 140
batata_34 5 260
gnu_13 5 17
linus_23 5 149
gnu_7 5 21
kernel_5 5 292
gnu_1 5 21
kernel_1 5 290
linus_0 5 172
batata_65 6 236
batata_64 6 264
kernel_46 6 289
linus_41 6 149
gnu_20 6 30
kernel_34 6 288
linus_32 6 169
linus_28 6 176
kernel_17 6 280
kernel_16 6 288
kernel_11 7 287
linus_17 7 184
kernel_10 7 292
gnu_2 7 21
kernel_69 7 289
kernel_66 7 290
kernel_56 7 287
kernel_54 7 292
linus_21 7 165
batata_5 7 267
batata_1 7 225
gnu_40 8 30
gnu_39 8 30
gnu_38 8 35
linus_38 8 153
batata_36 8 263
linus_29 8 169
kernel_14 8 292
batata_16 8 249
batata_6 8 265
batata_3 8 254
linus_60 10 198
linus_43 10 165
batata_35 10 268
kernel_35 10 285
kernel_12 10 291
linus_15 10 165
kernel_9 10 288
gnu_42 10 40
batata_61 10 272
kernel_49 10 280
kernel_39 10 290
kernel_24 10 287
kernel_19 10 293
batata_23 10 254
linus_20 10 195
batata_14 10 244
batata_8 10 261
batata_62 12 269
linus_58 12 188
linus_57 13 202
linus_55 13 202
batata_53 13 274
linus_47 13 199
gnu_28 13 45
batata_40 13 265
batata_39 13 244
batata_38 13 261
gnu_21 13 45
linus_31 13 202
kernel_21 13 284
linus_11 13 202
linus_9 13 195
linus_62 13 195
batata_58 13 274
batata_57 13 272
kernel_52 13 289
linus_51 13 185
gnu_31 13 45
kernel_44 13 292
linus_46 13 177
batata_25 13 276
kernel_22 13 291
linus_19 13 205
kernel_0 13 281
linus_54 13 202
gnu_32 13 45
kernel_33 13 292
kernel_30 13 292
kernel_28 13 292
batata_17 13 276
linus_16 13 202
batata_0 13 247
batata_55 16 273
gnu_35 16 55
batata_47 16 271
linus_40 16 209
gnu_19 16 50
kernel_25 16 288
gnu_10 16 50
kernel_6 16 291
batata_7 16 250
batata_56 16 276
linus_25 16 206
kernel_20 16 290
linus_12 16 192
kernel_59 16 293
linus_39 16 185
kernel_38 16 293
linus_34 16 206
linus_33 16 203
batata_32 16 274
gnu_8 16 50
kernel_7 16 284
kernel_65 19 282
kernel_64 19 292
batata_63 19 252
kernel_60 19 292
gnu_36 19 55
batata_42 19 248
batata_29 19 274
gnu_16 19 55
batata_26 20 248
linus_26 20 196
kernel_63 20 283
gnu_41 20 55
kernel_55 20 293
kernel_50 20 293
batata_37 20 245
kernel_36 20 293
batata_20 20 245
batata_10 20 275
kernel_68 20 284
batata_68 20 275
batata_66 20 245
linus_56 20 209
batata_44 20 255
kernel_45 20 292
linus_42 20 167
batata_15 20 261
kernel_3 20 289
linus_5 20 209
batata_54 20 271
batata_52 20 250
gnu_30 20 51
kernel_37 20 293
kernel_31 20 287
batata_21 20 266
linus_18 20 182
gnu_6 20 56
kernel_62 24 293
linus_53 24 216
gnu_34 24 60
linus_30 24 216
gnu_14 24 60
linus_22 24 216
gnu_9 24 60
batata_43 24 276
gnu_24 24 65
batata_11 24 264
gnu_4 24 60
kernel_8 24 293
gnu_0 24 60
batata_49 24 276
kernel_27 24 293
batata_12 24 260
batata_71 24 278
batata_69 24 276
linus_49 24 216
batata_30 24 279
batata_19 24 279
gnu_43 28 60
kernel_61 28 294
batata_46 28 281
gnu_17 28 69
batata_22 28 281
gnu_3 28 65
linus_8 28 216
kernel_53 29 294
batata_51 29 279
linus_50 29 219
batata_45 29 279
kernel_42 29 293
kernel_32 29 294
kernel_13 29 294
batata_13 29 281
linus_61 29 207
gnu_26 29 56
batata_27 29 253
kernel_26 29 287
linus_13 29 204
linus_3 29 216
batata_67 29 246
gnu_37 29 65
linus_52 29 210
kernel_43 29 291
linus_44 29 207
linus_36 29 194
linus_6 29 207
linus_37 29 216
gnu_12 29 57
linus_14 29 190
kernel_4 29 293
14643