linus_63 0 127
batata_60 0 237
kernel_48 0 284
gnu_27 0 4
batata_31 0 246
batata_28 0 246
gnu_15 0 4
batata_24 0 246
linus_24 0 144
gnu_5 0 3
batata_2 0 237
linus_4 0 144
batata_70 1 243
kernel_47 1 291
kernel_41 1 281
batata_33 1 254
kernel_23 1 279
kernel_15 1 294
linus_2 1 156
kernel_57 2 294
batata_50 2 249
kernel_51 2 291
gnu_23 2 11
gnu_22 2 11
linus_27 2 148
gnu_11 2 11
batata_4 2 251
kernel_2 2 286
batata_59 3 252
kernel_40 3 295
linus_45 3 168
kernel_29 3 295
kernel_18 3 290
batata_9 3 265
kernel_67 4 297
gnu_33 4 20
gnu_25 4 20
gnu_18 4 17
batata_18 4 267
linus_10 4 181
linus_7 4 181
linus_1 4 177
kernel_58 5 298
linus_59 5 177
batata_48 5 270
linus_48 5 184
gnu_29 5 25
batata_41 5 270
linus_35 5 181
batata_34 5 267
gnu_13 5 21
linus_23 5 181
gnu_7 5 25
kernel_5 5 300
gnu_1 5 25
kernel_1 5 298
linus_0 5 173
batata_65 6 268
batata_64 6 265
kernel_46 6 300
linus_41 6 188
gnu_20 6 30
kernel_34 6 299
linus_32 6 188
linus_28 6 192
kernel_17 6 300
kernel_16 6 298
kernel_11 6 297
linus_17 6 181
kernel_10 6 291
gnu_2 6 30
kernel_69 8 297
kernel_66 8 301
kernel_56 8 299
kernel_54 8 293
linus_21 8 185
batata_5 8 263
batata_1 8 272
gnu_40 8 35
gnu_39 8 35
gnu_38 8 35
linus_38 8 189
batata_36 8 273
linus_29 8 189
kernel_14 8 301
batata_16 8 265
batata_6 8 273
batata_3 8 273
linus_60 10 189
linus_43 10 196
batata_35 10 270
kernel_35 10 299
kernel_12 10 300
linus_15 10 196
kernel_9 10 301
gnu_42 10 40
batata_61 10 258
kernel_49 10 299
kernel_39 10 297
kernel_24 10 289
kernel_19 10 294
batata_23 10 265
linus_20 10 200
batata_14 10 263
batata_8 10 270
batata_62 12 270
linus_58 12 200
linus_57 12 203
linus_55 12 203
batata_53 12 279
linus_47 12 193
gnu_28 12 45
batata_40 12 277
batata_39 12 279
batata_38 12 275
gnu_21 12 36
linus_31 12 196
kernel_21 12 301
linus_11 12 182
linus_9 12 200
linus_62 12 200
batata_58 12 277
batata_57 13 279
kernel_52 13 297
linus_51 13 197
gnu_31 13 40
kernel_44 13 298
linus_46 13 200
batata_25 13 277
kernel_22 13 297
linus_19 13 197
kernel_0 13 301
linus_54 13 190
gnu_32 13 41
kernel_33 13 302
kernel_30 13 301
kernel_28 13 301
batata_17 13 277
linus_16 13 174
batata_0 13 275
batata_55 16 277
gnu_35 16 54
batata_47 16 282
linus_40 16 204
gnu_19 16 36
kernel_25 16 301
gnu_10 16 50
kernel_6 16 302
batata_7 16 280
batata_56 16 268
linus_25 16 197
kernel_20 16 301
linus_12 16 186
kernel_59 16 299
linus_39 16 182
kernel_38 16 300
linus_34 16 201
linus_33 16 207
batata_32 16 280
gnu_8 16 50
kernel_7 16 302
kernel_65 19 302
kernel_64 19 302
batata_63 19 282
kernel_60 19 303
gnu_36 19 55
batata_42 19 282
batata_29 19 282
gnu_16 19 55
batata_26 19 282
linus_26 19 186
kernel_63 19 302
gnu_41 19 55
kernel_55 19 293
kernel_50 19 301
batata_37 19 280
kernel_36 19 301
batata_20 19 278
batata_10 19 284
kernel_68 19 303
batata_68 19 285
batata_66 19 266
linus_56 20 211
batata_44 20 284
kernel_45 20 302
linus_42 20 198
batata_15 20 280
kernel_3 20 303
linus_5 20 208
batata_54 20 284
batata_52 20 282
gnu_30 20 55
kernel_37 20 302
kernel_31 20 300
batata_21 20 284
linus_18 20 211
gnu_6 20 55
kernel_62 24 302
linus_53 24 214
gnu_34 24 60
linus_30 24 208
gnu_14 24 60
linus_22 24 211
gnu_9 24 60
batata_43 24 284
gnu_24 24 60
batata_11 24 280
gnu_4 24 60
kernel_8 24 303
gnu_0 24 60
batata_49 24 284
kernel_27 24 302
batata_12 24 285
batata_71 24 284
batata_69 24 284
linus_49 24 208
batata_30 24 285
batata_19 24 282
gnu_43 28 60
kernel_61 28 303
batata_46 28 287
gnu_17 28 65
batata_22 28 262
gnu_3 28 65
linus_8 28 217
kernel_53 28 303
batata_51 28 287
linus_50 28 217
batata_45 28 280
kernel_42 28 302
kernel_32 28 303
kernel_13 28 303
batata_13 29 286
linus_61 29 214
gnu_26 29 65
batata_27 29 287
kernel_26 29 303
linus_13 29 208
linus_3 29 211
batata_67 29 286
gnu_37 29 65
linus_52 29 191
kernel_43 29 303
linus_44 29 205
linus_36 29 211
linus_6 29 208
linus_37 29 214
gnu_12 29 61
linus_14 29 214
kernel_4 29 303
15097