linus_63 0 120
batata_60 0 240
kernel_48 0 270
gnu_27 0 4
batata_31 0 245
batata_28 0 245
gnu_15 0 4
batata_24 0 248
linus_24 0 149
gnu_5 0 2
batata_2 0 228
linus_4 0 149
batata_70 1 250
kernel_47 1 253
kernel_41 1 286
batata_33 1 229
kernel_23 1 289
kernel_15 1 263
linus_2 1 161
kernel_57 2 274
batata_50 2 258
kernel_51 2 272
gnu_23 2 11
gnu_22 2 9
linus_27 2 157
gnu_11 2 7
batata_4 2 261
kernel_2 2 281
batata_59 3 217
kernel_40 3 291
linus_45 3 181
kernel_29 3 274
kernel_18 3 287
batata_9 3 258
kernel_67 4 290
gnu_33 4 22
gnu_25 4 18
gnu_18 4 22
batata_18 4 234
linus_10 4 181
linus_7 4 177
linus_1 4 181
kernel_58 5 281
linus_59 5 188
batata_48 5 232
linus_48 5 192
gnu_29 5 22
batata_41 5 272
linus_35 5 150
batata_34 5 272
gnu_13 5 27
linus_23 5 158
gnu_7 5 22
kernel_5 5 288
gnu_1 5 22
kernel_1 5 285
linus_0 5 185
batata_65 6 270
batata_64 6 256
kernel_46 6 291
linus_41 6 158
gnu_20 6 36
kernel_34 6 293
linus_32 7 162
linus_28 7 170
kernel_17 7 279
kernel_16 7 291
kernel_11 7 292
linus_17 7 162
kernel_10 7 294
gnu_2 7 27
kernel_69 7 292
kernel_66 7 291
kernel_56 7 287
kernel_54 7 288
linus_21 7 192
batata_5 7 248
batata_1 7 270
gnu_40 8 27
gnu_39 8 41
gnu_38 8 41
linus_38 8 192
batata_36 8 256
linus_29 8 199
kernel_14 8 270
batata_16 8 270
batata_6 8 270
batata_3 8 275
linus_60 9 196
linus_43 9 196
batata_35 9 273
kernel_35 9 288
kernel_12 9 294
linus_15 9 189
kernel_9 9 294
gnu_42 10 37
batata_61 11 249
kernel_49 11 294
kernel_39 11 294
kernel_24 11 291
kernel_19 11 294
batata_23 11 275
linus_20 11 196
batata_14 11 277
batata_8 11 277
batata_62 11 277
linus_58 11 178
linus_57 11 196
linus_55 11 196
batata_53 11 275
linus_47 11 200
gnu_28 11 42
batata_40 11 271
batata_39 11 266
batata_38 11 273
gnu_21 11 46
linus_31 11 197
kernel_21 11 294
linus_11 11 200
linus_9 11 200
linus_62 13 193
batata_58 13 275
batata_57 13 277
kernel_52 13 295
linus_51 13 206
gnu_31 13 37
kernel_44 13 284
linus_46 13 203
batata_25 13 244
kernel_22 13 295
linus_19 13 197
kernel_0 14 292
linus_54 14 200
gnu_32 14 38
kernel_33 14 287
kernel_30 14 289
kernel_28 14 291
batata_17 14 259
linus_16 14 179
batata_0 14 271
batata_55 14 277
gnu_35 14 42
batata_47 14 277
linus_40 14 179
gnu_19 14 47
kernel_25 14 290
gnu_10 14 47
kernel_6 14 290
batata_7 14 269
batata_56 17 277
linus_25 17 167
kernel_20 17 289
linus_12 17 175
kernel_59 17 295
linus_39 17 190
kernel_38 17 295
linus_34 17 183
linus_33 17 210
batata_32 17 247
gnu_8 17 52
kernel_7 17 295
kernel_65 17 294
kernel_64 17 284
batata_63 17 277
kernel_60 17 290
gnu_36 17 47
batata_42 17 271
batata_29 17 267
gnu_16 17 43
batata_26 17 260
linus_26 17 201
kernel_63 21 294
gnu_41 21 56
kernel_55 21 287
kernel_50 21 293
batata_37 21 282
kernel_36 21 292
batata_20 21 271
batata_10 21 279
kernel_68 21 283
batata_68 21 277
batata_66 21 274
linus_56 21 164
batata_44 21 280
kernel_45 21 289
linus_42 21 210
batata_15 21 265
kernel_3 21 295
linus_5 21 183
batata_54 21 262
batata_52 21 272
gnu_30 21 61
kernel_37 21 295
kernel_31 21 285
batata_21 21 277
linus_18 21 172
gnu_6 21 57
kernel_62 21 292
linus_53 21 198
gnu_34 21 53
linus_30 21 204
gnu_14 21 53
linus_22 21 184
gnu_9 21 48
batata_43 25 277
gnu_24 25 53
batata_11 25 255
gnu_4 25 57
kernel_8 25 295
gnu_0 25 57
batata_49 25 276
kernel_27 25 290
batata_12 25 280
batata_71 25 277
batata_69 25 272
linus_49 25 180
batata_30 25 277
batata_19 25 265
gnu_43 25 66
kernel_61 25 295
batata_46 25 282
gnu_17 25 53
batata_22 25 283
gnu_3 26 53
linus_8 26 211
kernel_53 26 285
batata_51 26 279
linus_50 26 205
batata_45 26 279
kernel_42 26 293
kernel_32 26 295
kernel_13 26 295
batata_13 26 283
linus_61 30 211
gnu_26 30 66
batata_27 30 283
kernel_26 30 290
linus_13 30 211
linus_3 30 214
batata_67 30 279
gnu_37 30 66
linus_52 30 217
kernel_43 30 295
linus_44 30 217
linus_36 30 217
linus_6 30 214
linus_37 30 214
gnu_12 30 66
linus_14 30 211
kernel_4 30 295
14695