linus_63 0 132
batata_60 0 237
kernel_48 0 284
gnu_27 0 3
batata_31 0 221
batata_28 0 229
gnu_15 0 2
batata_24 0 232
linus_24 0 149
gnu_5 0 3
batata_2 0 237
linus_4 0 149
batata_70 1 246
kernel_47 1 286
kernel_41 1 288
batata_33 1 229
kernel_23 1 283
kernel_15 1 284
linus_2 1 153
kernel_57 2 291
batata_50 2 243
kernel_51 2 289
gnu_23 2 9
gnu_22 2 11
linus_27 2 169
gnu_11 2 11
batata_4 2 259
kernel_2 2 289
batata_59 3 243
kernel_40 3 277
linus_45 3 165
kernel_29 3 290
kernel_18 3 277
batata_9 3 256
kernel_67 4 289
gnu_33 4 22
gnu_25 4 18
gnu_18 4 22
batata_18 4 257
linus_10 4 177
linus_7 4 173
linus_1 4 173
kernel_58 5 291
linus_59 5 173
batata_48 5 262
linus_48 5 185
gnu_29 5 22
batata_41 5 269
linus_35 5 181
batata_34 5 254
gnu_13 5 26
linus_23 5 181
gnu_7 5 18
kernel_5 5 286
gnu_1 5 22
kernel_1 5 273
linus_0 5 185
batata_65 6 266
batata_64 6 266
kernel_46 6 288
linus_41 6 178
gnu_20 6 18
kernel_34 6 292
linus_32 6 166
linus_28 6 189
kernel_17 6 282
kernel_16 7 293
kernel_11 7 285
linus_17 7 185
kernel_10 7 295
gnu_2 7 22
kernel_69 7 296
kernel_66 7 286
kernel_56 7 295
kernel_54 7 287
linus_21 7 193
batata_5 7 273
batata_1 7 267
gnu_40 8 27
gnu_39 8 36
gnu_38 8 27
linus_38 8 182
batata_36 8 257
linus_29 8 196
kernel_14 8 287
batata_16 8 275
batata_6 8 249
batata_3 8 269
linus_60 10 170
linus_43 10 203
batata_35 10 257
kernel_35 10 295
kernel_12 10 283
linus_15 10 197
kernel_9 10 295
gnu_42 10 36
batata_61 10 264
kernel_49 10 295
kernel_39 10 293
kernel_24 10 286
kernel_19 10 291
batata_23 10 255
linus_20 10 182
batata_14 10 255
batata_8 10 269
batata_62 11 275
linus_58 11 200
linus_57 11 193
linus_55 11 186
batata_53 11 271
linus_47 11 178
gnu_28 11 41
batata_40 11 257
batata_39 11 273
batata_38 11 271
gnu_21 11 37
linus_31 11 179
kernel_21 11 293
linus_11 11 175
linus_9 11 182
linus_62 13 197
batata_58 13 273
batata_57 13 281
kernel_52 13 296
linus_51 13 183
gnu_31 13 37
kernel_44 13 297
linus_46 13 204
batata_25 13 279
kernel_22 13 297
linus_19 13 194
kernel_0 13 297
linus_54 13 201
gnu_32 13 46
kernel_33 13 297
kernel_30 13 291
kernel_28 13 297
batata_17 13 277
linus_16 14 204
batata_0 14 258
batata_55 14 269
gnu_35 14 46
batata_47 14 262
linus_40 14 204
gnu_19 14 51
kernel_25 14 292
gnu_10 14 47
kernel_6 14 297
batata_7 14 279
batata_56 17 269
linus_25 17 204
kernel_20 17 295
linus_12 17 197
kernel_59 17 296
linus_39 17 204
kernel_38 17 297
linus_34 17 204
linus_33 17 204
batata_32 17 276
gnu_8 17 47
kernel_7 17 288
kernel_65 17 297
kernel_64 17 297
batata_63 17 255
kernel_60 17 297
gnu_36 17 47
batata_42 17 281
batata_29 17 274
gnu_16 17 51
batata_26 17 272
linus_26 17 201
kernel_63 20 295
gnu_41 20 52
kernel_55 20 298
kernel_50 20 296
batata_37 20 282
kernel_36 20 297
batata_20 20 278
batata_10 20 284
kernel_68 21 296
batata_68 21 283
batata_66 21 281
linus_56 21 201
batata_44 21 281
kernel_45 21 297
linus_42 21 208
batata_15 21 276
kernel_3 21 295
linus_5 21 195
batata_54 21 270
batata_52 21 263
gnu_30 21 56
kernel_37 21 297
kernel_31 21 297
batata_21 21 276
linus_18 21 195
gnu_6 21 48
kernel_62 21 294
linus_53 21 208
gnu_34 21 56
linus_30 21 202
gnu_14 21 43
linus_22 21 202
gnu_9 21 56
batata_43 25 278
gnu_24 25 61
batata_11 25 261
gnu_4 25 61
kernel_8 25 294
gnu_0 25 61
batata_49 25 266
kernel_27 25 297
batata_12 25 272
batata_71 25 274
batata_69 25 281
linus_49 25 211
batata_30 25 276
batata_19 25 284
gnu_43 25 57
kernel_61 25 298
batata_46 25 276
gnu_17 25 61
batata_22 25 278
gnu_3 25 61
linus_8 25 208
kernel_53 30 294
batata_51 30 283
linus_50 30 214
batata_45 30 274
kernel_42 30 295
kernel_32 30 295
kernel_13 30 297
batata_13 30 283
linus_61 30 205
gnu_26 30 66
batata_27 30 287
kernel_26 30 298
linus_13 30 217
linus_3 30 212
batata_67 30 261
gnu_37 30 66
linus_52 30 215
kernel_43 30 297
linus_44 30 212
linus_36 30 218
linus_6 30 199
linus_37 30 218
gnu_12 30 62
linus_14 30 212
kernel_4 30 298
14837