linus_63 0 145
batata_60 0 236
kernel_48 0 279
gnu_27 0 4
batata_31 0 225
batata_28 0 244
gnu_15 0 4
batata_24 0 239
linus_24 0 133
gnu_5 0 4
batata_2 0 233
linus_4 0 153
batata_70 1 250
kernel_47 1 284
kernel_41 1 285
batata_33 1 239
kernel_23 1 281
kernel_15 1 285
linus_2 1 145
kernel_57 2 273
batata_50 2 250
kernel_51 2 284
gnu_23 2 11
gnu_22 2 11
linus_27 2 153
gnu_11 2 12
batata_4 2 258
kernel_2 2 286
batata_59 3 236
kernel_40 3 288
linus_45 3 161
kernel_29 3 287
kernel_18 3 286
batata_9 3 255
kernel_67 4 285
gnu_33 4 22
gnu_25 4 15
gnu_18 4 18
batata_18 4 260
linus_10 4 149
linus_7 4 177
linus_1 4 141
kernel_58 5 289
linus_59 5 154
batata_48 5 260
linus_48 5 173
gnu_29 5 15
batata_41 5 258
linus_35 5 188
batata_34 5 258
gnu_13 5 18
linus_23 5 158
gnu_7 5 27
kernel_5 5 288
gnu_1 5 18
kernel_1 5 291
linus_0 5 177
batata_65 6 265
batata_64 6 253
kernel_46 6 288
linus_41 7 173
gnu_20 7 31
kernel_34 7 284
linus_32 7 192
linus_28 7 181
kernel_17 7 287
kernel_16 7 290
kernel_11 7 291
linus_17 7 174
kernel_10 7 293
gnu_2 7 32
kernel_69 7 281
kernel_66 7 294
kernel_56 7 289
kernel_54 7 293
linus_21 7 181
batata_5 7 265
batata_1 7 258
gnu_40 8 32
gnu_39 8 37
gnu_38 8 37
linus_38 8 192
batata_36 8 270
linus_29 8 166
kernel_14 9 294
batata_16 9 245
batata_6 9 265
batata_3 9 265
linus_60 9 178
linus_43 9 178
batata_35 9 273
kernel_35 9 292
kernel_12 9 291
linus_15 9 185
kernel_9 9 278
gnu_42 11 37
batata_61 11 266
kernel_49 11 290
kernel_39 11 294
kernel_24 11 290
kernel_19 11 285
batata_23 11 272
linus_20 11 174
batata_14 11 272
batata_8 11 263
batata_62 11 266
linus_58 11 196
linus_57 11 189
linus_55 11 186
batata_53 11 263
linus_47 11 186
gnu_28 11 42
batata_40 11 275
batata_39 11 270
batata_38 11 264
gnu_21 11 42
linus_31 11 193
kernel_21 11 291
linus_11 11 186
linus_9 11 199
linus_62 13 182
batata_58 13 259
batata_57 13 254
kernel_52 13 294
linus_51 14 182
gnu_31 14 47
kernel_44 14 293
linus_46 14 196
batata_25 14 259
kernel_22 14 292
linus_19 14 193
kernel_0 14 291
linus_54 14 179
gnu_32 14 47
kernel_33 14 294
kernel_30 14 293
kernel_28 14 294
batata_17 14 272
linus_16 14 203
batata_0 14 261
batata_55 14 251
gnu_35 14 38
batata_47 14 270
linus_40 14 175
gnu_19 14 47
kernel_25 14 288
gnu_10 14 47
kernel_6 14 290
batata_7 14 276
batata_56 17 257
linus_25 17 209
kernel_20 17 290
linus_12 17 209
kernel_59 17 291
linus_39 17 203
kernel_38 17 292
linus_34 17 200
linus_33 17 183
batata_32 17 274
gnu_8 17 47
kernel_7 17 294
kernel_65 17 293
kernel_64 17 293
batata_63 17 272
kernel_60 17 292
gnu_36 17 43
batata_42 17 274
batata_29 17 262
gnu_16 17 47
batata_26 17 268
linus_26 17 190
kernel_63 21 292
gnu_41 21 61
kernel_55 21 294
kernel_50 21 293
batata_37 21 266
kernel_36 21 294
batata_20 21 268
batata_10 21 283
kernel_68 21 283
batata_68 21 283
batata_66 21 254
linus_56 21 200
batata_44 21 272
kernel_45 21 292
linus_42 21 183
batata_15 21 282
kernel_3 21 291
linus_5 21 213
batata_54 21 255
batata_52 21 276
gnu_30 21 48
kernel_37 21 287
kernel_31 21 293
batata_21 21 271
linus_18 21 210
gnu_6 21 52
kernel_62 21 287
linus_53 21 207
gnu_34 21 57
linus_30 21 190
gnu_14 21 48
linus_22 21 204
gnu_9 21 53
batata_43 25 274
gnu_24 25 57
batata_11 25 281
gnu_4 25 57
kernel_8 25 292
gnu_0 25 53
batata_49 25 279
kernel_27 25 292
batata_12 25 282
batata_71 25 267
batata_69 25 279
linus_49 25 197
batata_30 25 274
batata_19 25 273
gnu_43 25 61
kernel_61 25 294
batata_46 25 262
gnu_17 25 62
batata_22 25 278
gnu_3 26 62
linus_8 26 187
kernel_53 26 294
batata_51 26 269
linus_50 26 204
batata_45 26 265
kernel_42 26 294
kernel_32 26 293
kernel_13 26 294
batata_13 26 262
linus_61 30 207
gnu_26 30 58
batata_27 30 276
kernel_26 30 294
linus_13 30 213
linus_3 30 210
batata_67 30 273
gnu_37 30 62
linus_52 30 210
kernel_43 30 294
linus_44 30 213
linus_36 30 195
linus_6 30 207
linus_37 30 201
gnu_12 30 66
linus_14 30 201
kernel_4 30 294
14662