linus_63 0 131
batata_60 0 244
kernel_48 0 282
gnu_27 0 3
batata_31 0 213
batata_28 0 241
gnu_15 0 3
batata_24 0 233
linus_24 0 127
gnu_5 0 3
batata_2 0 249
linus_4 0 152
batata_70 1 249
kernel_47 1 276
kernel_41 1 285
batata_33 1 249
kernel_23 1 282
kernel_15 1 286
linus_2 1 164
kernel_57 2 262
batata_50 2 259
kernel_51 2 290
gnu_23 2 7
gnu_22 2 10
linus_27 2 127
gnu_11 2 11
batata_4 2 241
kernel_2 2 289
batata_59 3 255
kernel_40 3 274
linus_45 3 164
kernel_29 3 274
kernel_18 3 260
batata_9 3 257
kernel_67 4 290
gnu_33 4 13
gnu_25 4 20
gnu_18 4 20
batata_18 4 264
linus_10 4 180
linus_7 4 148
linus_1 4 180
kernel_58 5 290
linus_59 5 187
batata_48 5 268
linus_48 5 183
gnu_29 5 21
batata_41 5 271
linus_35 5 152
batata_34 5 255
gnu_13 5 25
linus_23 5 168
gnu_7 5 25
kernel_5 5 294
gnu_1 5 25
kernel_1 5 276
linus_0 5 187
batata_65 6 250
batata_64 6 273
kernel_46 6 280
linus_41 6 191
gnu_20 6 25
kernel_34 6 290
linus_32 6 168
linus_28 6 156
kernel_17 6 291
kernel_16 6 273
kernel_11 6 294
linus_17 6 157
kernel_10 6 292
gnu_2 6 21
kernel_69 8 294
kernel_66 8 273
kernel_56 8 283
kernel_54 8 291
linus_21 8 169
batata_5 8 267
batata_1 8 242
gnu_40 8 39
gnu_39 8 30
gnu_38 8 35
linus_38 8 187
batata_36 8 257
linus_29 8 187
kernel_14 8 295
batata_16 8 242
batata_6 8 271
batata_3 8 245
linus_60 10 201
linus_43 10 169
batata_35 10 273
kernel_35 10 289
kernel_12 10 295
linus_15 10 165
kernel_9 10 290
gnu_42 10 35
batata_61 10 262
kernel_49 10 280
kernel_39 10 294
kernel_24 10 277
kernel_19 10 295
batata_23 10 242
linus_20 10 205
batata_14 10 248
batata_8 10 258
batata_62 12 260
linus_58 12 205
linus_57 12 201
linus_55 12 184
batata_53 12 269
linus_47 12 173
gnu_28 12 45
batata_40 12 275
batata_39 12 271
batata_38 12 258
gnu_21 12 45
linus_31 12 177
kernel_21 12 288
linus_11 12 188
linus_9 12 177
linus_62 12 195
batata_58 12 248
batata_57 12 278
kernel_52 12 293
linus_51 12 173
gnu_31 12 36
kernel_44 13 291
linus_46 13 188
batata_25 13 248
kernel_22 13 292
linus_19 13 192
kernel_0 13 290
linus_54 13 188
gnu_32 13 40
kernel_33 13 294
kernel_30 13 286
kernel_28 13 295
batata_17 13 263
linus_16 13 205
batata_0 13 279
batata_55 15 275
gnu_35 16 50
batata_47 16 275
linus_40 16 205
gnu_19 16 50
kernel_25 16 283
gnu_10 16 50
kernel_6 16 295
batata_7 16 277
batata_56 16 280
linus_25 16 195
kernel_20 16 295
linus_12 16 189
kernel_59 16 295
linus_39 16 205
kernel_38 16 296
linus_34 16 205
linus_33 16 181
batata_32 16 279
gnu_8 16 50
kernel_7 16 295
kernel_65 19 286
kernel_64 19 296
batata_63 19 277
kernel_60 19 296
gnu_36 19 55
batata_42 19 279
batata_29 19 280
gnu_16 19 59
batata_26 19 280
linus_26 19 189
kernel_63 19 296
gnu_41 19 55
kernel_55 19 296
kernel_50 19 295
batata_37 19 280
kernel_36 19 296
batata_20 19 256
batata_10 19 281
kernel_68 19 295
batata_68 19 279
batata_66 19 276
linus_56 19 202
batata_44 19 276
kernel_45 19 292
linus_42 19 206
batata_15 20 281
kernel_3 20 295
linus_5 20 199
batata_54 20 277
batata_52 20 281
gnu_30 20 51
kernel_37 20 293
kernel_31 20 292
batata_21 20 266
linus_18 20 193
gnu_6 20 60
kernel_62 24 294
linus_53 24 206
gnu_34 24 51
linus_30 24 212
gnu_14 24 60
linus_22 24 193
gnu_9 24 55
batata_43 24 279
gnu_24 24 60
batata_11 24 266
gnu_4 24 60
kernel_8 24 293
gnu_0 24 60
batata_49 24 264
kernel_27 24 296
batata_12 24 266
batata_71 24 279
batata_69 24 283
linus_49 24 196
batata_30 24 282
batata_19 24 254
gnu_43 28 60
kernel_61 28 296
batata_46 28 261
gnu_17 28 60
batata_22 28 283
gnu_3 28 60
linus_8 28 215
kernel_53 28 278
batata_51 28 282
linus_50 28 209
batata_45 28 266
kernel_42 28 295
kernel_32 28 291
kernel_13 28 296
batata_13 28 264
linus_61 28 215
gnu_26 28 65
batata_27 28 282
kernel_26 28 290
linus_13 28 212
linus_3 29 197
batata_67 29 283
gnu_37 29 56
linus_52 29 215
kernel_43 29 294
linus_44 29 216
linus_36 29 186
linus_6 29 213
linus_37 29 186
gnu_12 29 65
linus_14 29 213
kernel_4 29 296
14746