linus_63 0 102
batata_60 0 234
kernel_48 0 248
gnu_27 0 3
batata_31 0 232
batata_28 0 237
gnu_15 0 2
batata_24 0 215
linus_24 0 147
gnu_5 0 4
batata_2 0 218
linus_4 0 156
batata_70 1 248
kernel_47 1 283
kernel_41 1 267
batata_33 1 253
kernel_23 1 288
kernel_15 1 281
linus_2 1 164
kernel_57 2 267
batata_50 2 260
kernel_51 2 277
gnu_23 2 10
gnu_22 2 7
linus_27 2 168
gnu_11 2 8
batata_4 2 221
kernel_2 2 285
batata_59 3 265
kernel_40 3 271
linus_45 3 179
kernel_29 3 280
kernel_18 3 283
batata_9 3 240
kernel_67 4 293
gnu_33 4 16
gnu_25 4 20
gnu_18 4 13
batata_18 4 265
linus_10 4 140
linus_7 4 179
linus_1 4 144
kernel_58 5 288
linus_59 5 144
batata_48 5 263
linus_48 5 156
gnu_29 5 24
batata_41 5 258
linus_35 5 183
batata_34 5 232
gnu_13 5 25
linus_23 5 176
gnu_7 5 29
kernel_5 5 293
gnu_1 5 25
kernel_1 5 288
linus_0 5 187
batata_65 6 265
batata_64 6 263
kernel_46 6 293
linus_41 6 187
gnu_20 6 29
kernel_34 6 293
linus_32 6 194
linus_28 6 190
kernel_17 6 292
kernel_16 6 288
kernel_11 6 289
linus_17 6 187
kernel_10 6 279
gnu_2 6 30
kernel_69 8 294
kernel_66 8 288
kernel_56 8 292
kernel_54 8 282
linus_21 8 194
batata_5 8 248
batata_1 8 267
gnu_40 8 30
gnu_39 8 35
gnu_38 8 30
linus_38 8 161
batata_36 8 258
linus_29 8 194
kernel_14 8 290
batata_16 8 271
batata_6 8 243
batata_3 8 268
linus_60 10 169
linus_43 10 194
batata_35 10 238
kernel_35 10 295
kernel_12 10 294
linus_15 10 194
kernel_9 10 284
gnu_42 10 44
batata_61 10 265
kernel_49 10 286
kernel_39 10 292
kernel_24 10 294
kernel_19 10 279
batata_23 10 268
linus_20 10 191
batata_14 10 272
batata_8 10 275
batata_62 12 270
linus_58 12 191
linus_57 12 173
linus_55 12 201
batata_53 12 259
linus_47 12 194
gnu_28 12 40
batata_40 12 246
batata_39 12 275
batata_38 12 277
gnu_21 12 40
linus_31 12 184
kernel_21 12 294
linus_11 12 198
linus_9 12 173
linus_62 12 198
batata_58 12 266
batata_57 12 254
kernel_52 12 295
linus_51 12 177
gnu_31 12 45
kernel_44 12 291
linus_46 12 195
batata_25 12 270
kernel_22 12 294
linus_19 13 173
kernel_0 13 291
linus_54 13 169
gnu_32 13 49
kernel_33 13 294
kernel_30 13 291
kernel_28 13 295
batata_17 13 272
linus_16 13 162
batata_0 13 276
batata_55 15 247
gnu_35 15 50
batata_47 15 274
linus_40 15 204
gnu_19 15 40
kernel_25 16 290
gnu_10 16 41
kernel_6 16 296
batata_7 16 247
batata_56 16 279
linus_25 16 174
kernel_20 16 295
linus_12 16 177
kernel_59 16 296
linus_39 16 174
kernel_38 16 296
linus_34 16 185
linus_33 16 201
batata_32 16 254
gnu_8 16 54
kernel_7 16 296
kernel_65 19 296
kernel_64 19 293
batata_63 19 277
kernel_60 19 289
gnu_36 19 59
batata_42 19 276
batata_29 19 264
gnu_16 19 46
batata_26 19 266
linus_26 19 202
kernel_63 19 296
gnu_41 19 46
kernel_55 19 295
kernel_50 19 293
batata_37 19 264
kernel_36 19 294
batata_20 19 279
batata_10 19 257
kernel_68 19 296
batata_68 19 242
batata_66 19 281
linus_56 19 182
batata_44 19 281
kernel_45 19 282
linus_42 19 214
batata_15 19 255
kernel_3 19 296
linus_5 19 166
batata_54 23 274
batata_52 23 262
gnu_30 23 64
kernel_37 23 293
kernel_31 23 291
batata_21 23 272
linus_18 23 202
gnu_6 23 55
kernel_62 23 295
linus_53 23 205
gnu_34 23 64
linus_30 23 178
gnu_14 23 64
linus_22 23 185
gnu_9 23 55
batata_43 23 282
gnu_24 23 64
batata_11 23 279
gnu_4 23 55
kernel_8 24 296
gnu_0 24 64
batata_49 24 279
kernel_27 24 297
batata_12 24 252
batata_71 24 281
batata_69 24 267
linus_49 24 214
batata_30 24 281
batata_19 24 282
gnu_43 28 60
kernel_61 28 297
batata_46 28 281
gnu_17 28 68
batata_22 28 280
gnu_3 28 64
linus_8 28 211
kernel_53 28 297
batata_51 28 278
linus_50 28 186
batata_45 28 280
kernel_42 28 297
kernel_32 28 297
kernel_13 28 297
batata_13 28 281
linus_61 28 215
gnu_26 28 64
batata_27 28 281
kernel_26 28 297
linus_13 28 209
linus_3 28 179
batata_67 28 281
gnu_37 28 56
linus_52 28 186
kernel_43 28 297
linus_44 28 186
linus_36 28 212
linus_6 28 215
linus_37 33 209
gnu_12 33 69
linus_14 33 215
kernel_4 33 297
14798