linus_63 0 144
batata_60 0 239
kernel_48 0 290
gnu_27 1 7
batata_31 1 234
batata_28 1 245
gnu_15 1 7
batata_24 1 248
linus_24 1 156
gnu_5 1 4
batata_2 1 242
linus_4 1 140
batata_70 1 248
kernel_47 1 288
kernel_41 1 271
batata_33 1 256
kernel_23 1 290
kernel_15 1 288
linus_2 1 164
kernel_57 2 291
batata_50 2 259
kernel_51 2 298
gnu_23 2 11
gnu_22 2 11
linus_27 2 160
gnu_11 2 11
batata_4 2 259
kernel_2 2 292
batata_59 3 259
kernel_40 3 290
linus_45 3 180
kernel_29 3 293
kernel_18 3 294
batata_9 3 243
kernel_67 4 288
gnu_33 4 21
gnu_25 4 21
gnu_18 4 21
batata_18 4 248
linus_10 4 169
linus_7 4 165
linus_1 4 180
kernel_58 5 297
linus_59 5 188
batata_48 5 254
linus_48 5 184
gnu_29 5 25
batata_41 5 248
linus_35 5 169
batata_34 5 248
gnu_13 5 17
linus_23 5 173
gnu_7 5 25
kernel_5 5 292
gnu_1 5 25
kernel_1 5 293
linus_0 5 184
batata_65 6 261
batata_64 6 271
kernel_46 6 296
linus_41 6 184
gnu_20 6 30
kernel_34 6 300
linus_32 6 188
linus_28 6 185
kernel_17 6 296
kernel_16 6 297
kernel_11 6 297
linus_17 6 177
kernel_10 6 299
gnu_2 6 30
kernel_69 8 297
kernel_66 8 296
kernel_56 8 297
kernel_54 8 299
linus_21 8 185
batata_5 8 256
batata_1 8 269
gnu_40 8 35
gnu_39 8 35
gnu_38 8 35
linus_38 8 161
batata_36 8 269
linus_29 8 177
kernel_14 8 297
batata_16 8 273
batata_6 8 254
batata_3 8 273
linus_60 10 161
linus_43 10 192
batata_35 10 271
kernel_35 10 300
kernel_12 10 299
linus_15 10 192
kernel_9 10 295
gnu_42 10 35
batata_61 10 269
kernel_49 10 286
kernel_39 10 296
kernel_24 10 300
kernel_19 10 300
batata_23 10 267
linus_20 10 199
batata_14 10 278
batata_8 10 276
batata_62 12 252
linus_58 12 189
linus_57 12 189
linus_55 12 193
batata_53 12 274
linus_47 12 185
gnu_28 12 36
batata_40 12 274
batata_39 12 278
batata_38 12 274
gnu_21 12 45
linus_31 12 174
kernel_21 13 291
linus_11 13 193
linus_9 13 193
linus_62 13 193
batata_58 13 276
batata_57 13 278
kernel_52 13 296
linus_51 13 200
gnu_31 13 45
kernel_44 13 299
linus_46 13 186
batata_25 13 269
kernel_22 13 295
linus_19 13 193
kernel_0 13 300
linus_54 13 186
gnu_32 13 36
kernel_33 13 301
kernel_30 13 283
kernel_28 13 298
batata_17 13 265
linus_16 13 193
batata_0 13 249
batata_55 16 280
gnu_35 16 45
batata_47 16 276
linus_40 16 203
gnu_19 16 50
kernel_25 16 301
gnu_10 16 50
kernel_6 16 300
batata_7 16 272
batata_56 16 280
linus_25 16 197
kernel_20 16 299
linus_12 16 206
kernel_59 16 301
linus_39 16 193
kernel_38 16 294
linus_34 16 190
linus_33 16 193
batata_32 16 276
gnu_8 16 50
kernel_7 16 301
kernel_65 19 301
kernel_64 19 301
batata_63 19 276
kernel_60 19 300
gnu_36 19 50
batata_42 19 276
batata_29 19 278
gnu_16 19 51
batata_26 19 278
linus_26 19 200
kernel_63 19 294
gnu_41 19 55
kernel_55 19 301
kernel_50 19 301
batata_37 19 260
kernel_36 19 301
batata_20 20 272
batata_10 20 278
kernel_68 20 301
batata_68 20 278
batata_66 20 278
linus_56 20 204
batata_44 20 276
kernel_45 20 300
linus_42 20 194
batata_15 20 265
kernel_3 20 301
linus_5 20 197
batata_54 20 282
batata_52 20 282
gnu_30 20 55
kernel_37 20 299
kernel_31 20 301
batata_21 20 282
linus_18 20 210
gnu_6 20 56
kernel_62 24 298
linus_53 24 210
gnu_34 24 56
linus_30 24 194
gnu_14 24 56
linus_22 24 207
gnu_9 24 51
batata_43 24 284
gnu_24 24 60
batata_11 24 284
gnu_4 24 56
kernel_8 24 301
gnu_0 24 56
batata_49 24 268
kernel_27 24 301
batata_12 24 284
batata_71 24 282
batata_69 24 280
linus_49 24 194
batata_30 24 279
batata_19 24 282
gnu_43 28 56
kernel_61 28 301
batata_46 28 284
gnu_17 28 65
batata_22 28 285
gnu_3 28 65
linus_8 28 210
kernel_53 28 301
batata_51 28 285
linus_50 29 219
batata_45 29 285
kernel_42 29 301
kernel_32 29 301
kernel_13 29 302
batata_13 29 285
linus_61 29 210
gnu_26 29 61
batata_27 29 282
kernel_26 29 302
linus_13 29 217
linus_3 29 201
batata_67 29 287
gnu_37 29 65
linus_52 29 217
kernel_43 29 301
linus_44 29 217
linus_36 29 211
linus_6 29 214
linus_37 29 214
gnu_12 29 65
linus_14 29 217
kernel_4 29 301
15003