linus_63 0 108
batata_60 0 243
kernel_48 0 276
gnu_27 0 3
batata_31 0 211
batata_28 0 237
gnu_15 0 3
batata_24 0 243
linus_24 0 145
gnu_5 0 3
batata_2 1 240
linus_4 1 157
batata_70 1 240
kernel_47 1 263
kernel_41 1 284
batata_33 1 240
kernel_23 1 278
kernel_15 1 289
linus_2 1 149
kernel_57 2 266
batata_50 2 253
kernel_51 2 290
gnu_23 2 9
gnu_22 2 11
linus_27 2 129
gnu_11 2 11
batata_4 2 248
kernel_2 2 280
batata_59 3 246
kernel_40 3 278
linus_45 3 153
kernel_29 3 278
kernel_18 3 291
batata_9 3 256
kernel_67 4 285
gnu_33 4 22
gnu_25 4 22
gnu_18 4 18
batata_18 4 261
linus_10 4 173
linus_7 4 177
linus_1 4 185
kernel_58 5 290
linus_59 5 185
batata_48 5 251
linus_48 5 177
gnu_29 5 26
batata_41 5 268
linus_35 5 174
batata_34 5 251
gnu_13 5 22
linus_23 5 178
gnu_7 5 22
kernel_5 5 284
gnu_1 5 22
kernel_1 5 294
linus_0 5 170
batata_65 6 243
batata_64 6 251
kernel_46 6 285
linus_41 6 181
gnu_20 6 31
kernel_34 6 295
linus_32 6 174
linus_28 6 178
kernel_17 7 290
kernel_16 7 291
kernel_11 7 290
linus_17 7 170
kernel_10 7 291
gnu_2 7 31
kernel_69 7 292
kernel_66 7 289
kernel_56 7 287
kernel_54 7 284
linus_21 7 196
batata_5 7 243
batata_1 7 277
gnu_40 8 32
gnu_39 8 36
gnu_38 8 36
linus_38 8 200
batata_36 8 254
linus_29 8 193
kernel_14 8 294
batata_16 8 275
batata_6 8 254
batata_3 8 268
linus_60 10 182
linus_43 10 200
batata_35 10 244
kernel_35 10 297
kernel_12 10 293
linus_15 10 200
kernel_9 10 294
gnu_42 10 41
batata_61 10 271
kernel_49 10 293
kernel_39 10 295
kernel_24 10 292
kernel_19 10 294
batata_23 10 271
linus_20 10 197
batata_14 10 275
batata_8 11 275
batata_62 11 266
linus_58 11 197
linus_57 11 190
linus_55 11 186
batata_53 11 273
linus_47 11 186
gnu_28 11 42
batata_40 11 277
batata_39 11 273
batata_38 11 254
gnu_21 11 32
linus_31 11 186
kernel_21 11 295
linus_11 11 193
linus_9 11 182
linus_62 13 186
batata_58 13 275
batata_57 13 269
kernel_52 13 295
linus_51 13 197
gnu_31 13 46
kernel_44 13 296
linus_46 13 175
batata_25 13 266
kernel_22 13 288
linus_19 13 207
kernel_0 13 288
linus_54 13 207
gnu_32 13 42
kernel_33 13 293
kernel_30 13 292
kernel_28 13 296
batata_17 14 262
linus_16 14 204
batata_0 14 257
batata_55 14 262
gnu_35 14 47
batata_47 14 271
linus_40 14 183
gnu_19 14 51
kernel_25 14 297
gnu_10 14 47
kernel_6 14 296
batata_7 14 267
batata_56 17 277
linus_25 17 175
kernel_20 17 297
linus_12 17 179
kernel_59 17 296
linus_39 17 201
kernel_38 17 296
linus_34 17 201
linus_33 17 204
batata_32 17 267
gnu_8 17 52
kernel_7 17 291
kernel_65 17 291
kernel_64 17 293
batata_63 17 277
kernel_60 17 294
gnu_36 17 52
batata_42 17 279
batata_29 17 265
gnu_16 17 52
batata_26 17 260
linus_26 17 197
kernel_63 20 291
gnu_41 20 47
kernel_55 20 296
kernel_50 20 297
batata_37 20 282
kernel_36 20 294
batata_20 20 271
batata_10 21 281
kernel_68 21 296
batata_68 21 277
batata_66 21 281
linus_56 21 201
batata_44 21 281
kernel_45 21 297
linus_42 21 211
batata_15 21 282
kernel_3 21 297
linus_5 21 211
batata_54 21 279
batata_52 21 281
gnu_30 21 57
kernel_37 21 295
kernel_31 21 293
batata_21 21 284
linus_18 21 201
gnu_6 21 57
kernel_62 21 296
linus_53 21 211
gnu_34 21 57
linus_30 21 191
gnu_14 21 57
linus_22 21 208
gnu_9 21 57
batata_43 25 267
gnu_24 25 61
batata_11 25 284
gnu_4 25 61
kernel_8 25 297
gnu_0 25 61
batata_49 25 276
kernel_27 25 296
batata_12 25 278
batata_71 25 278
batata_69 25 281
linus_49 25 211
batata_30 25 279
batata_19 25 278
gnu_43 25 61
kernel_61 25 296
batata_46 25 284
gnu_17 25 62
batata_22 25 285
gnu_3 25 62
linus_8 25 214
kernel_53 30 295
batata_51 30 281
linus_50 30 211
batata_45 30 272
kernel_42 30 297
kernel_32 30 296
kernel_13 30 297
batata_13 30 272
linus_61 30 208
gnu_26 30 66
batata_27 30 281
kernel_26 30 296
linus_13 30 211
linus_3 30 192
batata_67 30 284
gnu_37 30 62
linus_52 30 205
kernel_43 30 295
linus_44 30 217
linus_36 30 199
linus_6 30 217
linus_37 30 184
gnu_12 30 70
linus_14 30 217
kernel_4 30 296
14778