linus_63 0 110
batata_60 0 231
kernel_48 0 279
gnu_27 0 3
batata_31 0 237
batata_28 0 243
gnu_15 0 3
batata_24 0 229
linus_24 0 152
gnu_5 0 3
batata_2 0 245
linus_4 0 147
batata_70 1 251
kernel_47 1 287
kernel_41 1 289
batata_33 1 256
kernel_23 1 284
kernel_15 1 279
linus_2 1 156
kernel_57 2 289
batata_50 2 243
kernel_51 2 294
gnu_23 2 10
gnu_22 2 10
linus_27 2 139
gnu_11 2 10
batata_4 2 251
kernel_2 2 293
batata_59 3 256
kernel_40 3 288
linus_45 3 180
kernel_29 3 294
kernel_18 3 291
batata_9 3 259
kernel_67 4 296
gnu_33 4 25
gnu_25 4 20
gnu_18 4 17
batata_18 4 261
linus_10 4 172
linus_7 4 164
linus_1 4 164
kernel_58 5 295
linus_59 5 152
batata_48 5 261
linus_48 5 184
gnu_29 5 25
batata_41 5 266
linus_35 5 152
batata_34 5 240
gnu_13 5 25
linus_23 5 184
gnu_7 5 25
kernel_5 5 297
gnu_1 5 25
kernel_1 5 296
linus_0 5 184
batata_65 6 269
batata_64 6 271
kernel_46 6 293
linus_41 6 188
gnu_20 6 21
kernel_34 6 296
linus_32 6 192
linus_28 6 188
kernel_17 6 299
kernel_16 6 290
kernel_11 6 298
linus_17 6 192
kernel_10 6 298
gnu_2 6 25
kernel_69 8 298
kernel_66 8 289
kernel_56 8 298
kernel_54 8 295
linus_21 8 195
batata_5 8 249
batata_1 8 274
gnu_40 8 35
gnu_39 8 35
gnu_38 8 35
linus_38 8 184
batata_36 8 238
linus_29 8 192
kernel_14 8 289
batata_16 8 274
batata_6 8 274
batata_3 8 251
linus_60 10 188
linus_43 10 196
batata_35 10 276
kernel_35 10 298
kernel_12 10 300
linus_15 10 196
kernel_9 10 299
gnu_42 10 40
batata_61 10 269
kernel_49 10 297
kernel_39 10 293
kernel_24 10 297
kernel_19 10 298
batata_23 10 267
linus_20 10 199
batata_14 10 259
batata_8 10 276
batata_62 12 252
linus_58 12 199
linus_57 12 189
linus_55 12 196
batata_53 12 272
linus_47 12 192
gnu_28 12 45
batata_40 12 280
batata_39 12 272
batata_38 12 274
gnu_21 12 36
linus_31 12 199
kernel_21 12 299
linus_11 12 177
linus_9 12 192
linus_62 12 189
batata_58 12 272
batata_57 12 278
kernel_52 12 290
linus_51 12 196
gnu_31 12 45
kernel_44 12 299
linus_46 12 185
batata_25 13 278
kernel_22 13 290
linus_19 13 181
kernel_0 13 299
linus_54 13 193
gnu_32 13 45
kernel_33 13 300
kernel_30 13 300
kernel_28 13 296
batata_17 13 274
linus_16 13 203
batata_0 13 280
batata_55 15 274
gnu_35 15 45
batata_47 15 280
linus_40 16 206
gnu_19 16 50
kernel_25 16 283
gnu_10 16 50
kernel_6 16 300
batata_7 16 265
batata_56 16 282
linus_25 16 207
kernel_20 16 289
linus_12 16 203
kernel_59 16 300
linus_39 16 207
kernel_38 16 299
linus_34 16 207
linus_33 16 200
batata_32 16 265
gnu_8 16 36
kernel_7 16 295
kernel_65 19 300
kernel_64 19 300
batata_63 19 282
kernel_60 19 300
gnu_36 19 46
batata_42 19 276
batata_29 19 278
gnu_16 19 55
batata_26 19 280
linus_26 19 210
kernel_63 19 300
gnu_41 19 55
kernel_55 19 300
kernel_50 19 299
batata_37 19 270
kernel_36 19 300
batata_20 19 282
batata_10 19 270
kernel_68 19 299
batata_68 19 282
batata_66 19 277
linus_56 19 204
batata_44 19 260
kernel_45 19 300
linus_42 19 207
batata_15 19 277
kernel_3 20 296
linus_5 20 207
batata_54 20 279
batata_52 20 277
gnu_30 20 46
kernel_37 20 300
kernel_31 20 299
batata_21 20 280
linus_18 20 201
gnu_6 20 55
kernel_62 24 300
linus_53 24 214
gnu_34 24 51
linus_30 24 214
gnu_14 24 60
linus_22 24 197
gnu_9 24 60
batata_43 24 284
gnu_24 24 60
batata_11 24 277
gnu_4 24 51
kernel_8 24 298
gnu_0 24 60
batata_49 24 285
kernel_27 24 296
batata_12 24 284
batata_71 24 281
batata_69 24 268
linus_49 24 208
batata_30 24 284
batata_19 24 282
gnu_43 28 60
kernel_61 28 301
batata_46 28 268
gnu_17 28 56
batata_22 28 284
gnu_3 28 68
linus_8 28 217
kernel_53 28 301
batata_51 28 284
linus_50 28 201
batata_45 28 282
kernel_42 28 300
kernel_32 28 301
kernel_13 28 301
batata_13 28 285
linus_61 28 217
gnu_26 28 65
batata_27 28 285
kernel_26 28 296
linus_13 29 214
linus_3 29 205
batata_67 29 279
gnu_37 29 56
linus_52 29 208
kernel_43 29 300
linus_44 29 214
linus_36 29 211
linus_6 29 217
linus_37 29 214
gnu_12 29 65
linus_14 29 211
kernel_4 29 300
14995