linus_63 0 127
batata_60 0 238
kernel_48 0 285
gnu_27 0 1
batata_31 0 235
batata_28 0 241
gnu_15 0 2
batata_24 0 247
linus_24 0 144
gnu_5 0 3
batata_2 0 244
linus_4 0 144
batata_70 1 252
kernel_47 1 294
kernel_41 1 295
batata_33 1 252
kernel_23 1 292
kernel_15 1 292
linus_2 1 140
kernel_57 2 294
batata_50 2 258
kernel_51 2 290
gnu_23 2 11
gnu_22 2 11
linus_27 2 165
gnu_11 2 11
batata_4 2 263
kernel_2 2 296
batata_59 3 244
kernel_40 3 294
linus_45 3 161
kernel_29 3 298
kernel_18 3 291
batata_9 3 263
kernel_67 4 298
gnu_33 4 17
gnu_25 4 17
gnu_18 4 21
batata_18 4 271
linus_10 4 173
linus_7 4 177
linus_1 4 185
kernel_58 5 295
linus_59 5 188
batata_48 5 268
linus_48 5 169
gnu_29 5 17
batata_41 5 263
linus_35 5 181
batata_34 5 266
gnu_13 5 17
linus_23 5 185
gnu_7 5 25
kernel_5 5 300
gnu_1 5 25
kernel_1 5 301
linus_0 5 165
batata_65 6 268
batata_64 6 261
kernel_46 6 297
linus_41 6 173
gnu_20 6 30
kernel_34 6 297
linus_32 6 189
linus_28 6 192
kernel_17 6 297
kernel_16 6 296
kernel_11 6 290
linus_17 6 185
kernel_10 6 296
gnu_2 6 30
kernel_69 7 299
kernel_66 7 297
kernel_56 7 300
kernel_54 7 301
linus_21 7 189
batata_5 7 271
batata_1 7 266
gnu_40 8 30
gnu_39 8 35
gnu_38 8 35
linus_38 8 181
batata_36 8 276
linus_29 8 189
kernel_14 8 299
batata_16 8 278
batata_6 8 250
batata_3 8 276
linus_60 10 193
linus_43 10 200
batata_35 10 276
kernel_35 10 302
kernel_12 10 300
linus_15 10 197
kernel_9 10 302
gnu_42 10 40
batata_61 10 258
kernel_49 10 302
kernel_39 10 300
kernel_24 10 302
kernel_19 10 300
batata_23 10 271
linus_20 10 189
batata_14 10 266
batata_8 10 280
batata_62 12 278
linus_58 12 197
linus_57 12 204
linus_55 13 197
batata_53 13 278
linus_47 13 200
gnu_28 13 45
batata_40 13 278
batata_39 13 278
batata_38 13 280
gnu_21 13 45
linus_31 13 204
kernel_21 13 303
linus_11 13 204
linus_9 13 204
linus_62 13 204
batata_58 13 276
batata_57 13 276
kernel_52 13 303
linus_51 13 193
gnu_31 13 45
kernel_44 13 294
linus_46 13 204
batata_25 13 282
kernel_22 13 303
linus_19 13 197
kernel_0 13 301
linus_54 13 190
gnu_32 13 41
kernel_33 13 299
kernel_30 13 302
kernel_28 13 303
batata_17 13 281
linus_16 13 204
batata_0 13 272
batata_55 16 272
gnu_35 16 55
batata_47 16 276
linus_40 16 201
gnu_19 16 50
kernel_25 16 303
gnu_10 16 50
kernel_6 16 303
batata_7 16 279
batata_56 16 281
linus_25 16 205
kernel_20 16 304
linus_12 16 201
kernel_59 16 304
linus_39 16 201
kernel_38 16 303
linus_34 16 205
linus_33 16 208
batata_32 16 283
gnu_8 16 51
kernel_7 16 301
kernel_65 19 303
kernel_64 19 304
batata_63 19 277
kernel_60 19 304
gnu_36 19 55
batata_42 19 281
batata_29 20 285
gnu_16 20 55
batata_26 20 283
linus_26 20 205
kernel_63 20 301
gnu_41 20 55
kernel_55 20 304
kernel_50 20 302
batata_37 20 285
kernel_36 20 303
batata_20 20 285
batata_10 20 281
kernel_68 20 296
batata_68 20 281
batata_66 20 283
linus_56 20 208
batata_44 20 283
kernel_45 20 304
linus_42 20 208
batata_15 20 283
kernel_3 20 303
linus_5 20 211
batata_54 20 286
batata_52 20 277
gnu_30 20 56
kernel_37 20 297
kernel_31 20 302
batata_21 20 281
linus_18 20 209
gnu_6 20 56
kernel_62 24 303
linus_53 24 212
gnu_34 24 60
linus_30 24 215
gnu_14 24 60
linus_22 24 215
gnu_9 24 60
batata_43 24 286
gnu_24 24 60
batata_11 24 288
gnu_4 24 60
kernel_8 24 304
gnu_0 24 60
batata_49 24 286
kernel_27 24 304
batata_12 24 277
batata_71 24 283
batata_69 24 277
linus_49 24 212
batata_30 24 285
batata_19 24 285
gnu_43 28 56
kernel_61 28 304
batata_46 28 288
gnu_17 28 65
batata_22 29 288
gnu_3 29 65
linus_8 29 218
kernel_53 29 304
batata_51 29 288
linus_50 29 199
batata_45 29 283
kernel_42 29 304
kernel_32 29 304
kernel_13 29 304
batata_13 29 283
linus_61 29 215
gnu_26 29 65
batata_27 29 287
kernel_26 29 304
linus_13 29 209
linus_3 29 206
batata_67 29 282
gnu_37 29 65
linus_52 29 212
kernel_43 29 304
linus_44 29 206
linus_36 29 218
linus_6 29 206
linus_37 29 212
gnu_12 29 65
linus_14 29 212
kernel_4 29 304
15181