linus_63 0 120
batata_60 0 249
kernel_48 0 277
gnu_27 0 4
batata_31 0 244
batata_28 0 233
gnu_15 0 4
batata_24 0 238
linus_24 0 153
gnu_5 0 4
batata_2 0 227
linus_4 0 149
batata_70 1 250
kernel_47 1 286
kernel_41 1 290
batata_33 1 247
kernel_23 1 286
kernel_15 1 285
linus_2 1 162
kernel_57 2 288
batata_50 2 260
kernel_51 2 290
gnu_23 2 11
gnu_22 2 9
linus_27 2 154
gnu_11 2 7
batata_4 2 258
kernel_2 2 286
batata_59 3 263
kernel_40 3 277
linus_45 3 170
kernel_29 3 287
kernel_18 3 295
batata_9 3 255
kernel_67 4 297
gnu_33 4 15
gnu_25 4 26
gnu_18 4 18
batata_18 4 261
linus_10 4 166
linus_7 4 186
linus_1 4 178
kernel_58 5 297
linus_59 5 186
batata_48 5 255
linus_48 5 182
gnu_29 5 22
batata_41 5 271
linus_35 5 178
batata_34 5 271
gnu_13 5 18
linus_23 5 178
gnu_7 5 27
kernel_5 5 297
gnu_1 5 18
kernel_1 5 297
linus_0 5 186
batata_65 6 268
batata_64 6 273
kernel_46 6 299
linus_41 7 193
gnu_20 7 31
kernel_34 7 297
linus_32 7 194
linus_28 7 186
kernel_17 7 298
kernel_16 7 291
kernel_11 7 296
linus_17 7 194
kernel_10 7 299
gnu_2 7 32
kernel_69 7 297
kernel_66 7 299
kernel_56 7 299
kernel_54 7 297
linus_21 7 186
batata_5 7 273
batata_1 7 273
gnu_40 8 32
gnu_39 8 41
gnu_38 8 37
linus_38 8 197
batata_36 8 266
linus_29 8 194
kernel_14 8 299
batata_16 9 266
batata_6 9 271
batata_3 9 261
linus_60 9 194
linus_43 9 175
batata_35 9 266
kernel_35 9 289
kernel_12 9 299
linus_15 9 175
kernel_9 9 299
gnu_42 11 37
batata_61 11 277
kernel_49 11 289
kernel_39 11 289
kernel_24 11 299
kernel_19 11 299
batata_23 11 269
linus_20 11 198
batata_14 11 271
batata_8 11 275
batata_62 11 269
linus_58 11 183
linus_57 11 198
linus_55 11 183
batata_53 11 266
linus_47 11 194
gnu_28 11 42
batata_40 11 266
batata_39 11 277
batata_38 11 261
gnu_21 11 47
linus_31 11 194
kernel_21 11 300
linus_11 11 167
linus_9 11 201
linus_62 13 198
batata_58 13 271
batata_57 13 277
kernel_52 13 298
linus_51 13 198
gnu_31 13 47
kernel_44 13 297
linus_46 13 201
batata_25 14 264
kernel_22 14 298
linus_19 14 205
kernel_0 14 292
linus_54 14 191
gnu_32 14 47
kernel_33 14 300
kernel_30 14 288
kernel_28 14 301
batata_17 14 279
linus_16 14 198
batata_0 14 256
batata_55 14 278
gnu_35 14 47
batata_47 14 278
linus_40 14 205
gnu_19 14 47
kernel_25 14 299
gnu_10 14 47
kernel_6 14 299
batata_7 14 264
batata_56 17 278
linus_25 17 187
kernel_20 17 300
linus_12 17 208
kernel_59 17 299
linus_39 17 202
kernel_38 17 300
linus_34 17 205
linus_33 17 199
batata_32 17 279
gnu_8 17 52
kernel_7 17 301
kernel_65 17 301
kernel_64 17 298
batata_63 17 278
kernel_60 17 301
gnu_36 17 52
batata_42 17 281
batata_29 17 281
gnu_16 17 52
batata_26 17 267
linus_26 17 192
kernel_63 21 301
gnu_41 21 57
kernel_55 21 301
kernel_50 21 302
batata_37 21 281
kernel_36 21 302
batata_20 21 283
batata_10 21 283
kernel_68 21 301
batata_68 21 285
batata_66 21 283
linus_56 21 209
batata_44 21 280
kernel_45 21 289
linus_42 21 209
batata_15 21 283
kernel_3 21 302
linus_5 21 209
batata_54 21 278
batata_52 21 283
gnu_30 21 57
kernel_37 21 301
kernel_31 21 298
batata_21 21 272
linus_18 21 209
gnu_6 21 57
kernel_62 21 301
linus_53 21 196
gnu_34 21 57
linus_30 21 202
gnu_14 21 53
linus_22 21 212
gnu_9 21 57
batata_43 25 270
gnu_24 25 62
batata_11 25 283
gnu_4 25 62
kernel_8 25 302
gnu_0 25 62
batata_49 25 272
kernel_27 25 302
batata_12 25 268
batata_71 25 285
batata_69 25 282
linus_49 25 209
batata_30 25 276
batata_19 25 282
gnu_43 25 62
kernel_61 25 302
batata_46 25 272
gnu_17 25 58
batata_22 25 285
gnu_3 25 62
linus_8 25 196
kernel_53 26 302
batata_51 26 278
linus_50 26 209
batata_45 26 283
kernel_42 26 302
kernel_32 26 300
kernel_13 26 301
batata_13 26 284
linus_61 30 203
gnu_26 30 66
batata_27 30 263
kernel_26 30 300
linus_13 30 215
linus_3 30 218
batata_67 30 277
gnu_37 30 66
linus_52 30 215
kernel_43 30 302
linus_44 30 209
linus_36 30 218
linus_6 30 196
linus_37 30 215
gnu_12 30 67
linus_14 30 216
kernel_4 30 302
15046