linus_63 0 124
batata_60 0 207
kernel_48 0 280
gnu_27 0 2
batata_31 0 243
batata_28 0 219
gnu_15 0 3
batata_24 0 235
linus_24 0 107
gnu_5 0 2
batata_2 0 235
linus_4 0 144
batata_70 1 233
kernel_47 1 269
kernel_41 1 273
batata_33 1 224
kernel_23 1 258
kernel_15 1 285
linus_2 1 116
kernel_57 2 275
batata_50 2 230
kernel_51 2 283
gnu_23 2 9
gnu_22 2 9
linus_27 2 140
gnu_11 2 9
batata_4 2 256
kernel_2 2 279
batata_59 3 259
kernel_40 3 256
linus_45 3 183
kernel_29 3 285
kernel_18 3 286
batata_9 3 261
kernel_67 4 268
gnu_33 4 22
gnu_25 4 14
gnu_18 4 22
batata_18 4 261
linus_10 4 183
linus_7 4 137
linus_1 4 184
kernel_58 5 281
linus_59 5 191
batata_48 5 246
linus_48 5 176
gnu_29 5 26
batata_41 5 230
linus_35 5 180
batata_34 5 236
gnu_13 5 22
linus_23 5 176
gnu_7 5 26
kernel_5 5 272
gnu_1 5 26
kernel_1 5 288
linus_0 5 149
batata_65 6 259
batata_64 6 265
kernel_46 6 270
linus_41 6 187
gnu_20 6 26
kernel_34 6 286
linus_32 6 180
linus_28 6 169
kernel_17 6 266
kernel_16 7 289
kernel_11 7 289
linus_17 7 194
kernel_10 7 286
gnu_2 7 22
kernel_69 7 290
kernel_66 7 277
kernel_56 7 266
kernel_54 7 288
linus_21 7 153
batata_5 7 263
batata_1 7 220
gnu_40 8 36
gnu_39 8 27
gnu_38 8 36
linus_38 8 195
batata_36 8 261
linus_29 8 177
kernel_14 8 288
batata_16 8 257
batata_6 8 268
batata_3 8 236
linus_60 10 198
linus_43 10 154
batata_35 10 270
kernel_35 10 279
kernel_12 10 288
linus_15 10 150
kernel_9 10 284
gnu_42 10 32
batata_61 10 252
kernel_49 10 290
kernel_39 10 291
kernel_24 10 277
kernel_19 10 289
batata_23 10 266
linus_20 10 165
batata_14 10 259
batata_8 10 257
batata_62 11 276
linus_58 11 158
linus_57 11 202
linus_55 11 158
batata_53 11 257
linus_47 11 166
gnu_28 11 41
batata_40 11 268
batata_39 11 249
batata_38 11 266
gnu_21 11 41
linus_31 11 192
kernel_21 11 287
linus_11 11 188
linus_9 11 185
linus_62 13 188
batata_58 13 276
batata_57 13 272
kernel_52 13 291
linus_51 13 195
gnu_31 13 37
kernel_44 13 288
linus_46 13 181
batata_25 13 274
kernel_22 13 279
linus_19 13 202
kernel_0 13 279
linus_54 13 205
gnu_32 13 37
kernel_33 13 290
kernel_30 13 279
kernel_28 13 290
batata_17 13 252
linus_16 13 205
batata_0 13 239
batata_55 14 276
gnu_35 14 42
batata_47 14 252
linus_40 14 199
gnu_19 14 47
kernel_25 14 290
gnu_10 14 47
kernel_6 14 280
batata_7 14 276
batata_56 17 252
linus_25 17 205
kernel_20 17 284
linus_12 17 199
kernel_59 17 285
linus_39 17 206
kernel_38 17 290
linus_34 17 196
linus_33 17 159
batata_32 17 276
gnu_8 17 47
kernel_7 17 281
kernel_65 17 290
kernel_64 17 278
batata_63 17 278
kernel_60 17 285
gnu_36 17 47
batata_42 17 278
batata_29 17 237
gnu_16 17 51
batata_26 17 272
linus_26 17 189
kernel_63 20 290
gnu_41 20 60
kernel_55 20 291
kernel_50 20 288
batata_37 20 279
kernel_36 20 291
batata_20 20 278
batata_10 20 279
kernel_68 20 290
batata_68 20 279
batata_66 20 279
linus_56 21 209
batata_44 21 279
kernel_45 21 291
linus_42 21 212
batata_15 21 276
kernel_3 21 289
linus_5 21 171
batata_54 21 278
batata_52 21 280
gnu_30 21 61
kernel_37 21 291
kernel_31 21 291
batata_21 21 277
linus_18 21 206
gnu_6 21 61
kernel_62 21 289
linus_53 21 206
gnu_34 21 57
linus_30 21 212
gnu_14 21 57
linus_22 21 209
gnu_9 21 57
batata_43 25 278
gnu_24 25 61
batata_11 25 280
gnu_4 25 65
kernel_8 25 281
gnu_0 25 61
batata_49 25 278
kernel_27 25 286
batata_12 25 278
batata_71 25 273
batata_69 25 273
linus_49 25 206
batata_30 25 282
batata_19 25 282
gnu_43 25 61
kernel_61 25 291
batata_46 25 281
gnu_17 25 61
batata_22 25 282
gnu_3 25 61
linus_8 25 203
kernel_53 30 290
batata_51 30 277
linus_50 30 183
batata_45 30 269
kernel_42 30 290
kernel_32 30 282
kernel_13 30 291
batata_13 30 261
linus_61 30 210
gnu_26 30 62
batata_27 30 281
kernel_26 30 287
linus_13 30 219
linus_3 30 172
batata_67 30 282
gnu_37 30 57
linus_52 30 219
kernel_43 30 282
linus_44 30 216
linus_36 30 204
linus_6 30 210
linus_37 30 216
gnu_12 30 57
linus_14 30 204
kernel_4 30 291
14517