linus_63 0 138
batata_60 0 204
kernel_48 0 251
gnu_27 0 2
batata_31 0 210
batata_28 0 224
gnu_15 0 2
batata_24 0 192
linus_24 0 150
gnu_5 0 2
batata_2 0 221
linus_4 0 138
batata_70 1 219
kernel_47 1 272
kernel_41 1 278
batata_33 1 240
kernel_23 1 262
kernel_15 1 272
linus_2 1 134
kernel_57 2 264
batata_50 2 227
kernel_51 2 266
gnu_23 2 8
gnu_22 2 10
linus_27 2 150
gnu_11 2 10
batata_4 2 253
kernel_2 2 267
batata_59 3 241
kernel_40 3 273
linus_45 3 154
kernel_29 3 273
kernel_18 3 267
batata_9 3 260
kernel_67 4 278
gnu_33 4 19
gnu_25 4 19
gnu_18 4 19
batata_18 4 249
linus_10 4 182
linus_7 4 155
linus_1 4 174
kernel_58 5 268
linus_59 5 189
batata_48 5 235
linus_48 5 189
gnu_29 5 19
batata_41 5 253
linus_35 5 178
batata_34 5 260
gnu_13 5 28
linus_23 5 185
gnu_7 5 28
kernel_5 5 277
gnu_1 5 28
kernel_1 6 284
linus_0 6 167
batata_65 6 260
batata_64 6 241
kernel_46 6 285
linus_41 6 167
gnu_20 6 23
kernel_34 6 281
linus_32 6 167
linus_28 6 189
kernel_17 6 284
kernel_16 6 282
kernel_11 6 273
linus_17 6 182
kernel_10 6 281
gnu_2 6 28
kernel_69 7 285
kernel_66 7 286
kernel_56 7 286
kernel_54 7 277
linus_21 7 193
batata_5 7 256
batata_1 7 269
gnu_40 9 33
gnu_39 9 38
gnu_38 9 28
linus_38 9 159
batata_36 9 266
linus_29 9 167
kernel_14 9 286
batata_16 9 246
batata_6 9 261
batata_3 9 251
linus_60 9 186
linus_43 9 171
batata_35 9 258
kernel_35 9 276
kernel_12 9 284
linus_15 9 171
kernel_9 9 286
gnu_42 11 43
batata_61 11 244
kernel_49 11 286
kernel_39 11 279
kernel_24 11 279
kernel_19 11 281
batata_23 11 271
linus_20 11 175
batata_14 11 261
batata_8 11 263
batata_62 11 256
linus_58 11 186
linus_57 11 190
linus_55 11 164
batata_53 11 269
linus_47 11 168
gnu_28 11 34
batata_40 11 244
batata_39 11 252
batata_38 11 256
gnu_21 11 38
linus_31 11 190
kernel_21 11 277
linus_11 11 199
linus_9 12 164
linus_62 12 203
batata_58 12 259
batata_57 12 256
kernel_52 12 275
linus_51 12 193
gnu_31 12 43
kernel_44 12 284
linus_46 12 203
batata_25 12 244
kernel_22 12 284
linus_19 12 183
kernel_0 12 286
linus_54 14 179
gnu_32 14 48
kernel_33 14 281
kernel_30 14 284
kernel_28 14 283
batata_17 14 270
linus_16 14 179
batata_0 14 265
batata_55 14 239
gnu_35 14 48
batata_47 14 270
linus_40 15 176
gnu_19 15 44
kernel_25 15 281
gnu_10 15 44
kernel_6 15 287
batata_7 15 254
batata_56 15 267
linus_25 15 183
kernel_20 15 286
linus_12 15 176
kernel_59 18 286
linus_39 18 187
kernel_38 18 287
linus_34 18 168
linus_33 18 183
batata_32 18 267
gnu_8 18 53
kernel_7 18 279
kernel_65 18 286
kernel_64 18 279
batata_63 18 252
kernel_60 18 286
gnu_36 18 57
batata_42 18 259
batata_29 18 265
gnu_16 18 44
batata_26 18 259
linus_26 18 200
kernel_63 18 286
gnu_41 18 44
kernel_55 18 286
kernel_50 18 285
batata_37 18 270
kernel_36 18 285
batata_20 18 259
batata_10 18 261
kernel_68 22 287
batata_68 22 252
batata_66 22 273
linus_56 22 187
batata_44 22 275
kernel_45 22 281
linus_42 22 212
batata_15 22 250
kernel_3 22 286
linus_5 22 184
batata_54 22 273
batata_52 22 267
gnu_30 22 58
kernel_37 22 287
kernel_31 22 279
batata_21 22 274
linus_18 22 191
gnu_6 22 58
kernel_62 22 287
linus_53 22 212
gnu_34 22 58
linus_30 22 180
gnu_14 22 58
linus_22 22 212
gnu_9 22 58
batata_43 22 250
gnu_24 22 49
batata_11 22 272
gnu_4 22 58
kernel_8 22 279
gnu_0 22 58
batata_49 26 248
kernel_27 26 286
batata_12 26 262
batata_71 26 267
batata_69 26 260
linus_49 26 194
batata_30 26 274
batata_19 26 264
gnu_43 26 58
kernel_61 26 279
batata_46 26 262
gnu_17 27 63
batata_22 27 258
gnu_3 27 67
linus_8 27 195
kernel_53 27 286
batata_51 27 264
linus_50 27 201
batata_45 27 260
kernel_42 27 287
kernel_32 27 279
kernel_13 27 287
batata_13 27 270
linus_61 27 213
gnu_26 27 59
batata_27 27 260
kernel_26 27 282
linus_13 27 198
linus_3 27 207
batata_67 31 262
gnu_37 31 63
linus_52 31 201
kernel_43 32 287
linus_44 32 198
linus_36 32 198
linus_6 32 188
linus_37 32 207
gnu_12 32 67
linus_14 32 207
kernel_4 32 281
14326