linus_63 0 131
batata_60 0 230
kernel_48 0 282
gnu_27 0 3
batata_31 0 235
batata_28 0 230
gnu_15 0 2
batata_24 0 241
linus_24 0 144
gnu_5 0 4
batata_2 0 244
linus_4 0 144
batata_70 1 244
kernel_47 1 291
kernel_41 1 289
batata_33 1 249
kernel_23 1 285
kernel_15 1 293
linus_2 1 156
kernel_57 2 287
batata_50 2 260
kernel_51 2 293
gnu_23 2 10
gnu_22 2 10
linus_27 2 164
gnu_11 2 7
batata_4 2 255
kernel_2 2 291
batata_59 3 247
kernel_40 3 293
linus_45 3 176
kernel_29 3 294
kernel_18 3 293
batata_9 3 268
kernel_67 4 287
gnu_33 4 20
gnu_25 4 20
gnu_18 4 20
batata_18 4 268
linus_10 4 181
linus_7 4 181
linus_1 4 181
kernel_58 5 293
linus_59 5 181
batata_48 5 273
linus_48 5 189
gnu_29 5 25
batata_41 5 266
linus_35 5 181
batata_34 5 258
gnu_13 5 25
linus_23 5 189
gnu_7 5 25
kernel_5 5 294
gnu_1 5 25
kernel_1 5 296
linus_0 5 185
batata_65 6 255
batata_64 6 273
kernel_46 6 290
linus_41 6 189
gnu_20 6 30
kernel_34 6 299
linus_32 6 185
linus_28 6 189
kernel_17 6 290
kernel_16 6 290
kernel_11 6 290
linus_17 6 181
kernel_10 6 297
gnu_2 6 17
kernel_69 8 291
kernel_66 8 298
kernel_56 8 296
kernel_54 8 297
linus_21 8 193
batata_5 8 268
batata_1 8 277
gnu_40 8 35
gnu_39 8 35
gnu_38 8 35
linus_38 8 193
batata_36 8 273
linus_29 8 193
kernel_14 8 297
batata_16 8 277
batata_6 8 261
batata_3 8 263
linus_60 10 193
linus_43 10 197
batata_35 10 271
kernel_35 10 291
kernel_12 10 291
linus_15 10 193
kernel_9 10 297
gnu_42 10 40
batata_61 10 258
kernel_49 10 297
kernel_39 10 297
kernel_24 10 299
kernel_19 10 297
batata_23 10 273
linus_20 10 193
batata_14 10 273
batata_8 10 258
batata_62 12 279
linus_58 12 200
linus_57 12 204
linus_55 12 193
batata_53 12 261
linus_47 12 201
gnu_28 12 45
batata_40 12 277
batata_39 12 277
batata_38 12 279
gnu_21 12 45
linus_31 12 204
kernel_21 12 296
linus_11 12 201
linus_9 12 204
linus_62 12 201
batata_58 12 275
batata_57 12 266
kernel_52 12 301
linus_51 12 190
gnu_31 12 45
kernel_44 13 301
linus_46 13 190
batata_25 13 276
kernel_22 13 300
linus_19 13 201
kernel_0 13 300
linus_54 13 204
gnu_32 13 45
kernel_33 13 300
kernel_30 13 296
kernel_28 13 300
batata_17 13 269
linus_16 13 201
batata_0 13 269
batata_55 15 269
gnu_35 16 50
batata_47 16 269
linus_40 16 204
gnu_19 16 45
kernel_25 16 301
gnu_10 16 50
kernel_6 16 300
batata_7 16 283
batata_56 16 280
linus_25 16 205
kernel_20 16 301
linus_12 16 208
kernel_59 16 300
linus_39 16 205
kernel_38 16 300
linus_34 16 208
linus_33 16 201
batata_32 16 271
gnu_8 16 50
kernel_7 16 299
kernel_65 19 298
kernel_64 19 301
batata_63 19 281
kernel_60 19 301
gnu_36 19 55
batata_42 19 281
batata_29 19 274
gnu_16 19 55
batata_26 19 283
linus_26 19 211
kernel_63 19 301
gnu_41 19 55
kernel_55 19 299
kernel_50 19 301
batata_37 19 280
kernel_36 19 301
batata_20 19 272
batata_10 19 276
kernel_68 19 301
batata_68 19 282
batata_66 19 282
linus_56 19 205
batata_44 19 265
kernel_45 19 301
linus_42 20 205
batata_15 20 276
kernel_3 20 301
linus_5 20 208
batata_54 20 274
batata_52 20 282
gnu_30 20 55
kernel_37 20 300
kernel_31 20 300
batata_21 20 282
linus_18 20 209
gnu_6 20 55
kernel_62 24 298
linus_53 24 215
gnu_34 24 60
linus_30 24 212
gnu_14 24 60
linus_22 24 212
gnu_9 24 60
batata_43 24 272
gnu_24 24 60
batata_11 24 270
gnu_4 24 60
kernel_8 24 300
gnu_0 24 51
batata_49 24 280
kernel_27 24 301
batata_12 24 282
batata_71 24 285
batata_69 24 280
linus_49 24 215
batata_30 24 274
batata_19 24 276
gnu_43 28 56
kernel_61 28 301
batata_46 28 285
gnu_17 28 65
batata_22 28 278
gnu_3 28 56
linus_8 28 209
kernel_53 28 301
batata_51 28 286
linus_50 28 218
batata_45 28 276
kernel_42 28 299
kernel_32 28 299
kernel_13 28 301
batata_13 28 287
linus_61 28 209
gnu_26 28 65
batata_27 28 285
kernel_26 29 300
linus_13 29 209
linus_3 29 212
batata_67 29 284
gnu_37 29 65
linus_52 29 212
kernel_43 29 300
linus_44 29 212
linus_36 29 218
linus_6 29 212
linus_37 29 215
gnu_12 29 61
linus_14 29 213
kernel_4 29 301
15021