linus_63 0 135
batata_60 0 214
kernel_48 0 280
gnu_27 0 4
batata_31 0 245
batata_28 0 214
gnu_15 0 4
batata_24 0 240
linus_24 0 123
gnu_5 0 3
batata_2 0 248
linus_4 0 143
batata_70 1 251
kernel_47 1 281
kernel_41 1 283
batata_33 1 245
kernel_23 1 271
kernel_15 1 269
linus_2 1 148
kernel_57 2 280
batata_50 2 261
kernel_51 2 277
gnu_23 2 7
gnu_22 2 10
linus_27 2 172
gnu_11 2 10
batata_4 2 246
kernel_2 2 284
batata_59 3 254
kernel_40 3 280
linus_45 3 180
kernel_29 3 277
kernel_18 3 281
batata_9 3 264
kernel_67 4 286
gnu_33 4 20
gnu_25 4 17
gnu_18 4 20
batata_18 4 264
linus_10 4 176
linus_7 4 140
linus_1 4 172
kernel_58 5 286
linus_59 5 164
batata_48 5 248
linus_48 5 176
gnu_29 5 25
batata_41 5 259
linus_35 5 176
batata_34 5 243
gnu_13 5 25
linus_23 5 184
gnu_7 5 17
kernel_5 5 285
gnu_1 5 21
kernel_1 5 281
linus_0 5 176
batata_65 6 264
batata_64 6 264
kernel_46 6 286
linus_41 6 191
gnu_20 6 30
kernel_34 6 286
linus_32 6 180
linus_28 6 168
kernel_17 6 287
kernel_16 6 284
kernel_11 6 284
linus_17 6 180
kernel_10 6 288
gnu_2 6 30
kernel_69 8 282
kernel_66 8 289
kernel_56 8 282
kernel_54 8 290
linus_21 8 180
batata_5 8 269
batata_1 8 262
gnu_40 8 25
gnu_39 8 25
gnu_38 8 35
linus_38 8 161
batata_36 8 267
linus_29 8 157
kernel_14 8 285
batata_16 8 262
batata_6 8 269
batata_3 8 269
linus_60 10 195
linus_43 10 188
batata_35 10 274
kernel_35 10 288
kernel_12 10 283
linus_15 10 188
kernel_9 10 284
gnu_42 10 30
batata_61 10 269
kernel_49 10 289
kernel_39 10 290
kernel_24 10 290
kernel_19 10 289
batata_23 10 274
linus_20 10 199
batata_14 10 274
batata_8 10 276
batata_62 12 267
linus_58 12 203
linus_57 12 203
linus_55 12 203
batata_53 12 274
linus_47 12 203
gnu_28 12 45
batata_40 12 265
batata_39 12 244
batata_38 12 276
gnu_21 12 45
linus_31 12 203
kernel_21 12 286
linus_11 12 192
linus_9 12 203
linus_62 12 203
batata_58 12 274
batata_57 12 274
kernel_52 12 289
linus_51 12 200
gnu_31 12 45
kernel_44 12 288
linus_46 13 196
batata_25 13 272
kernel_22 13 286
linus_19 13 200
kernel_0 13 289
linus_54 13 203
gnu_32 13 45
kernel_33 13 286
kernel_30 13 290
kernel_28 13 287
batata_17 13 274
linus_16 13 200
batata_0 13 276
batata_55 15 276
gnu_35 15 41
batata_47 15 270
linus_40 16 196
gnu_19 16 50
kernel_25 16 289
gnu_10 16 50
kernel_6 16 289
batata_7 16 276
batata_56 16 274
linus_25 16 207
kernel_20 16 290
linus_12 16 207
kernel_59 16 289
linus_39 16 207
kernel_38 16 291
linus_34 16 204
linus_33 16 207
batata_32 16 263
gnu_8 16 50
kernel_7 16 289
kernel_65 19 288
kernel_64 19 291
batata_63 19 276
kernel_60 19 291
gnu_36 19 55
batata_42 19 260
batata_29 19 276
gnu_16 19 55
batata_26 19 265
linus_26 19 207
kernel_63 19 290
gnu_41 19 55
kernel_55 19 290
kernel_50 19 289
batata_37 19 270
kernel_36 19 290
batata_20 19 276
batata_10 19 275
kernel_68 19 290
batata_68 19 275
batata_66 19 276
linus_56 19 207
batata_44 19 268
kernel_45 19 290
linus_42 19 210
batata_15 19 277
kernel_3 20 290
linus_5 20 201
batata_54 20 277
batata_52 20 275
gnu_30 20 55
kernel_37 20 288
kernel_31 20 290
batata_21 20 277
linus_18 20 204
gnu_6 20 55
kernel_62 24 291
linus_53 24 208
gnu_34 24 60
linus_30 24 214
gnu_14 24 60
linus_22 24 197
gnu_9 24 60
batata_43 24 278
gnu_24 24 60
batata_11 24 275
gnu_4 24 60
kernel_8 24 290
gnu_0 24 60
batata_49 24 277
kernel_27 24 290
batata_12 24 277
batata_71 24 277
batata_69 24 268
linus_49 24 214
batata_30 24 278
batata_19 24 278
gnu_43 28 60
kernel_61 28 291
batata_46 28 280
gnu_17 28 60
batata_22 28 281
gnu_3 28 60
linus_8 28 211
kernel_53 28 291
batata_51 28 278
linus_50 28 201
batata_45 28 275
kernel_42 28 288
kernel_32 28 291
kernel_13 28 291
batata_13 28 273
linus_61 28 217
gnu_26 28 65
batata_27 28 280
kernel_26 28 291
linus_13 28 211
linus_3 28 217
batata_67 29 277
gnu_37 29 65
linus_52 29 217
kernel_43 29 291
linus_44 29 205
linus_36 29 205
linus_6 29 217
linus_37 29 214
gnu_12 29 56
linus_14 29 205
kernel_4 29 291
14491