linus_63 0 140
batata_60 0 231
kernel_48 0 292
gnu_27 0 5
batata_31 0 250
batata_28 1 250
gnu_15 1 4
batata_24 1 256
linus_24 1 144
gnu_5 1 7
batata_2 1 253
linus_4 1 160
batata_70 1 256
kernel_47 1 295
kernel_41 1 295
batata_33 1 259
kernel_23 1 294
kernel_15 1 296
linus_2 1 160
kernel_57 2 294
batata_50 2 264
kernel_51 2 298
gnu_23 2 11
gnu_22 2 11
linus_27 2 173
gnu_11 2 11
batata_4 2 264
kernel_2 2 295
batata_59 3 264
kernel_40 3 303
linus_45 3 181
kernel_29 3 303
kernel_18 3 301
batata_9 3 267
kernel_67 4 301
gnu_33 4 20
gnu_25 4 20
gnu_18 4 20
batata_18 4 267
linus_10 4 181
linus_7 4 185
linus_1 4 185
kernel_58 5 301
linus_59 5 189
batata_48 5 270
linus_48 5 177
gnu_29 5 25
batata_41 5 262
linus_35 5 185
batata_34 5 270
gnu_13 5 21
linus_23 5 185
gnu_7 5 25
kernel_5 5 300
gnu_1 5 25
kernel_1 5 303
linus_0 5 177
batata_65 6 272
batata_64 6 272
kernel_46 6 301
linus_41 6 177
gnu_20 6 30
kernel_34 6 305
linus_32 6 189
linus_28 6 181
kernel_17 6 305
kernel_16 6 302
kernel_11 6 304
linus_17 6 189
kernel_10 6 305
gnu_2 6 30
kernel_69 8 304
kernel_66 8 306
kernel_56 8 305
kernel_54 8 304
linus_21 8 197
batata_5 8 278
batata_1 8 275
gnu_40 8 35
gnu_39 8 35
gnu_38 8 35
linus_38 8 197
batata_36 8 280
linus_29 8 197
kernel_14 8 305
batata_16 8 280
batata_6 8 278
batata_3 8 270
linus_60 10 189
linus_43 10 201
batata_35 10 282
kernel_35 10 303
kernel_12 10 305
linus_15 10 197
kernel_9 10 305
gnu_42 10 40
batata_61 10 278
kernel_49 10 307
kernel_39 10 307
kernel_24 10 304
kernel_19 10 306
batata_23 10 280
linus_20 10 193
batata_14 10 280
batata_8 10 282
batata_62 12 280
linus_58 12 205
linus_57 12 201
linus_55 12 201
batata_53 12 280
linus_47 12 201
gnu_28 12 45
batata_40 12 280
batata_39 12 285
batata_38 12 283
gnu_21 12 45
linus_31 12 205
kernel_21 12 307
linus_11 12 205
linus_9 12 201
linus_62 12 201
batata_58 13 283
batata_57 13 280
kernel_52 13 299
linus_51 13 201
gnu_31 13 45
kernel_44 13 306
linus_46 13 201
batata_25 13 280
kernel_22 13 307
linus_19 13 205
kernel_0 13 307
linus_54 13 205
gnu_32 13 36
kernel_33 13 304
kernel_30 13 293
kernel_28 13 306
batata_17 13 285
linus_16 13 198
batata_0 13 276
batata_55 16 276
gnu_35 16 50
batata_47 16 287
linus_40 16 202
gnu_19 16 50
kernel_25 16 304
gnu_10 16 50
kernel_6 16 303
batata_7 16 281
batata_56 16 285
linus_25 16 205
kernel_20 16 307
linus_12 16 205
kernel_59 16 307
linus_39 16 205
kernel_38 16 308
linus_34 16 208
linus_33 16 205
batata_32 16 287
gnu_8 16 50
kernel_7 16 308
kernel_65 19 307
kernel_64 19 308
batata_63 19 285
kernel_60 19 308
gnu_36 19 55
batata_42 19 285
batata_29 19 287
gnu_16 19 55
batata_26 19 289
linus_26 19 212
kernel_63 19 308
gnu_41 19 55
kernel_55 19 308
kernel_50 19 308
batata_37 19 274
kernel_36 19 308
batata_20 19 289
batata_10 19 289
kernel_68 19 308
batata_68 19 285
batata_66 20 279
linus_56 20 202
batata_44 20 283
kernel_45 20 308
linus_42 20 202
batata_15 20 283
kernel_3 20 308
linus_5 20 209
batata_54 20 287
batata_52 20 287
gnu_30 20 56
kernel_37 20 307
kernel_31 20 308
batata_21 20 285
linus_18 20 209
gnu_6 20 56
kernel_62 24 308
linus_53 24 209
gnu_34 24 60
linus_30 24 212
gnu_14 24 60
linus_22 24 212
gnu_9 24 60
batata_43 24 287
gnu_24 24 60
batata_11 24 289
gnu_4 24 51
kernel_8 24 307
gnu_0 24 51
batata_49 24 287
kernel_27 24 307
batata_12 24 286
batata_71 24 289
batata_69 24 286
linus_49 24 213
batata_30 24 286
batata_19 24 287
gnu_43 28 60
kernel_61 28 304
batata_46 28 289
gnu_17 28 65
batata_22 28 291
gnu_3 28 65
linus_8 28 213
kernel_53 28 308
batata_51 28 289
linus_50 28 219
batata_45 28 289
kernel_42 28 308
kernel_32 29 308
kernel_13 29 308
batata_13 29 289
linus_61 29 219
gnu_26 29 65
batata_27 29 292
kernel_26 29 308
linus_13 29 219
linus_3 29 219
batata_67 29 291
gnu_37 29 65
linus_52 29 219
kernel_43 29 308
linus_44 29 216
linus_36 29 216
linus_6 29 219
linus_37 29 216
gnu_12 29 65
linus_14 29 219
kernel_4 29 308
15348