linus_63 0 131
batata_60 0 238
kernel_48 0 282
gnu_27 0 3
batata_31 0 241
batata_28 0 241
gnu_15 0 4
batata_24 0 232
linus_24 0 148
gnu_5 0 3
batata_2 0 221
linus_4 0 148
batata_70 1 251
kernel_47 1 284
kernel_41 1 291
batata_33 1 230
kernel_23 1 291
kernel_15 1 288
linus_2 1 164
kernel_57 2 289
batata_50 2 246
kernel_51 2 289
gnu_23 2 10
gnu_22 2 11
linus_27 2 164
gnu_11 2 11
batata_4 2 232
kernel_2 2 294
batata_59 3 249
kernel_40 3 294
linus_45 3 173
kernel_29 3 294
kernel_18 3 297
batata_9 3 260
kernel_67 4 296
gnu_33 4 20
gnu_25 4 17
gnu_18 4 17
batata_18 4 262
linus_10 4 185
linus_7 4 181
linus_1 4 185
kernel_58 5 298
linus_59 5 169
batata_48 5 257
linus_48 5 188
gnu_29 5 25
batata_41 5 270
linus_35 5 185
batata_34 5 270
gnu_13 5 25
linus_23 5 189
gnu_7 5 25
kernel_5 5 291
gnu_1 5 17
kernel_1 5 298
linus_0 5 189
batata_65 6 267
batata_64 6 267
kernel_46 6 299
linus_41 6 173
gnu_20 6 30
kernel_34 6 297
linus_32 6 185
linus_28 6 177
kernel_17 6 298
kernel_16 6 300
kernel_11 6 293
linus_17 6 193
kernel_10 6 288
gnu_2 6 30
kernel_69 8 295
kernel_66 8 301
kernel_56 8 300
kernel_54 8 301
linus_21 8 177
batata_5 8 272
batata_1 8 275
gnu_40 8 35
gnu_39 8 35
gnu_38 8 35
linus_38 8 189
batata_36 8 270
linus_29 8 185
kernel_14 8 301
batata_16 8 272
batata_6 8 265
batata_3 8 272
linus_60 10 193
linus_43 10 200
batata_35 10 279
kernel_35 10 300
kernel_12 10 299
linus_15 10 197
kernel_9 10 294
gnu_42 10 40
batata_61 10 273
kernel_49 10 300
kernel_39 10 295
kernel_24 10 299
kernel_19 10 297
batata_23 10 275
linus_20 10 200
batata_14 10 275
batata_8 10 279
batata_62 12 275
linus_58 12 204
linus_57 12 197
linus_55 12 200
batata_53 12 275
linus_47 12 197
gnu_28 12 45
batata_40 12 266
batata_39 12 279
batata_38 12 255
gnu_21 12 45
linus_31 12 201
kernel_21 12 301
linus_11 12 197
linus_9 12 201
linus_62 12 193
batata_58 12 277
batata_57 12 277
kernel_52 13 300
linus_51 13 201
gnu_31 13 45
kernel_44 13 301
linus_46 13 204
batata_25 13 275
kernel_22 13 295
linus_19 13 197
kernel_0 13 301
linus_54 13 197
gnu_32 13 45
kernel_33 13 294
kernel_30 13 300
kernel_28 13 296
batata_17 13 277
linus_16 13 194
batata_0 13 279
batata_55 16 277
gnu_35 16 50
batata_47 16 258
linus_40 16 197
gnu_19 16 41
kernel_25 16 301
gnu_10 16 46
kernel_6 16 301
batata_7 16 271
batata_56 16 281
linus_25 16 208
kernel_20 16 295
linus_12 16 208
kernel_59 16 302
linus_39 16 201
kernel_38 16 301
linus_34 16 198
linus_33 16 204
batata_32 16 273
gnu_8 16 50
kernel_7 16 302
kernel_65 19 302
kernel_64 19 301
batata_63 19 271
kernel_60 19 297
gnu_36 19 55
batata_42 19 273
batata_29 19 275
gnu_16 19 55
batata_26 19 278
linus_26 19 211
kernel_63 19 301
gnu_41 19 51
kernel_55 19 297
kernel_50 19 302
batata_37 19 273
kernel_36 19 297
batata_20 19 285
batata_10 19 283
kernel_68 19 300
batata_68 19 283
batata_66 19 264
linus_56 19 205
batata_44 20 281
kernel_45 20 302
linus_42 20 208
batata_15 20 285
kernel_3 20 301
linus_5 20 198
batata_54 20 278
batata_52 20 278
gnu_30 20 55
kernel_37 20 297
kernel_31 20 301
batata_21 20 281
linus_18 20 198
gnu_6 20 51
kernel_62 24 301
linus_53 24 205
gnu_34 24 60
linus_30 24 205
gnu_14 24 60
linus_22 24 211
gnu_9 24 51
batata_43 24 269
gnu_24 24 51
batata_11 24 282
gnu_4 24 56
kernel_8 24 302
gnu_0 24 60
batata_49 24 280
kernel_27 24 302
batata_12 24 278
batata_71 24 283
batata_69 24 285
linus_49 24 212
batata_30 24 278
batata_19 24 286
gnu_43 28 60
kernel_61 28 301
batata_46 28 272
gnu_17 28 64
batata_22 28 286
gnu_3 28 65
linus_8 28 215
kernel_53 28 302
batata_51 28 264
linus_50 28 202
batata_45 28 285
kernel_42 28 302
kernel_32 28 302
kernel_13 28 299
batata_13 28 286
linus_61 28 218
gnu_26 28 65
batata_27 29 286
kernel_26 29 302
linus_13 29 212
linus_3 29 215
batata_67 29 288
gnu_37 29 65
linus_52 29 215
kernel_43 29 302
linus_44 29 218
linus_36 29 218
linus_6 29 209
linus_37 29 206
gnu_12 29 65
linus_14 29 212
kernel_4 29 302
15071