linus_63 0 90
batata_60 0 237
kernel_48 0 232
gnu_27 0 3
batata_31 0 232
batata_28 0 206
gnu_15 0 2
batata_24 0 248
linus_24 0 107
gnu_5 0 3
batata_2 0 227
linus_4 0 152
batata_70 1 224
kernel_47 1 268
kernel_41 1 284
batata_33 1 248
kernel_23 1 268
kernel_15 1 284
linus_2 1 152
kernel_57 2 283
batata_50 2 253
kernel_51 2 255
gnu_23 2 7
gnu_22 2 7
linus_27 2 156
gnu_11 2 7
batata_4 2 246
kernel_2 2 280
batata_59 3 258
kernel_40 3 258
linus_45 3 179
kernel_29 3 276
kernel_18 3 288
batata_9 3 258
kernel_67 4 288
gnu_33 4 17
gnu_25 4 14
gnu_18 4 21
batata_18 4 232
linus_10 4 183
linus_7 4 148
linus_1 4 179
kernel_58 5 276
linus_59 5 186
batata_48 5 256
linus_48 5 175
gnu_29 5 17
batata_41 5 262
linus_35 5 136
batata_34 5 269
gnu_13 5 17
linus_23 5 160
gnu_7 5 21
kernel_5 5 282
gnu_1 5 17
kernel_1 5 290
linus_0 5 183
batata_65 6 227
batata_64 6 265
kernel_46 6 270
linus_41 6 193
gnu_20 6 25
kernel_34 6 284
linus_32 6 186
linus_28 6 164
kernel_17 7 288
kernel_16 7 283
kernel_11 7 282
linus_17 7 190
kernel_10 7 284
gnu_2 7 30
kernel_69 7 282
kernel_66 7 288
kernel_56 7 267
kernel_54 7 290
linus_21 7 190
batata_5 7 267
batata_1 7 261
gnu_40 8 35
gnu_39 8 30
gnu_38 8 26
linus_38 8 190
batata_36 8 267
linus_29 8 157
kernel_14 8 288
batata_16 8 249
batata_6 8 241
batata_3 8 258
linus_60 10 161
linus_43 10 197
batata_35 10 249
kernel_35 10 291
kernel_12 10 290
linus_15 10 161
kernel_9 10 290
gnu_42 10 35
batata_61 10 269
kernel_49 10 289
kernel_39 10 276
kernel_24 10 288
kernel_19 10 279
batata_23 10 271
linus_20 10 153
batata_14 10 265
batata_8 10 233
batata_62 12 276
linus_58 12 161
linus_57 13 207
linus_55 13 157
batata_53 13 267
linus_47 13 165
gnu_28 13 50
batata_40 13 265
batata_39 13 274
batata_38 13 265
gnu_21 13 50
linus_31 13 165
kernel_21 13 291
linus_11 13 169
linus_9 13 197
linus_62 13 176
batata_58 13 271
batata_57 13 261
kernel_52 13 291
linus_51 13 173
gnu_31 13 45
kernel_44 13 286
linus_46 13 201
batata_25 13 252
kernel_22 13 291
linus_19 13 169
kernel_0 13 286
linus_54 13 191
gnu_32 13 50
kernel_33 13 285
kernel_30 13 290
kernel_28 13 278
batata_17 13 276
linus_16 13 146
batata_0 13 276
batata_55 16 275
gnu_35 16 50
batata_47 16 276
linus_40 16 204
gnu_19 16 55
kernel_25 16 291
gnu_10 16 46
kernel_6 16 279
batata_7 16 259
batata_56 16 239
linus_25 16 191
kernel_20 16 287
linus_12 16 204
kernel_59 16 278
linus_39 16 208
kernel_38 16 279
linus_34 16 201
linus_33 16 166
batata_32 16 273
gnu_8 16 46
kernel_7 16 281
kernel_65 19 287
kernel_64 19 292
batata_63 19 279
kernel_60 19 291
gnu_36 19 59
batata_42 19 279
batata_29 19 261
gnu_16 20 55
batata_26 20 279
linus_26 20 205
kernel_63 20 290
gnu_41 20 55
kernel_55 20 291
kernel_50 20 291
batata_37 20 262
kernel_36 20 291
batata_20 20 277
batata_10 20 275
kernel_68 20 291
batata_68 20 247
batata_66 20 278
linus_56 20 205
batata_44 20 278
kernel_45 20 291
linus_42 20 211
batata_15 20 275
kernel_3 20 285
linus_5 20 181
batata_54 20 273
batata_52 20 270
gnu_30 20 56
kernel_37 20 292
kernel_31 20 292
batata_21 20 277
linus_18 20 211
gnu_6 20 47
kernel_62 24 285
linus_53 24 208
gnu_34 24 60
linus_30 24 188
gnu_14 24 51
linus_22 24 211
gnu_9 24 51
batata_43 24 273
gnu_24 24 56
batata_11 24 277
gnu_4 24 60
kernel_8 24 283
gnu_0 24 51
batata_49 24 266
kernel_27 24 281
batata_12 24 253
batata_71 24 275
batata_69 24 253
linus_49 24 215
batata_30 24 257
batata_19 24 277
gnu_43 28 56
kernel_61 28 292
batata_46 28 243
gnu_17 28 69
batata_22 28 270
gnu_3 28 69
linus_8 28 182
kernel_53 29 292
batata_51 29 255
linus_50 29 221
batata_45 29 240
kernel_42 29 292
kernel_32 29 286
kernel_13 29 292
batata_13 29 282
linus_61 29 215
gnu_26 29 69
batata_27 29 255
kernel_26 29 292
linus_13 29 196
linus_3 29 202
batata_67 29 280
gnu_37 29 65
linus_52 29 215
kernel_43 29 287
linus_44 29 212
linus_36 29 212
linus_6 29 215
linus_37 29 215
gnu_12 29 65
linus_14 29 215
kernel_4 29 292
14555