linus_63 0 148
batata_60 1 222
kernel_48 1 281
gnu_27 1 3
batata_31 1 247
batata_28 1 233
gnu_15 1 7
batata_24 1 250
linus_24 1 144
gnu_5 1 4
batata_2 1 247
linus_4 1 140
batata_70 1 252
kernel_47 1 281
kernel_41 1 283
batata_33 1 236
kernel_23 1 275
kernel_15 1 273
linus_2 1 164
kernel_57 2 278
batata_50 2 247
kernel_51 2 275
gnu_23 2 13
gnu_22 2 7
linus_27 2 172
gnu_11 2 11
batata_4 2 244
kernel_2 2 285
batata_59 3 239
kernel_40 3 286
linus_45 3 169
kernel_29 3 267
kernel_18 3 291
batata_9 3 228
kernel_67 4 288
gnu_33 4 20
gnu_25 4 25
gnu_18 4 21
batata_18 4 265
linus_10 4 173
linus_7 4 161
linus_1 4 153
kernel_58 5 287
linus_59 5 173
batata_48 5 258
linus_48 5 180
gnu_29 5 25
batata_41 5 258
linus_35 5 157
batata_34 5 239
gnu_13 5 30
linus_23 5 153
gnu_7 5 30
kernel_5 5 288
gnu_1 5 30
kernel_1 5 273
linus_0 5 188
batata_65 6 250
batata_64 6 271
kernel_46 6 288
linus_41 6 195
gnu_20 6 25
kernel_34 6 291
linus_32 6 195
linus_28 6 177
kernel_17 6 292
kernel_16 6 286
kernel_11 6 287
linus_17 6 177
kernel_10 6 291
gnu_2 6 30
kernel_69 8 291
kernel_66 8 289
kernel_56 8 288
kernel_54 8 288
linus_21 8 188
batata_5 8 265
batata_1 8 258
gnu_40 8 35
gnu_39 8 35
gnu_38 8 35
linus_38 8 195
batata_36 8 267
linus_29 8 181
kernel_14 8 291
batata_16 8 255
batata_6 8 268
batata_3 8 263
linus_60 10 189
linus_43 10 192
batata_35 10 272
kernel_35 10 284
kernel_12 10 291
linus_15 10 185
kernel_9 10 289
gnu_42 10 45
batata_61 10 261
kernel_49 10 291
kernel_39 10 278
kernel_24 10 288
kernel_19 10 290
batata_23 10 274
linus_20 10 178
batata_14 10 270
batata_8 10 268
batata_62 12 265
linus_58 12 199
linus_57 12 199
linus_55 12 174
batata_53 12 272
linus_47 12 185
gnu_28 12 40
batata_40 12 261
batata_39 12 263
batata_38 12 268
gnu_21 12 45
linus_31 12 185
kernel_21 12 291
linus_11 12 185
linus_9 12 203
linus_62 12 193
batata_58 13 270
batata_57 13 266
kernel_52 13 291
linus_51 13 196
gnu_31 13 45
kernel_44 13 285
linus_46 13 199
batata_25 13 266
kernel_22 13 284
linus_19 13 196
kernel_0 13 290
linus_54 13 203
gnu_32 13 36
kernel_33 13 292
kernel_30 13 283
kernel_28 13 293
batata_17 13 259
linus_16 13 200
batata_0 13 256
batata_55 16 276
gnu_35 16 41
batata_47 16 256
linus_40 16 189
gnu_19 16 50
kernel_25 16 284
gnu_10 16 50
kernel_6 16 292
batata_7 16 272
batata_56 16 261
linus_25 16 196
kernel_20 16 292
linus_12 16 175
kernel_59 16 290
linus_39 16 182
kernel_38 16 293
linus_34 16 178
linus_33 16 209
batata_32 16 259
gnu_8 16 55
kernel_7 16 293
kernel_65 19 290
kernel_64 19 285
batata_63 19 259
kernel_60 19 288
gnu_36 19 55
batata_42 19 261
batata_29 19 279
gnu_16 19 55
batata_26 19 272
linus_26 19 193
kernel_63 19 293
gnu_41 19 51
kernel_55 19 291
kernel_50 19 293
batata_37 19 272
kernel_36 19 293
batata_20 19 270
batata_10 19 276
kernel_68 19 289
batata_68 20 278
batata_66 20 270
linus_56 20 206
batata_44 20 274
kernel_45 20 287
linus_42 20 190
batata_15 20 276
kernel_3 20 291
linus_5 20 197
batata_54 20 271
batata_52 20 269
gnu_30 20 56
kernel_37 20 291
kernel_31 20 293
batata_21 20 276
linus_18 20 200
gnu_6 20 47
kernel_62 24 293
linus_53 24 194
gnu_34 24 60
linus_30 24 213
gnu_14 24 56
linus_22 24 201
gnu_9 24 64
batata_43 24 274
gnu_24 24 60
batata_11 24 276
gnu_4 24 60
kernel_8 24 293
gnu_0 24 56
batata_49 24 278
kernel_27 24 291
batata_12 24 276
batata_71 24 273
batata_69 24 273
linus_49 24 213
batata_30 24 276
batata_19 24 276
gnu_43 28 65
kernel_61 28 284
batata_46 28 283
gnu_17 28 65
batata_22 28 276
gnu_3 28 65
linus_8 28 187
kernel_53 28 293
batata_51 28 271
linus_50 29 204
batata_45 29 278
kernel_42 29 290
kernel_32 29 293
kernel_13 29 293
batata_13 29 273
linus_61 29 201
gnu_26 29 65
batata_27 29 282
kernel_26 29 292
linus_13 29 191
linus_3 29 219
batata_67 29 273
gnu_37 29 65
linus_52 29 198
kernel_43 29 287
linus_44 29 198
linus_36 29 201
linus_6 29 201
linus_37 29 204
gnu_12 29 65
linus_14 29 213
kernel_4 29 292
14574