gnu_27 0 3
gnu_15 0 1
gnu_5 0 1
linus_63 0 69
batata_60 0 128
kernel_48 0 157
batata_31 0 128
batata_28 0 129
batata_24 0 129
linus_24 0 70
batata_2 0 129
linus_4 0 70
batata_70 1 129
kernel_47 1 157
kernel_41 1 157
gnu_23 2 4
gnu_22 2 4
batata_33 1 144
kernel_23 1 157
kernel_15 1 169
gnu_11 2 4
linus_2 1 71
kernel_57 2 169
batata_50 2 130
kernel_51 2 169
linus_27 2 71
batata_4 3 130
kernel_2 3 158
batata_59 3 144
gnu_33 5 10
kernel_40 3 169
linus_45 3 92
gnu_25 5 11
gnu_18 5 11
kernel_29 3 169
kernel_18 3 169
batata_9 3 145
kernel_67 5 169
gnu_29 5 11
gnu_13 6 11
batata_18 6 145
gnu_7 6 12
linus_10 6 92
linus_7 6 92
gnu_1 6 12
linus_1 6 92
kernel_58 6 170
linus_59 6 93
batata_48 6 145
linus_48 6 93
batata_41 6 145
gnu_20 6 13
linus_35 6 93
batata_34 6 145
linus_23 6 93
kernel_5 6 170
gnu_2 7 13
kernel_1 7 170
linus_0 7 93
batata_65 7 146
batata_64 7 146
kernel_46 7 170
linus_41 7 94
kernel_34 7 170
linus_32 7 94
linus_28 7 94
kernel_17 7 170
kernel_16 7 170
kernel_11 7 170
linus_17 7 95
kernel_10 7 170
kernel_69 7 170
kernel_66 7 171
gnu_40 14 31
gnu_39 15 31
gnu_38 15 31
kernel_56 7 171
kernel_54 8 171
linus_21 8 95
batata_5 8 147
batata_1 8 147
linus_38 8 95
batata_36 8 147
linus_29 8 96
kernel_14 8 171
batata_16 8 147
batata_6 8 147
batata_3 8 147
gnu_42 16 32
linus_60 16 115
linus_43 16 115
batata_35 16 159
kernel_35 16 176
kernel_12 16 176
linus_15 16 115
kernel_9 16 176
batata_61 16 160
kernel_49 16 176
gnu_28 17 33
kernel_39 17 176
gnu_21 17 34
kernel_24 17 176
kernel_19 17 176
batata_23 17 160
linus_20 17 116
batata_14 17 160
batata_8 17 161
batata_62 17 161
linus_58 17 116
linus_57 17 116
linus_55 17 117
batata_53 18 161
gnu_31 18 35
linus_47 18 117
batata_40 18 161
batata_39 18 161
batata_38 18 161
linus_31 18 117
kernel_21 18 177
linus_11 18 117
linus_9 18 117
linus_62 18 118
batata_58 18 161
batata_57 18 161
kernel_52 18 177
linus_51 19 118
gnu_32 19 36
kernel_44 19 177
linus_46 19 118
batata_25 19 162
kernel_22 19 177
linus_19 19 118
kernel_0 19 177
linus_54 19 119
gnu_35 19 37
gnu_19 19 37
kernel_33 19 177
kernel_30 19 177
kernel_28 20 177
gnu_10 20 38
batata_17 20 162
linus_16 20 119
batata_0 20 162
batata_55 20 162
batata_47 20 163
linus_40 20 120
kernel_25 20 177
kernel_6 20 177
batata_7 20 163
batata_56 20 163
linus_25 20 120
kernel_20 20 178
gnu_8 20 39
linus_12 21 120
kernel_59 21 178
gnu_36 21 39
linus_39 21 120
kernel_38 21 178
linus_34 21 121
linus_33 21 121
batata_32 21 163
gnu_16 21 40
kernel_7 21 178
kernel_65 21 178
kernel_64 21 178
batata_63 21 164
gnu_41 21 40
kernel_60 21 178
batata_42 22 164
batata_29 22 164
batata_26 22 164
linus_26 22 122
kernel_63 22 178
kernel_55 22 178
kernel_50 22 178
batata_37 22 165
kernel_36 22 179
batata_20 22 165
batata_10 22 165
kernel_68 22 179
batata_68 22 165
batata_66 22 165
linus_56 22 123
batata_44 23 165
kernel_45 23 179
gnu_30 23 42
linus_42 23 123
batata_15 23 165
gnu_6 23 42
kernel_3 23 179
linus_5 23 123
batata_54 23 166
batata_52 23 166
gnu_34 23 43
kernel_37 23 179
kernel_31 23 179
gnu_14 23 43
batata_21 23 166
linus_18 23 124
gnu_9 24 44
kernel_62 24 179
linus_53 24 124
gnu_24 24 44
linus_30 24 124
linus_22 24 124
gnu_4 24 44
gnu_0 24 44
batata_43 24 166
batata_11 24 166
kernel_8 24 179
batata_49 24 167
kernel_27 24 179
batata_12 24 167
batata_71 24 167
gnu_43 45 66
batata_69 24 167
linus_49 24 125
gnu_17 25 45
batata_30 25 167
batata_19 25 167
gnu_3 25 45
kernel_61 25 179
batata_46 25 167
batata_22 25 168
linus_8 25 126
kernel_53 46 180
batata_51 46 175
linus_50 46 141
batata_45 46 175
kernel_42 46 180
gnu_26 46 67
kernel_32 46 180
kernel_13 46 181
batata_13 46 175
linus_61 47 142
gnu_37 47 68
batata_27 47 175
kernel_26 47 181
linus_13 47 142
linus_3 47 142
batata_67 47 176
linus_52 47 143
kernel_43 47 181
linus_44 47 143
linus_36 47 143
gnu_12 47 69
linus_6 48 143
linus_37 48 143
linus_14 48 143
kernel_4 48 181
1941