gnu_27 0 2
gnu_15 0 2
gnu_5 0 2
linus_63 0 79
batata_60 0 136
kernel_48 0 162
batata_31 0 119
batata_28 0 119
batata_24 0 136
linus_24 0 59
batata_2 0 119
linus_4 0 59
batata_70 1 136
kernel_47 1 163
kernel_41 1 163
gnu_23 3 6
gnu_22 3 6
batata_33 1 120
kernel_23 1 150
kernel_15 1 163
gnu_11 2 3
linus_2 1 80
kernel_57 2 163
batata_50 2 136
kernel_51 2 163
linus_27 2 80
batata_4 2 137
kernel_2 2 163
batata_59 4 137
gnu_33 4 7
kernel_40 4 163
linus_45 4 81
gnu_25 4 7
gnu_18 4 7
kernel_29 4 163
kernel_18 4 163
batata_9 4 137
kernel_67 4 163
gnu_29 7 17
gnu_13 7 17
batata_18 4 138
gnu_7 8 17
linus_10 4 82
linus_7 4 82
gnu_1 8 18
linus_1 4 82
kernel_58 8 172
linus_59 8 102
batata_48 8 151
linus_48 8 102
batata_41 8 151
gnu_20 8 18
linus_35 8 102
batata_34 8 151
linus_23 9 102
kernel_5 9 173
gnu_2 9 19
kernel_1 9 173
linus_0 9 103
batata_65 9 151
batata_64 9 151
kernel_46 9 173
linus_41 9 103
kernel_34 9 173
linus_32 9 103
linus_28 9 103
kernel_17 9 173
kernel_16 9 173
kernel_11 9 173
linus_17 10 104
kernel_10 10 173
kernel_69 10 173
kernel_66 10 173
gnu_40 10 21
gnu_39 10 21
gnu_38 10 21
kernel_56 10 174
kernel_54 10 174
linus_21 10 104
batata_5 10 152
batata_1 10 153
linus_38 10 105
batata_36 10 153
linus_29 10 105
kernel_14 10 174
batata_16 11 153
batata_6 11 153
batata_3 11 153
gnu_42 11 22
linus_60 11 105
linus_43 11 105
batata_35 11 153
kernel_35 11 174
kernel_12 11 174
linus_15 11 106
kernel_9 11 174
batata_61 11 154
kernel_49 11 174
gnu_28 11 23
kernel_39 11 174
gnu_21 11 23
kernel_24 12 174
kernel_19 12 174
batata_23 12 154
linus_20 12 107
batata_14 12 154
batata_8 12 154
batata_62 12 154
linus_58 12 107
linus_57 12 107
linus_55 12 107
batata_53 12 154
gnu_31 12 24
linus_47 12 107
batata_40 12 155
batata_39 12 155
batata_38 12 155
linus_31 12 108
kernel_21 12 175
linus_11 13 108
linus_9 13 108
linus_62 13 108
batata_58 13 155
batata_57 13 155
kernel_52 13 175
linus_51 13 109
gnu_32 13 26
kernel_44 13 175
linus_46 13 109
batata_25 13 155
kernel_22 13 175
linus_19 13 109
kernel_0 13 175
linus_54 13 109
gnu_35 26 47
gnu_19 27 47
kernel_33 13 175
kernel_30 13 175
kernel_28 14 175
gnu_10 14 27
batata_17 14 156
linus_16 14 110
batata_0 14 156
batata_55 14 156
batata_47 14 156
linus_40 14 110
kernel_25 14 175
kernel_6 14 175
batata_7 14 157
batata_56 28 167
linus_25 28 127
kernel_20 28 178
gnu_8 28 48
linus_12 28 128
kernel_59 28 178
gnu_36 28 49
linus_39 28 128
kernel_38 29 178
linus_34 29 128
linus_33 29 128
batata_32 29 167
gnu_16 29 49
kernel_7 29 179
kernel_65 29 179
kernel_64 29 179
batata_63 29 167
gnu_41 29 50
kernel_60 29 179
batata_42 29 168
batata_29 30 168
batata_26 30 168
linus_26 30 129
kernel_63 30 179
kernel_55 30 179
kernel_50 30 179
batata_37 30 168
kernel_36 30 179
batata_20 30 168
batata_10 30 169
kernel_68 30 179
batata_68 30 169
batata_66 30 169
linus_56 31 130
batata_44 31 169
kernel_45 31 179
gnu_30 31 52
linus_42 31 130
batata_15 31 169
gnu_6 31 52
kernel_3 31 180
linus_5 31 131
batata_54 31 169
batata_52 31 169
gnu_34 31 52
kernel_37 31 180
kernel_31 32 180
gnu_14 32 53
batata_21 32 170
linus_18 32 131
gnu_9 32 53
kernel_62 32 180
linus_53 32 132
gnu_24 32 53
linus_30 32 132
linus_22 32 132
gnu_4 32 54
gnu_0 32 54
batata_43 32 170
batata_11 33 170
kernel_8 33 180
batata_49 33 170
kernel_27 33 180
batata_12 33 170
batata_71 33 171
gnu_43 33 55
batata_69 33 171
linus_49 33 133
gnu_17 33 55
batata_30 33 171
batata_19 33 171
gnu_3 33 55
kernel_61 34 180
batata_46 34 171
batata_22 34 171
linus_8 34 133
kernel_53 34 180
batata_51 34 171
linus_50 34 134
batata_45 34 171
kernel_42 34 180
gnu_26 34 56
kernel_32 34 180
kernel_13 34 181
batata_13 34 172
linus_61 34 134
gnu_37 34 57
batata_27 35 172
kernel_26 35 181
linus_13 35 134
linus_3 35 135
batata_67 35 172
linus_52 35 135
kernel_43 35 181
linus_44 35 135
linus_36 35 135
gnu_12 35 58
linus_6 35 135
linus_37 35 135
linus_14 35 135
kernel_4 35 181
1960