gnu_27 0 1
gnu_15 0 2
gnu_5 0 2
linus_63 0 85
batata_60 0 140
kernel_48 0 153
batata_31 0 124
batata_28 0 106
batata_24 0 124
linus_24 0 65
batata_2 0 124
linus_4 0 65
batata_70 1 125
kernel_47 1 153
kernel_41 1 154
gnu_23 2 3
gnu_22 2 3
batata_33 1 125
kernel_23 1 154
kernel_15 1 154
gnu_11 2 4
linus_2 1 66
kernel_57 2 166
batata_50 2 140
kernel_51 2 166
linus_27 2 87
batata_4 2 141
kernel_2 2 166
batata_59 4 141
gnu_33 4 9
kernel_40 4 166
linus_45 4 87
gnu_25 4 9
gnu_18 4 9
kernel_29 4 166
kernel_18 4 166
batata_9 5 141
kernel_67 5 166
gnu_29 5 9
gnu_13 5 10
batata_18 5 141
gnu_7 5 10
linus_10 5 88
linus_7 5 88
gnu_1 5 10
linus_1 5 88
kernel_58 5 167
linus_59 5 88
batata_48 5 142
linus_48 5 88
batata_41 5 142
gnu_20 10 24
linus_35 5 88
batata_34 5 142
linus_23 5 89
kernel_5 5 167
gnu_2 6 11
kernel_1 6 167
linus_0 6 89
batata_65 6 142
batata_64 6 142
kernel_46 6 167
linus_41 6 89
kernel_34 6 167
linus_32 6 90
linus_28 6 90
kernel_17 6 167
kernel_16 6 167
kernel_11 6 167
linus_17 6 90
kernel_10 6 167
kernel_69 12 174
kernel_66 12 174
gnu_40 12 26
gnu_39 12 26
gnu_38 12 26
kernel_56 12 174
kernel_54 12 174
linus_21 13 109
batata_5 13 156
batata_1 13 156
linus_38 13 110
batata_36 13 156
linus_29 13 110
kernel_14 13 174
batata_16 13 156
batata_6 13 156
batata_3 13 156
gnu_42 13 28
linus_60 13 110
linus_43 13 111
batata_35 13 157
kernel_35 14 174
kernel_12 14 174
linus_15 14 111
kernel_9 14 175
batata_61 14 157
kernel_49 14 175
gnu_28 14 29
kernel_39 14 175
gnu_21 14 29
kernel_24 14 175
kernel_19 14 175
batata_23 14 157
linus_20 14 112
batata_14 14 158
batata_8 15 158
batata_62 15 158
linus_58 15 112
linus_57 15 112
linus_55 15 112
batata_53 15 158
gnu_31 15 30
linus_47 15 113
batata_40 15 158
batata_39 15 158
batata_38 15 158
linus_31 15 113
kernel_21 15 175
linus_11 15 113
linus_9 15 113
linus_62 16 113
batata_58 16 158
batata_57 16 158
kernel_52 16 175
linus_51 16 114
gnu_32 16 31
kernel_44 16 175
linus_46 16 114
batata_25 16 159
kernel_22 16 175
linus_19 16 114
kernel_0 16 175
linus_54 16 114
gnu_35 16 32
gnu_19 16 32
kernel_33 16 176
kernel_30 17 176
kernel_28 17 176
gnu_10 17 33
batata_17 17 159
linus_16 17 115
batata_0 17 159
batata_55 17 160
batata_47 17 160
linus_40 17 115
kernel_25 17 176
kernel_6 17 176
batata_7 17 160
batata_56 17 160
linus_25 17 116
kernel_20 17 176
gnu_8 17 34
linus_12 18 116
kernel_59 18 176
gnu_36 18 34
linus_39 18 116
kernel_38 18 176
linus_34 18 116
linus_33 18 117
batata_32 18 160
gnu_16 18 35
kernel_7 18 176
kernel_65 18 176
kernel_64 18 177
batata_63 18 161
gnu_41 18 35
kernel_60 18 177
batata_42 18 161
batata_29 19 161
batata_26 19 161
linus_26 19 118
kernel_63 19 177
kernel_55 19 177
kernel_50 19 177
batata_37 19 162
kernel_36 19 177
batata_20 19 162
batata_10 19 162
kernel_68 19 177
batata_68 19 162
batata_66 19 162
linus_56 19 119
batata_44 19 162
kernel_45 19 177
gnu_30 37 58
linus_42 19 119
batata_15 19 163
gnu_6 20 37
kernel_3 20 177
linus_5 20 119
batata_54 20 163
batata_52 20 163
gnu_34 38 59
kernel_37 20 177
kernel_31 20 178
gnu_14 38 59
batata_21 20 163
linus_18 20 120
gnu_9 38 59
kernel_62 38 179
linus_53 38 136
gnu_24 38 60
linus_30 39 136
linus_22 39 136
gnu_4 39 60
gnu_0 39 60
batata_43 39 171
batata_11 39 171
kernel_8 39 179
batata_49 39 172
kernel_27 39 179
batata_12 39 172
batata_71 39 172
gnu_43 40 61
batata_69 40 172
linus_49 40 137
gnu_17 40 61
batata_30 40 172
batata_19 40 172
gnu_3 40 61
kernel_61 40 179
batata_46 40 172
batata_22 40 173
linus_8 40 137
kernel_53 40 179
batata_51 40 173
linus_50 41 138
batata_45 41 173
kernel_42 41 179
gnu_26 41 62
kernel_32 41 179
kernel_13 41 179
batata_13 41 173
linus_61 41 138
gnu_37 41 63
batata_27 41 173
kernel_26 41 180
linus_13 41 139
linus_3 41 139
batata_67 42 174
linus_52 42 139
kernel_43 42 180
linus_44 42 139
linus_36 42 139
gnu_12 42 64
linus_6 42 139
linus_37 42 139
linus_14 42 139
kernel_4 42 180
1951