gnu_27 0 1
gnu_15 0 2
gnu_5 0 1
linus_63 0 78
batata_60 0 135
kernel_48 0 162
batata_31 0 118
batata_28 0 135
batata_24 0 118
linus_24 0 58
batata_2 0 118
linus_4 0 58
batata_70 1 118
kernel_47 1 162
kernel_41 1 162
gnu_23 2 3
gnu_22 2 3
batata_33 1 135
kernel_23 1 149
kernel_15 1 162
gnu_11 2 3
linus_2 1 59
kernel_57 2 162
batata_50 2 136
kernel_51 2 162
linus_27 2 79
batata_4 2 136
kernel_2 2 162
batata_59 4 136
gnu_33 4 7
kernel_40 4 162
linus_45 4 80
gnu_25 4 7
gnu_18 4 7
kernel_29 4 162
kernel_18 4 162
batata_9 4 136
kernel_67 4 172
gnu_29 7 16
gnu_13 7 17
batata_18 4 150
gnu_7 7 17
linus_10 4 81
linus_7 4 81
gnu_1 8 17
linus_1 4 81
kernel_58 8 172
linus_59 8 101
batata_48 8 150
linus_48 8 101
batata_41 8 150
gnu_20 8 18
linus_35 8 101
batata_34 8 150
linus_23 8 101
kernel_5 8 172
gnu_2 8 18
kernel_1 8 172
linus_0 9 102
batata_65 9 150
batata_64 9 150
kernel_46 9 172
linus_41 9 102
kernel_34 9 172
linus_32 9 102
linus_28 9 102
kernel_17 9 172
kernel_16 9 173
kernel_11 9 173
linus_17 9 103
kernel_10 9 173
kernel_69 9 173
kernel_66 9 173
gnu_40 10 20
gnu_39 10 20
gnu_38 10 20
kernel_56 10 173
kernel_54 10 173
linus_21 10 103
batata_5 10 152
batata_1 10 152
linus_38 10 104
batata_36 10 152
linus_29 10 104
kernel_14 10 173
batata_16 10 152
batata_6 10 152
batata_3 10 152
gnu_42 10 21
linus_60 11 104
linus_43 11 104
batata_35 11 152
kernel_35 11 173
kernel_12 11 173
linus_15 11 105
kernel_9 11 174
batata_61 11 153
kernel_49 11 174
gnu_28 11 22
kernel_39 11 174
gnu_21 11 23
kernel_24 11 174
kernel_19 11 174
batata_23 11 153
linus_20 11 106
batata_14 11 153
batata_8 12 153
batata_62 12 153
linus_58 12 106
linus_57 12 106
linus_55 12 106
batata_53 12 154
gnu_31 12 24
linus_47 12 106
batata_40 12 154
batata_39 12 154
batata_38 12 154
linus_31 12 107
kernel_21 12 174
linus_11 12 107
linus_9 12 107
linus_62 12 107
batata_58 12 154
batata_57 12 154
kernel_52 13 174
linus_51 13 108
gnu_32 13 25
kernel_44 13 174
linus_46 13 108
batata_25 13 154
kernel_22 13 174
linus_19 13 108
kernel_0 13 174
linus_54 13 108
gnu_35 26 46
gnu_19 26 46
kernel_33 13 175
kernel_30 13 175
kernel_28 13 175
gnu_10 26 46
batata_17 13 155
linus_16 13 109
batata_0 13 155
batata_55 26 166
batata_47 27 166
linus_40 27 126
kernel_25 27 178
kernel_6 27 178
batata_7 27 166
batata_56 27 166
linus_25 27 126
kernel_20 27 178
gnu_8 27 47
linus_12 27 127
kernel_59 27 178
gnu_36 27 48
linus_39 28 127
kernel_38 28 178
linus_34 28 127
linus_33 28 127
batata_32 28 166
gnu_16 28 48
kernel_7 28 178
kernel_65 28 178
kernel_64 28 178
batata_63 28 167
gnu_41 28 49
kernel_60 28 179
batata_42 29 167
batata_29 29 167
batata_26 29 167
linus_26 29 128
kernel_63 29 179
kernel_55 29 179
kernel_50 29 179
batata_37 29 168
kernel_36 29 179
batata_20 29 168
batata_10 29 168
kernel_68 29 179
batata_68 29 168
batata_66 30 168
linus_56 30 129
batata_44 30 168
kernel_45 30 179
gnu_30 30 51
linus_42 30 130
batata_15 30 169
gnu_6 30 51
kernel_3 30 179
linus_5 30 130
batata_54 30 169
batata_52 30 169
gnu_34 30 52
kernel_37 31 179
kernel_31 31 179
gnu_14 31 52
batata_21 31 169
linus_18 31 130
gnu_9 31 52
kernel_62 31 180
linus_53 31 131
gnu_24 31 52
linus_30 31 131
linus_22 31 131
gnu_4 31 53
gnu_0 31 53
batata_43 32 169
batata_11 32 169
kernel_8 32 180
batata_49 32 170
kernel_27 32 180
batata_12 32 170
batata_71 32 170
gnu_43 32 54
batata_69 32 170
linus_49 32 132
gnu_17 32 54
batata_30 32 170
batata_19 32 170
gnu_3 32 54
kernel_61 33 180
batata_46 33 170
batata_22 33 171
linus_8 33 132
kernel_53 33 180
batata_51 33 171
linus_50 33 133
batata_45 33 171
kernel_42 33 180
gnu_26 33 55
kernel_32 33 180
kernel_13 33 180
batata_13 33 171
linus_61 33 133
gnu_37 33 56
batata_27 34 171
kernel_26 34 180
linus_13 34 134
linus_3 34 134
batata_67 34 172
linus_52 34 134
kernel_43 34 180
linus_44 34 134
linus_36 34 134
gnu_12 34 57
linus_6 34 134
linus_37 34 134
linus_14 34 134
kernel_4 34 181
1959