gnu_27 0 1
gnu_15 0 2
gnu_5 0 2
linus_63 0 84
batata_60 0 139
kernel_48 0 165
batata_31 0 124
batata_28 0 124
batata_24 0 124
linus_24 0 64
batata_2 0 124
linus_4 0 65
batata_70 1 124
kernel_47 1 153
kernel_41 1 166
gnu_23 2 3
gnu_22 2 3
batata_33 1 140
kernel_23 1 153
kernel_15 1 166
gnu_11 2 4
linus_2 1 65
kernel_57 2 166
batata_50 2 140
kernel_51 2 166
linus_27 2 86
batata_4 2 140
kernel_2 2 166
batata_59 4 140
gnu_33 4 8
kernel_40 4 166
linus_45 4 86
gnu_25 4 9
gnu_18 4 9
kernel_29 4 166
kernel_18 4 166
batata_9 4 141
kernel_67 4 166
gnu_29 5 9
gnu_13 5 9
batata_18 5 141
gnu_7 5 10
linus_10 5 87
linus_7 5 87
gnu_1 5 10
linus_1 5 87
kernel_58 5 166
linus_59 5 87
batata_48 5 141
linus_48 5 88
batata_41 5 141
gnu_20 10 23
linus_35 5 88
batata_34 5 141
linus_23 5 88
kernel_5 5 167
gnu_2 11 24
kernel_1 5 167
linus_0 5 88
batata_65 6 142
batata_64 6 142
kernel_46 6 167
linus_41 6 89
kernel_34 6 167
linus_32 6 89
linus_28 6 89
kernel_17 6 167
kernel_16 6 167
kernel_11 6 167
linus_17 6 89
kernel_10 6 167
kernel_69 12 174
kernel_66 12 174
gnu_40 12 25
gnu_39 12 26
gnu_38 12 26
kernel_56 12 174
kernel_54 12 174
linus_21 12 109
batata_5 12 155
batata_1 12 156
linus_38 13 109
batata_36 13 156
linus_29 13 109
kernel_14 13 174
batata_16 13 156
batata_6 13 156
batata_3 13 156
gnu_42 13 27
linus_60 13 110
linus_43 13 110
batata_35 13 156
kernel_35 13 175
kernel_12 13 175
linus_15 13 110
kernel_9 14 175
batata_61 14 157
kernel_49 14 175
gnu_28 14 28
kernel_39 14 175
gnu_21 14 28
kernel_24 14 175
kernel_19 14 175
batata_23 14 157
linus_20 14 111
batata_14 14 157
batata_8 14 157
batata_62 14 157
linus_58 14 112
linus_57 14 112
linus_55 15 112
batata_53 15 157
gnu_31 15 29
linus_47 15 112
batata_40 15 158
batata_39 15 158
batata_38 15 158
linus_31 15 112
kernel_21 15 175
linus_11 15 113
linus_9 15 113
linus_62 15 113
batata_58 15 158
batata_57 15 158
kernel_52 15 175
linus_51 15 113
gnu_32 16 31
kernel_44 16 175
linus_46 16 113
batata_25 16 158
kernel_22 16 176
linus_19 16 114
kernel_0 16 176
linus_54 16 114
gnu_35 16 32
gnu_19 16 32
kernel_33 16 176
kernel_30 16 176
kernel_28 16 176
gnu_10 16 32
batata_17 16 159
linus_16 17 114
batata_0 17 159
batata_55 17 159
batata_47 17 159
linus_40 17 115
kernel_25 17 176
kernel_6 17 176
batata_7 17 160
batata_56 17 160
linus_25 17 115
kernel_20 17 176
gnu_8 17 33
linus_12 17 115
kernel_59 17 176
gnu_36 17 34
linus_39 17 116
kernel_38 17 176
linus_34 18 116
linus_33 18 116
batata_32 18 160
gnu_16 18 34
kernel_7 18 177
kernel_65 18 177
kernel_64 18 177
batata_63 18 160
gnu_41 18 35
kernel_60 18 177
batata_42 18 161
batata_29 18 161
batata_26 18 161
linus_26 18 117
kernel_63 18 177
kernel_55 18 177
kernel_50 18 177
batata_37 19 161
kernel_36 19 177
batata_20 19 161
batata_10 19 162
kernel_68 19 177
batata_68 19 162
batata_66 19 162
linus_56 19 118
batata_44 19 162
kernel_45 19 178
gnu_30 36 57
linus_42 19 118
batata_15 19 162
gnu_6 37 57
kernel_3 19 178
linus_5 19 119
batata_54 37 171
batata_52 37 171
gnu_34 37 58
kernel_37 37 179
kernel_31 37 179
gnu_14 37 58
batata_21 37 171
linus_18 37 135
gnu_9 38 59
kernel_62 38 179
linus_53 38 135
gnu_24 38 59
linus_30 38 135
linus_22 38 135
gnu_4 38 59
gnu_0 38 59
batata_43 38 172
batata_11 38 172
kernel_8 38 179
batata_49 38 172
kernel_27 39 179
batata_12 39 172
batata_71 39 172
gnu_43 39 60
batata_69 39 172
linus_49 39 136
gnu_17 39 60
batata_30 39 172
batata_19 39 172
gnu_3 39 61
kernel_61 39 180
batata_46 39 173
batata_22 40 173
linus_8 40 137
kernel_53 40 180
batata_51 40 173
linus_50 40 137
batata_45 40 173
kernel_42 40 180
gnu_26 40 62
kernel_32 40 180
kernel_13 40 180
batata_13 40 173
linus_61 40 138
gnu_37 40 62
batata_27 41 174
kernel_26 41 180
linus_13 41 138
linus_3 41 138
batata_67 41 174
linus_52 41 138
kernel_43 41 180
linus_44 41 139
linus_36 41 139
gnu_12 41 63
linus_6 41 139
linus_37 41 139
linus_14 41 139
kernel_4 42 180
1956