gnu_27 0 1
gnu_15 0 3
gnu_5 0 3
linus_63 0 66
batata_60 0 126
kernel_48 0 155
batata_31 0 126
batata_28 0 126
batata_24 0 126
linus_24 0 67
batata_2 0 126
linus_4 0 67
batata_70 1 126
kernel_47 1 155
kernel_41 1 155
gnu_23 2 4
gnu_22 2 4
batata_33 1 141
kernel_23 1 155
kernel_15 1 167
gnu_11 2 4
linus_2 1 68
kernel_57 2 167
batata_50 2 142
kernel_51 2 167
linus_27 2 88
batata_4 2 142
kernel_2 2 167
batata_59 4 142
gnu_33 4 9
kernel_40 5 168
linus_45 5 89
gnu_25 5 10
gnu_18 5 10
kernel_29 5 168
kernel_18 5 168
batata_9 5 143
kernel_67 5 168
gnu_29 5 10
gnu_13 5 10
batata_18 5 143
gnu_7 5 11
linus_10 5 89
linus_7 5 90
gnu_1 5 11
linus_1 5 90
kernel_58 5 168
linus_59 5 90
batata_48 6 143
linus_48 6 90
batata_41 6 143
gnu_20 6 11
linus_35 6 90
batata_34 6 143
linus_23 6 90
kernel_5 6 168
gnu_2 6 12
kernel_1 6 168
linus_0 6 91
batata_65 6 144
batata_64 6 144
kernel_46 6 168
linus_41 6 91
kernel_34 6 168
linus_32 6 91
linus_28 6 91
kernel_17 6 168
kernel_16 7 169
kernel_11 7 169
linus_17 7 92
kernel_10 7 169
kernel_69 7 169
kernel_66 7 169
gnu_40 13 28
gnu_39 13 28
gnu_38 13 28
kernel_56 7 169
kernel_54 7 169
linus_21 7 92
batata_5 7 145
batata_1 7 145
linus_38 14 111
batata_36 14 157
linus_29 14 112
kernel_14 14 175
batata_16 14 157
batata_6 14 158
batata_3 14 158
gnu_42 14 30
linus_60 14 112
linus_43 15 112
batata_35 15 158
kernel_35 15 175
kernel_12 15 175
linus_15 15 113
kernel_9 15 175
batata_61 15 158
kernel_49 15 175
gnu_28 15 31
kernel_39 15 176
gnu_21 15 31
kernel_24 15 176
kernel_19 15 176
batata_23 15 159
linus_20 16 113
batata_14 16 159
batata_8 16 159
batata_62 16 159
linus_58 16 114
linus_57 16 114
linus_55 16 114
batata_53 16 159
gnu_31 16 32
linus_47 16 114
batata_40 16 159
batata_39 16 159
batata_38 16 159
linus_31 16 115
kernel_21 17 176
linus_11 17 115
linus_9 17 115
linus_62 17 115
batata_58 17 160
batata_57 17 160
kernel_52 17 176
linus_51 17 115
gnu_32 17 34
kernel_44 17 176
linus_46 17 116
batata_25 17 160
kernel_22 17 176
linus_19 17 116
kernel_0 18 176
linus_54 18 116
gnu_35 18 34
gnu_19 18 34
kernel_33 18 176
kernel_30 18 176
kernel_28 18 177
gnu_10 18 35
batata_17 18 161
linus_16 18 117
batata_0 18 161
batata_55 18 161
batata_47 18 161
linus_40 18 117
kernel_25 18 177
kernel_6 19 177
batata_7 19 161
batata_56 19 161
linus_25 19 118
kernel_20 19 177
gnu_8 19 36
linus_12 19 118
kernel_59 19 177
gnu_36 19 36
linus_39 19 118
kernel_38 19 177
linus_34 19 118
linus_33 19 118
batata_32 19 162
gnu_16 19 37
kernel_7 19 177
kernel_65 20 177
kernel_64 20 177
batata_63 20 162
gnu_41 20 38
kernel_60 20 177
batata_42 20 162
batata_29 20 162
batata_26 20 163
linus_26 20 119
kernel_63 20 178
kernel_55 20 178
kernel_50 20 178
batata_37 20 163
kernel_36 20 178
batata_20 20 163
batata_10 20 163
kernel_68 21 178
batata_68 21 163
batata_66 21 164
linus_56 21 120
batata_44 21 164
kernel_45 21 178
gnu_30 21 39
linus_42 21 121
batata_15 21 164
gnu_6 21 40
kernel_3 21 178
linus_5 21 121
batata_54 21 164
batata_52 21 164
gnu_34 21 40
kernel_37 21 178
kernel_31 21 178
gnu_14 22 40
batata_21 22 164
linus_18 22 122
gnu_9 22 41
kernel_62 22 178
linus_53 22 122
gnu_24 22 41
linus_30 22 122
linus_22 22 122
gnu_4 22 41
gnu_0 22 41
batata_43 22 165
batata_11 22 165
kernel_8 22 179
batata_49 42 173
kernel_27 42 180
batata_12 42 173
batata_71 42 173
gnu_43 42 63
batata_69 42 173
linus_49 42 138
gnu_17 42 63
batata_30 42 173
batata_19 42 173
gnu_3 42 63
kernel_61 43 180
batata_46 43 174
batata_22 43 174
linus_8 43 139
kernel_53 43 180
batata_51 43 174
linus_50 43 139
batata_45 43 174
kernel_42 43 180
gnu_26 43 64
kernel_32 43 180
kernel_13 43 180
batata_13 44 174
linus_61 44 140
gnu_37 44 65
batata_27 44 175
kernel_26 44 180
linus_13 44 140
linus_3 44 140
batata_67 44 175
linus_52 44 140
kernel_43 44 180
linus_44 44 141
linus_36 44 141
gnu_12 45 66
linus_6 45 141
linus_37 45 141
linus_14 45 141
kernel_4 45 180
1940