gnu_27 0 3
gnu_15 0 3
gnu_5 0 3
linus_63 0 67
batata_60 0 126
kernel_48 0 155
batata_31 0 127
batata_28 0 127
batata_24 0 127
linus_24 0 67
batata_2 0 127
linus_4 0 68
batata_70 1 127
kernel_47 1 168
kernel_41 1 155
gnu_23 2 4
gnu_22 2 4
batata_33 1 127
kernel_23 1 156
kernel_15 1 156
gnu_11 2 4
linus_2 1 68
kernel_57 2 168
batata_50 2 142
kernel_51 2 168
linus_27 2 89
batata_4 2 143
kernel_2 2 168
batata_59 5 143
gnu_33 5 10
kernel_40 5 168
linus_45 5 89
gnu_25 5 10
gnu_18 5 10
kernel_29 5 168
kernel_18 5 168
batata_9 5 143
kernel_67 5 168
gnu_29 5 10
gnu_13 5 11
batata_18 5 143
gnu_7 5 11
linus_10 5 90
linus_7 5 90
gnu_1 5 11
linus_1 5 90
kernel_58 6 168
linus_59 6 90
batata_48 6 144
linus_48 6 91
batata_41 6 144
gnu_20 6 12
linus_35 6 91
batata_34 6 144
linus_23 6 91
kernel_5 6 168
gnu_2 6 12
kernel_1 6 169
linus_0 6 91
batata_65 6 144
batata_64 6 144
kernel_46 6 169
linus_41 6 92
kernel_34 6 169
linus_32 6 92
linus_28 7 92
kernel_17 7 169
kernel_16 7 169
kernel_11 7 169
linus_17 7 92
kernel_10 7 169
kernel_69 7 169
kernel_66 7 169
gnu_40 13 29
gnu_39 14 29
gnu_38 14 29
kernel_56 7 169
kernel_54 7 170
linus_21 7 93
batata_5 7 145
batata_1 7 145
linus_38 14 112
batata_36 14 158
linus_29 14 112
kernel_14 14 175
batata_16 14 158
batata_6 14 158
batata_3 15 158
gnu_42 15 30
linus_60 15 113
linus_43 15 113
batata_35 15 158
kernel_35 15 175
kernel_12 15 175
linus_15 15 113
kernel_9 15 176
batata_61 15 159
kernel_49 15 176
gnu_28 15 31
kernel_39 15 176
gnu_21 15 31
kernel_24 16 176
kernel_19 16 176
batata_23 16 159
linus_20 16 114
batata_14 16 159
batata_8 16 159
batata_62 16 159
linus_58 16 114
linus_57 16 114
linus_55 16 115
batata_53 16 160
gnu_31 16 33
linus_47 16 115
batata_40 16 160
batata_39 17 160
batata_38 17 160
linus_31 17 115
kernel_21 17 176
linus_11 17 115
linus_9 17 115
linus_62 17 116
batata_58 17 160
batata_57 17 160
kernel_52 17 176
linus_51 17 116
gnu_32 17 34
kernel_44 17 176
linus_46 17 116
batata_25 18 160
kernel_22 18 176
linus_19 18 116
kernel_0 18 176
linus_54 18 117
gnu_35 18 35
gnu_19 18 35
kernel_33 18 177
kernel_30 18 177
kernel_28 18 177
gnu_10 18 35
batata_17 18 161
linus_16 18 117
batata_0 18 161
batata_55 19 161
batata_47 19 161
linus_40 19 118
kernel_25 19 177
kernel_6 19 177
batata_7 19 162
batata_56 19 162
linus_25 19 118
kernel_20 19 177
gnu_8 19 37
linus_12 19 118
kernel_59 19 177
gnu_36 19 37
linus_39 19 118
kernel_38 19 177
linus_34 19 119
linus_33 20 119
batata_32 20 162
gnu_16 20 38
kernel_7 20 177
kernel_65 20 177
kernel_64 20 178
batata_63 20 163
gnu_41 20 38
kernel_60 20 178
batata_42 20 163
batata_29 20 163
batata_26 20 163
linus_26 20 120
kernel_63 20 178
kernel_55 20 178
kernel_50 20 178
batata_37 21 163
kernel_36 21 178
batata_20 21 164
batata_10 21 164
kernel_68 21 178
batata_68 21 164
batata_66 21 164
linus_56 21 121
batata_44 21 164
kernel_45 21 178
gnu_30 21 40
linus_42 21 121
batata_15 21 164
gnu_6 21 40
kernel_3 21 178
linus_5 21 121
batata_54 22 164
batata_52 22 165
gnu_34 22 41
kernel_37 22 178
kernel_31 22 179
gnu_14 22 41
batata_21 22 165
linus_18 22 122
gnu_9 22 41
kernel_62 22 179
linus_53 22 122
gnu_24 22 41
linus_30 22 122
linus_22 22 122
gnu_4 22 42
gnu_0 22 42
batata_43 22 165
batata_11 23 165
kernel_8 23 179
batata_49 23 165
kernel_27 23 179
batata_12 23 166
batata_71 42 173
gnu_43 42 63
batata_69 43 173
linus_49 43 139
gnu_17 43 63
batata_30 43 174
batata_19 43 174
gnu_3 43 64
kernel_61 43 180
batata_46 43 174
batata_22 43 174
linus_8 43 139
kernel_53 43 180
batata_51 43 174
linus_50 44 140
batata_45 44 174
kernel_42 44 180
gnu_26 44 65
kernel_32 44 180
kernel_13 44 180
batata_13 44 175
linus_61 44 140
gnu_37 44 65
batata_27 44 175
kernel_26 44 180
linus_13 44 141
linus_3 45 141
batata_67 45 175
linus_52 45 141
kernel_43 45 180
linus_44 45 141
linus_36 45 141
gnu_12 45 66
linus_6 45 141
linus_37 45 141
linus_14 45 142
kernel_4 45 180
1940