gnu_27 0 1
gnu_15 0 1
gnu_5 0 1
linus_63 0 68
batata_60 0 128
kernel_48 0 156
batata_31 0 128
batata_28 0 109
batata_24 0 109
linus_24 0 69
batata_2 0 128
linus_4 0 48
batata_70 1 128
kernel_47 1 156
kernel_41 1 156
gnu_23 2 4
gnu_22 2 4
batata_33 1 143
kernel_23 1 157
kernel_15 1 168
gnu_11 2 4
linus_2 1 70
kernel_57 2 168
batata_50 2 143
kernel_51 2 168
linus_27 2 70
batata_4 3 129
kernel_2 3 157
batata_59 3 144
gnu_33 5 10
kernel_40 3 168
linus_45 3 91
gnu_25 5 11
gnu_18 5 11
kernel_29 3 169
kernel_18 3 169
batata_9 3 144
kernel_67 5 169
gnu_29 5 11
gnu_13 5 11
batata_18 5 144
gnu_7 6 11
linus_10 6 91
linus_7 6 92
gnu_1 6 12
linus_1 6 92
kernel_58 6 169
linus_59 6 92
batata_48 6 145
linus_48 6 92
batata_41 6 145
gnu_20 6 12
linus_35 6 92
batata_34 6 145
linus_23 6 92
kernel_5 6 169
gnu_2 6 13
kernel_1 6 169
linus_0 6 93
batata_65 7 145
batata_64 7 145
kernel_46 7 169
linus_41 7 93
kernel_34 7 169
linus_32 7 93
linus_28 7 93
kernel_17 7 169
kernel_16 7 169
kernel_11 7 170
linus_17 7 94
kernel_10 7 170
kernel_69 7 170
kernel_66 7 170
gnu_40 14 30
gnu_39 14 30
gnu_38 14 30
kernel_56 7 170
kernel_54 7 170
linus_21 7 94
batata_5 7 146
batata_1 7 146
linus_38 8 95
batata_36 8 146
linus_29 8 95
kernel_14 8 170
batata_16 8 147
batata_6 8 147
batata_3 8 147
gnu_42 16 32
linus_60 16 114
linus_43 16 114
batata_35 16 159
kernel_35 16 175
kernel_12 16 175
linus_15 16 114
kernel_9 16 176
batata_61 16 159
kernel_49 16 176
gnu_28 16 33
kernel_39 16 176
gnu_21 16 33
kernel_24 16 176
kernel_19 17 176
batata_23 17 160
linus_20 17 115
batata_14 17 160
batata_8 17 160
batata_62 17 160
linus_58 17 116
linus_57 17 116
linus_55 17 116
batata_53 17 160
gnu_31 17 34
linus_47 17 116
batata_40 17 160
batata_39 18 160
batata_38 18 160
linus_31 18 116
kernel_21 18 176
linus_11 18 117
linus_9 18 117
linus_62 18 117
batata_58 18 161
batata_57 18 161
kernel_52 18 176
linus_51 18 117
gnu_32 18 36
kernel_44 18 176
linus_46 18 117
batata_25 19 161
kernel_22 19 176
linus_19 19 118
kernel_0 19 176
linus_54 19 118
gnu_35 19 36
gnu_19 19 36
kernel_33 19 177
kernel_30 19 177
kernel_28 19 177
gnu_10 19 37
batata_17 19 162
linus_16 19 118
batata_0 19 162
batata_55 20 162
batata_47 20 162
linus_40 20 119
kernel_25 20 177
kernel_6 20 177
batata_7 20 162
batata_56 20 162
linus_25 20 119
kernel_20 20 177
gnu_8 20 38
linus_12 20 120
kernel_59 20 177
gnu_36 20 38
linus_39 20 120
kernel_38 21 177
linus_34 21 120
linus_33 21 120
batata_32 21 163
gnu_16 21 39
kernel_7 21 177
kernel_65 21 177
kernel_64 21 178
batata_63 21 163
gnu_41 21 40
kernel_60 21 178
batata_42 21 163
batata_29 21 163
batata_26 21 164
linus_26 21 121
kernel_63 21 178
kernel_55 22 178
kernel_50 22 178
batata_37 22 164
kernel_36 22 178
batata_20 22 164
batata_10 22 164
kernel_68 22 178
batata_68 22 164
batata_66 22 165
linus_56 22 122
batata_44 22 165
kernel_45 22 178
gnu_30 22 41
linus_42 22 123
batata_15 22 165
gnu_6 23 42
kernel_3 23 178
linus_5 23 123
batata_54 23 165
batata_52 23 165
gnu_34 23 42
kernel_37 23 178
kernel_31 23 179
gnu_14 23 42
batata_21 23 165
linus_18 23 123
gnu_9 23 43
kernel_62 23 179
linus_53 23 124
gnu_24 23 43
linus_30 23 124
linus_22 23 124
gnu_4 24 43
gnu_0 24 43
batata_43 24 166
batata_11 24 166
kernel_8 24 179
batata_49 24 166
kernel_27 24 179
batata_12 24 166
batata_71 24 166
gnu_43 44 65
batata_69 24 166
linus_49 24 125
gnu_17 44 65
batata_30 24 166
batata_19 24 167
gnu_3 45 65
kernel_61 45 180
batata_46 45 174
batata_22 45 174
linus_8 45 140
kernel_53 45 180
batata_51 45 174
linus_50 45 141
batata_45 45 174
kernel_42 45 180
gnu_26 45 66
kernel_32 46 180
kernel_13 46 180
batata_13 46 175
linus_61 46 141
gnu_37 46 67
batata_27 46 175
kernel_26 46 180
linus_13 46 142
linus_3 46 142
batata_67 46 175
linus_52 46 142
kernel_43 46 180
linus_44 47 142
linus_36 47 142
gnu_12 47 68
linus_6 47 142
linus_37 47 142
linus_14 47 143
kernel_4 47 180
1938